[0.738s] Invoking command in '/home/xh339/Desktop/turtlebot_ws/build/turtlebot3_msgs': CMAKE_PREFIX_PATH=${CMAKE_PREFIX_PATH}:/home/xh339/Desktop/turtlebot_ws/install/turtlebot3_teleop:/home/xh339/Desktop/ros2_ws/install/task79_test:/home/xh339/Desktop/ros2_ws/install/task79:/home/xh339/Desktop/ros2_ws/install/aruco_detect:/home/xh339/dev_ws/install/learning_urdf:/home/xh339/dev_ws/install/learning_topic:/home/xh339/dev_ws/install/learning_tf:/home/xh339/dev_ws/install/learning_service:/home/xh339/dev_ws/install/learning_qos:/home/xh339/dev_ws/install/learning_pkg_python:/home/xh339/dev_ws/install/learning_parameter:/home/xh339/dev_ws/install/learning_node:/home/xh339/dev_ws/install/learning_launch:/home/xh339/dev_ws/install/learning_action:/home/xh339/dev_ws/install/learning_gazebo:/opt/ros/humble /usr/bin/cmake --build /home/xh339/Desktop/turtlebot_ws/build/turtlebot3_msgs -- -j8 -l8
[0.896s] [  1%] Built target turtlebot3_msgs__cpp
[0.914s] [ 12%] Built target turtlebot3_msgs__rosidl_generator_c
[0.992s] [ 12%] Built target ament_cmake_python_copy_turtlebot3_msgs
[1.030s] [ 23%] Built target turtlebot3_msgs__rosidl_typesupport_cpp
[1.060s] [ 35%] Built target turtlebot3_msgs__rosidl_typesupport_introspection_c
[1.073s] [ 46%] Built target turtlebot3_msgs__rosidl_typesupport_introspection_cpp
[1.077s] [ 61%] Built target turtlebot3_msgs__rosidl_typesupport_c
[1.079s] [ 69%] Built target turtlebot3_msgs__rosidl_typesupport_fastrtps_cpp
[1.140s] [ 80%] Built target turtlebot3_msgs__rosidl_typesupport_fastrtps_c
[1.234s] [ 80%] Built target turtlebot3_msgs
[1.340s] [ 81%] Built target turtlebot3_msgs__py
[1.448s] [ 91%] Built target turtlebot3_msgs__rosidl_generator_py
[1.535s] [ 94%] Built target turtlebot3_msgs__rosidl_typesupport_c__pyext
[1.569s] [ 97%] Built target turtlebot3_msgs__rosidl_typesupport_fastrtps_c__pyext
[1.604s] [100%] Built target turtlebot3_msgs__rosidl_typesupport_introspection_c__pyext
[1.852s] running egg_info
[1.855s] writing turtlebot3_msgs.egg-info/PKG-INFO
[1.855s] writing dependency_links to turtlebot3_msgs.egg-info/dependency_links.txt
[1.855s] writing top-level names to turtlebot3_msgs.egg-info/top_level.txt
[1.869s] reading manifest file 'turtlebot3_msgs.egg-info/SOURCES.txt'
[1.887s] writing manifest file 'turtlebot3_msgs.egg-info/SOURCES.txt'
[2.003s] [100%] Built target ament_cmake_python_build_turtlebot3_msgs_egg
[2.101s] Invoked command in '/home/xh339/Desktop/turtlebot_ws/build/turtlebot3_msgs' returned '0': CMAKE_PREFIX_PATH=${CMAKE_PREFIX_PATH}:/home/xh339/Desktop/turtlebot_ws/install/turtlebot3_teleop:/home/xh339/Desktop/ros2_ws/install/task79_test:/home/xh339/Desktop/ros2_ws/install/task79:/home/xh339/Desktop/ros2_ws/install/aruco_detect:/home/xh339/dev_ws/install/learning_urdf:/home/xh339/dev_ws/install/learning_topic:/home/xh339/dev_ws/install/learning_tf:/home/xh339/dev_ws/install/learning_service:/home/xh339/dev_ws/install/learning_qos:/home/xh339/dev_ws/install/learning_pkg_python:/home/xh339/dev_ws/install/learning_parameter:/home/xh339/dev_ws/install/learning_node:/home/xh339/dev_ws/install/learning_launch:/home/xh339/dev_ws/install/learning_action:/home/xh339/dev_ws/install/learning_gazebo:/opt/ros/humble /usr/bin/cmake --build /home/xh339/Desktop/turtlebot_ws/build/turtlebot3_msgs -- -j8 -l8
