[0.954s] Invoking command in '/home/xh339/Desktop/turtlebot_ws/build/turtlebot3_gazebo': CMAKE_PREFIX_PATH=${CMAKE_PREFIX_PATH}:/home/xh339/Desktop/turtlebot_ws/install/turtlebot3_teleop:/home/xh339/Desktop/ros2_ws/install/task79_test:/home/xh339/Desktop/ros2_ws/install/task79:/home/xh339/Desktop/ros2_ws/install/aruco_detect:/home/xh339/dev_ws/install/learning_urdf:/home/xh339/dev_ws/install/learning_topic:/home/xh339/dev_ws/install/learning_tf:/home/xh339/dev_ws/install/learning_service:/home/xh339/dev_ws/install/learning_qos:/home/xh339/dev_ws/install/learning_pkg_python:/home/xh339/dev_ws/install/learning_parameter:/home/xh339/dev_ws/install/learning_node:/home/xh339/dev_ws/install/learning_launch:/home/xh339/dev_ws/install/learning_action:/home/xh339/dev_ws/install/learning_gazebo:/opt/ros/humble /usr/bin/cmake --build /home/xh339/Desktop/turtlebot_ws/build/turtlebot3_gazebo -- -j8 -l8
[1.044s] -- Found ament_cmake: 1.3.7 (/opt/ros/humble/share/ament_cmake/cmake)
[1.611s] [31mCMake Error at CMakeLists.txt:23 (find_package):
[1.611s]   By not providing "Findgazebo.cmake" in CMAKE_MODULE_PATH this project has
[1.612s]   asked CMake to find a package configuration file provided by "gazebo", but
[1.612s]   CMake did not find one.
[1.612s] 
[1.612s]   Could not find a package configuration file provided by "gazebo" with any
[1.612s]   of the following names:
[1.612s] 
[1.613s]     gazeboConfig.cmake
[1.613s]     gazebo-config.cmake
[1.613s] 
[1.613s]   Add the installation prefix of "gazebo" to CMAKE_PREFIX_PATH or set
[1.613s]   "gazebo_DIR" to a directory containing one of the above files.  If "gazebo"
[1.613s]   provides a separate development package or SDK, be sure it has been
[1.614s]   installed.
[1.614s] 
[1.614s] -- Configuring incomplete, errors occurred!
[1.614s] See also "/home/xh339/Desktop/turtlebot_ws/build/turtlebot3_gazebo/CMakeFiles/CMakeOutput.log".
[1.614s] [0m
[1.621s] gmake: *** [Makefile:390: cmake_check_build_system] Error 1
[2.287s] Invoked command in '/home/xh339/Desktop/turtlebot_ws/build/turtlebot3_gazebo' returned '2': CMAKE_PREFIX_PATH=${CMAKE_PREFIX_PATH}:/home/xh339/Desktop/turtlebot_ws/install/turtlebot3_teleop:/home/xh339/Desktop/ros2_ws/install/task79_test:/home/xh339/Desktop/ros2_ws/install/task79:/home/xh339/Desktop/ros2_ws/install/aruco_detect:/home/xh339/dev_ws/install/learning_urdf:/home/xh339/dev_ws/install/learning_topic:/home/xh339/dev_ws/install/learning_tf:/home/xh339/dev_ws/install/learning_service:/home/xh339/dev_ws/install/learning_qos:/home/xh339/dev_ws/install/learning_pkg_python:/home/xh339/dev_ws/install/learning_parameter:/home/xh339/dev_ws/install/learning_node:/home/xh339/dev_ws/install/learning_launch:/home/xh339/dev_ws/install/learning_action:/home/xh339/dev_ws/install/learning_gazebo:/opt/ros/humble /usr/bin/cmake --build /home/xh339/Desktop/turtlebot_ws/build/turtlebot3_gazebo -- -j8 -l8
