[0.335s] Invoking command in '/home/xh339/Desktop/turtlebot_ws/build/turtlebot3_msgs': CMAKE_PREFIX_PATH=/home/xh339/Desktop/ros2_ws/install/task79_interfaces:/home/xh339/Desktop/turtlebot_ws/install/turtlebot3_navigation2:/home/xh339/Desktop/turtlebot_ws/install/turtlebot3_msgs:/home/xh339/Desktop/turtlebot_ws/install/turtlebot3_gazebo:/home/xh339/Desktop/turtlebot_ws/install/turtlebot3_cartographer:/home/xh339/Desktop/ros2_ws/install/task79:/home/xh339/Desktop/ros2_ws/install/task79_wrappers:/home/xh339/Desktop/ros2_ws/install/task79_test:/home/xh339/Desktop/turtlebot_ws/install/turtlebot3_teleop:/home/xh339/dev_ws/install/learning_urdf:/home/xh339/dev_ws/install/learning_topic:/home/xh339/dev_ws/install/learning_tf:/home/xh339/dev_ws/install/learning_service:/home/xh339/dev_ws/install/learning_qos:/home/xh339/dev_ws/install/learning_pkg_python:/home/xh339/dev_ws/install/learning_parameter:/home/xh339/dev_ws/install/learning_node:/home/xh339/dev_ws/install/learning_launch:/home/xh339/dev_ws/install/learning_action:/home/xh339/dev_ws/install/learning_gazebo:/opt/ros/humble:/home/xh339/Desktop/turtlebot_ws/install/realsense_ros_gazebo:/home/xh339/Desktop/turtlebot_ws/install/realsense_gazebo_plugin:/home/xh339/dev_ws/install/learning_pkg_c:/home/xh339/dev_ws/install/learning_interface /usr/bin/cmake --build /home/xh339/Desktop/turtlebot_ws/build/turtlebot3_msgs -- -j8 -l8
[0.398s] [  1%] Built target turtlebot3_msgs__cpp
[0.421s] [ 12%] Built target turtlebot3_msgs__rosidl_generator_c
[0.422s] [ 12%] Built target ament_cmake_python_copy_turtlebot3_msgs
[0.451s] [ 23%] Built target turtlebot3_msgs__rosidl_typesupport_cpp
[0.457s] [ 35%] Built target turtlebot3_msgs__rosidl_typesupport_introspection_cpp
[0.477s] [ 46%] Built target turtlebot3_msgs__rosidl_typesupport_fastrtps_cpp
[0.478s] [ 57%] Built target turtlebot3_msgs__rosidl_typesupport_fastrtps_c
[0.483s] [ 69%] Built target turtlebot3_msgs__rosidl_typesupport_c
[0.487s] [ 80%] Built target turtlebot3_msgs__rosidl_typesupport_introspection_c
[0.509s] [ 80%] Built target turtlebot3_msgs
[0.527s] [ 81%] Built target turtlebot3_msgs__py
[0.548s] [ 91%] Built target turtlebot3_msgs__rosidl_generator_py
[0.575s] [ 94%] Built target turtlebot3_msgs__rosidl_typesupport_introspection_c__pyext
[0.575s] [ 97%] Built target turtlebot3_msgs__rosidl_typesupport_c__pyext
[0.580s] [100%] Built target turtlebot3_msgs__rosidl_typesupport_fastrtps_c__pyext
[0.757s] running egg_info
[0.757s] writing turtlebot3_msgs.egg-info/PKG-INFO
[0.757s] writing dependency_links to turtlebot3_msgs.egg-info/dependency_links.txt
[0.757s] writing top-level names to turtlebot3_msgs.egg-info/top_level.txt
[0.759s] reading manifest file 'turtlebot3_msgs.egg-info/SOURCES.txt'
[0.760s] writing manifest file 'turtlebot3_msgs.egg-info/SOURCES.txt'
[0.795s] [100%] Built target ament_cmake_python_build_turtlebot3_msgs_egg
[0.855s] Invoked command in '/home/xh339/Desktop/turtlebot_ws/build/turtlebot3_msgs' returned '0': CMAKE_PREFIX_PATH=/home/xh339/Desktop/ros2_ws/install/task79_interfaces:/home/xh339/Desktop/turtlebot_ws/install/turtlebot3_navigation2:/home/xh339/Desktop/turtlebot_ws/install/turtlebot3_msgs:/home/xh339/Desktop/turtlebot_ws/install/turtlebot3_gazebo:/home/xh339/Desktop/turtlebot_ws/install/turtlebot3_cartographer:/home/xh339/Desktop/ros2_ws/install/task79:/home/xh339/Desktop/ros2_ws/install/task79_wrappers:/home/xh339/Desktop/ros2_ws/install/task79_test:/home/xh339/Desktop/turtlebot_ws/install/turtlebot3_teleop:/home/xh339/dev_ws/install/learning_urdf:/home/xh339/dev_ws/install/learning_topic:/home/xh339/dev_ws/install/learning_tf:/home/xh339/dev_ws/install/learning_service:/home/xh339/dev_ws/install/learning_qos:/home/xh339/dev_ws/install/learning_pkg_python:/home/xh339/dev_ws/install/learning_parameter:/home/xh339/dev_ws/install/learning_node:/home/xh339/dev_ws/install/learning_launch:/home/xh339/dev_ws/install/learning_action:/home/xh339/dev_ws/install/learning_gazebo:/opt/ros/humble:/home/xh339/Desktop/turtlebot_ws/install/realsense_ros_gazebo:/home/xh339/Desktop/turtlebot_ws/install/realsense_gazebo_plugin:/home/xh339/dev_ws/install/learning_pkg_c:/home/xh339/dev_ws/install/learning_interface /usr/bin/cmake --build /home/xh339/Desktop/turtlebot_ws/build/turtlebot3_msgs -- -j8 -l8
[1.162s] Invoking command in '/home/xh339/Desktop/turtlebot_ws/build/turtlebot3_msgs': CMAKE_PREFIX_PATH=/home/xh339/Desktop/ros2_ws/install/task79_interfaces:/home/xh339/Desktop/turtlebot_ws/install/turtlebot3_navigation2:/home/xh339/Desktop/turtlebot_ws/install/turtlebot3_msgs:/home/xh339/Desktop/turtlebot_ws/install/turtlebot3_gazebo:/home/xh339/Desktop/turtlebot_ws/install/turtlebot3_cartographer:/home/xh339/Desktop/ros2_ws/install/task79:/home/xh339/Desktop/ros2_ws/install/task79_wrappers:/home/xh339/Desktop/ros2_ws/install/task79_test:/home/xh339/Desktop/turtlebot_ws/install/turtlebot3_teleop:/home/xh339/dev_ws/install/learning_urdf:/home/xh339/dev_ws/install/learning_topic:/home/xh339/dev_ws/install/learning_tf:/home/xh339/dev_ws/install/learning_service:/home/xh339/dev_ws/install/learning_qos:/home/xh339/dev_ws/install/learning_pkg_python:/home/xh339/dev_ws/install/learning_parameter:/home/xh339/dev_ws/install/learning_node:/home/xh339/dev_ws/install/learning_launch:/home/xh339/dev_ws/install/learning_action:/home/xh339/dev_ws/install/learning_gazebo:/opt/ros/humble:/home/xh339/Desktop/turtlebot_ws/install/realsense_ros_gazebo:/home/xh339/Desktop/turtlebot_ws/install/realsense_gazebo_plugin:/home/xh339/dev_ws/install/learning_pkg_c:/home/xh339/dev_ws/install/learning_interface /usr/bin/cmake --install /home/xh339/Desktop/turtlebot_ws/build/turtlebot3_msgs
[1.319s] -- Install configuration: ""
[1.320s] -- Up-to-date: /home/xh339/Desktop/turtlebot_ws/install/turtlebot3_msgs/share/ament_index/resource_index/rosidl_interfaces/turtlebot3_msgs
[1.320s] -- Up-to-date: /home/xh339/Desktop/turtlebot_ws/install/turtlebot3_msgs/include/turtlebot3_msgs/turtlebot3_msgs
[1.320s] -- Up-to-date: /home/xh339/Desktop/turtlebot_ws/install/turtlebot3_msgs/include/turtlebot3_msgs/turtlebot3_msgs/msg
[1.320s] -- Up-to-date: /home/xh339/Desktop/turtlebot_ws/install/turtlebot3_msgs/include/turtlebot3_msgs/turtlebot3_msgs/msg/version_info.h
[1.321s] -- Up-to-date: /home/xh339/Desktop/turtlebot_ws/install/turtlebot3_msgs/include/turtlebot3_msgs/turtlebot3_msgs/msg/sensor_state.h
[1.321s] -- Up-to-date: /home/xh339/Desktop/turtlebot_ws/install/turtlebot3_msgs/include/turtlebot3_msgs/turtlebot3_msgs/msg/detail
[1.321s] -- Up-to-date: /home/xh339/Desktop/turtlebot_ws/install/turtlebot3_msgs/include/turtlebot3_msgs/turtlebot3_msgs/msg/detail/sound__type_support.h
[1.321s] -- Up-to-date: /home/xh339/Desktop/turtlebot_ws/install/turtlebot3_msgs/include/turtlebot3_msgs/turtlebot3_msgs/msg/detail/sensor_state__type_support.h
[1.321s] -- Up-to-date: /home/xh339/Desktop/turtlebot_ws/install/turtlebot3_msgs/include/turtlebot3_msgs/turtlebot3_msgs/msg/detail/sensor_state__functions.h
[1.321s] -- Up-to-date: /home/xh339/Desktop/turtlebot_ws/install/turtlebot3_msgs/include/turtlebot3_msgs/turtlebot3_msgs/msg/detail/version_info__struct.h
[1.322s] -- Up-to-date: /home/xh339/Desktop/turtlebot_ws/install/turtlebot3_msgs/include/turtlebot3_msgs/turtlebot3_msgs/msg/detail/sound__functions.h
[1.322s] -- Up-to-date: /home/xh339/Desktop/turtlebot_ws/install/turtlebot3_msgs/include/turtlebot3_msgs/turtlebot3_msgs/msg/detail/sensor_state__functions.c
[1.323s] -- Up-to-date: /home/xh339/Desktop/turtlebot_ws/install/turtlebot3_msgs/include/turtlebot3_msgs/turtlebot3_msgs/msg/detail/sensor_state__struct.h
[1.323s] -- Up-to-date: /home/xh339/Desktop/turtlebot_ws/install/turtlebot3_msgs/include/turtlebot3_msgs/turtlebot3_msgs/msg/detail/sound__functions.c
[1.323s] -- Up-to-date: /home/xh339/Desktop/turtlebot_ws/install/turtlebot3_msgs/include/turtlebot3_msgs/turtlebot3_msgs/msg/detail/version_info__functions.c
[1.323s] -- Up-to-date: /home/xh339/Desktop/turtlebot_ws/install/turtlebot3_msgs/include/turtlebot3_msgs/turtlebot3_msgs/msg/detail/sound__struct.h
[1.323s] -- Up-to-date: /home/xh339/Desktop/turtlebot_ws/install/turtlebot3_msgs/include/turtlebot3_msgs/turtlebot3_msgs/msg/detail/version_info__type_support.h
[1.324s] -- Up-to-date: /home/xh339/Desktop/turtlebot_ws/install/turtlebot3_msgs/include/turtlebot3_msgs/turtlebot3_msgs/msg/detail/version_info__functions.h
[1.324s] -- Up-to-date: /home/xh339/Desktop/turtlebot_ws/install/turtlebot3_msgs/include/turtlebot3_msgs/turtlebot3_msgs/msg/rosidl_generator_c__visibility_control.h
[1.324s] -- Up-to-date: /home/xh339/Desktop/turtlebot_ws/install/turtlebot3_msgs/include/turtlebot3_msgs/turtlebot3_msgs/msg/sound.h
[1.324s] -- Up-to-date: /home/xh339/Desktop/turtlebot_ws/install/turtlebot3_msgs/include/turtlebot3_msgs/turtlebot3_msgs/action
[1.325s] -- Up-to-date: /home/xh339/Desktop/turtlebot_ws/install/turtlebot3_msgs/include/turtlebot3_msgs/turtlebot3_msgs/action/patrol.h
[1.325s] -- Up-to-date: /home/xh339/Desktop/turtlebot_ws/install/turtlebot3_msgs/include/turtlebot3_msgs/turtlebot3_msgs/action/detail
[1.325s] -- Up-to-date: /home/xh339/Desktop/turtlebot_ws/install/turtlebot3_msgs/include/turtlebot3_msgs/turtlebot3_msgs/action/detail/patrol__struct.h
[1.325s] -- Up-to-date: /home/xh339/Desktop/turtlebot_ws/install/turtlebot3_msgs/include/turtlebot3_msgs/turtlebot3_msgs/action/detail/patrol__functions.h
[1.325s] -- Up-to-date: /home/xh339/Desktop/turtlebot_ws/install/turtlebot3_msgs/include/turtlebot3_msgs/turtlebot3_msgs/action/detail/patrol__type_support.h
[1.326s] -- Up-to-date: /home/xh339/Desktop/turtlebot_ws/install/turtlebot3_msgs/include/turtlebot3_msgs/turtlebot3_msgs/action/detail/patrol__functions.c
[1.326s] -- Up-to-date: /home/xh339/Desktop/turtlebot_ws/install/turtlebot3_msgs/include/turtlebot3_msgs/turtlebot3_msgs/srv
[1.326s] -- Up-to-date: /home/xh339/Desktop/turtlebot_ws/install/turtlebot3_msgs/include/turtlebot3_msgs/turtlebot3_msgs/srv/dqn.h
[1.329s] -- Up-to-date: /home/xh339/Desktop/turtlebot_ws/install/turtlebot3_msgs/include/turtlebot3_msgs/turtlebot3_msgs/srv/detail
[1.329s] -- Up-to-date: /home/xh339/Desktop/turtlebot_ws/install/turtlebot3_msgs/include/turtlebot3_msgs/turtlebot3_msgs/srv/detail/sound__type_support.h
[1.329s] -- Up-to-date: /home/xh339/Desktop/turtlebot_ws/install/turtlebot3_msgs/include/turtlebot3_msgs/turtlebot3_msgs/srv/detail/dqn__functions.c
[1.329s] -- Up-to-date: /home/xh339/Desktop/turtlebot_ws/install/turtlebot3_msgs/include/turtlebot3_msgs/turtlebot3_msgs/srv/detail/sound__functions.h
[1.329s] -- Up-to-date: /home/xh339/Desktop/turtlebot_ws/install/turtlebot3_msgs/include/turtlebot3_msgs/turtlebot3_msgs/srv/detail/dqn__functions.h
[1.329s] -- Up-to-date: /home/xh339/Desktop/turtlebot_ws/install/turtlebot3_msgs/include/turtlebot3_msgs/turtlebot3_msgs/srv/detail/dqn__struct.h
[1.329s] -- Up-to-date: /home/xh339/Desktop/turtlebot_ws/install/turtlebot3_msgs/include/turtlebot3_msgs/turtlebot3_msgs/srv/detail/sound__functions.c
[1.330s] -- Up-to-date: /home/xh339/Desktop/turtlebot_ws/install/turtlebot3_msgs/include/turtlebot3_msgs/turtlebot3_msgs/srv/detail/dqn__type_support.h
[1.330s] -- Up-to-date: /home/xh339/Desktop/turtlebot_ws/install/turtlebot3_msgs/include/turtlebot3_msgs/turtlebot3_msgs/srv/detail/sound__struct.h
[1.330s] -- Up-to-date: /home/xh339/Desktop/turtlebot_ws/install/turtlebot3_msgs/include/turtlebot3_msgs/turtlebot3_msgs/srv/sound.h
[1.330s] -- Up-to-date: /home/xh339/Desktop/turtlebot_ws/install/turtlebot3_msgs/share/turtlebot3_msgs/environment/library_path.sh
[1.330s] -- Up-to-date: /home/xh339/Desktop/turtlebot_ws/install/turtlebot3_msgs/share/turtlebot3_msgs/environment/library_path.dsv
[1.330s] -- Up-to-date: /home/xh339/Desktop/turtlebot_ws/install/turtlebot3_msgs/lib/libturtlebot3_msgs__rosidl_generator_c.so
[1.330s] -- Up-to-date: /home/xh339/Desktop/turtlebot_ws/install/turtlebot3_msgs/include/turtlebot3_msgs/turtlebot3_msgs
[1.330s] -- Up-to-date: /home/xh339/Desktop/turtlebot_ws/install/turtlebot3_msgs/include/turtlebot3_msgs/turtlebot3_msgs/msg
[1.330s] -- Up-to-date: /home/xh339/Desktop/turtlebot_ws/install/turtlebot3_msgs/include/turtlebot3_msgs/turtlebot3_msgs/msg/detail
[1.330s] -- Up-to-date: /home/xh339/Desktop/turtlebot_ws/install/turtlebot3_msgs/include/turtlebot3_msgs/turtlebot3_msgs/msg/detail/sensor_state__rosidl_typesupport_fastrtps_c.h
[1.331s] -- Up-to-date: /home/xh339/Desktop/turtlebot_ws/install/turtlebot3_msgs/include/turtlebot3_msgs/turtlebot3_msgs/msg/detail/version_info__rosidl_typesupport_fastrtps_c.h
[1.331s] -- Up-to-date: /home/xh339/Desktop/turtlebot_ws/install/turtlebot3_msgs/include/turtlebot3_msgs/turtlebot3_msgs/msg/detail/sound__rosidl_typesupport_fastrtps_c.h
[1.331s] -- Up-to-date: /home/xh339/Desktop/turtlebot_ws/install/turtlebot3_msgs/include/turtlebot3_msgs/turtlebot3_msgs/msg/rosidl_typesupport_fastrtps_c__visibility_control.h
[1.331s] -- Up-to-date: /home/xh339/Desktop/turtlebot_ws/install/turtlebot3_msgs/include/turtlebot3_msgs/turtlebot3_msgs/action
[1.331s] -- Up-to-date: /home/xh339/Desktop/turtlebot_ws/install/turtlebot3_msgs/include/turtlebot3_msgs/turtlebot3_msgs/action/detail
[1.331s] -- Up-to-date: /home/xh339/Desktop/turtlebot_ws/install/turtlebot3_msgs/include/turtlebot3_msgs/turtlebot3_msgs/action/detail/patrol__rosidl_typesupport_fastrtps_c.h
[1.331s] -- Up-to-date: /home/xh339/Desktop/turtlebot_ws/install/turtlebot3_msgs/include/turtlebot3_msgs/turtlebot3_msgs/srv
[1.332s] -- Up-to-date: /home/xh339/Desktop/turtlebot_ws/install/turtlebot3_msgs/include/turtlebot3_msgs/turtlebot3_msgs/srv/detail
[1.332s] -- Up-to-date: /home/xh339/Desktop/turtlebot_ws/install/turtlebot3_msgs/include/turtlebot3_msgs/turtlebot3_msgs/srv/detail/sound__rosidl_typesupport_fastrtps_c.h
[1.332s] -- Up-to-date: /home/xh339/Desktop/turtlebot_ws/install/turtlebot3_msgs/include/turtlebot3_msgs/turtlebot3_msgs/srv/detail/dqn__rosidl_typesupport_fastrtps_c.h
[1.332s] -- Up-to-date: /home/xh339/Desktop/turtlebot_ws/install/turtlebot3_msgs/lib/libturtlebot3_msgs__rosidl_typesupport_fastrtps_c.so
[1.333s] -- Up-to-date: /home/xh339/Desktop/turtlebot_ws/install/turtlebot3_msgs/include/turtlebot3_msgs/turtlebot3_msgs
[1.333s] -- Up-to-date: /home/xh339/Desktop/turtlebot_ws/install/turtlebot3_msgs/include/turtlebot3_msgs/turtlebot3_msgs/msg
[1.333s] -- Up-to-date: /home/xh339/Desktop/turtlebot_ws/install/turtlebot3_msgs/include/turtlebot3_msgs/turtlebot3_msgs/msg/sensor_state.hpp
[1.333s] -- Up-to-date: /home/xh339/Desktop/turtlebot_ws/install/turtlebot3_msgs/include/turtlebot3_msgs/turtlebot3_msgs/msg/detail
[1.334s] -- Up-to-date: /home/xh339/Desktop/turtlebot_ws/install/turtlebot3_msgs/include/turtlebot3_msgs/turtlebot3_msgs/msg/detail/sound__struct.hpp
[1.334s] -- Up-to-date: /home/xh339/Desktop/turtlebot_ws/install/turtlebot3_msgs/include/turtlebot3_msgs/turtlebot3_msgs/msg/detail/sound__builder.hpp
[1.334s] -- Up-to-date: /home/xh339/Desktop/turtlebot_ws/install/turtlebot3_msgs/include/turtlebot3_msgs/turtlebot3_msgs/msg/detail/version_info__struct.hpp
[1.334s] -- Up-to-date: /home/xh339/Desktop/turtlebot_ws/install/turtlebot3_msgs/include/turtlebot3_msgs/turtlebot3_msgs/msg/detail/version_info__traits.hpp
[1.334s] -- Up-to-date: /home/xh339/Desktop/turtlebot_ws/install/turtlebot3_msgs/include/turtlebot3_msgs/turtlebot3_msgs/msg/detail/sensor_state__builder.hpp
[1.334s] -- Up-to-date: /home/xh339/Desktop/turtlebot_ws/install/turtlebot3_msgs/include/turtlebot3_msgs/turtlebot3_msgs/msg/detail/version_info__builder.hpp
[1.334s] -- Up-to-date: /home/xh339/Desktop/turtlebot_ws/install/turtlebot3_msgs/include/turtlebot3_msgs/turtlebot3_msgs/msg/detail/sensor_state__struct.hpp
[1.335s] -- Up-to-date: /home/xh339/Desktop/turtlebot_ws/install/turtlebot3_msgs/include/turtlebot3_msgs/turtlebot3_msgs/msg/detail/sensor_state__traits.hpp
[1.335s] -- Up-to-date: /home/xh339/Desktop/turtlebot_ws/install/turtlebot3_msgs/include/turtlebot3_msgs/turtlebot3_msgs/msg/detail/sound__traits.hpp
[1.335s] -- Up-to-date: /home/xh339/Desktop/turtlebot_ws/install/turtlebot3_msgs/include/turtlebot3_msgs/turtlebot3_msgs/msg/sound.hpp
[1.336s] -- Up-to-date: /home/xh339/Desktop/turtlebot_ws/install/turtlebot3_msgs/include/turtlebot3_msgs/turtlebot3_msgs/msg/version_info.hpp
[1.336s] -- Up-to-date: /home/xh339/Desktop/turtlebot_ws/install/turtlebot3_msgs/include/turtlebot3_msgs/turtlebot3_msgs/action
[1.336s] -- Up-to-date: /home/xh339/Desktop/turtlebot_ws/install/turtlebot3_msgs/include/turtlebot3_msgs/turtlebot3_msgs/action/patrol.hpp
[1.337s] -- Up-to-date: /home/xh339/Desktop/turtlebot_ws/install/turtlebot3_msgs/include/turtlebot3_msgs/turtlebot3_msgs/action/detail
[1.337s] -- Up-to-date: /home/xh339/Desktop/turtlebot_ws/install/turtlebot3_msgs/include/turtlebot3_msgs/turtlebot3_msgs/action/detail/patrol__builder.hpp
[1.337s] -- Up-to-date: /home/xh339/Desktop/turtlebot_ws/install/turtlebot3_msgs/include/turtlebot3_msgs/turtlebot3_msgs/action/detail/patrol__traits.hpp
[1.337s] -- Up-to-date: /home/xh339/Desktop/turtlebot_ws/install/turtlebot3_msgs/include/turtlebot3_msgs/turtlebot3_msgs/action/detail/patrol__struct.hpp
[1.338s] -- Up-to-date: /home/xh339/Desktop/turtlebot_ws/install/turtlebot3_msgs/include/turtlebot3_msgs/turtlebot3_msgs/srv
[1.338s] -- Up-to-date: /home/xh339/Desktop/turtlebot_ws/install/turtlebot3_msgs/include/turtlebot3_msgs/turtlebot3_msgs/srv/dqn.hpp
[1.338s] -- Up-to-date: /home/xh339/Desktop/turtlebot_ws/install/turtlebot3_msgs/include/turtlebot3_msgs/turtlebot3_msgs/srv/detail
[1.338s] -- Up-to-date: /home/xh339/Desktop/turtlebot_ws/install/turtlebot3_msgs/include/turtlebot3_msgs/turtlebot3_msgs/srv/detail/sound__struct.hpp
[1.339s] -- Up-to-date: /home/xh339/Desktop/turtlebot_ws/install/turtlebot3_msgs/include/turtlebot3_msgs/turtlebot3_msgs/srv/detail/dqn__builder.hpp
[1.339s] -- Up-to-date: /home/xh339/Desktop/turtlebot_ws/install/turtlebot3_msgs/include/turtlebot3_msgs/turtlebot3_msgs/srv/detail/sound__builder.hpp
[1.339s] -- Up-to-date: /home/xh339/Desktop/turtlebot_ws/install/turtlebot3_msgs/include/turtlebot3_msgs/turtlebot3_msgs/srv/detail/dqn__struct.hpp
[1.339s] -- Up-to-date: /home/xh339/Desktop/turtlebot_ws/install/turtlebot3_msgs/include/turtlebot3_msgs/turtlebot3_msgs/srv/detail/dqn__traits.hpp
[1.340s] -- Up-to-date: /home/xh339/Desktop/turtlebot_ws/install/turtlebot3_msgs/include/turtlebot3_msgs/turtlebot3_msgs/srv/detail/sound__traits.hpp
[1.340s] -- Up-to-date: /home/xh339/Desktop/turtlebot_ws/install/turtlebot3_msgs/include/turtlebot3_msgs/turtlebot3_msgs/srv/sound.hpp
[1.340s] -- Up-to-date: /home/xh339/Desktop/turtlebot_ws/install/turtlebot3_msgs/include/turtlebot3_msgs/turtlebot3_msgs
[1.340s] -- Up-to-date: /home/xh339/Desktop/turtlebot_ws/install/turtlebot3_msgs/include/turtlebot3_msgs/turtlebot3_msgs/msg
[1.340s] -- Up-to-date: /home/xh339/Desktop/turtlebot_ws/install/turtlebot3_msgs/include/turtlebot3_msgs/turtlebot3_msgs/msg/rosidl_typesupport_fastrtps_cpp__visibility_control.h
[1.341s] -- Up-to-date: /home/xh339/Desktop/turtlebot_ws/install/turtlebot3_msgs/include/turtlebot3_msgs/turtlebot3_msgs/msg/detail
[1.341s] -- Up-to-date: /home/xh339/Desktop/turtlebot_ws/install/turtlebot3_msgs/include/turtlebot3_msgs/turtlebot3_msgs/msg/detail/sensor_state__rosidl_typesupport_fastrtps_cpp.hpp
[1.341s] -- Up-to-date: /home/xh339/Desktop/turtlebot_ws/install/turtlebot3_msgs/include/turtlebot3_msgs/turtlebot3_msgs/msg/detail/dds_fastrtps
[1.341s] -- Up-to-date: /home/xh339/Desktop/turtlebot_ws/install/turtlebot3_msgs/include/turtlebot3_msgs/turtlebot3_msgs/msg/detail/sound__rosidl_typesupport_fastrtps_cpp.hpp
[1.342s] -- Up-to-date: /home/xh339/Desktop/turtlebot_ws/install/turtlebot3_msgs/include/turtlebot3_msgs/turtlebot3_msgs/msg/detail/version_info__rosidl_typesupport_fastrtps_cpp.hpp
[1.342s] -- Up-to-date: /home/xh339/Desktop/turtlebot_ws/install/turtlebot3_msgs/include/turtlebot3_msgs/turtlebot3_msgs/action
[1.342s] -- Up-to-date: /home/xh339/Desktop/turtlebot_ws/install/turtlebot3_msgs/include/turtlebot3_msgs/turtlebot3_msgs/action/detail
[1.342s] -- Up-to-date: /home/xh339/Desktop/turtlebot_ws/install/turtlebot3_msgs/include/turtlebot3_msgs/turtlebot3_msgs/action/detail/patrol__rosidl_typesupport_fastrtps_cpp.hpp
[1.343s] -- Up-to-date: /home/xh339/Desktop/turtlebot_ws/install/turtlebot3_msgs/include/turtlebot3_msgs/turtlebot3_msgs/action/detail/dds_fastrtps
[1.343s] -- Up-to-date: /home/xh339/Desktop/turtlebot_ws/install/turtlebot3_msgs/include/turtlebot3_msgs/turtlebot3_msgs/srv
[1.343s] -- Up-to-date: /home/xh339/Desktop/turtlebot_ws/install/turtlebot3_msgs/include/turtlebot3_msgs/turtlebot3_msgs/srv/detail
[1.344s] -- Up-to-date: /home/xh339/Desktop/turtlebot_ws/install/turtlebot3_msgs/include/turtlebot3_msgs/turtlebot3_msgs/srv/detail/dds_fastrtps
[1.344s] -- Up-to-date: /home/xh339/Desktop/turtlebot_ws/install/turtlebot3_msgs/include/turtlebot3_msgs/turtlebot3_msgs/srv/detail/sound__rosidl_typesupport_fastrtps_cpp.hpp
[1.344s] -- Up-to-date: /home/xh339/Desktop/turtlebot_ws/install/turtlebot3_msgs/include/turtlebot3_msgs/turtlebot3_msgs/srv/detail/dqn__rosidl_typesupport_fastrtps_cpp.hpp
[1.344s] -- Up-to-date: /home/xh339/Desktop/turtlebot_ws/install/turtlebot3_msgs/lib/libturtlebot3_msgs__rosidl_typesupport_fastrtps_cpp.so
[1.344s] -- Up-to-date: /home/xh339/Desktop/turtlebot_ws/install/turtlebot3_msgs/include/turtlebot3_msgs/turtlebot3_msgs
[1.345s] -- Up-to-date: /home/xh339/Desktop/turtlebot_ws/install/turtlebot3_msgs/include/turtlebot3_msgs/turtlebot3_msgs/msg
[1.345s] -- Up-to-date: /home/xh339/Desktop/turtlebot_ws/install/turtlebot3_msgs/include/turtlebot3_msgs/turtlebot3_msgs/msg/detail
[1.345s] -- Up-to-date: /home/xh339/Desktop/turtlebot_ws/install/turtlebot3_msgs/include/turtlebot3_msgs/turtlebot3_msgs/msg/detail/sound__type_support.c
[1.345s] -- Up-to-date: /home/xh339/Desktop/turtlebot_ws/install/turtlebot3_msgs/include/turtlebot3_msgs/turtlebot3_msgs/msg/detail/version_info__rosidl_typesupport_introspection_c.h
[1.346s] -- Up-to-date: /home/xh339/Desktop/turtlebot_ws/install/turtlebot3_msgs/include/turtlebot3_msgs/turtlebot3_msgs/msg/detail/sensor_state__type_support.c
[1.346s] -- Up-to-date: /home/xh339/Desktop/turtlebot_ws/install/turtlebot3_msgs/include/turtlebot3_msgs/turtlebot3_msgs/msg/detail/sound__rosidl_typesupport_introspection_c.h
[1.347s] -- Up-to-date: /home/xh339/Desktop/turtlebot_ws/install/turtlebot3_msgs/include/turtlebot3_msgs/turtlebot3_msgs/msg/detail/version_info__type_support.c
[1.347s] -- Up-to-date: /home/xh339/Desktop/turtlebot_ws/install/turtlebot3_msgs/include/turtlebot3_msgs/turtlebot3_msgs/msg/detail/sensor_state__rosidl_typesupport_introspection_c.h
[1.347s] -- Up-to-date: /home/xh339/Desktop/turtlebot_ws/install/turtlebot3_msgs/include/turtlebot3_msgs/turtlebot3_msgs/msg/rosidl_typesupport_introspection_c__visibility_control.h
[1.348s] -- Up-to-date: /home/xh339/Desktop/turtlebot_ws/install/turtlebot3_msgs/include/turtlebot3_msgs/turtlebot3_msgs/action
[1.348s] -- Up-to-date: /home/xh339/Desktop/turtlebot_ws/install/turtlebot3_msgs/include/turtlebot3_msgs/turtlebot3_msgs/action/detail
[1.348s] -- Up-to-date: /home/xh339/Desktop/turtlebot_ws/install/turtlebot3_msgs/include/turtlebot3_msgs/turtlebot3_msgs/action/detail/patrol__rosidl_typesupport_introspection_c.h
[1.348s] -- Up-to-date: /home/xh339/Desktop/turtlebot_ws/install/turtlebot3_msgs/include/turtlebot3_msgs/turtlebot3_msgs/action/detail/patrol__type_support.c
[1.348s] -- Up-to-date: /home/xh339/Desktop/turtlebot_ws/install/turtlebot3_msgs/include/turtlebot3_msgs/turtlebot3_msgs/srv
[1.348s] -- Up-to-date: /home/xh339/Desktop/turtlebot_ws/install/turtlebot3_msgs/include/turtlebot3_msgs/turtlebot3_msgs/srv/detail
[1.348s] -- Up-to-date: /home/xh339/Desktop/turtlebot_ws/install/turtlebot3_msgs/include/turtlebot3_msgs/turtlebot3_msgs/srv/detail/sound__type_support.c
[1.348s] -- Up-to-date: /home/xh339/Desktop/turtlebot_ws/install/turtlebot3_msgs/include/turtlebot3_msgs/turtlebot3_msgs/srv/detail/dqn__rosidl_typesupport_introspection_c.h
[1.348s] -- Up-to-date: /home/xh339/Desktop/turtlebot_ws/install/turtlebot3_msgs/include/turtlebot3_msgs/turtlebot3_msgs/srv/detail/sound__rosidl_typesupport_introspection_c.h
[1.349s] -- Up-to-date: /home/xh339/Desktop/turtlebot_ws/install/turtlebot3_msgs/include/turtlebot3_msgs/turtlebot3_msgs/srv/detail/dqn__type_support.c
[1.349s] -- Up-to-date: /home/xh339/Desktop/turtlebot_ws/install/turtlebot3_msgs/lib/libturtlebot3_msgs__rosidl_typesupport_introspection_c.so
[1.349s] -- Up-to-date: /home/xh339/Desktop/turtlebot_ws/install/turtlebot3_msgs/lib/libturtlebot3_msgs__rosidl_typesupport_c.so
[1.350s] -- Up-to-date: /home/xh339/Desktop/turtlebot_ws/install/turtlebot3_msgs/include/turtlebot3_msgs/turtlebot3_msgs
[1.350s] -- Up-to-date: /home/xh339/Desktop/turtlebot_ws/install/turtlebot3_msgs/include/turtlebot3_msgs/turtlebot3_msgs/msg
[1.351s] -- Up-to-date: /home/xh339/Desktop/turtlebot_ws/install/turtlebot3_msgs/include/turtlebot3_msgs/turtlebot3_msgs/msg/detail
[1.351s] -- Up-to-date: /home/xh339/Desktop/turtlebot_ws/install/turtlebot3_msgs/include/turtlebot3_msgs/turtlebot3_msgs/msg/detail/sensor_state__type_support.cpp
[1.352s] -- Up-to-date: /home/xh339/Desktop/turtlebot_ws/install/turtlebot3_msgs/include/turtlebot3_msgs/turtlebot3_msgs/msg/detail/sound__type_support.cpp
[1.352s] -- Up-to-date: /home/xh339/Desktop/turtlebot_ws/install/turtlebot3_msgs/include/turtlebot3_msgs/turtlebot3_msgs/msg/detail/sensor_state__rosidl_typesupport_introspection_cpp.hpp
[1.352s] -- Up-to-date: /home/xh339/Desktop/turtlebot_ws/install/turtlebot3_msgs/include/turtlebot3_msgs/turtlebot3_msgs/msg/detail/version_info__rosidl_typesupport_introspection_cpp.hpp
[1.353s] -- Up-to-date: /home/xh339/Desktop/turtlebot_ws/install/turtlebot3_msgs/include/turtlebot3_msgs/turtlebot3_msgs/msg/detail/version_info__type_support.cpp
[1.353s] -- Up-to-date: /home/xh339/Desktop/turtlebot_ws/install/turtlebot3_msgs/include/turtlebot3_msgs/turtlebot3_msgs/msg/detail/sound__rosidl_typesupport_introspection_cpp.hpp
[1.353s] -- Up-to-date: /home/xh339/Desktop/turtlebot_ws/install/turtlebot3_msgs/include/turtlebot3_msgs/turtlebot3_msgs/action
[1.353s] -- Up-to-date: /home/xh339/Desktop/turtlebot_ws/install/turtlebot3_msgs/include/turtlebot3_msgs/turtlebot3_msgs/action/detail
[1.353s] -- Up-to-date: /home/xh339/Desktop/turtlebot_ws/install/turtlebot3_msgs/include/turtlebot3_msgs/turtlebot3_msgs/action/detail/patrol__type_support.cpp
[1.353s] -- Up-to-date: /home/xh339/Desktop/turtlebot_ws/install/turtlebot3_msgs/include/turtlebot3_msgs/turtlebot3_msgs/action/detail/patrol__rosidl_typesupport_introspection_cpp.hpp
[1.353s] -- Up-to-date: /home/xh339/Desktop/turtlebot_ws/install/turtlebot3_msgs/include/turtlebot3_msgs/turtlebot3_msgs/srv
[1.353s] -- Up-to-date: /home/xh339/Desktop/turtlebot_ws/install/turtlebot3_msgs/include/turtlebot3_msgs/turtlebot3_msgs/srv/detail
[1.354s] -- Up-to-date: /home/xh339/Desktop/turtlebot_ws/install/turtlebot3_msgs/include/turtlebot3_msgs/turtlebot3_msgs/srv/detail/dqn__rosidl_typesupport_introspection_cpp.hpp
[1.354s] -- Up-to-date: /home/xh339/Desktop/turtlebot_ws/install/turtlebot3_msgs/include/turtlebot3_msgs/turtlebot3_msgs/srv/detail/dqn__type_support.cpp
[1.354s] -- Up-to-date: /home/xh339/Desktop/turtlebot_ws/install/turtlebot3_msgs/include/turtlebot3_msgs/turtlebot3_msgs/srv/detail/sound__type_support.cpp
[1.354s] -- Up-to-date: /home/xh339/Desktop/turtlebot_ws/install/turtlebot3_msgs/include/turtlebot3_msgs/turtlebot3_msgs/srv/detail/sound__rosidl_typesupport_introspection_cpp.hpp
[1.354s] -- Up-to-date: /home/xh339/Desktop/turtlebot_ws/install/turtlebot3_msgs/lib/libturtlebot3_msgs__rosidl_typesupport_introspection_cpp.so
[1.354s] -- Up-to-date: /home/xh339/Desktop/turtlebot_ws/install/turtlebot3_msgs/lib/libturtlebot3_msgs__rosidl_typesupport_cpp.so
[1.354s] -- Up-to-date: /home/xh339/Desktop/turtlebot_ws/install/turtlebot3_msgs/share/turtlebot3_msgs/environment/pythonpath.sh
[1.354s] -- Up-to-date: /home/xh339/Desktop/turtlebot_ws/install/turtlebot3_msgs/share/turtlebot3_msgs/environment/pythonpath.dsv
[1.354s] -- Up-to-date: /home/xh339/Desktop/turtlebot_ws/install/turtlebot3_msgs/local/lib/python3.10/dist-packages/turtlebot3_msgs-2.2.3-py3.10.egg-info
[1.355s] -- Installing: /home/xh339/Desktop/turtlebot_ws/install/turtlebot3_msgs/local/lib/python3.10/dist-packages/turtlebot3_msgs-2.2.3-py3.10.egg-info/top_level.txt
[1.355s] -- Installing: /home/xh339/Desktop/turtlebot_ws/install/turtlebot3_msgs/local/lib/python3.10/dist-packages/turtlebot3_msgs-2.2.3-py3.10.egg-info/SOURCES.txt
[1.355s] -- Installing: /home/xh339/Desktop/turtlebot_ws/install/turtlebot3_msgs/local/lib/python3.10/dist-packages/turtlebot3_msgs-2.2.3-py3.10.egg-info/dependency_links.txt
[1.355s] -- Installing: /home/xh339/Desktop/turtlebot_ws/install/turtlebot3_msgs/local/lib/python3.10/dist-packages/turtlebot3_msgs-2.2.3-py3.10.egg-info/PKG-INFO
[1.355s] -- Up-to-date: /home/xh339/Desktop/turtlebot_ws/install/turtlebot3_msgs/local/lib/python3.10/dist-packages/turtlebot3_msgs
[1.355s] -- Up-to-date: /home/xh339/Desktop/turtlebot_ws/install/turtlebot3_msgs/local/lib/python3.10/dist-packages/turtlebot3_msgs/msg
[1.355s] -- Up-to-date: /home/xh339/Desktop/turtlebot_ws/install/turtlebot3_msgs/local/lib/python3.10/dist-packages/turtlebot3_msgs/msg/__init__.py
[1.355s] -- Up-to-date: /home/xh339/Desktop/turtlebot_ws/install/turtlebot3_msgs/local/lib/python3.10/dist-packages/turtlebot3_msgs/msg/_version_info.py
[1.356s] -- Up-to-date: /home/xh339/Desktop/turtlebot_ws/install/turtlebot3_msgs/local/lib/python3.10/dist-packages/turtlebot3_msgs/msg/_sound.py
[1.356s] -- Up-to-date: /home/xh339/Desktop/turtlebot_ws/install/turtlebot3_msgs/local/lib/python3.10/dist-packages/turtlebot3_msgs/msg/_version_info_s.c
[1.356s] -- Up-to-date: /home/xh339/Desktop/turtlebot_ws/install/turtlebot3_msgs/local/lib/python3.10/dist-packages/turtlebot3_msgs/msg/_sound_s.c
[1.356s] -- Up-to-date: /home/xh339/Desktop/turtlebot_ws/install/turtlebot3_msgs/local/lib/python3.10/dist-packages/turtlebot3_msgs/msg/_sensor_state_s.c
[1.356s] -- Up-to-date: /home/xh339/Desktop/turtlebot_ws/install/turtlebot3_msgs/local/lib/python3.10/dist-packages/turtlebot3_msgs/msg/_sensor_state.py
[1.356s] -- Up-to-date: /home/xh339/Desktop/turtlebot_ws/install/turtlebot3_msgs/local/lib/python3.10/dist-packages/turtlebot3_msgs/__init__.py
[1.356s] -- Up-to-date: /home/xh339/Desktop/turtlebot_ws/install/turtlebot3_msgs/local/lib/python3.10/dist-packages/turtlebot3_msgs/_turtlebot3_msgs_s.ep.rosidl_typesupport_introspection_c.c
[1.356s] -- Up-to-date: /home/xh339/Desktop/turtlebot_ws/install/turtlebot3_msgs/local/lib/python3.10/dist-packages/turtlebot3_msgs/_turtlebot3_msgs_s.ep.rosidl_typesupport_c.c
[1.356s] -- Up-to-date: /home/xh339/Desktop/turtlebot_ws/install/turtlebot3_msgs/local/lib/python3.10/dist-packages/turtlebot3_msgs/_turtlebot3_msgs_s.ep.rosidl_typesupport_fastrtps_c.c
[1.357s] -- Up-to-date: /home/xh339/Desktop/turtlebot_ws/install/turtlebot3_msgs/local/lib/python3.10/dist-packages/turtlebot3_msgs/libturtlebot3_msgs__rosidl_generator_py.so
[1.357s] -- Up-to-date: /home/xh339/Desktop/turtlebot_ws/install/turtlebot3_msgs/local/lib/python3.10/dist-packages/turtlebot3_msgs/action
[1.357s] -- Up-to-date: /home/xh339/Desktop/turtlebot_ws/install/turtlebot3_msgs/local/lib/python3.10/dist-packages/turtlebot3_msgs/action/__init__.py
[1.357s] -- Up-to-date: /home/xh339/Desktop/turtlebot_ws/install/turtlebot3_msgs/local/lib/python3.10/dist-packages/turtlebot3_msgs/action/_patrol_s.c
[1.357s] -- Up-to-date: /home/xh339/Desktop/turtlebot_ws/install/turtlebot3_msgs/local/lib/python3.10/dist-packages/turtlebot3_msgs/action/_patrol.py
[1.357s] -- Up-to-date: /home/xh339/Desktop/turtlebot_ws/install/turtlebot3_msgs/local/lib/python3.10/dist-packages/turtlebot3_msgs/turtlebot3_msgs_s__rosidl_typesupport_c.cpython-310-x86_64-linux-gnu.so
[1.357s] -- Up-to-date: /home/xh339/Desktop/turtlebot_ws/install/turtlebot3_msgs/local/lib/python3.10/dist-packages/turtlebot3_msgs/turtlebot3_msgs_s__rosidl_typesupport_introspection_c.cpython-310-x86_64-linux-gnu.so
[1.357s] -- Up-to-date: /home/xh339/Desktop/turtlebot_ws/install/turtlebot3_msgs/local/lib/python3.10/dist-packages/turtlebot3_msgs/srv
[1.358s] -- Up-to-date: /home/xh339/Desktop/turtlebot_ws/install/turtlebot3_msgs/local/lib/python3.10/dist-packages/turtlebot3_msgs/srv/__init__.py
[1.358s] -- Up-to-date: /home/xh339/Desktop/turtlebot_ws/install/turtlebot3_msgs/local/lib/python3.10/dist-packages/turtlebot3_msgs/srv/_dqn_s.c
[1.358s] -- Up-to-date: /home/xh339/Desktop/turtlebot_ws/install/turtlebot3_msgs/local/lib/python3.10/dist-packages/turtlebot3_msgs/srv/_sound.py
[1.358s] -- Up-to-date: /home/xh339/Desktop/turtlebot_ws/install/turtlebot3_msgs/local/lib/python3.10/dist-packages/turtlebot3_msgs/srv/_sound_s.c
[1.358s] -- Up-to-date: /home/xh339/Desktop/turtlebot_ws/install/turtlebot3_msgs/local/lib/python3.10/dist-packages/turtlebot3_msgs/srv/_dqn.py
[1.358s] -- Up-to-date: /home/xh339/Desktop/turtlebot_ws/install/turtlebot3_msgs/local/lib/python3.10/dist-packages/turtlebot3_msgs/turtlebot3_msgs_s__rosidl_typesupport_fastrtps_c.cpython-310-x86_64-linux-gnu.so
[1.387s] Listing '/home/xh339/Desktop/turtlebot_ws/install/turtlebot3_msgs/local/lib/python3.10/dist-packages/turtlebot3_msgs'...
[1.388s] Listing '/home/xh339/Desktop/turtlebot_ws/install/turtlebot3_msgs/local/lib/python3.10/dist-packages/turtlebot3_msgs/action'...
[1.388s] Listing '/home/xh339/Desktop/turtlebot_ws/install/turtlebot3_msgs/local/lib/python3.10/dist-packages/turtlebot3_msgs/msg'...
[1.388s] Listing '/home/xh339/Desktop/turtlebot_ws/install/turtlebot3_msgs/local/lib/python3.10/dist-packages/turtlebot3_msgs/srv'...
[1.403s] -- Up-to-date: /home/xh339/Desktop/turtlebot_ws/install/turtlebot3_msgs/local/lib/python3.10/dist-packages/turtlebot3_msgs/turtlebot3_msgs_s__rosidl_typesupport_fastrtps_c.cpython-310-x86_64-linux-gnu.so
[1.403s] -- Up-to-date: /home/xh339/Desktop/turtlebot_ws/install/turtlebot3_msgs/local/lib/python3.10/dist-packages/turtlebot3_msgs/turtlebot3_msgs_s__rosidl_typesupport_introspection_c.cpython-310-x86_64-linux-gnu.so
[1.403s] -- Up-to-date: /home/xh339/Desktop/turtlebot_ws/install/turtlebot3_msgs/local/lib/python3.10/dist-packages/turtlebot3_msgs/turtlebot3_msgs_s__rosidl_typesupport_c.cpython-310-x86_64-linux-gnu.so
[1.403s] -- Up-to-date: /home/xh339/Desktop/turtlebot_ws/install/turtlebot3_msgs/lib/libturtlebot3_msgs__rosidl_generator_py.so
[1.404s] -- Up-to-date: /home/xh339/Desktop/turtlebot_ws/install/turtlebot3_msgs/share/turtlebot3_msgs/msg/SensorState.idl
[1.404s] -- Up-to-date: /home/xh339/Desktop/turtlebot_ws/install/turtlebot3_msgs/share/turtlebot3_msgs/msg/Sound.idl
[1.405s] -- Up-to-date: /home/xh339/Desktop/turtlebot_ws/install/turtlebot3_msgs/share/turtlebot3_msgs/msg/VersionInfo.idl
[1.405s] -- Up-to-date: /home/xh339/Desktop/turtlebot_ws/install/turtlebot3_msgs/share/turtlebot3_msgs/srv/Sound.idl
[1.405s] -- Up-to-date: /home/xh339/Desktop/turtlebot_ws/install/turtlebot3_msgs/share/turtlebot3_msgs/srv/Dqn.idl
[1.406s] -- Up-to-date: /home/xh339/Desktop/turtlebot_ws/install/turtlebot3_msgs/share/turtlebot3_msgs/action/Patrol.idl
[1.406s] -- Up-to-date: /home/xh339/Desktop/turtlebot_ws/install/turtlebot3_msgs/share/turtlebot3_msgs/msg/SensorState.msg
[1.407s] -- Up-to-date: /home/xh339/Desktop/turtlebot_ws/install/turtlebot3_msgs/share/turtlebot3_msgs/msg/Sound.msg
[1.407s] -- Up-to-date: /home/xh339/Desktop/turtlebot_ws/install/turtlebot3_msgs/share/turtlebot3_msgs/msg/VersionInfo.msg
[1.408s] -- Up-to-date: /home/xh339/Desktop/turtlebot_ws/install/turtlebot3_msgs/share/turtlebot3_msgs/srv/Sound.srv
[1.408s] -- Up-to-date: /home/xh339/Desktop/turtlebot_ws/install/turtlebot3_msgs/share/turtlebot3_msgs/srv/Sound_Request.msg
[1.408s] -- Up-to-date: /home/xh339/Desktop/turtlebot_ws/install/turtlebot3_msgs/share/turtlebot3_msgs/srv/Sound_Response.msg
[1.409s] -- Up-to-date: /home/xh339/Desktop/turtlebot_ws/install/turtlebot3_msgs/share/turtlebot3_msgs/srv/Dqn.srv
[1.409s] -- Up-to-date: /home/xh339/Desktop/turtlebot_ws/install/turtlebot3_msgs/share/turtlebot3_msgs/srv/Dqn_Request.msg
[1.410s] -- Up-to-date: /home/xh339/Desktop/turtlebot_ws/install/turtlebot3_msgs/share/turtlebot3_msgs/srv/Dqn_Response.msg
[1.410s] -- Up-to-date: /home/xh339/Desktop/turtlebot_ws/install/turtlebot3_msgs/share/turtlebot3_msgs/action/Patrol.action
[1.410s] -- Up-to-date: /home/xh339/Desktop/turtlebot_ws/install/turtlebot3_msgs/share/ament_index/resource_index/package_run_dependencies/turtlebot3_msgs
[1.411s] -- Up-to-date: /home/xh339/Desktop/turtlebot_ws/install/turtlebot3_msgs/share/ament_index/resource_index/parent_prefix_path/turtlebot3_msgs
[1.411s] -- Up-to-date: /home/xh339/Desktop/turtlebot_ws/install/turtlebot3_msgs/share/turtlebot3_msgs/environment/ament_prefix_path.sh
[1.411s] -- Up-to-date: /home/xh339/Desktop/turtlebot_ws/install/turtlebot3_msgs/share/turtlebot3_msgs/environment/ament_prefix_path.dsv
[1.411s] -- Up-to-date: /home/xh339/Desktop/turtlebot_ws/install/turtlebot3_msgs/share/turtlebot3_msgs/environment/path.sh
[1.412s] -- Up-to-date: /home/xh339/Desktop/turtlebot_ws/install/turtlebot3_msgs/share/turtlebot3_msgs/environment/path.dsv
[1.412s] -- Up-to-date: /home/xh339/Desktop/turtlebot_ws/install/turtlebot3_msgs/share/turtlebot3_msgs/local_setup.bash
[1.412s] -- Up-to-date: /home/xh339/Desktop/turtlebot_ws/install/turtlebot3_msgs/share/turtlebot3_msgs/local_setup.sh
[1.412s] -- Up-to-date: /home/xh339/Desktop/turtlebot_ws/install/turtlebot3_msgs/share/turtlebot3_msgs/local_setup.zsh
[1.413s] -- Up-to-date: /home/xh339/Desktop/turtlebot_ws/install/turtlebot3_msgs/share/turtlebot3_msgs/local_setup.dsv
[1.413s] -- Installing: /home/xh339/Desktop/turtlebot_ws/install/turtlebot3_msgs/share/turtlebot3_msgs/package.dsv
[1.413s] -- Up-to-date: /home/xh339/Desktop/turtlebot_ws/install/turtlebot3_msgs/share/ament_index/resource_index/packages/turtlebot3_msgs
[1.414s] -- Up-to-date: /home/xh339/Desktop/turtlebot_ws/install/turtlebot3_msgs/share/turtlebot3_msgs/cmake/export_turtlebot3_msgs__rosidl_generator_cExport.cmake
[1.414s] -- Up-to-date: /home/xh339/Desktop/turtlebot_ws/install/turtlebot3_msgs/share/turtlebot3_msgs/cmake/export_turtlebot3_msgs__rosidl_generator_cExport-noconfig.cmake
[1.415s] -- Up-to-date: /home/xh339/Desktop/turtlebot_ws/install/turtlebot3_msgs/share/turtlebot3_msgs/cmake/export_turtlebot3_msgs__rosidl_typesupport_fastrtps_cExport.cmake
[1.415s] -- Up-to-date: /home/xh339/Desktop/turtlebot_ws/install/turtlebot3_msgs/share/turtlebot3_msgs/cmake/export_turtlebot3_msgs__rosidl_typesupport_fastrtps_cExport-noconfig.cmake
[1.415s] -- Up-to-date: /home/xh339/Desktop/turtlebot_ws/install/turtlebot3_msgs/share/turtlebot3_msgs/cmake/export_turtlebot3_msgs__rosidl_generator_cppExport.cmake
[1.415s] -- Up-to-date: /home/xh339/Desktop/turtlebot_ws/install/turtlebot3_msgs/share/turtlebot3_msgs/cmake/export_turtlebot3_msgs__rosidl_typesupport_fastrtps_cppExport.cmake
[1.416s] -- Up-to-date: /home/xh339/Desktop/turtlebot_ws/install/turtlebot3_msgs/share/turtlebot3_msgs/cmake/export_turtlebot3_msgs__rosidl_typesupport_fastrtps_cppExport-noconfig.cmake
[1.416s] -- Up-to-date: /home/xh339/Desktop/turtlebot_ws/install/turtlebot3_msgs/share/turtlebot3_msgs/cmake/turtlebot3_msgs__rosidl_typesupport_introspection_cExport.cmake
[1.416s] -- Up-to-date: /home/xh339/Desktop/turtlebot_ws/install/turtlebot3_msgs/share/turtlebot3_msgs/cmake/turtlebot3_msgs__rosidl_typesupport_introspection_cExport-noconfig.cmake
[1.417s] -- Up-to-date: /home/xh339/Desktop/turtlebot_ws/install/turtlebot3_msgs/share/turtlebot3_msgs/cmake/turtlebot3_msgs__rosidl_typesupport_cExport.cmake
[1.417s] -- Up-to-date: /home/xh339/Desktop/turtlebot_ws/install/turtlebot3_msgs/share/turtlebot3_msgs/cmake/turtlebot3_msgs__rosidl_typesupport_cExport-noconfig.cmake
[1.417s] -- Up-to-date: /home/xh339/Desktop/turtlebot_ws/install/turtlebot3_msgs/share/turtlebot3_msgs/cmake/turtlebot3_msgs__rosidl_typesupport_introspection_cppExport.cmake
[1.418s] -- Up-to-date: /home/xh339/Desktop/turtlebot_ws/install/turtlebot3_msgs/share/turtlebot3_msgs/cmake/turtlebot3_msgs__rosidl_typesupport_introspection_cppExport-noconfig.cmake
[1.418s] -- Up-to-date: /home/xh339/Desktop/turtlebot_ws/install/turtlebot3_msgs/share/turtlebot3_msgs/cmake/turtlebot3_msgs__rosidl_typesupport_cppExport.cmake
[1.419s] -- Up-to-date: /home/xh339/Desktop/turtlebot_ws/install/turtlebot3_msgs/share/turtlebot3_msgs/cmake/turtlebot3_msgs__rosidl_typesupport_cppExport-noconfig.cmake
[1.420s] -- Up-to-date: /home/xh339/Desktop/turtlebot_ws/install/turtlebot3_msgs/share/turtlebot3_msgs/cmake/export_turtlebot3_msgs__rosidl_generator_pyExport.cmake
[1.420s] -- Up-to-date: /home/xh339/Desktop/turtlebot_ws/install/turtlebot3_msgs/share/turtlebot3_msgs/cmake/export_turtlebot3_msgs__rosidl_generator_pyExport-noconfig.cmake
[1.420s] -- Up-to-date: /home/xh339/Desktop/turtlebot_ws/install/turtlebot3_msgs/share/turtlebot3_msgs/cmake/rosidl_cmake-extras.cmake
[1.421s] -- Up-to-date: /home/xh339/Desktop/turtlebot_ws/install/turtlebot3_msgs/share/turtlebot3_msgs/cmake/ament_cmake_export_dependencies-extras.cmake
[1.421s] -- Up-to-date: /home/xh339/Desktop/turtlebot_ws/install/turtlebot3_msgs/share/turtlebot3_msgs/cmake/ament_cmake_export_include_directories-extras.cmake
[1.421s] -- Up-to-date: /home/xh339/Desktop/turtlebot_ws/install/turtlebot3_msgs/share/turtlebot3_msgs/cmake/ament_cmake_export_libraries-extras.cmake
[1.421s] -- Up-to-date: /home/xh339/Desktop/turtlebot_ws/install/turtlebot3_msgs/share/turtlebot3_msgs/cmake/ament_cmake_export_targets-extras.cmake
[1.421s] -- Up-to-date: /home/xh339/Desktop/turtlebot_ws/install/turtlebot3_msgs/share/turtlebot3_msgs/cmake/rosidl_cmake_export_typesupport_targets-extras.cmake
[1.422s] -- Up-to-date: /home/xh339/Desktop/turtlebot_ws/install/turtlebot3_msgs/share/turtlebot3_msgs/cmake/rosidl_cmake_export_typesupport_libraries-extras.cmake
[1.422s] -- Up-to-date: /home/xh339/Desktop/turtlebot_ws/install/turtlebot3_msgs/share/turtlebot3_msgs/cmake/turtlebot3_msgsConfig.cmake
[1.422s] -- Up-to-date: /home/xh339/Desktop/turtlebot_ws/install/turtlebot3_msgs/share/turtlebot3_msgs/cmake/turtlebot3_msgsConfig-version.cmake
[1.423s] -- Up-to-date: /home/xh339/Desktop/turtlebot_ws/install/turtlebot3_msgs/share/turtlebot3_msgs/package.xml
[1.655s] Invoked command in '/home/xh339/Desktop/turtlebot_ws/build/turtlebot3_msgs' returned '0': CMAKE_PREFIX_PATH=/home/xh339/Desktop/ros2_ws/install/task79_interfaces:/home/xh339/Desktop/turtlebot_ws/install/turtlebot3_navigation2:/home/xh339/Desktop/turtlebot_ws/install/turtlebot3_msgs:/home/xh339/Desktop/turtlebot_ws/install/turtlebot3_gazebo:/home/xh339/Desktop/turtlebot_ws/install/turtlebot3_cartographer:/home/xh339/Desktop/ros2_ws/install/task79:/home/xh339/Desktop/ros2_ws/install/task79_wrappers:/home/xh339/Desktop/ros2_ws/install/task79_test:/home/xh339/Desktop/turtlebot_ws/install/turtlebot3_teleop:/home/xh339/dev_ws/install/learning_urdf:/home/xh339/dev_ws/install/learning_topic:/home/xh339/dev_ws/install/learning_tf:/home/xh339/dev_ws/install/learning_service:/home/xh339/dev_ws/install/learning_qos:/home/xh339/dev_ws/install/learning_pkg_python:/home/xh339/dev_ws/install/learning_parameter:/home/xh339/dev_ws/install/learning_node:/home/xh339/dev_ws/install/learning_launch:/home/xh339/dev_ws/install/learning_action:/home/xh339/dev_ws/install/learning_gazebo:/opt/ros/humble:/home/xh339/Desktop/turtlebot_ws/install/realsense_ros_gazebo:/home/xh339/Desktop/turtlebot_ws/install/realsense_gazebo_plugin:/home/xh339/dev_ws/install/learning_pkg_c:/home/xh339/dev_ws/install/learning_interface /usr/bin/cmake --install /home/xh339/Desktop/turtlebot_ws/build/turtlebot3_msgs
