[0.893s] Invoking command in '/home/xh339/Desktop/turtlebot_ws/build/realsense_gazebo_plugin': /usr/bin/cmake --build /home/xh339/Desktop/turtlebot_ws/build/realsense_gazebo_plugin -- -j8 -l8
[1.009s] [100%] Built target realsense_gazebo_plugin
[1.526s] Invoked command in '/home/xh339/Desktop/turtlebot_ws/build/realsense_gazebo_plugin' returned '0': /usr/bin/cmake --build /home/xh339/Desktop/turtlebot_ws/build/realsense_gazebo_plugin -- -j8 -l8
[1.948s] Invoking command in '/home/xh339/Desktop/turtlebot_ws/build/realsense_gazebo_plugin': /usr/bin/cmake --install /home/xh339/Desktop/turtlebot_ws/build/realsense_gazebo_plugin
[2.106s] -- Install configuration: ""
[2.106s] -- Up-to-date: /home/xh339/Desktop/turtlebot_ws/install/realsense_gazebo_plugin/lib/librealsense_gazebo_plugin.so
[2.107s] -- Up-to-date: /home/xh339/Desktop/turtlebot_ws/install/realsense_gazebo_plugin/include/
[2.108s] -- Up-to-date: /home/xh339/Desktop/turtlebot_ws/install/realsense_gazebo_plugin/include//realsense_gazebo_plugin
[2.108s] -- Up-to-date: /home/xh339/Desktop/turtlebot_ws/install/realsense_gazebo_plugin/include//realsense_gazebo_plugin/gazebo_ros_realsense.hpp
[2.108s] -- Up-to-date: /home/xh339/Desktop/turtlebot_ws/install/realsense_gazebo_plugin/include//realsense_gazebo_plugin/RealSensePlugin.hpp
[2.109s] -- Up-to-date: /home/xh339/Desktop/turtlebot_ws/install/realsense_gazebo_plugin/share/realsense_gazebo_plugin/environment/library_path.sh
[2.109s] -- Up-to-date: /home/xh339/Desktop/turtlebot_ws/install/realsense_gazebo_plugin/share/realsense_gazebo_plugin/environment/library_path.dsv
[2.110s] -- Up-to-date: /home/xh339/Desktop/turtlebot_ws/install/realsense_gazebo_plugin/share/ament_index/resource_index/package_run_dependencies/realsense_gazebo_plugin
[2.110s] -- Up-to-date: /home/xh339/Desktop/turtlebot_ws/install/realsense_gazebo_plugin/share/ament_index/resource_index/parent_prefix_path/realsense_gazebo_plugin
[2.111s] -- Up-to-date: /home/xh339/Desktop/turtlebot_ws/install/realsense_gazebo_plugin/share/realsense_gazebo_plugin/environment/ament_prefix_path.sh
[2.111s] -- Up-to-date: /home/xh339/Desktop/turtlebot_ws/install/realsense_gazebo_plugin/share/realsense_gazebo_plugin/environment/ament_prefix_path.dsv
[2.111s] -- Up-to-date: /home/xh339/Desktop/turtlebot_ws/install/realsense_gazebo_plugin/share/realsense_gazebo_plugin/environment/path.sh
[2.112s] -- Up-to-date: /home/xh339/Desktop/turtlebot_ws/install/realsense_gazebo_plugin/share/realsense_gazebo_plugin/environment/path.dsv
[2.113s] -- Up-to-date: /home/xh339/Desktop/turtlebot_ws/install/realsense_gazebo_plugin/share/realsense_gazebo_plugin/local_setup.bash
[2.113s] -- Up-to-date: /home/xh339/Desktop/turtlebot_ws/install/realsense_gazebo_plugin/share/realsense_gazebo_plugin/local_setup.sh
[2.113s] -- Up-to-date: /home/xh339/Desktop/turtlebot_ws/install/realsense_gazebo_plugin/share/realsense_gazebo_plugin/local_setup.zsh
[2.114s] -- Up-to-date: /home/xh339/Desktop/turtlebot_ws/install/realsense_gazebo_plugin/share/realsense_gazebo_plugin/local_setup.dsv
[2.115s] -- Installing: /home/xh339/Desktop/turtlebot_ws/install/realsense_gazebo_plugin/share/realsense_gazebo_plugin/package.dsv
[2.116s] -- Up-to-date: /home/xh339/Desktop/turtlebot_ws/install/realsense_gazebo_plugin/share/ament_index/resource_index/packages/realsense_gazebo_plugin
[2.116s] -- Up-to-date: /home/xh339/Desktop/turtlebot_ws/install/realsense_gazebo_plugin/share/realsense_gazebo_plugin/cmake/ament_cmake_export_include_directories-extras.cmake
[2.117s] -- Up-to-date: /home/xh339/Desktop/turtlebot_ws/install/realsense_gazebo_plugin/share/realsense_gazebo_plugin/cmake/ament_cmake_export_libraries-extras.cmake
[2.117s] -- Up-to-date: /home/xh339/Desktop/turtlebot_ws/install/realsense_gazebo_plugin/share/realsense_gazebo_plugin/cmake/realsense_gazebo_pluginConfig.cmake
[2.118s] -- Up-to-date: /home/xh339/Desktop/turtlebot_ws/install/realsense_gazebo_plugin/share/realsense_gazebo_plugin/cmake/realsense_gazebo_pluginConfig-version.cmake
[2.118s] -- Up-to-date: /home/xh339/Desktop/turtlebot_ws/install/realsense_gazebo_plugin/share/realsense_gazebo_plugin/package.xml
[2.303s] Invoked command in '/home/xh339/Desktop/turtlebot_ws/build/realsense_gazebo_plugin' returned '0': /usr/bin/cmake --install /home/xh339/Desktop/turtlebot_ws/build/realsense_gazebo_plugin
