[1.655s] Invoking command in '/home/xh339/Desktop/turtlebot_ws/build/turtlebot3_cartographer': CMAKE_PREFIX_PATH=${CMAKE_PREFIX_PATH}:/home/xh339/Desktop/turtlebot_ws/install/turtlebot3_teleop:/home/xh339/Desktop/turtlebot_ws/install/turtlebot3_navigation2:/home/xh339/Desktop/turtlebot_ws/install/turtlebot3_cartographer:/home/xh339/Desktop/ros2_ws/install/task79_test:/home/xh339/Desktop/ros2_ws/install/task79:/home/xh339/Desktop/ros2_ws/install/aruco_detect:/home/xh339/dev_ws/install/learning_urdf:/home/xh339/dev_ws/install/learning_topic:/home/xh339/dev_ws/install/learning_tf:/home/xh339/dev_ws/install/learning_service:/home/xh339/dev_ws/install/learning_qos:/home/xh339/dev_ws/install/learning_pkg_python:/home/xh339/dev_ws/install/learning_parameter:/home/xh339/dev_ws/install/learning_node:/home/xh339/dev_ws/install/learning_launch:/home/xh339/dev_ws/install/learning_action:/home/xh339/dev_ws/install/learning_gazebo:/opt/ros/humble /usr/bin/cmake --build /home/xh339/Desktop/turtlebot_ws/build/turtlebot3_cartographer -- -j8 -l8
[3.598s] Invoked command in '/home/xh339/Desktop/turtlebot_ws/build/turtlebot3_cartographer' returned '0': CMAKE_PREFIX_PATH=${CMAKE_PREFIX_PATH}:/home/xh339/Desktop/turtlebot_ws/install/turtlebot3_teleop:/home/xh339/Desktop/turtlebot_ws/install/turtlebot3_navigation2:/home/xh339/Desktop/turtlebot_ws/install/turtlebot3_cartographer:/home/xh339/Desktop/ros2_ws/install/task79_test:/home/xh339/Desktop/ros2_ws/install/task79:/home/xh339/Desktop/ros2_ws/install/aruco_detect:/home/xh339/dev_ws/install/learning_urdf:/home/xh339/dev_ws/install/learning_topic:/home/xh339/dev_ws/install/learning_tf:/home/xh339/dev_ws/install/learning_service:/home/xh339/dev_ws/install/learning_qos:/home/xh339/dev_ws/install/learning_pkg_python:/home/xh339/dev_ws/install/learning_parameter:/home/xh339/dev_ws/install/learning_node:/home/xh339/dev_ws/install/learning_launch:/home/xh339/dev_ws/install/learning_action:/home/xh339/dev_ws/install/learning_gazebo:/opt/ros/humble /usr/bin/cmake --build /home/xh339/Desktop/turtlebot_ws/build/turtlebot3_cartographer -- -j8 -l8
[3.773s] Invoking command in '/home/xh339/Desktop/turtlebot_ws/build/turtlebot3_cartographer': CMAKE_PREFIX_PATH=${CMAKE_PREFIX_PATH}:/home/xh339/Desktop/turtlebot_ws/install/turtlebot3_teleop:/home/xh339/Desktop/turtlebot_ws/install/turtlebot3_navigation2:/home/xh339/Desktop/turtlebot_ws/install/turtlebot3_cartographer:/home/xh339/Desktop/ros2_ws/install/task79_test:/home/xh339/Desktop/ros2_ws/install/task79:/home/xh339/Desktop/ros2_ws/install/aruco_detect:/home/xh339/dev_ws/install/learning_urdf:/home/xh339/dev_ws/install/learning_topic:/home/xh339/dev_ws/install/learning_tf:/home/xh339/dev_ws/install/learning_service:/home/xh339/dev_ws/install/learning_qos:/home/xh339/dev_ws/install/learning_pkg_python:/home/xh339/dev_ws/install/learning_parameter:/home/xh339/dev_ws/install/learning_node:/home/xh339/dev_ws/install/learning_launch:/home/xh339/dev_ws/install/learning_action:/home/xh339/dev_ws/install/learning_gazebo:/opt/ros/humble /usr/bin/cmake --install /home/xh339/Desktop/turtlebot_ws/build/turtlebot3_cartographer
[3.822s] -- Install configuration: ""
[3.822s] -- Up-to-date: /home/xh339/Desktop/turtlebot_ws/install/turtlebot3_cartographer/share/turtlebot3_cartographer/config
[3.828s] -- Up-to-date: /home/xh339/Desktop/turtlebot_ws/install/turtlebot3_cartographer/share/turtlebot3_cartographer/config/turtlebot3_lds_2d.lua
[3.829s] -- Up-to-date: /home/xh339/Desktop/turtlebot_ws/install/turtlebot3_cartographer/share/turtlebot3_cartographer/launch
[3.830s] -- Up-to-date: /home/xh339/Desktop/turtlebot_ws/install/turtlebot3_cartographer/share/turtlebot3_cartographer/launch/cartographer.launch.py
[3.831s] -- Up-to-date: /home/xh339/Desktop/turtlebot_ws/install/turtlebot3_cartographer/share/turtlebot3_cartographer/launch/occupancy_grid.launch.py
[3.831s] -- Up-to-date: /home/xh339/Desktop/turtlebot_ws/install/turtlebot3_cartographer/share/turtlebot3_cartographer/rviz
[3.832s] -- Up-to-date: /home/xh339/Desktop/turtlebot_ws/install/turtlebot3_cartographer/share/turtlebot3_cartographer/rviz/tb3_cartographer.rviz
[3.833s] -- Up-to-date: /home/xh339/Desktop/turtlebot_ws/install/turtlebot3_cartographer/share/ament_index/resource_index/package_run_dependencies/turtlebot3_cartographer
[3.834s] -- Up-to-date: /home/xh339/Desktop/turtlebot_ws/install/turtlebot3_cartographer/share/ament_index/resource_index/parent_prefix_path/turtlebot3_cartographer
[3.837s] -- Up-to-date: /home/xh339/Desktop/turtlebot_ws/install/turtlebot3_cartographer/share/turtlebot3_cartographer/environment/ament_prefix_path.sh
[3.839s] -- Up-to-date: /home/xh339/Desktop/turtlebot_ws/install/turtlebot3_cartographer/share/turtlebot3_cartographer/environment/ament_prefix_path.dsv
[3.839s] -- Up-to-date: /home/xh339/Desktop/turtlebot_ws/install/turtlebot3_cartographer/share/turtlebot3_cartographer/environment/path.sh
[3.840s] -- Up-to-date: /home/xh339/Desktop/turtlebot_ws/install/turtlebot3_cartographer/share/turtlebot3_cartographer/environment/path.dsv
[3.840s] -- Up-to-date: /home/xh339/Desktop/turtlebot_ws/install/turtlebot3_cartographer/share/turtlebot3_cartographer/local_setup.bash
[3.840s] -- Up-to-date: /home/xh339/Desktop/turtlebot_ws/install/turtlebot3_cartographer/share/turtlebot3_cartographer/local_setup.sh
[3.840s] -- Up-to-date: /home/xh339/Desktop/turtlebot_ws/install/turtlebot3_cartographer/share/turtlebot3_cartographer/local_setup.zsh
[3.841s] -- Up-to-date: /home/xh339/Desktop/turtlebot_ws/install/turtlebot3_cartographer/share/turtlebot3_cartographer/local_setup.dsv
[3.841s] -- Up-to-date: /home/xh339/Desktop/turtlebot_ws/install/turtlebot3_cartographer/share/turtlebot3_cartographer/package.dsv
[3.841s] -- Up-to-date: /home/xh339/Desktop/turtlebot_ws/install/turtlebot3_cartographer/share/ament_index/resource_index/packages/turtlebot3_cartographer
[3.847s] -- Up-to-date: /home/xh339/Desktop/turtlebot_ws/install/turtlebot3_cartographer/share/turtlebot3_cartographer/cmake/turtlebot3_cartographerConfig.cmake
[3.847s] -- Up-to-date: /home/xh339/Desktop/turtlebot_ws/install/turtlebot3_cartographer/share/turtlebot3_cartographer/cmake/turtlebot3_cartographerConfig-version.cmake
[3.848s] -- Up-to-date: /home/xh339/Desktop/turtlebot_ws/install/turtlebot3_cartographer/share/turtlebot3_cartographer/package.xml
[4.119s] Invoked command in '/home/xh339/Desktop/turtlebot_ws/build/turtlebot3_cartographer' returned '0': CMAKE_PREFIX_PATH=${CMAKE_PREFIX_PATH}:/home/xh339/Desktop/turtlebot_ws/install/turtlebot3_teleop:/home/xh339/Desktop/turtlebot_ws/install/turtlebot3_navigation2:/home/xh339/Desktop/turtlebot_ws/install/turtlebot3_cartographer:/home/xh339/Desktop/ros2_ws/install/task79_test:/home/xh339/Desktop/ros2_ws/install/task79:/home/xh339/Desktop/ros2_ws/install/aruco_detect:/home/xh339/dev_ws/install/learning_urdf:/home/xh339/dev_ws/install/learning_topic:/home/xh339/dev_ws/install/learning_tf:/home/xh339/dev_ws/install/learning_service:/home/xh339/dev_ws/install/learning_qos:/home/xh339/dev_ws/install/learning_pkg_python:/home/xh339/dev_ws/install/learning_parameter:/home/xh339/dev_ws/install/learning_node:/home/xh339/dev_ws/install/learning_launch:/home/xh339/dev_ws/install/learning_action:/home/xh339/dev_ws/install/learning_gazebo:/opt/ros/humble /usr/bin/cmake --install /home/xh339/Desktop/turtlebot_ws/build/turtlebot3_cartographer
