[0.652s] Invoking command in '/home/xh339/Desktop/turtlebot_ws/build/realsense_ros_gazebo': CMAKE_PREFIX_PATH=${CMAKE_PREFIX_PATH}:/home/xh339/Desktop/turtlebot_ws/install/turtlebot3_teleop:/home/xh339/Desktop/ros2_ws/install/task79_test:/home/xh339/Desktop/ros2_ws/install/task79:/home/xh339/Desktop/ros2_ws/install/aruco_detect:/home/xh339/dev_ws/install/learning_urdf:/home/xh339/dev_ws/install/learning_topic:/home/xh339/dev_ws/install/learning_tf:/home/xh339/dev_ws/install/learning_service:/home/xh339/dev_ws/install/learning_qos:/home/xh339/dev_ws/install/learning_pkg_python:/home/xh339/dev_ws/install/learning_parameter:/home/xh339/dev_ws/install/learning_node:/home/xh339/dev_ws/install/learning_launch:/home/xh339/dev_ws/install/learning_action:/home/xh339/dev_ws/install/learning_gazebo:/opt/ros/humble /usr/bin/cmake /home/xh339/Desktop/turtlebot_ws/src/realsense_ros_gazebo -DCMAKE_INSTALL_PREFIX=/home/xh339/Desktop/turtlebot_ws/install/realsense_ros_gazebo
[1.202s] -- Found ament_cmake: 1.3.7 (/opt/ros/humble/share/ament_cmake/cmake)
[1.204s] -- Found Python3: /usr/bin/python3.10 (found version "3.10.12") found components: Interpreter 
[1.204s] -- Found rclcpp: 16.0.8 (/opt/ros/humble/share/rclcpp/cmake)
[1.218s] -- Found rosidl_generator_c: 3.1.5 (/opt/ros/humble/share/rosidl_generator_c/cmake)
[1.228s] -- Found rosidl_adapter: 3.1.5 (/opt/ros/humble/share/rosidl_adapter/cmake)
[1.254s] -- Found rosidl_generator_cpp: 3.1.5 (/opt/ros/humble/share/rosidl_generator_cpp/cmake)
[1.308s] -- Using all available rosidl_typesupport_c: rosidl_typesupport_fastrtps_c;rosidl_typesupport_introspection_c
[1.369s] -- Using all available rosidl_typesupport_cpp: rosidl_typesupport_fastrtps_cpp;rosidl_typesupport_introspection_cpp
[1.479s] -- Found rmw_implementation_cmake: 6.1.1 (/opt/ros/humble/share/rmw_implementation_cmake/cmake)
[1.485s] -- Found rmw_fastrtps_cpp: 6.2.6 (/opt/ros/humble/share/rmw_fastrtps_cpp/cmake)
[1.611s] -- Found OpenSSL: /usr/lib/x86_64-linux-gnu/libcrypto.so (found version "3.0.2")  
[1.645s] -- Found FastRTPS: /opt/ros/humble/include  
[1.705s] -- Using RMW implementation 'rmw_fastrtps_cpp' as default
[1.723s] -- Looking for pthread.h
[1.897s] -- Looking for pthread.h - found
[1.897s] -- Performing Test CMAKE_HAVE_LIBC_PTHREAD
[2.025s] -- Performing Test CMAKE_HAVE_LIBC_PTHREAD - Success
[2.025s] -- Found Threads: TRUE  
[2.325s] -- Found gazebo_ros: 3.7.0 (/opt/ros/humble/share/gazebo_ros/cmake)
[2.350s] -- Found PkgConfig: /usr/bin/pkg-config (found version "0.29.2") 
[2.353s] -- Checking for module 'bullet>=2.82'
[2.379s] --   Found bullet, version 3.05
[2.526s] -- Found fcl: /usr/include (found suitable version "0.7.0", minimum required is "0.5.0") 
[2.605s] -- Found assimp: /usr/include (found version "5.2.0") 
[2.643s] -- Found DART: /usr/include (Required is at least version "6.6") found components: dart 
[2.689s] -- Found Boost: /usr/lib/x86_64-linux-gnu/cmake/Boost-1.74.0/BoostConfig.cmake (found suitable version "1.74.0", minimum required is "1.40.0") found components: thread system filesystem program_options regex iostreams date_time 
[2.710s] -- Found Protobuf: /usr/lib/x86_64-linux-gnu/libprotobuf.so (found version "3.12.4") 
[2.719s] -- Looking for ignition-math6 -- found version 6.15.1
[2.728s] -- Searching for dependencies of ignition-math6
[2.729s] -- Looking for OGRE...
[2.730s] -- OGRE_PREFIX_WATCH changed.
[2.734s] -- Checking for module 'OGRE'
[2.750s] --   Found OGRE, version 1.9.0
[2.786s] -- Found Ogre Ghadamon (1.9.0)
[2.798s] -- Found OGRE: optimized;/usr/lib/x86_64-linux-gnu/libOgreMain.so;debug;/usr/lib/x86_64-linux-gnu/libOgreMain.so
[2.811s] -- Looking for OGRE_Paging...
[2.817s] -- Found OGRE_Paging: optimized;/usr/lib/x86_64-linux-gnu/libOgrePaging.so;debug;/usr/lib/x86_64-linux-gnu/libOgrePaging.so
[2.817s] -- Looking for OGRE_Terrain...
[2.823s] -- Found OGRE_Terrain: optimized;/usr/lib/x86_64-linux-gnu/libOgreTerrain.so;debug;/usr/lib/x86_64-linux-gnu/libOgreTerrain.so
[2.823s] -- Looking for OGRE_Property...
[2.830s] -- Found OGRE_Property: optimized;/usr/lib/x86_64-linux-gnu/libOgreProperty.so;debug;/usr/lib/x86_64-linux-gnu/libOgreProperty.so
[2.830s] -- Looking for OGRE_RTShaderSystem...
[2.837s] -- Found OGRE_RTShaderSystem: optimized;/usr/lib/x86_64-linux-gnu/libOgreRTShaderSystem.so;debug;/usr/lib/x86_64-linux-gnu/libOgreRTShaderSystem.so
[2.837s] -- Looking for OGRE_Volume...
[2.853s] -- Found OGRE_Volume: optimized;/usr/lib/x86_64-linux-gnu/libOgreVolume.so;debug;/usr/lib/x86_64-linux-gnu/libOgreVolume.so
[2.853s] -- Looking for OGRE_Overlay...
[2.869s] -- Found OGRE_Overlay: optimized;/usr/lib/x86_64-linux-gnu/libOgreOverlay.so;debug;/usr/lib/x86_64-linux-gnu/libOgreOverlay.so
[3.032s] -- Looking for ignition-math6 -- found version 6.15.1
[3.042s] -- Looking for ignition-transport8 -- found version 8.2.1
[3.042s] -- Searching for dependencies of ignition-transport8
[3.061s] -- Found Protobuf: /usr/lib/x86_64-linux-gnu/libprotobuf.so (found suitable version "3.12.4", minimum required is "3") 
[3.072s] -- Config-file not installed for ZeroMQ -- checking for pkg-config
[3.076s] -- Checking for module 'libzmq >= 4'
[3.089s] --   Found libzmq , version 4.3.4
[3.117s] -- Found ZeroMQ: TRUE (Required is at least version "4") 
[3.122s] -- Checking for module 'uuid'
[3.134s] --   Found uuid, version 2.37.2
[3.166s] -- Found UUID: TRUE  
[3.169s] -- Looking for ignition-msgs5 -- found version 5.8.1
[3.169s] -- Searching for dependencies of ignition-msgs5
[3.186s] -- Looking for ignition-math6 -- found version 6.15.1
[3.191s] -- Checking for module 'tinyxml2'
[3.202s] --   Found tinyxml2, version 9.0.0
[3.229s] -- Looking for ignition-msgs5 -- found version 5.8.1
[3.233s] -- Looking for ignition-common3 -- found version 3.14.0
[3.233s] -- Searching for dependencies of ignition-common3
[3.234s] -- Looking for dlfcn.h - found
[3.235s] -- Looking for libdl - found
[3.236s] -- Found DL: TRUE  
[3.249s] -- Found tinyobjloader: /usr/lib/x86_64-linux-gnu/cmake/tinyobjloader/tinyobjloader-config.cmake (found version "2.0.0") 
[3.250s] -- Searching for <ignition-common3> component [graphics]
[3.253s] -- Looking for ignition-common3-graphics -- found version 3.14.0
[3.254s] -- Searching for dependencies of ignition-common3-graphics
[3.254s] -- Looking for ignition-math6 -- found version 6.15.1
[3.259s] -- Looking for ignition-fuel_tools4 -- found version 4.4.0
[3.260s] -- Searching for dependencies of ignition-fuel_tools4
[3.326s] -- Found CURL: /usr/lib/x86_64-linux-gnu/libcurl.so (found version "7.81.0")  
[3.335s] -- Checking for module 'jsoncpp'
[3.350s] --   Found jsoncpp, version 1.9.5
[3.379s] -- Found JSONCPP: TRUE  
[3.384s] -- Checking for module 'libzip'
[3.396s] --   Found libzip, version 1.7.3
[3.422s] -- Found ZIP: TRUE  
[3.423s] -- Looking for ignition-common3 -- found version 3.14.0
[3.423s] -- Looking for ignition-math6 -- found version 6.15.1
[3.423s] -- Looking for ignition-msgs5 -- found version 5.8.1
[3.428s] -- Gazebo version: 11.10
[3.428s] -- Checking for module 'tbb'
[3.442s] --   Found tbb, version 2021.5.0
[3.478s] -- Found image_transport: 3.1.8 (/opt/ros/humble/share/image_transport/cmake)
[3.658s] -- Found camera_info_manager: 3.1.8 (/opt/ros/humble/share/camera_info_manager/cmake)
[3.744s] -- Found ament_lint_auto: 0.12.10 (/opt/ros/humble/share/ament_lint_auto/cmake)
[3.838s] -- Added test 'copyright' to check source files copyright and LICENSE
[3.843s] -- Added test 'cppcheck' to perform static code analysis on C / C++ code
[3.843s] -- Configured cppcheck include dirs: /home/xh339/Desktop/turtlebot_ws/src/realsense_ros_gazebo/include
[3.843s] -- Configured cppcheck exclude dirs and/or files: 
[3.847s] -- Added test 'cpplint' to check C / C++ code against the Google style
[3.847s] -- Configured cpplint exclude dirs and/or files: 
[3.849s] -- Added test 'lint_cmake' to check CMake code style
[3.852s] -- Added test 'uncrustify' to check C / C++ code style
[3.852s] -- Configured uncrustify additional arguments: 
[3.853s] -- Added test 'xmllint' to check XML markup files
[3.855s] -- Configuring done
[3.877s] -- Generating done
[3.879s] -- Build files have been written to: /home/xh339/Desktop/turtlebot_ws/build/realsense_ros_gazebo
[3.891s] Invoked command in '/home/xh339/Desktop/turtlebot_ws/build/realsense_ros_gazebo' returned '0': CMAKE_PREFIX_PATH=${CMAKE_PREFIX_PATH}:/home/xh339/Desktop/turtlebot_ws/install/turtlebot3_teleop:/home/xh339/Desktop/ros2_ws/install/task79_test:/home/xh339/Desktop/ros2_ws/install/task79:/home/xh339/Desktop/ros2_ws/install/aruco_detect:/home/xh339/dev_ws/install/learning_urdf:/home/xh339/dev_ws/install/learning_topic:/home/xh339/dev_ws/install/learning_tf:/home/xh339/dev_ws/install/learning_service:/home/xh339/dev_ws/install/learning_qos:/home/xh339/dev_ws/install/learning_pkg_python:/home/xh339/dev_ws/install/learning_parameter:/home/xh339/dev_ws/install/learning_node:/home/xh339/dev_ws/install/learning_launch:/home/xh339/dev_ws/install/learning_action:/home/xh339/dev_ws/install/learning_gazebo:/opt/ros/humble /usr/bin/cmake /home/xh339/Desktop/turtlebot_ws/src/realsense_ros_gazebo -DCMAKE_INSTALL_PREFIX=/home/xh339/Desktop/turtlebot_ws/install/realsense_ros_gazebo
[3.892s] Invoking command in '/home/xh339/Desktop/turtlebot_ws/build/realsense_ros_gazebo': CMAKE_PREFIX_PATH=${CMAKE_PREFIX_PATH}:/home/xh339/Desktop/turtlebot_ws/install/turtlebot3_teleop:/home/xh339/Desktop/ros2_ws/install/task79_test:/home/xh339/Desktop/ros2_ws/install/task79:/home/xh339/Desktop/ros2_ws/install/aruco_detect:/home/xh339/dev_ws/install/learning_urdf:/home/xh339/dev_ws/install/learning_topic:/home/xh339/dev_ws/install/learning_tf:/home/xh339/dev_ws/install/learning_service:/home/xh339/dev_ws/install/learning_qos:/home/xh339/dev_ws/install/learning_pkg_python:/home/xh339/dev_ws/install/learning_parameter:/home/xh339/dev_ws/install/learning_node:/home/xh339/dev_ws/install/learning_launch:/home/xh339/dev_ws/install/learning_action:/home/xh339/dev_ws/install/learning_gazebo:/opt/ros/humble /usr/bin/cmake --build /home/xh339/Desktop/turtlebot_ws/build/realsense_ros_gazebo -- -j8 -l8
[3.936s] [ 66%] [32mBuilding CXX object CMakeFiles/realsense_gazebo_plugin.dir/src/gazebo_ros_realsense.cpp.o[0m
[3.936s] [ 66%] [32mBuilding CXX object CMakeFiles/realsense_gazebo_plugin.dir/src/RealSensePlugin.cpp.o[0m
[30.772s] [100%] [32m[1mLinking CXX shared library librealsense_gazebo_plugin.so[0m
[32.245s] [100%] Built target realsense_gazebo_plugin
[32.255s] Invoked command in '/home/xh339/Desktop/turtlebot_ws/build/realsense_ros_gazebo' returned '0': CMAKE_PREFIX_PATH=${CMAKE_PREFIX_PATH}:/home/xh339/Desktop/turtlebot_ws/install/turtlebot3_teleop:/home/xh339/Desktop/ros2_ws/install/task79_test:/home/xh339/Desktop/ros2_ws/install/task79:/home/xh339/Desktop/ros2_ws/install/aruco_detect:/home/xh339/dev_ws/install/learning_urdf:/home/xh339/dev_ws/install/learning_topic:/home/xh339/dev_ws/install/learning_tf:/home/xh339/dev_ws/install/learning_service:/home/xh339/dev_ws/install/learning_qos:/home/xh339/dev_ws/install/learning_pkg_python:/home/xh339/dev_ws/install/learning_parameter:/home/xh339/dev_ws/install/learning_node:/home/xh339/dev_ws/install/learning_launch:/home/xh339/dev_ws/install/learning_action:/home/xh339/dev_ws/install/learning_gazebo:/opt/ros/humble /usr/bin/cmake --build /home/xh339/Desktop/turtlebot_ws/build/realsense_ros_gazebo -- -j8 -l8
[32.284s] Invoking command in '/home/xh339/Desktop/turtlebot_ws/build/realsense_ros_gazebo': CMAKE_PREFIX_PATH=${CMAKE_PREFIX_PATH}:/home/xh339/Desktop/turtlebot_ws/install/turtlebot3_teleop:/home/xh339/Desktop/ros2_ws/install/task79_test:/home/xh339/Desktop/ros2_ws/install/task79:/home/xh339/Desktop/ros2_ws/install/aruco_detect:/home/xh339/dev_ws/install/learning_urdf:/home/xh339/dev_ws/install/learning_topic:/home/xh339/dev_ws/install/learning_tf:/home/xh339/dev_ws/install/learning_service:/home/xh339/dev_ws/install/learning_qos:/home/xh339/dev_ws/install/learning_pkg_python:/home/xh339/dev_ws/install/learning_parameter:/home/xh339/dev_ws/install/learning_node:/home/xh339/dev_ws/install/learning_launch:/home/xh339/dev_ws/install/learning_action:/home/xh339/dev_ws/install/learning_gazebo:/opt/ros/humble /usr/bin/cmake --install /home/xh339/Desktop/turtlebot_ws/build/realsense_ros_gazebo
[32.291s] -- Install configuration: ""
[32.291s] -- Installing: /home/xh339/Desktop/turtlebot_ws/install/realsense_ros_gazebo/lib/librealsense_gazebo_plugin.so
[32.295s] -- Set runtime path of "/home/xh339/Desktop/turtlebot_ws/install/realsense_ros_gazebo/lib/librealsense_gazebo_plugin.so" to ""
[32.295s] -- Installing: /home/xh339/Desktop/turtlebot_ws/install/realsense_ros_gazebo/share/realsense_ros_gazebo/meshes
[32.295s] -- Installing: /home/xh339/Desktop/turtlebot_ws/install/realsense_ros_gazebo/share/realsense_ros_gazebo/meshes/realsense_t265.stl
[32.295s] -- Installing: /home/xh339/Desktop/turtlebot_ws/install/realsense_ros_gazebo/share/realsense_ros_gazebo/meshes/realsense_r200
[32.296s] -- Installing: /home/xh339/Desktop/turtlebot_ws/install/realsense_ros_gazebo/share/realsense_ros_gazebo/meshes/realsense_r200/model.sdf
[32.296s] -- Installing: /home/xh339/Desktop/turtlebot_ws/install/realsense_ros_gazebo/share/realsense_ros_gazebo/meshes/realsense_r200/model.config
[32.296s] -- Installing: /home/xh339/Desktop/turtlebot_ws/install/realsense_ros_gazebo/share/realsense_ros_gazebo/meshes/realsense_r200/meshes
[32.296s] -- Installing: /home/xh339/Desktop/turtlebot_ws/install/realsense_ros_gazebo/share/realsense_ros_gazebo/meshes/realsense_r200/meshes/realsense.dae
[32.296s] -- Installing: /home/xh339/Desktop/turtlebot_ws/install/realsense_ros_gazebo/share/realsense_ros_gazebo/meshes/realsense_r200/materials
[32.296s] -- Installing: /home/xh339/Desktop/turtlebot_ws/install/realsense_ros_gazebo/share/realsense_ros_gazebo/meshes/realsense_r200/materials/textures
[32.296s] -- Installing: /home/xh339/Desktop/turtlebot_ws/install/realsense_ros_gazebo/share/realsense_ros_gazebo/meshes/realsense_r200/materials/textures/realsense_diffuse.png
[32.297s] -- Installing: /home/xh339/Desktop/turtlebot_ws/install/realsense_ros_gazebo/share/realsense_ros_gazebo/meshes/realsense_d435.stl
[32.306s] -- Installing: /home/xh339/Desktop/turtlebot_ws/install/realsense_ros_gazebo/share/realsense_ros_gazebo/xacro
[32.306s] -- Installing: /home/xh339/Desktop/turtlebot_ws/install/realsense_ros_gazebo/share/realsense_ros_gazebo/xacro/tracker.xacro
[32.307s] -- Installing: /home/xh339/Desktop/turtlebot_ws/install/realsense_ros_gazebo/share/realsense_ros_gazebo/xacro/inertia_calc.xacro
[32.307s] -- Installing: /home/xh339/Desktop/turtlebot_ws/install/realsense_ros_gazebo/share/realsense_ros_gazebo/xacro/depthcam.xacro
[32.307s] -- Installing: /home/xh339/Desktop/turtlebot_ws/install/realsense_ros_gazebo/share/ament_index/resource_index/package_run_dependencies/realsense_ros_gazebo
[32.307s] -- Installing: /home/xh339/Desktop/turtlebot_ws/install/realsense_ros_gazebo/share/ament_index/resource_index/parent_prefix_path/realsense_ros_gazebo
[32.307s] -- Installing: /home/xh339/Desktop/turtlebot_ws/install/realsense_ros_gazebo/share/realsense_ros_gazebo/environment/ament_prefix_path.sh
[32.307s] -- Installing: /home/xh339/Desktop/turtlebot_ws/install/realsense_ros_gazebo/share/realsense_ros_gazebo/environment/ament_prefix_path.dsv
[32.307s] -- Installing: /home/xh339/Desktop/turtlebot_ws/install/realsense_ros_gazebo/share/realsense_ros_gazebo/environment/path.sh
[32.308s] -- Installing: /home/xh339/Desktop/turtlebot_ws/install/realsense_ros_gazebo/share/realsense_ros_gazebo/environment/path.dsv
[32.308s] -- Installing: /home/xh339/Desktop/turtlebot_ws/install/realsense_ros_gazebo/share/realsense_ros_gazebo/local_setup.bash
[32.308s] -- Installing: /home/xh339/Desktop/turtlebot_ws/install/realsense_ros_gazebo/share/realsense_ros_gazebo/local_setup.sh
[32.308s] -- Installing: /home/xh339/Desktop/turtlebot_ws/install/realsense_ros_gazebo/share/realsense_ros_gazebo/local_setup.zsh
[32.309s] -- Installing: /home/xh339/Desktop/turtlebot_ws/install/realsense_ros_gazebo/share/realsense_ros_gazebo/local_setup.dsv
[32.309s] -- Installing: /home/xh339/Desktop/turtlebot_ws/install/realsense_ros_gazebo/share/realsense_ros_gazebo/package.dsv
[32.309s] -- Installing: /home/xh339/Desktop/turtlebot_ws/install/realsense_ros_gazebo/share/ament_index/resource_index/packages/realsense_ros_gazebo
[32.309s] -- Installing: /home/xh339/Desktop/turtlebot_ws/install/realsense_ros_gazebo/share/realsense_ros_gazebo/cmake/realsense_ros_gazeboConfig.cmake
[32.309s] -- Installing: /home/xh339/Desktop/turtlebot_ws/install/realsense_ros_gazebo/share/realsense_ros_gazebo/cmake/realsense_ros_gazeboConfig-version.cmake
[32.309s] -- Installing: /home/xh339/Desktop/turtlebot_ws/install/realsense_ros_gazebo/share/realsense_ros_gazebo/package.xml
[32.312s] Invoked command in '/home/xh339/Desktop/turtlebot_ws/build/realsense_ros_gazebo' returned '0': CMAKE_PREFIX_PATH=${CMAKE_PREFIX_PATH}:/home/xh339/Desktop/turtlebot_ws/install/turtlebot3_teleop:/home/xh339/Desktop/ros2_ws/install/task79_test:/home/xh339/Desktop/ros2_ws/install/task79:/home/xh339/Desktop/ros2_ws/install/aruco_detect:/home/xh339/dev_ws/install/learning_urdf:/home/xh339/dev_ws/install/learning_topic:/home/xh339/dev_ws/install/learning_tf:/home/xh339/dev_ws/install/learning_service:/home/xh339/dev_ws/install/learning_qos:/home/xh339/dev_ws/install/learning_pkg_python:/home/xh339/dev_ws/install/learning_parameter:/home/xh339/dev_ws/install/learning_node:/home/xh339/dev_ws/install/learning_launch:/home/xh339/dev_ws/install/learning_action:/home/xh339/dev_ws/install/learning_gazebo:/opt/ros/humble /usr/bin/cmake --install /home/xh339/Desktop/turtlebot_ws/build/realsense_ros_gazebo
