[0.420s] Invoking command in '/home/xh339/Desktop/turtlebot_ws/build/turtlebot3_msgs': CMAKE_PREFIX_PATH=/home/xh339/Desktop/ros2_ws/install/task79_interfaces:/home/xh339/Desktop/turtlebot_ws/install/turtlebot3_navigation2:/home/xh339/Desktop/turtlebot_ws/install/turtlebot3_msgs:/home/xh339/Desktop/turtlebot_ws/install/turtlebot3_gazebo:/home/xh339/Desktop/turtlebot_ws/install/turtlebot3_cartographer:/home/xh339/Desktop/ros2_ws/install/task79:/home/xh339/Desktop/ros2_ws/install/task79_wrappers:/home/xh339/Desktop/ros2_ws/install/task79_test:/home/xh339/Desktop/turtlebot_ws/install/turtlebot3_teleop:/home/xh339/dev_ws/install/learning_urdf:/home/xh339/dev_ws/install/learning_topic:/home/xh339/dev_ws/install/learning_tf:/home/xh339/dev_ws/install/learning_service:/home/xh339/dev_ws/install/learning_qos:/home/xh339/dev_ws/install/learning_pkg_python:/home/xh339/dev_ws/install/learning_parameter:/home/xh339/dev_ws/install/learning_node:/home/xh339/dev_ws/install/learning_launch:/home/xh339/dev_ws/install/learning_action:/home/xh339/dev_ws/install/learning_gazebo:/opt/ros/humble:/home/xh339/Desktop/turtlebot_ws/install/realsense_ros_gazebo:/home/xh339/Desktop/turtlebot_ws/install/realsense_gazebo_plugin:/home/xh339/dev_ws/install/learning_pkg_c:/home/xh339/dev_ws/install/learning_interface /usr/bin/cmake --build /home/xh339/Desktop/turtlebot_ws/build/turtlebot3_msgs -- -j8 -l8
[0.462s] -- Found action_msgs: 1.2.1 (/opt/ros/humble/share/action_msgs/cmake)
[0.767s] -- Found rosidl_generator_c: 3.1.5 (/opt/ros/humble/share/rosidl_generator_c/cmake)
[0.774s] -- Found rosidl_adapter: 3.1.5 (/opt/ros/humble/share/rosidl_adapter/cmake)
[0.808s] -- Found rosidl_generator_cpp: 3.1.5 (/opt/ros/humble/share/rosidl_generator_cpp/cmake)
[0.826s] -- Using all available rosidl_typesupport_c: rosidl_typesupport_fastrtps_c;rosidl_typesupport_introspection_c
[0.851s] -- Using all available rosidl_typesupport_cpp: rosidl_typesupport_fastrtps_cpp;rosidl_typesupport_introspection_cpp
[0.978s] -- Found rosidl_default_generators: 1.2.0 (/opt/ros/humble/share/rosidl_default_generators/cmake)
[0.992s] -- Found std_msgs: 4.2.3 (/opt/ros/humble/share/std_msgs/cmake)
[1.700s] -- Found ament_cmake_cppcheck: 0.12.10 (/opt/ros/humble/share/ament_cmake_cppcheck/cmake)
[1.703s] -- Found ament_cmake_cpplint: 0.12.10 (/opt/ros/humble/share/ament_cmake_cpplint/cmake)
[1.705s] -- Found ament_cmake_uncrustify: 0.12.10 (/opt/ros/humble/share/ament_cmake_uncrustify/cmake)
[1.707s] -- Found ament_cmake_ros: 0.10.0 (/opt/ros/humble/share/ament_cmake_ros/cmake)
[2.742s] -- Using all available rosidl_typesupport_c: rosidl_typesupport_fastrtps_c;rosidl_typesupport_introspection_c
[3.072s] -- Using all available rosidl_typesupport_cpp: rosidl_typesupport_fastrtps_cpp;rosidl_typesupport_introspection_cpp
[3.114s] -- Found python_cmake_module: 0.10.0 (/opt/ros/humble/share/python_cmake_module/cmake)
[3.159s] -- Using PYTHON_EXECUTABLE: /usr/bin/python3
[3.159s] -- Using PYTHON_INCLUDE_DIRS: /usr/include/python3.10
[3.159s] -- Using PYTHON_LIBRARIES: /usr/lib/x86_64-linux-gnu/libpython3.10.so
[3.227s] -- Found ament_cmake_flake8: 0.12.10 (/opt/ros/humble/share/ament_cmake_flake8/cmake)
[3.228s] -- Found ament_cmake_pep257: 0.12.10 (/opt/ros/humble/share/ament_cmake_pep257/cmake)
[3.242s] -- Configuring done
[3.311s] -- Generating done
[3.316s] -- Build files have been written to: /home/xh339/Desktop/turtlebot_ws/build/turtlebot3_msgs
[3.354s] [35m[1mConsolidate compiler generated dependencies of target turtlebot3_msgs__rosidl_generator_c[0m
[3.370s] [  1%] Built target turtlebot3_msgs__cpp
[3.370s] [ 12%] Built target turtlebot3_msgs__rosidl_generator_c
[3.391s] [35m[1mConsolidate compiler generated dependencies of target turtlebot3_msgs__rosidl_typesupport_introspection_c[0m
[3.392s] [35m[1mConsolidate compiler generated dependencies of target turtlebot3_msgs__rosidl_typesupport_introspection_cpp[0m
[3.393s] [35m[1mConsolidate compiler generated dependencies of target turtlebot3_msgs__rosidl_typesupport_fastrtps_cpp[0m
[3.398s] [35m[1mConsolidate compiler generated dependencies of target turtlebot3_msgs__rosidl_typesupport_c[0m
[3.401s] [ 12%] Built target ament_cmake_python_copy_turtlebot3_msgs
[3.401s] [35m[1mConsolidate compiler generated dependencies of target turtlebot3_msgs__rosidl_typesupport_cpp[0m
[3.428s] [ 23%] Built target turtlebot3_msgs__rosidl_typesupport_c
[3.430s] [ 35%] Built target turtlebot3_msgs__rosidl_typesupport_introspection_c
[3.438s] [ 36%] [32mBuilding CXX object CMakeFiles/turtlebot3_msgs__rosidl_typesupport_introspection_cpp.dir/rosidl_typesupport_introspection_cpp/turtlebot3_msgs/msg/detail/version_info__type_support.cpp.o[0m
[3.444s] [ 38%] [32mBuilding CXX object CMakeFiles/turtlebot3_msgs__rosidl_typesupport_introspection_cpp.dir/rosidl_typesupport_introspection_cpp/turtlebot3_msgs/msg/detail/sensor_state__type_support.cpp.o[0m
[3.452s] [ 39%] [32mBuilding CXX object CMakeFiles/turtlebot3_msgs__rosidl_typesupport_introspection_cpp.dir/rosidl_typesupport_introspection_cpp/turtlebot3_msgs/msg/detail/sound__type_support.cpp.o[0m
[3.453s] [35m[1mConsolidate compiler generated dependencies of target turtlebot3_msgs__rosidl_typesupport_fastrtps_c[0m
[3.462s] [ 40%] [32mBuilding CXX object CMakeFiles/turtlebot3_msgs__rosidl_typesupport_cpp.dir/rosidl_typesupport_cpp/turtlebot3_msgs/msg/sensor_state__type_support.cpp.o[0m
[3.464s] [ 42%] [32mBuilding CXX object CMakeFiles/turtlebot3_msgs__rosidl_typesupport_introspection_cpp.dir/rosidl_typesupport_introspection_cpp/turtlebot3_msgs/srv/detail/sound__type_support.cpp.o[0m
[3.475s] [ 43%] [32mBuilding CXX object CMakeFiles/turtlebot3_msgs__rosidl_typesupport_fastrtps_cpp.dir/rosidl_typesupport_fastrtps_cpp/turtlebot3_msgs/msg/detail/dds_fastrtps/sensor_state__type_support.cpp.o[0m
[3.494s] [ 45%] [32mBuilding CXX object CMakeFiles/turtlebot3_msgs__rosidl_typesupport_fastrtps_c.dir/rosidl_typesupport_fastrtps_c/turtlebot3_msgs/msg/detail/sensor_state__type_support_c.cpp.o[0m
[4.468s] [ 46%] [32mBuilding CXX object CMakeFiles/turtlebot3_msgs__rosidl_typesupport_cpp.dir/rosidl_typesupport_cpp/turtlebot3_msgs/msg/sound__type_support.cpp.o[0m
[4.994s] running egg_info
[4.997s] writing turtlebot3_msgs.egg-info/PKG-INFO
[4.998s] writing dependency_links to turtlebot3_msgs.egg-info/dependency_links.txt
[4.999s] writing top-level names to turtlebot3_msgs.egg-info/top_level.txt
[5.009s] reading manifest file 'turtlebot3_msgs.egg-info/SOURCES.txt'
[5.012s] writing manifest file 'turtlebot3_msgs.egg-info/SOURCES.txt'
[5.121s] [ 47%] [32mBuilding CXX object CMakeFiles/turtlebot3_msgs__rosidl_typesupport_introspection_cpp.dir/rosidl_typesupport_introspection_cpp/turtlebot3_msgs/srv/detail/dqn__type_support.cpp.o[0m
[5.181s] [ 47%] Built target ament_cmake_python_build_turtlebot3_msgs_egg
[5.260s] [ 49%] [32mBuilding CXX object CMakeFiles/turtlebot3_msgs__rosidl_typesupport_introspection_cpp.dir/rosidl_typesupport_introspection_cpp/turtlebot3_msgs/action/detail/patrol__type_support.cpp.o[0m
[5.314s] [ 50%] [32mBuilding CXX object CMakeFiles/turtlebot3_msgs__rosidl_typesupport_cpp.dir/rosidl_typesupport_cpp/turtlebot3_msgs/msg/version_info__type_support.cpp.o[0m
[5.334s] [ 52%] [32mBuilding CXX object CMakeFiles/turtlebot3_msgs__rosidl_typesupport_fastrtps_c.dir/rosidl_typesupport_fastrtps_c/turtlebot3_msgs/msg/detail/sound__type_support_c.cpp.o[0m
[5.371s] [ 53%] [32mBuilding CXX object CMakeFiles/turtlebot3_msgs__rosidl_typesupport_fastrtps_c.dir/rosidl_typesupport_fastrtps_c/turtlebot3_msgs/msg/detail/version_info__type_support_c.cpp.o[0m
[5.384s] [ 54%] [32mBuilding CXX object CMakeFiles/turtlebot3_msgs__rosidl_typesupport_cpp.dir/rosidl_typesupport_cpp/turtlebot3_msgs/srv/sound__type_support.cpp.o[0m
[5.437s] [ 56%] [32mBuilding CXX object CMakeFiles/turtlebot3_msgs__rosidl_typesupport_fastrtps_cpp.dir/rosidl_typesupport_fastrtps_cpp/turtlebot3_msgs/msg/detail/dds_fastrtps/sound__type_support.cpp.o[0m
[5.665s] [ 57%] [32mBuilding CXX object CMakeFiles/turtlebot3_msgs__rosidl_typesupport_fastrtps_c.dir/rosidl_typesupport_fastrtps_c/turtlebot3_msgs/srv/detail/sound__type_support_c.cpp.o[0m
[6.660s] [ 59%] [32mBuilding CXX object CMakeFiles/turtlebot3_msgs__rosidl_typesupport_cpp.dir/rosidl_typesupport_cpp/turtlebot3_msgs/srv/dqn__type_support.cpp.o[0m
[6.914s] [ 60%] [32mBuilding CXX object CMakeFiles/turtlebot3_msgs__rosidl_typesupport_fastrtps_c.dir/rosidl_typesupport_fastrtps_c/turtlebot3_msgs/srv/detail/dqn__type_support_c.cpp.o[0m
[6.999s] [ 61%] [32mBuilding CXX object CMakeFiles/turtlebot3_msgs__rosidl_typesupport_fastrtps_cpp.dir/rosidl_typesupport_fastrtps_cpp/turtlebot3_msgs/msg/detail/dds_fastrtps/version_info__type_support.cpp.o[0m
[7.253s] [ 63%] [32mBuilding CXX object CMakeFiles/turtlebot3_msgs__rosidl_typesupport_fastrtps_cpp.dir/rosidl_typesupport_fastrtps_cpp/turtlebot3_msgs/srv/detail/dds_fastrtps/sound__type_support.cpp.o[0m
[7.260s] [ 64%] [32mBuilding CXX object CMakeFiles/turtlebot3_msgs__rosidl_typesupport_fastrtps_c.dir/rosidl_typesupport_fastrtps_c/turtlebot3_msgs/action/detail/patrol__type_support_c.cpp.o[0m
[7.369s] [ 66%] [32mBuilding CXX object CMakeFiles/turtlebot3_msgs__rosidl_typesupport_fastrtps_cpp.dir/rosidl_typesupport_fastrtps_cpp/turtlebot3_msgs/srv/detail/dds_fastrtps/dqn__type_support.cpp.o[0m
[7.443s] [ 67%] [32mBuilding CXX object CMakeFiles/turtlebot3_msgs__rosidl_typesupport_fastrtps_cpp.dir/rosidl_typesupport_fastrtps_cpp/turtlebot3_msgs/action/detail/dds_fastrtps/patrol__type_support.cpp.o[0m
[8.042s] [ 69%] [32mBuilding CXX object CMakeFiles/turtlebot3_msgs__rosidl_typesupport_cpp.dir/rosidl_typesupport_cpp/turtlebot3_msgs/action/patrol__type_support.cpp.o[0m
[8.389s] [ 70%] [32m[1mLinking CXX shared library libturtlebot3_msgs__rosidl_typesupport_introspection_cpp.so[0m
[8.898s] [ 71%] Built target turtlebot3_msgs__rosidl_typesupport_introspection_cpp
[9.218s] [ 73%] [32m[1mLinking CXX shared library libturtlebot3_msgs__rosidl_typesupport_fastrtps_c.so[0m
[9.551s] [ 74%] Built target turtlebot3_msgs__rosidl_typesupport_fastrtps_c
[9.630s] [ 76%] [32m[1mLinking CXX shared library libturtlebot3_msgs__rosidl_typesupport_cpp.so[0m
[9.712s] [ 77%] [32m[1mLinking CXX shared library libturtlebot3_msgs__rosidl_typesupport_fastrtps_cpp.so[0m
[9.740s] [ 78%] Built target turtlebot3_msgs__rosidl_typesupport_cpp
[9.908s] [ 80%] Built target turtlebot3_msgs__rosidl_typesupport_fastrtps_cpp
[9.942s] [ 80%] Built target turtlebot3_msgs
[9.984s] [ 81%] Built target turtlebot3_msgs__py
[10.008s] [35m[1mConsolidate compiler generated dependencies of target turtlebot3_msgs__rosidl_generator_py[0m
[10.046s] [ 83%] [32mBuilding C object CMakeFiles/turtlebot3_msgs__rosidl_generator_py.dir/rosidl_generator_py/turtlebot3_msgs/msg/_sensor_state_s.c.o[0m
[10.049s] [ 84%] [32mBuilding C object CMakeFiles/turtlebot3_msgs__rosidl_generator_py.dir/rosidl_generator_py/turtlebot3_msgs/msg/_version_info_s.c.o[0m
[10.050s] [ 85%] [32mBuilding C object CMakeFiles/turtlebot3_msgs__rosidl_generator_py.dir/rosidl_generator_py/turtlebot3_msgs/srv/_sound_s.c.o[0m
[10.088s] [ 88%] [32mBuilding C object CMakeFiles/turtlebot3_msgs__rosidl_generator_py.dir/rosidl_generator_py/turtlebot3_msgs/srv/_dqn_s.c.o[0m
[10.090s] [ 88%] [32mBuilding C object CMakeFiles/turtlebot3_msgs__rosidl_generator_py.dir/rosidl_generator_py/turtlebot3_msgs/msg/_sound_s.c.o[0m
[10.090s] [ 90%] [32mBuilding C object CMakeFiles/turtlebot3_msgs__rosidl_generator_py.dir/rosidl_generator_py/turtlebot3_msgs/action/_patrol_s.c.o[0m
[10.615s] [ 91%] [32m[1mLinking C shared library rosidl_generator_py/turtlebot3_msgs/libturtlebot3_msgs__rosidl_generator_py.so[0m
[10.730s] [ 91%] Built target turtlebot3_msgs__rosidl_generator_py
[10.754s] [35m[1mConsolidate compiler generated dependencies of target turtlebot3_msgs__rosidl_typesupport_introspection_c__pyext[0m
[10.755s] [35m[1mConsolidate compiler generated dependencies of target turtlebot3_msgs__rosidl_typesupport_fastrtps_c__pyext[0m
[10.780s] [35m[1mConsolidate compiler generated dependencies of target turtlebot3_msgs__rosidl_typesupport_c__pyext[0m
[10.792s] [ 92%] [32mBuilding C object CMakeFiles/turtlebot3_msgs__rosidl_typesupport_fastrtps_c__pyext.dir/rosidl_generator_py/turtlebot3_msgs/_turtlebot3_msgs_s.ep.rosidl_typesupport_fastrtps_c.c.o[0m
[10.802s] [ 94%] [32mBuilding C object CMakeFiles/turtlebot3_msgs__rosidl_typesupport_introspection_c__pyext.dir/rosidl_generator_py/turtlebot3_msgs/_turtlebot3_msgs_s.ep.rosidl_typesupport_introspection_c.c.o[0m
[10.813s] [ 95%] [32mBuilding C object CMakeFiles/turtlebot3_msgs__rosidl_typesupport_c__pyext.dir/rosidl_generator_py/turtlebot3_msgs/_turtlebot3_msgs_s.ep.rosidl_typesupport_c.c.o[0m
[11.198s] [ 97%] [32m[1mLinking C shared library rosidl_generator_py/turtlebot3_msgs/turtlebot3_msgs_s__rosidl_typesupport_fastrtps_c.cpython-310-x86_64-linux-gnu.so[0m
[11.242s] [100%] [32m[1mLinking C shared library rosidl_generator_py/turtlebot3_msgs/turtlebot3_msgs_s__rosidl_typesupport_introspection_c.cpython-310-x86_64-linux-gnu.so[0m
[11.242s] [100%] [32m[1mLinking C shared library rosidl_generator_py/turtlebot3_msgs/turtlebot3_msgs_s__rosidl_typesupport_c.cpython-310-x86_64-linux-gnu.so[0m
[11.312s] [100%] Built target turtlebot3_msgs__rosidl_typesupport_fastrtps_c__pyext
[11.361s] [100%] Built target turtlebot3_msgs__rosidl_typesupport_c__pyext
[11.366s] [100%] Built target turtlebot3_msgs__rosidl_typesupport_introspection_c__pyext
[11.395s] Invoked command in '/home/xh339/Desktop/turtlebot_ws/build/turtlebot3_msgs' returned '0': CMAKE_PREFIX_PATH=/home/xh339/Desktop/ros2_ws/install/task79_interfaces:/home/xh339/Desktop/turtlebot_ws/install/turtlebot3_navigation2:/home/xh339/Desktop/turtlebot_ws/install/turtlebot3_msgs:/home/xh339/Desktop/turtlebot_ws/install/turtlebot3_gazebo:/home/xh339/Desktop/turtlebot_ws/install/turtlebot3_cartographer:/home/xh339/Desktop/ros2_ws/install/task79:/home/xh339/Desktop/ros2_ws/install/task79_wrappers:/home/xh339/Desktop/ros2_ws/install/task79_test:/home/xh339/Desktop/turtlebot_ws/install/turtlebot3_teleop:/home/xh339/dev_ws/install/learning_urdf:/home/xh339/dev_ws/install/learning_topic:/home/xh339/dev_ws/install/learning_tf:/home/xh339/dev_ws/install/learning_service:/home/xh339/dev_ws/install/learning_qos:/home/xh339/dev_ws/install/learning_pkg_python:/home/xh339/dev_ws/install/learning_parameter:/home/xh339/dev_ws/install/learning_node:/home/xh339/dev_ws/install/learning_launch:/home/xh339/dev_ws/install/learning_action:/home/xh339/dev_ws/install/learning_gazebo:/opt/ros/humble:/home/xh339/Desktop/turtlebot_ws/install/realsense_ros_gazebo:/home/xh339/Desktop/turtlebot_ws/install/realsense_gazebo_plugin:/home/xh339/dev_ws/install/learning_pkg_c:/home/xh339/dev_ws/install/learning_interface /usr/bin/cmake --build /home/xh339/Desktop/turtlebot_ws/build/turtlebot3_msgs -- -j8 -l8
[11.814s] Invoking command in '/home/xh339/Desktop/turtlebot_ws/build/turtlebot3_msgs': CMAKE_PREFIX_PATH=/home/xh339/Desktop/ros2_ws/install/task79_interfaces:/home/xh339/Desktop/turtlebot_ws/install/turtlebot3_navigation2:/home/xh339/Desktop/turtlebot_ws/install/turtlebot3_msgs:/home/xh339/Desktop/turtlebot_ws/install/turtlebot3_gazebo:/home/xh339/Desktop/turtlebot_ws/install/turtlebot3_cartographer:/home/xh339/Desktop/ros2_ws/install/task79:/home/xh339/Desktop/ros2_ws/install/task79_wrappers:/home/xh339/Desktop/ros2_ws/install/task79_test:/home/xh339/Desktop/turtlebot_ws/install/turtlebot3_teleop:/home/xh339/dev_ws/install/learning_urdf:/home/xh339/dev_ws/install/learning_topic:/home/xh339/dev_ws/install/learning_tf:/home/xh339/dev_ws/install/learning_service:/home/xh339/dev_ws/install/learning_qos:/home/xh339/dev_ws/install/learning_pkg_python:/home/xh339/dev_ws/install/learning_parameter:/home/xh339/dev_ws/install/learning_node:/home/xh339/dev_ws/install/learning_launch:/home/xh339/dev_ws/install/learning_action:/home/xh339/dev_ws/install/learning_gazebo:/opt/ros/humble:/home/xh339/Desktop/turtlebot_ws/install/realsense_ros_gazebo:/home/xh339/Desktop/turtlebot_ws/install/realsense_gazebo_plugin:/home/xh339/dev_ws/install/learning_pkg_c:/home/xh339/dev_ws/install/learning_interface /usr/bin/cmake --install /home/xh339/Desktop/turtlebot_ws/build/turtlebot3_msgs
[11.833s] -- Install configuration: ""
[11.834s] -- Up-to-date: /home/xh339/Desktop/turtlebot_ws/install/turtlebot3_msgs/share/ament_index/resource_index/rosidl_interfaces/turtlebot3_msgs
[11.834s] -- Up-to-date: /home/xh339/Desktop/turtlebot_ws/install/turtlebot3_msgs/include/turtlebot3_msgs/turtlebot3_msgs
[11.835s] -- Up-to-date: /home/xh339/Desktop/turtlebot_ws/install/turtlebot3_msgs/include/turtlebot3_msgs/turtlebot3_msgs/msg
[11.836s] -- Up-to-date: /home/xh339/Desktop/turtlebot_ws/install/turtlebot3_msgs/include/turtlebot3_msgs/turtlebot3_msgs/msg/version_info.h
[11.837s] -- Up-to-date: /home/xh339/Desktop/turtlebot_ws/install/turtlebot3_msgs/include/turtlebot3_msgs/turtlebot3_msgs/msg/sensor_state.h
[11.837s] -- Up-to-date: /home/xh339/Desktop/turtlebot_ws/install/turtlebot3_msgs/include/turtlebot3_msgs/turtlebot3_msgs/msg/detail
[11.838s] -- Up-to-date: /home/xh339/Desktop/turtlebot_ws/install/turtlebot3_msgs/include/turtlebot3_msgs/turtlebot3_msgs/msg/detail/sound__type_support.h
[11.839s] -- Up-to-date: /home/xh339/Desktop/turtlebot_ws/install/turtlebot3_msgs/include/turtlebot3_msgs/turtlebot3_msgs/msg/detail/sensor_state__type_support.h
[11.840s] -- Up-to-date: /home/xh339/Desktop/turtlebot_ws/install/turtlebot3_msgs/include/turtlebot3_msgs/turtlebot3_msgs/msg/detail/sensor_state__functions.h
[11.840s] -- Up-to-date: /home/xh339/Desktop/turtlebot_ws/install/turtlebot3_msgs/include/turtlebot3_msgs/turtlebot3_msgs/msg/detail/version_info__struct.h
[11.840s] -- Up-to-date: /home/xh339/Desktop/turtlebot_ws/install/turtlebot3_msgs/include/turtlebot3_msgs/turtlebot3_msgs/msg/detail/sound__functions.h
[11.840s] -- Up-to-date: /home/xh339/Desktop/turtlebot_ws/install/turtlebot3_msgs/include/turtlebot3_msgs/turtlebot3_msgs/msg/detail/sensor_state__functions.c
[11.840s] -- Up-to-date: /home/xh339/Desktop/turtlebot_ws/install/turtlebot3_msgs/include/turtlebot3_msgs/turtlebot3_msgs/msg/detail/sensor_state__struct.h
[11.843s] -- Up-to-date: /home/xh339/Desktop/turtlebot_ws/install/turtlebot3_msgs/include/turtlebot3_msgs/turtlebot3_msgs/msg/detail/sound__functions.c
[11.843s] -- Up-to-date: /home/xh339/Desktop/turtlebot_ws/install/turtlebot3_msgs/include/turtlebot3_msgs/turtlebot3_msgs/msg/detail/version_info__functions.c
[11.844s] -- Up-to-date: /home/xh339/Desktop/turtlebot_ws/install/turtlebot3_msgs/include/turtlebot3_msgs/turtlebot3_msgs/msg/detail/sound__struct.h
[11.845s] -- Up-to-date: /home/xh339/Desktop/turtlebot_ws/install/turtlebot3_msgs/include/turtlebot3_msgs/turtlebot3_msgs/msg/detail/version_info__type_support.h
[11.846s] -- Up-to-date: /home/xh339/Desktop/turtlebot_ws/install/turtlebot3_msgs/include/turtlebot3_msgs/turtlebot3_msgs/msg/detail/version_info__functions.h
[11.846s] -- Up-to-date: /home/xh339/Desktop/turtlebot_ws/install/turtlebot3_msgs/include/turtlebot3_msgs/turtlebot3_msgs/msg/rosidl_generator_c__visibility_control.h
[11.846s] -- Up-to-date: /home/xh339/Desktop/turtlebot_ws/install/turtlebot3_msgs/include/turtlebot3_msgs/turtlebot3_msgs/msg/sound.h
[11.849s] -- Up-to-date: /home/xh339/Desktop/turtlebot_ws/install/turtlebot3_msgs/include/turtlebot3_msgs/turtlebot3_msgs/action
[11.850s] -- Up-to-date: /home/xh339/Desktop/turtlebot_ws/install/turtlebot3_msgs/include/turtlebot3_msgs/turtlebot3_msgs/action/patrol.h
[11.851s] -- Up-to-date: /home/xh339/Desktop/turtlebot_ws/install/turtlebot3_msgs/include/turtlebot3_msgs/turtlebot3_msgs/action/detail
[11.852s] -- Up-to-date: /home/xh339/Desktop/turtlebot_ws/install/turtlebot3_msgs/include/turtlebot3_msgs/turtlebot3_msgs/action/detail/patrol__struct.h
[11.852s] -- Up-to-date: /home/xh339/Desktop/turtlebot_ws/install/turtlebot3_msgs/include/turtlebot3_msgs/turtlebot3_msgs/action/detail/patrol__functions.h
[11.852s] -- Up-to-date: /home/xh339/Desktop/turtlebot_ws/install/turtlebot3_msgs/include/turtlebot3_msgs/turtlebot3_msgs/action/detail/patrol__type_support.h
[11.861s] -- Up-to-date: /home/xh339/Desktop/turtlebot_ws/install/turtlebot3_msgs/include/turtlebot3_msgs/turtlebot3_msgs/action/detail/patrol__functions.c
[11.861s] -- Up-to-date: /home/xh339/Desktop/turtlebot_ws/install/turtlebot3_msgs/include/turtlebot3_msgs/turtlebot3_msgs/srv
[11.861s] -- Up-to-date: /home/xh339/Desktop/turtlebot_ws/install/turtlebot3_msgs/include/turtlebot3_msgs/turtlebot3_msgs/srv/dqn.h
[11.861s] -- Up-to-date: /home/xh339/Desktop/turtlebot_ws/install/turtlebot3_msgs/include/turtlebot3_msgs/turtlebot3_msgs/srv/detail
[11.862s] -- Up-to-date: /home/xh339/Desktop/turtlebot_ws/install/turtlebot3_msgs/include/turtlebot3_msgs/turtlebot3_msgs/srv/detail/sound__type_support.h
[11.862s] -- Up-to-date: /home/xh339/Desktop/turtlebot_ws/install/turtlebot3_msgs/include/turtlebot3_msgs/turtlebot3_msgs/srv/detail/dqn__functions.c
[11.863s] -- Up-to-date: /home/xh339/Desktop/turtlebot_ws/install/turtlebot3_msgs/include/turtlebot3_msgs/turtlebot3_msgs/srv/detail/sound__functions.h
[11.864s] -- Up-to-date: /home/xh339/Desktop/turtlebot_ws/install/turtlebot3_msgs/include/turtlebot3_msgs/turtlebot3_msgs/srv/detail/dqn__functions.h
[11.864s] -- Up-to-date: /home/xh339/Desktop/turtlebot_ws/install/turtlebot3_msgs/include/turtlebot3_msgs/turtlebot3_msgs/srv/detail/dqn__struct.h
[11.864s] -- Up-to-date: /home/xh339/Desktop/turtlebot_ws/install/turtlebot3_msgs/include/turtlebot3_msgs/turtlebot3_msgs/srv/detail/sound__functions.c
[11.864s] -- Up-to-date: /home/xh339/Desktop/turtlebot_ws/install/turtlebot3_msgs/include/turtlebot3_msgs/turtlebot3_msgs/srv/detail/dqn__type_support.h
[11.864s] -- Up-to-date: /home/xh339/Desktop/turtlebot_ws/install/turtlebot3_msgs/include/turtlebot3_msgs/turtlebot3_msgs/srv/detail/sound__struct.h
[11.865s] -- Up-to-date: /home/xh339/Desktop/turtlebot_ws/install/turtlebot3_msgs/include/turtlebot3_msgs/turtlebot3_msgs/srv/sound.h
[11.865s] -- Up-to-date: /home/xh339/Desktop/turtlebot_ws/install/turtlebot3_msgs/share/turtlebot3_msgs/environment/library_path.sh
[11.865s] -- Installing: /home/xh339/Desktop/turtlebot_ws/install/turtlebot3_msgs/share/turtlebot3_msgs/environment/library_path.dsv
[11.865s] -- Up-to-date: /home/xh339/Desktop/turtlebot_ws/install/turtlebot3_msgs/lib/libturtlebot3_msgs__rosidl_generator_c.so
[11.865s] -- Up-to-date: /home/xh339/Desktop/turtlebot_ws/install/turtlebot3_msgs/include/turtlebot3_msgs/turtlebot3_msgs
[11.865s] -- Up-to-date: /home/xh339/Desktop/turtlebot_ws/install/turtlebot3_msgs/include/turtlebot3_msgs/turtlebot3_msgs/msg
[11.866s] -- Up-to-date: /home/xh339/Desktop/turtlebot_ws/install/turtlebot3_msgs/include/turtlebot3_msgs/turtlebot3_msgs/msg/detail
[11.866s] -- Up-to-date: /home/xh339/Desktop/turtlebot_ws/install/turtlebot3_msgs/include/turtlebot3_msgs/turtlebot3_msgs/msg/detail/sensor_state__rosidl_typesupport_fastrtps_c.h
[11.866s] -- Up-to-date: /home/xh339/Desktop/turtlebot_ws/install/turtlebot3_msgs/include/turtlebot3_msgs/turtlebot3_msgs/msg/detail/version_info__rosidl_typesupport_fastrtps_c.h
[11.866s] -- Up-to-date: /home/xh339/Desktop/turtlebot_ws/install/turtlebot3_msgs/include/turtlebot3_msgs/turtlebot3_msgs/msg/detail/sound__rosidl_typesupport_fastrtps_c.h
[11.866s] -- Up-to-date: /home/xh339/Desktop/turtlebot_ws/install/turtlebot3_msgs/include/turtlebot3_msgs/turtlebot3_msgs/msg/rosidl_typesupport_fastrtps_c__visibility_control.h
[11.866s] -- Up-to-date: /home/xh339/Desktop/turtlebot_ws/install/turtlebot3_msgs/include/turtlebot3_msgs/turtlebot3_msgs/action
[11.867s] -- Up-to-date: /home/xh339/Desktop/turtlebot_ws/install/turtlebot3_msgs/include/turtlebot3_msgs/turtlebot3_msgs/action/detail
[11.867s] -- Up-to-date: /home/xh339/Desktop/turtlebot_ws/install/turtlebot3_msgs/include/turtlebot3_msgs/turtlebot3_msgs/action/detail/patrol__rosidl_typesupport_fastrtps_c.h
[11.867s] -- Up-to-date: /home/xh339/Desktop/turtlebot_ws/install/turtlebot3_msgs/include/turtlebot3_msgs/turtlebot3_msgs/srv
[11.867s] -- Up-to-date: /home/xh339/Desktop/turtlebot_ws/install/turtlebot3_msgs/include/turtlebot3_msgs/turtlebot3_msgs/srv/detail
[11.867s] -- Up-to-date: /home/xh339/Desktop/turtlebot_ws/install/turtlebot3_msgs/include/turtlebot3_msgs/turtlebot3_msgs/srv/detail/sound__rosidl_typesupport_fastrtps_c.h
[11.867s] -- Up-to-date: /home/xh339/Desktop/turtlebot_ws/install/turtlebot3_msgs/include/turtlebot3_msgs/turtlebot3_msgs/srv/detail/dqn__rosidl_typesupport_fastrtps_c.h
[11.868s] -- Installing: /home/xh339/Desktop/turtlebot_ws/install/turtlebot3_msgs/lib/libturtlebot3_msgs__rosidl_typesupport_fastrtps_c.so
[11.868s] -- Set runtime path of "/home/xh339/Desktop/turtlebot_ws/install/turtlebot3_msgs/lib/libturtlebot3_msgs__rosidl_typesupport_fastrtps_c.so" to ""
[11.868s] -- Up-to-date: /home/xh339/Desktop/turtlebot_ws/install/turtlebot3_msgs/include/turtlebot3_msgs/turtlebot3_msgs
[11.868s] -- Up-to-date: /home/xh339/Desktop/turtlebot_ws/install/turtlebot3_msgs/include/turtlebot3_msgs/turtlebot3_msgs/msg
[11.868s] -- Up-to-date: /home/xh339/Desktop/turtlebot_ws/install/turtlebot3_msgs/include/turtlebot3_msgs/turtlebot3_msgs/msg/sensor_state.hpp
[11.869s] -- Up-to-date: /home/xh339/Desktop/turtlebot_ws/install/turtlebot3_msgs/include/turtlebot3_msgs/turtlebot3_msgs/msg/detail
[11.869s] -- Up-to-date: /home/xh339/Desktop/turtlebot_ws/install/turtlebot3_msgs/include/turtlebot3_msgs/turtlebot3_msgs/msg/detail/sound__struct.hpp
[11.869s] -- Up-to-date: /home/xh339/Desktop/turtlebot_ws/install/turtlebot3_msgs/include/turtlebot3_msgs/turtlebot3_msgs/msg/detail/sound__builder.hpp
[11.869s] -- Up-to-date: /home/xh339/Desktop/turtlebot_ws/install/turtlebot3_msgs/include/turtlebot3_msgs/turtlebot3_msgs/msg/detail/version_info__struct.hpp
[11.871s] -- Up-to-date: /home/xh339/Desktop/turtlebot_ws/install/turtlebot3_msgs/include/turtlebot3_msgs/turtlebot3_msgs/msg/detail/version_info__traits.hpp
[11.871s] -- Up-to-date: /home/xh339/Desktop/turtlebot_ws/install/turtlebot3_msgs/include/turtlebot3_msgs/turtlebot3_msgs/msg/detail/sensor_state__builder.hpp
[11.872s] -- Up-to-date: /home/xh339/Desktop/turtlebot_ws/install/turtlebot3_msgs/include/turtlebot3_msgs/turtlebot3_msgs/msg/detail/version_info__builder.hpp
[11.872s] -- Up-to-date: /home/xh339/Desktop/turtlebot_ws/install/turtlebot3_msgs/include/turtlebot3_msgs/turtlebot3_msgs/msg/detail/sensor_state__struct.hpp
[11.872s] -- Up-to-date: /home/xh339/Desktop/turtlebot_ws/install/turtlebot3_msgs/include/turtlebot3_msgs/turtlebot3_msgs/msg/detail/sensor_state__traits.hpp
[11.872s] -- Up-to-date: /home/xh339/Desktop/turtlebot_ws/install/turtlebot3_msgs/include/turtlebot3_msgs/turtlebot3_msgs/msg/detail/sound__traits.hpp
[11.872s] -- Up-to-date: /home/xh339/Desktop/turtlebot_ws/install/turtlebot3_msgs/include/turtlebot3_msgs/turtlebot3_msgs/msg/sound.hpp
[11.873s] -- Up-to-date: /home/xh339/Desktop/turtlebot_ws/install/turtlebot3_msgs/include/turtlebot3_msgs/turtlebot3_msgs/msg/version_info.hpp
[11.873s] -- Up-to-date: /home/xh339/Desktop/turtlebot_ws/install/turtlebot3_msgs/include/turtlebot3_msgs/turtlebot3_msgs/action
[11.873s] -- Up-to-date: /home/xh339/Desktop/turtlebot_ws/install/turtlebot3_msgs/include/turtlebot3_msgs/turtlebot3_msgs/action/patrol.hpp
[11.873s] -- Up-to-date: /home/xh339/Desktop/turtlebot_ws/install/turtlebot3_msgs/include/turtlebot3_msgs/turtlebot3_msgs/action/detail
[11.873s] -- Up-to-date: /home/xh339/Desktop/turtlebot_ws/install/turtlebot3_msgs/include/turtlebot3_msgs/turtlebot3_msgs/action/detail/patrol__builder.hpp
[11.873s] -- Up-to-date: /home/xh339/Desktop/turtlebot_ws/install/turtlebot3_msgs/include/turtlebot3_msgs/turtlebot3_msgs/action/detail/patrol__traits.hpp
[11.882s] -- Up-to-date: /home/xh339/Desktop/turtlebot_ws/install/turtlebot3_msgs/include/turtlebot3_msgs/turtlebot3_msgs/action/detail/patrol__struct.hpp
[11.883s] -- Up-to-date: /home/xh339/Desktop/turtlebot_ws/install/turtlebot3_msgs/include/turtlebot3_msgs/turtlebot3_msgs/srv
[11.883s] -- Up-to-date: /home/xh339/Desktop/turtlebot_ws/install/turtlebot3_msgs/include/turtlebot3_msgs/turtlebot3_msgs/srv/dqn.hpp
[11.883s] -- Up-to-date: /home/xh339/Desktop/turtlebot_ws/install/turtlebot3_msgs/include/turtlebot3_msgs/turtlebot3_msgs/srv/detail
[11.883s] -- Up-to-date: /home/xh339/Desktop/turtlebot_ws/install/turtlebot3_msgs/include/turtlebot3_msgs/turtlebot3_msgs/srv/detail/sound__struct.hpp
[11.883s] -- Up-to-date: /home/xh339/Desktop/turtlebot_ws/install/turtlebot3_msgs/include/turtlebot3_msgs/turtlebot3_msgs/srv/detail/dqn__builder.hpp
[11.886s] -- Up-to-date: /home/xh339/Desktop/turtlebot_ws/install/turtlebot3_msgs/include/turtlebot3_msgs/turtlebot3_msgs/srv/detail/sound__builder.hpp
[11.886s] -- Up-to-date: /home/xh339/Desktop/turtlebot_ws/install/turtlebot3_msgs/include/turtlebot3_msgs/turtlebot3_msgs/srv/detail/dqn__struct.hpp
[11.886s] -- Up-to-date: /home/xh339/Desktop/turtlebot_ws/install/turtlebot3_msgs/include/turtlebot3_msgs/turtlebot3_msgs/srv/detail/dqn__traits.hpp
[11.886s] -- Up-to-date: /home/xh339/Desktop/turtlebot_ws/install/turtlebot3_msgs/include/turtlebot3_msgs/turtlebot3_msgs/srv/detail/sound__traits.hpp
[11.886s] -- Up-to-date: /home/xh339/Desktop/turtlebot_ws/install/turtlebot3_msgs/include/turtlebot3_msgs/turtlebot3_msgs/srv/sound.hpp
[11.889s] -- Up-to-date: /home/xh339/Desktop/turtlebot_ws/install/turtlebot3_msgs/include/turtlebot3_msgs/turtlebot3_msgs
[11.889s] -- Up-to-date: /home/xh339/Desktop/turtlebot_ws/install/turtlebot3_msgs/include/turtlebot3_msgs/turtlebot3_msgs/msg
[11.889s] -- Up-to-date: /home/xh339/Desktop/turtlebot_ws/install/turtlebot3_msgs/include/turtlebot3_msgs/turtlebot3_msgs/msg/rosidl_typesupport_fastrtps_cpp__visibility_control.h
[11.889s] -- Up-to-date: /home/xh339/Desktop/turtlebot_ws/install/turtlebot3_msgs/include/turtlebot3_msgs/turtlebot3_msgs/msg/detail
[11.893s] -- Up-to-date: /home/xh339/Desktop/turtlebot_ws/install/turtlebot3_msgs/include/turtlebot3_msgs/turtlebot3_msgs/msg/detail/sensor_state__rosidl_typesupport_fastrtps_cpp.hpp
[11.893s] -- Up-to-date: /home/xh339/Desktop/turtlebot_ws/install/turtlebot3_msgs/include/turtlebot3_msgs/turtlebot3_msgs/msg/detail/dds_fastrtps
[11.893s] -- Up-to-date: /home/xh339/Desktop/turtlebot_ws/install/turtlebot3_msgs/include/turtlebot3_msgs/turtlebot3_msgs/msg/detail/sound__rosidl_typesupport_fastrtps_cpp.hpp
[11.893s] -- Up-to-date: /home/xh339/Desktop/turtlebot_ws/install/turtlebot3_msgs/include/turtlebot3_msgs/turtlebot3_msgs/msg/detail/version_info__rosidl_typesupport_fastrtps_cpp.hpp
[11.893s] -- Up-to-date: /home/xh339/Desktop/turtlebot_ws/install/turtlebot3_msgs/include/turtlebot3_msgs/turtlebot3_msgs/action
[11.894s] -- Up-to-date: /home/xh339/Desktop/turtlebot_ws/install/turtlebot3_msgs/include/turtlebot3_msgs/turtlebot3_msgs/action/detail
[11.894s] -- Up-to-date: /home/xh339/Desktop/turtlebot_ws/install/turtlebot3_msgs/include/turtlebot3_msgs/turtlebot3_msgs/action/detail/patrol__rosidl_typesupport_fastrtps_cpp.hpp
[11.894s] -- Up-to-date: /home/xh339/Desktop/turtlebot_ws/install/turtlebot3_msgs/include/turtlebot3_msgs/turtlebot3_msgs/action/detail/dds_fastrtps
[11.894s] -- Up-to-date: /home/xh339/Desktop/turtlebot_ws/install/turtlebot3_msgs/include/turtlebot3_msgs/turtlebot3_msgs/srv
[11.894s] -- Up-to-date: /home/xh339/Desktop/turtlebot_ws/install/turtlebot3_msgs/include/turtlebot3_msgs/turtlebot3_msgs/srv/detail
[11.894s] -- Up-to-date: /home/xh339/Desktop/turtlebot_ws/install/turtlebot3_msgs/include/turtlebot3_msgs/turtlebot3_msgs/srv/detail/dds_fastrtps
[11.895s] -- Up-to-date: /home/xh339/Desktop/turtlebot_ws/install/turtlebot3_msgs/include/turtlebot3_msgs/turtlebot3_msgs/srv/detail/sound__rosidl_typesupport_fastrtps_cpp.hpp
[11.895s] -- Up-to-date: /home/xh339/Desktop/turtlebot_ws/install/turtlebot3_msgs/include/turtlebot3_msgs/turtlebot3_msgs/srv/detail/dqn__rosidl_typesupport_fastrtps_cpp.hpp
[11.895s] -- Installing: /home/xh339/Desktop/turtlebot_ws/install/turtlebot3_msgs/lib/libturtlebot3_msgs__rosidl_typesupport_fastrtps_cpp.so
[11.895s] -- Set runtime path of "/home/xh339/Desktop/turtlebot_ws/install/turtlebot3_msgs/lib/libturtlebot3_msgs__rosidl_typesupport_fastrtps_cpp.so" to ""
[11.895s] -- Up-to-date: /home/xh339/Desktop/turtlebot_ws/install/turtlebot3_msgs/include/turtlebot3_msgs/turtlebot3_msgs
[11.895s] -- Up-to-date: /home/xh339/Desktop/turtlebot_ws/install/turtlebot3_msgs/include/turtlebot3_msgs/turtlebot3_msgs/msg
[11.896s] -- Up-to-date: /home/xh339/Desktop/turtlebot_ws/install/turtlebot3_msgs/include/turtlebot3_msgs/turtlebot3_msgs/msg/detail
[11.896s] -- Up-to-date: /home/xh339/Desktop/turtlebot_ws/install/turtlebot3_msgs/include/turtlebot3_msgs/turtlebot3_msgs/msg/detail/sound__type_support.c
[11.896s] -- Up-to-date: /home/xh339/Desktop/turtlebot_ws/install/turtlebot3_msgs/include/turtlebot3_msgs/turtlebot3_msgs/msg/detail/version_info__rosidl_typesupport_introspection_c.h
[11.896s] -- Up-to-date: /home/xh339/Desktop/turtlebot_ws/install/turtlebot3_msgs/include/turtlebot3_msgs/turtlebot3_msgs/msg/detail/sensor_state__type_support.c
[11.896s] -- Up-to-date: /home/xh339/Desktop/turtlebot_ws/install/turtlebot3_msgs/include/turtlebot3_msgs/turtlebot3_msgs/msg/detail/sound__rosidl_typesupport_introspection_c.h
[11.897s] -- Up-to-date: /home/xh339/Desktop/turtlebot_ws/install/turtlebot3_msgs/include/turtlebot3_msgs/turtlebot3_msgs/msg/detail/version_info__type_support.c
[11.897s] -- Up-to-date: /home/xh339/Desktop/turtlebot_ws/install/turtlebot3_msgs/include/turtlebot3_msgs/turtlebot3_msgs/msg/detail/sensor_state__rosidl_typesupport_introspection_c.h
[11.897s] -- Up-to-date: /home/xh339/Desktop/turtlebot_ws/install/turtlebot3_msgs/include/turtlebot3_msgs/turtlebot3_msgs/msg/rosidl_typesupport_introspection_c__visibility_control.h
[11.897s] -- Up-to-date: /home/xh339/Desktop/turtlebot_ws/install/turtlebot3_msgs/include/turtlebot3_msgs/turtlebot3_msgs/action
[11.897s] -- Up-to-date: /home/xh339/Desktop/turtlebot_ws/install/turtlebot3_msgs/include/turtlebot3_msgs/turtlebot3_msgs/action/detail
[11.897s] -- Up-to-date: /home/xh339/Desktop/turtlebot_ws/install/turtlebot3_msgs/include/turtlebot3_msgs/turtlebot3_msgs/action/detail/patrol__rosidl_typesupport_introspection_c.h
[11.898s] -- Up-to-date: /home/xh339/Desktop/turtlebot_ws/install/turtlebot3_msgs/include/turtlebot3_msgs/turtlebot3_msgs/action/detail/patrol__type_support.c
[11.898s] -- Up-to-date: /home/xh339/Desktop/turtlebot_ws/install/turtlebot3_msgs/include/turtlebot3_msgs/turtlebot3_msgs/srv
[11.898s] -- Up-to-date: /home/xh339/Desktop/turtlebot_ws/install/turtlebot3_msgs/include/turtlebot3_msgs/turtlebot3_msgs/srv/detail
[11.898s] -- Up-to-date: /home/xh339/Desktop/turtlebot_ws/install/turtlebot3_msgs/include/turtlebot3_msgs/turtlebot3_msgs/srv/detail/sound__type_support.c
[11.898s] -- Up-to-date: /home/xh339/Desktop/turtlebot_ws/install/turtlebot3_msgs/include/turtlebot3_msgs/turtlebot3_msgs/srv/detail/dqn__rosidl_typesupport_introspection_c.h
[11.898s] -- Up-to-date: /home/xh339/Desktop/turtlebot_ws/install/turtlebot3_msgs/include/turtlebot3_msgs/turtlebot3_msgs/srv/detail/sound__rosidl_typesupport_introspection_c.h
[11.899s] -- Up-to-date: /home/xh339/Desktop/turtlebot_ws/install/turtlebot3_msgs/include/turtlebot3_msgs/turtlebot3_msgs/srv/detail/dqn__type_support.c
[11.899s] -- Up-to-date: /home/xh339/Desktop/turtlebot_ws/install/turtlebot3_msgs/lib/libturtlebot3_msgs__rosidl_typesupport_introspection_c.so
[11.899s] -- Up-to-date: /home/xh339/Desktop/turtlebot_ws/install/turtlebot3_msgs/lib/libturtlebot3_msgs__rosidl_typesupport_c.so
[11.899s] -- Up-to-date: /home/xh339/Desktop/turtlebot_ws/install/turtlebot3_msgs/include/turtlebot3_msgs/turtlebot3_msgs
[11.899s] -- Up-to-date: /home/xh339/Desktop/turtlebot_ws/install/turtlebot3_msgs/include/turtlebot3_msgs/turtlebot3_msgs/msg
[11.910s] -- Up-to-date: /home/xh339/Desktop/turtlebot_ws/install/turtlebot3_msgs/include/turtlebot3_msgs/turtlebot3_msgs/msg/detail
[11.910s] -- Up-to-date: /home/xh339/Desktop/turtlebot_ws/install/turtlebot3_msgs/include/turtlebot3_msgs/turtlebot3_msgs/msg/detail/sensor_state__type_support.cpp
[11.911s] -- Up-to-date: /home/xh339/Desktop/turtlebot_ws/install/turtlebot3_msgs/include/turtlebot3_msgs/turtlebot3_msgs/msg/detail/sound__type_support.cpp
[11.911s] -- Up-to-date: /home/xh339/Desktop/turtlebot_ws/install/turtlebot3_msgs/include/turtlebot3_msgs/turtlebot3_msgs/msg/detail/sensor_state__rosidl_typesupport_introspection_cpp.hpp
[11.911s] -- Up-to-date: /home/xh339/Desktop/turtlebot_ws/install/turtlebot3_msgs/include/turtlebot3_msgs/turtlebot3_msgs/msg/detail/version_info__rosidl_typesupport_introspection_cpp.hpp
[11.911s] -- Up-to-date: /home/xh339/Desktop/turtlebot_ws/install/turtlebot3_msgs/include/turtlebot3_msgs/turtlebot3_msgs/msg/detail/version_info__type_support.cpp
[11.911s] -- Up-to-date: /home/xh339/Desktop/turtlebot_ws/install/turtlebot3_msgs/include/turtlebot3_msgs/turtlebot3_msgs/msg/detail/sound__rosidl_typesupport_introspection_cpp.hpp
[11.912s] -- Up-to-date: /home/xh339/Desktop/turtlebot_ws/install/turtlebot3_msgs/include/turtlebot3_msgs/turtlebot3_msgs/action
[11.912s] -- Up-to-date: /home/xh339/Desktop/turtlebot_ws/install/turtlebot3_msgs/include/turtlebot3_msgs/turtlebot3_msgs/action/detail
[11.912s] -- Up-to-date: /home/xh339/Desktop/turtlebot_ws/install/turtlebot3_msgs/include/turtlebot3_msgs/turtlebot3_msgs/action/detail/patrol__type_support.cpp
[11.912s] -- Up-to-date: /home/xh339/Desktop/turtlebot_ws/install/turtlebot3_msgs/include/turtlebot3_msgs/turtlebot3_msgs/action/detail/patrol__rosidl_typesupport_introspection_cpp.hpp
[11.912s] -- Up-to-date: /home/xh339/Desktop/turtlebot_ws/install/turtlebot3_msgs/include/turtlebot3_msgs/turtlebot3_msgs/srv
[11.912s] -- Up-to-date: /home/xh339/Desktop/turtlebot_ws/install/turtlebot3_msgs/include/turtlebot3_msgs/turtlebot3_msgs/srv/detail
[11.913s] -- Up-to-date: /home/xh339/Desktop/turtlebot_ws/install/turtlebot3_msgs/include/turtlebot3_msgs/turtlebot3_msgs/srv/detail/dqn__rosidl_typesupport_introspection_cpp.hpp
[11.913s] -- Up-to-date: /home/xh339/Desktop/turtlebot_ws/install/turtlebot3_msgs/include/turtlebot3_msgs/turtlebot3_msgs/srv/detail/dqn__type_support.cpp
[11.913s] -- Up-to-date: /home/xh339/Desktop/turtlebot_ws/install/turtlebot3_msgs/include/turtlebot3_msgs/turtlebot3_msgs/srv/detail/sound__type_support.cpp
[11.913s] -- Up-to-date: /home/xh339/Desktop/turtlebot_ws/install/turtlebot3_msgs/include/turtlebot3_msgs/turtlebot3_msgs/srv/detail/sound__rosidl_typesupport_introspection_cpp.hpp
[11.913s] -- Installing: /home/xh339/Desktop/turtlebot_ws/install/turtlebot3_msgs/lib/libturtlebot3_msgs__rosidl_typesupport_introspection_cpp.so
[11.913s] -- Set runtime path of "/home/xh339/Desktop/turtlebot_ws/install/turtlebot3_msgs/lib/libturtlebot3_msgs__rosidl_typesupport_introspection_cpp.so" to ""
[11.914s] -- Installing: /home/xh339/Desktop/turtlebot_ws/install/turtlebot3_msgs/lib/libturtlebot3_msgs__rosidl_typesupport_cpp.so
[11.914s] -- Set runtime path of "/home/xh339/Desktop/turtlebot_ws/install/turtlebot3_msgs/lib/libturtlebot3_msgs__rosidl_typesupport_cpp.so" to ""
[11.914s] -- Up-to-date: /home/xh339/Desktop/turtlebot_ws/install/turtlebot3_msgs/share/turtlebot3_msgs/environment/pythonpath.sh
[11.914s] -- Installing: /home/xh339/Desktop/turtlebot_ws/install/turtlebot3_msgs/share/turtlebot3_msgs/environment/pythonpath.dsv
[11.914s] -- Up-to-date: /home/xh339/Desktop/turtlebot_ws/install/turtlebot3_msgs/local/lib/python3.10/dist-packages/turtlebot3_msgs-2.2.3-py3.10.egg-info
[11.914s] -- Installing: /home/xh339/Desktop/turtlebot_ws/install/turtlebot3_msgs/local/lib/python3.10/dist-packages/turtlebot3_msgs-2.2.3-py3.10.egg-info/top_level.txt
[11.915s] -- Installing: /home/xh339/Desktop/turtlebot_ws/install/turtlebot3_msgs/local/lib/python3.10/dist-packages/turtlebot3_msgs-2.2.3-py3.10.egg-info/SOURCES.txt
[11.915s] -- Installing: /home/xh339/Desktop/turtlebot_ws/install/turtlebot3_msgs/local/lib/python3.10/dist-packages/turtlebot3_msgs-2.2.3-py3.10.egg-info/dependency_links.txt
[11.915s] -- Installing: /home/xh339/Desktop/turtlebot_ws/install/turtlebot3_msgs/local/lib/python3.10/dist-packages/turtlebot3_msgs-2.2.3-py3.10.egg-info/PKG-INFO
[11.915s] -- Up-to-date: /home/xh339/Desktop/turtlebot_ws/install/turtlebot3_msgs/local/lib/python3.10/dist-packages/turtlebot3_msgs
[11.915s] -- Up-to-date: /home/xh339/Desktop/turtlebot_ws/install/turtlebot3_msgs/local/lib/python3.10/dist-packages/turtlebot3_msgs/msg
[11.916s] -- Up-to-date: /home/xh339/Desktop/turtlebot_ws/install/turtlebot3_msgs/local/lib/python3.10/dist-packages/turtlebot3_msgs/msg/__init__.py
[11.916s] -- Up-to-date: /home/xh339/Desktop/turtlebot_ws/install/turtlebot3_msgs/local/lib/python3.10/dist-packages/turtlebot3_msgs/msg/_version_info.py
[11.916s] -- Up-to-date: /home/xh339/Desktop/turtlebot_ws/install/turtlebot3_msgs/local/lib/python3.10/dist-packages/turtlebot3_msgs/msg/_sound.py
[11.916s] -- Up-to-date: /home/xh339/Desktop/turtlebot_ws/install/turtlebot3_msgs/local/lib/python3.10/dist-packages/turtlebot3_msgs/msg/_version_info_s.c
[11.916s] -- Up-to-date: /home/xh339/Desktop/turtlebot_ws/install/turtlebot3_msgs/local/lib/python3.10/dist-packages/turtlebot3_msgs/msg/_sound_s.c
[11.916s] -- Up-to-date: /home/xh339/Desktop/turtlebot_ws/install/turtlebot3_msgs/local/lib/python3.10/dist-packages/turtlebot3_msgs/msg/_sensor_state_s.c
[11.917s] -- Up-to-date: /home/xh339/Desktop/turtlebot_ws/install/turtlebot3_msgs/local/lib/python3.10/dist-packages/turtlebot3_msgs/msg/_sensor_state.py
[11.917s] -- Installing: /home/xh339/Desktop/turtlebot_ws/install/turtlebot3_msgs/local/lib/python3.10/dist-packages/turtlebot3_msgs/__init__.py
[11.917s] -- Up-to-date: /home/xh339/Desktop/turtlebot_ws/install/turtlebot3_msgs/local/lib/python3.10/dist-packages/turtlebot3_msgs/_turtlebot3_msgs_s.ep.rosidl_typesupport_introspection_c.c
[11.917s] -- Up-to-date: /home/xh339/Desktop/turtlebot_ws/install/turtlebot3_msgs/local/lib/python3.10/dist-packages/turtlebot3_msgs/_turtlebot3_msgs_s.ep.rosidl_typesupport_c.c
[11.917s] -- Up-to-date: /home/xh339/Desktop/turtlebot_ws/install/turtlebot3_msgs/local/lib/python3.10/dist-packages/turtlebot3_msgs/_turtlebot3_msgs_s.ep.rosidl_typesupport_fastrtps_c.c
[11.917s] -- Installing: /home/xh339/Desktop/turtlebot_ws/install/turtlebot3_msgs/local/lib/python3.10/dist-packages/turtlebot3_msgs/libturtlebot3_msgs__rosidl_generator_py.so
[11.918s] -- Up-to-date: /home/xh339/Desktop/turtlebot_ws/install/turtlebot3_msgs/local/lib/python3.10/dist-packages/turtlebot3_msgs/action
[11.918s] -- Up-to-date: /home/xh339/Desktop/turtlebot_ws/install/turtlebot3_msgs/local/lib/python3.10/dist-packages/turtlebot3_msgs/action/__init__.py
[11.918s] -- Up-to-date: /home/xh339/Desktop/turtlebot_ws/install/turtlebot3_msgs/local/lib/python3.10/dist-packages/turtlebot3_msgs/action/_patrol_s.c
[11.918s] -- Up-to-date: /home/xh339/Desktop/turtlebot_ws/install/turtlebot3_msgs/local/lib/python3.10/dist-packages/turtlebot3_msgs/action/_patrol.py
[11.918s] -- Installing: /home/xh339/Desktop/turtlebot_ws/install/turtlebot3_msgs/local/lib/python3.10/dist-packages/turtlebot3_msgs/turtlebot3_msgs_s__rosidl_typesupport_c.cpython-310-x86_64-linux-gnu.so
[11.919s] -- Installing: /home/xh339/Desktop/turtlebot_ws/install/turtlebot3_msgs/local/lib/python3.10/dist-packages/turtlebot3_msgs/turtlebot3_msgs_s__rosidl_typesupport_introspection_c.cpython-310-x86_64-linux-gnu.so
[11.919s] -- Up-to-date: /home/xh339/Desktop/turtlebot_ws/install/turtlebot3_msgs/local/lib/python3.10/dist-packages/turtlebot3_msgs/srv
[11.919s] -- Up-to-date: /home/xh339/Desktop/turtlebot_ws/install/turtlebot3_msgs/local/lib/python3.10/dist-packages/turtlebot3_msgs/srv/__init__.py
[11.920s] -- Up-to-date: /home/xh339/Desktop/turtlebot_ws/install/turtlebot3_msgs/local/lib/python3.10/dist-packages/turtlebot3_msgs/srv/_dqn_s.c
[11.920s] -- Up-to-date: /home/xh339/Desktop/turtlebot_ws/install/turtlebot3_msgs/local/lib/python3.10/dist-packages/turtlebot3_msgs/srv/_sound.py
[11.920s] -- Up-to-date: /home/xh339/Desktop/turtlebot_ws/install/turtlebot3_msgs/local/lib/python3.10/dist-packages/turtlebot3_msgs/srv/_sound_s.c
[11.920s] -- Up-to-date: /home/xh339/Desktop/turtlebot_ws/install/turtlebot3_msgs/local/lib/python3.10/dist-packages/turtlebot3_msgs/srv/_dqn.py
[11.920s] -- Installing: /home/xh339/Desktop/turtlebot_ws/install/turtlebot3_msgs/local/lib/python3.10/dist-packages/turtlebot3_msgs/turtlebot3_msgs_s__rosidl_typesupport_fastrtps_c.cpython-310-x86_64-linux-gnu.so
[11.975s] Listing '/home/xh339/Desktop/turtlebot_ws/install/turtlebot3_msgs/local/lib/python3.10/dist-packages/turtlebot3_msgs'...
[11.975s] Compiling '/home/xh339/Desktop/turtlebot_ws/install/turtlebot3_msgs/local/lib/python3.10/dist-packages/turtlebot3_msgs/__init__.py'...
[11.975s] Listing '/home/xh339/Desktop/turtlebot_ws/install/turtlebot3_msgs/local/lib/python3.10/dist-packages/turtlebot3_msgs/action'...
[11.976s] Listing '/home/xh339/Desktop/turtlebot_ws/install/turtlebot3_msgs/local/lib/python3.10/dist-packages/turtlebot3_msgs/msg'...
[11.976s] Listing '/home/xh339/Desktop/turtlebot_ws/install/turtlebot3_msgs/local/lib/python3.10/dist-packages/turtlebot3_msgs/srv'...
[11.982s] -- Installing: /home/xh339/Desktop/turtlebot_ws/install/turtlebot3_msgs/local/lib/python3.10/dist-packages/turtlebot3_msgs/turtlebot3_msgs_s__rosidl_typesupport_fastrtps_c.cpython-310-x86_64-linux-gnu.so
[11.982s] -- Set runtime path of "/home/xh339/Desktop/turtlebot_ws/install/turtlebot3_msgs/local/lib/python3.10/dist-packages/turtlebot3_msgs/turtlebot3_msgs_s__rosidl_typesupport_fastrtps_c.cpython-310-x86_64-linux-gnu.so" to ""
[11.983s] -- Installing: /home/xh339/Desktop/turtlebot_ws/install/turtlebot3_msgs/local/lib/python3.10/dist-packages/turtlebot3_msgs/turtlebot3_msgs_s__rosidl_typesupport_introspection_c.cpython-310-x86_64-linux-gnu.so
[11.984s] -- Set runtime path of "/home/xh339/Desktop/turtlebot_ws/install/turtlebot3_msgs/local/lib/python3.10/dist-packages/turtlebot3_msgs/turtlebot3_msgs_s__rosidl_typesupport_introspection_c.cpython-310-x86_64-linux-gnu.so" to ""
[11.984s] -- Installing: /home/xh339/Desktop/turtlebot_ws/install/turtlebot3_msgs/local/lib/python3.10/dist-packages/turtlebot3_msgs/turtlebot3_msgs_s__rosidl_typesupport_c.cpython-310-x86_64-linux-gnu.so
[11.985s] -- Set runtime path of "/home/xh339/Desktop/turtlebot_ws/install/turtlebot3_msgs/local/lib/python3.10/dist-packages/turtlebot3_msgs/turtlebot3_msgs_s__rosidl_typesupport_c.cpython-310-x86_64-linux-gnu.so" to ""
[11.985s] -- Installing: /home/xh339/Desktop/turtlebot_ws/install/turtlebot3_msgs/lib/libturtlebot3_msgs__rosidl_generator_py.so
[11.986s] -- Set runtime path of "/home/xh339/Desktop/turtlebot_ws/install/turtlebot3_msgs/lib/libturtlebot3_msgs__rosidl_generator_py.so" to ""
[11.986s] -- Up-to-date: /home/xh339/Desktop/turtlebot_ws/install/turtlebot3_msgs/share/turtlebot3_msgs/msg/SensorState.idl
[11.987s] -- Up-to-date: /home/xh339/Desktop/turtlebot_ws/install/turtlebot3_msgs/share/turtlebot3_msgs/msg/Sound.idl
[11.987s] -- Up-to-date: /home/xh339/Desktop/turtlebot_ws/install/turtlebot3_msgs/share/turtlebot3_msgs/msg/VersionInfo.idl
[11.987s] -- Up-to-date: /home/xh339/Desktop/turtlebot_ws/install/turtlebot3_msgs/share/turtlebot3_msgs/srv/Sound.idl
[11.987s] -- Up-to-date: /home/xh339/Desktop/turtlebot_ws/install/turtlebot3_msgs/share/turtlebot3_msgs/srv/Dqn.idl
[11.988s] -- Up-to-date: /home/xh339/Desktop/turtlebot_ws/install/turtlebot3_msgs/share/turtlebot3_msgs/action/Patrol.idl
[11.988s] -- Up-to-date: /home/xh339/Desktop/turtlebot_ws/install/turtlebot3_msgs/share/turtlebot3_msgs/msg/SensorState.msg
[11.988s] -- Up-to-date: /home/xh339/Desktop/turtlebot_ws/install/turtlebot3_msgs/share/turtlebot3_msgs/msg/Sound.msg
[11.988s] -- Up-to-date: /home/xh339/Desktop/turtlebot_ws/install/turtlebot3_msgs/share/turtlebot3_msgs/msg/VersionInfo.msg
[11.988s] -- Up-to-date: /home/xh339/Desktop/turtlebot_ws/install/turtlebot3_msgs/share/turtlebot3_msgs/srv/Sound.srv
[11.989s] -- Up-to-date: /home/xh339/Desktop/turtlebot_ws/install/turtlebot3_msgs/share/turtlebot3_msgs/srv/Sound_Request.msg
[11.989s] -- Up-to-date: /home/xh339/Desktop/turtlebot_ws/install/turtlebot3_msgs/share/turtlebot3_msgs/srv/Sound_Response.msg
[12.003s] -- Up-to-date: /home/xh339/Desktop/turtlebot_ws/install/turtlebot3_msgs/share/turtlebot3_msgs/srv/Dqn.srv
[12.003s] -- Up-to-date: /home/xh339/Desktop/turtlebot_ws/install/turtlebot3_msgs/share/turtlebot3_msgs/srv/Dqn_Request.msg
[12.003s] -- Up-to-date: /home/xh339/Desktop/turtlebot_ws/install/turtlebot3_msgs/share/turtlebot3_msgs/srv/Dqn_Response.msg
[12.003s] -- Up-to-date: /home/xh339/Desktop/turtlebot_ws/install/turtlebot3_msgs/share/turtlebot3_msgs/action/Patrol.action
[12.004s] -- Up-to-date: /home/xh339/Desktop/turtlebot_ws/install/turtlebot3_msgs/share/ament_index/resource_index/package_run_dependencies/turtlebot3_msgs
[12.004s] -- Installing: /home/xh339/Desktop/turtlebot_ws/install/turtlebot3_msgs/share/ament_index/resource_index/parent_prefix_path/turtlebot3_msgs
[12.005s] -- Up-to-date: /home/xh339/Desktop/turtlebot_ws/install/turtlebot3_msgs/share/turtlebot3_msgs/environment/ament_prefix_path.sh
[12.006s] -- Installing: /home/xh339/Desktop/turtlebot_ws/install/turtlebot3_msgs/share/turtlebot3_msgs/environment/ament_prefix_path.dsv
[12.007s] -- Up-to-date: /home/xh339/Desktop/turtlebot_ws/install/turtlebot3_msgs/share/turtlebot3_msgs/environment/path.sh
[12.008s] -- Installing: /home/xh339/Desktop/turtlebot_ws/install/turtlebot3_msgs/share/turtlebot3_msgs/environment/path.dsv
[12.010s] -- Up-to-date: /home/xh339/Desktop/turtlebot_ws/install/turtlebot3_msgs/share/turtlebot3_msgs/local_setup.bash
[12.011s] -- Up-to-date: /home/xh339/Desktop/turtlebot_ws/install/turtlebot3_msgs/share/turtlebot3_msgs/local_setup.sh
[12.011s] -- Up-to-date: /home/xh339/Desktop/turtlebot_ws/install/turtlebot3_msgs/share/turtlebot3_msgs/local_setup.zsh
[12.011s] -- Installing: /home/xh339/Desktop/turtlebot_ws/install/turtlebot3_msgs/share/turtlebot3_msgs/local_setup.dsv
[12.011s] -- Installing: /home/xh339/Desktop/turtlebot_ws/install/turtlebot3_msgs/share/turtlebot3_msgs/package.dsv
[12.012s] -- Up-to-date: /home/xh339/Desktop/turtlebot_ws/install/turtlebot3_msgs/share/ament_index/resource_index/packages/turtlebot3_msgs
[12.012s] -- Up-to-date: /home/xh339/Desktop/turtlebot_ws/install/turtlebot3_msgs/share/turtlebot3_msgs/cmake/export_turtlebot3_msgs__rosidl_generator_cExport.cmake
[12.012s] -- Up-to-date: /home/xh339/Desktop/turtlebot_ws/install/turtlebot3_msgs/share/turtlebot3_msgs/cmake/export_turtlebot3_msgs__rosidl_generator_cExport-noconfig.cmake
[12.012s] -- Up-to-date: /home/xh339/Desktop/turtlebot_ws/install/turtlebot3_msgs/share/turtlebot3_msgs/cmake/export_turtlebot3_msgs__rosidl_typesupport_fastrtps_cExport.cmake
[12.013s] -- Up-to-date: /home/xh339/Desktop/turtlebot_ws/install/turtlebot3_msgs/share/turtlebot3_msgs/cmake/export_turtlebot3_msgs__rosidl_typesupport_fastrtps_cExport-noconfig.cmake
[12.013s] -- Up-to-date: /home/xh339/Desktop/turtlebot_ws/install/turtlebot3_msgs/share/turtlebot3_msgs/cmake/export_turtlebot3_msgs__rosidl_generator_cppExport.cmake
[12.013s] -- Up-to-date: /home/xh339/Desktop/turtlebot_ws/install/turtlebot3_msgs/share/turtlebot3_msgs/cmake/export_turtlebot3_msgs__rosidl_typesupport_fastrtps_cppExport.cmake
[12.013s] -- Up-to-date: /home/xh339/Desktop/turtlebot_ws/install/turtlebot3_msgs/share/turtlebot3_msgs/cmake/export_turtlebot3_msgs__rosidl_typesupport_fastrtps_cppExport-noconfig.cmake
[12.014s] -- Up-to-date: /home/xh339/Desktop/turtlebot_ws/install/turtlebot3_msgs/share/turtlebot3_msgs/cmake/turtlebot3_msgs__rosidl_typesupport_introspection_cExport.cmake
[12.014s] -- Up-to-date: /home/xh339/Desktop/turtlebot_ws/install/turtlebot3_msgs/share/turtlebot3_msgs/cmake/turtlebot3_msgs__rosidl_typesupport_introspection_cExport-noconfig.cmake
[12.014s] -- Up-to-date: /home/xh339/Desktop/turtlebot_ws/install/turtlebot3_msgs/share/turtlebot3_msgs/cmake/turtlebot3_msgs__rosidl_typesupport_cExport.cmake
[12.014s] -- Up-to-date: /home/xh339/Desktop/turtlebot_ws/install/turtlebot3_msgs/share/turtlebot3_msgs/cmake/turtlebot3_msgs__rosidl_typesupport_cExport-noconfig.cmake
[12.015s] -- Up-to-date: /home/xh339/Desktop/turtlebot_ws/install/turtlebot3_msgs/share/turtlebot3_msgs/cmake/turtlebot3_msgs__rosidl_typesupport_introspection_cppExport.cmake
[12.015s] -- Up-to-date: /home/xh339/Desktop/turtlebot_ws/install/turtlebot3_msgs/share/turtlebot3_msgs/cmake/turtlebot3_msgs__rosidl_typesupport_introspection_cppExport-noconfig.cmake
[12.015s] -- Up-to-date: /home/xh339/Desktop/turtlebot_ws/install/turtlebot3_msgs/share/turtlebot3_msgs/cmake/turtlebot3_msgs__rosidl_typesupport_cppExport.cmake
[12.016s] -- Up-to-date: /home/xh339/Desktop/turtlebot_ws/install/turtlebot3_msgs/share/turtlebot3_msgs/cmake/turtlebot3_msgs__rosidl_typesupport_cppExport-noconfig.cmake
[12.016s] -- Up-to-date: /home/xh339/Desktop/turtlebot_ws/install/turtlebot3_msgs/share/turtlebot3_msgs/cmake/export_turtlebot3_msgs__rosidl_generator_pyExport.cmake
[12.016s] -- Up-to-date: /home/xh339/Desktop/turtlebot_ws/install/turtlebot3_msgs/share/turtlebot3_msgs/cmake/export_turtlebot3_msgs__rosidl_generator_pyExport-noconfig.cmake
[12.016s] -- Up-to-date: /home/xh339/Desktop/turtlebot_ws/install/turtlebot3_msgs/share/turtlebot3_msgs/cmake/rosidl_cmake-extras.cmake
[12.017s] -- Up-to-date: /home/xh339/Desktop/turtlebot_ws/install/turtlebot3_msgs/share/turtlebot3_msgs/cmake/ament_cmake_export_dependencies-extras.cmake
[12.017s] -- Up-to-date: /home/xh339/Desktop/turtlebot_ws/install/turtlebot3_msgs/share/turtlebot3_msgs/cmake/ament_cmake_export_include_directories-extras.cmake
[12.017s] -- Up-to-date: /home/xh339/Desktop/turtlebot_ws/install/turtlebot3_msgs/share/turtlebot3_msgs/cmake/ament_cmake_export_libraries-extras.cmake
[12.017s] -- Up-to-date: /home/xh339/Desktop/turtlebot_ws/install/turtlebot3_msgs/share/turtlebot3_msgs/cmake/ament_cmake_export_targets-extras.cmake
[12.017s] -- Up-to-date: /home/xh339/Desktop/turtlebot_ws/install/turtlebot3_msgs/share/turtlebot3_msgs/cmake/rosidl_cmake_export_typesupport_targets-extras.cmake
[12.018s] -- Up-to-date: /home/xh339/Desktop/turtlebot_ws/install/turtlebot3_msgs/share/turtlebot3_msgs/cmake/rosidl_cmake_export_typesupport_libraries-extras.cmake
[12.018s] -- Up-to-date: /home/xh339/Desktop/turtlebot_ws/install/turtlebot3_msgs/share/turtlebot3_msgs/cmake/turtlebot3_msgsConfig.cmake
[12.018s] -- Up-to-date: /home/xh339/Desktop/turtlebot_ws/install/turtlebot3_msgs/share/turtlebot3_msgs/cmake/turtlebot3_msgsConfig-version.cmake
[12.018s] -- Up-to-date: /home/xh339/Desktop/turtlebot_ws/install/turtlebot3_msgs/share/turtlebot3_msgs/package.xml
[12.037s] Invoked command in '/home/xh339/Desktop/turtlebot_ws/build/turtlebot3_msgs' returned '0': CMAKE_PREFIX_PATH=/home/xh339/Desktop/ros2_ws/install/task79_interfaces:/home/xh339/Desktop/turtlebot_ws/install/turtlebot3_navigation2:/home/xh339/Desktop/turtlebot_ws/install/turtlebot3_msgs:/home/xh339/Desktop/turtlebot_ws/install/turtlebot3_gazebo:/home/xh339/Desktop/turtlebot_ws/install/turtlebot3_cartographer:/home/xh339/Desktop/ros2_ws/install/task79:/home/xh339/Desktop/ros2_ws/install/task79_wrappers:/home/xh339/Desktop/ros2_ws/install/task79_test:/home/xh339/Desktop/turtlebot_ws/install/turtlebot3_teleop:/home/xh339/dev_ws/install/learning_urdf:/home/xh339/dev_ws/install/learning_topic:/home/xh339/dev_ws/install/learning_tf:/home/xh339/dev_ws/install/learning_service:/home/xh339/dev_ws/install/learning_qos:/home/xh339/dev_ws/install/learning_pkg_python:/home/xh339/dev_ws/install/learning_parameter:/home/xh339/dev_ws/install/learning_node:/home/xh339/dev_ws/install/learning_launch:/home/xh339/dev_ws/install/learning_action:/home/xh339/dev_ws/install/learning_gazebo:/opt/ros/humble:/home/xh339/Desktop/turtlebot_ws/install/realsense_ros_gazebo:/home/xh339/Desktop/turtlebot_ws/install/realsense_gazebo_plugin:/home/xh339/dev_ws/install/learning_pkg_c:/home/xh339/dev_ws/install/learning_interface /usr/bin/cmake --install /home/xh339/Desktop/turtlebot_ws/build/turtlebot3_msgs
