[2.030s] Invoking command in '/home/xh339/Desktop/turtlebot_ws/build/turtlebot3_gazebo': CMAKE_PREFIX_PATH=/home/xh339/Desktop/turtlebot_ws/install/turtlebot3_navigation2:/home/xh339/Desktop/turtlebot_ws/install/turtlebot3_msgs:/home/xh339/Desktop/turtlebot_ws/install/turtlebot3_gazebo:/home/xh339/Desktop/turtlebot_ws/install/turtlebot3_cartographer:/home/xh339/Desktop/turtlebot_ws/install/turtlebot3_teleop:/home/xh339/Desktop/ros2_ws/install/task79_test:/home/xh339/Desktop/ros2_ws/install/task79:/home/xh339/Desktop/ros2_ws/install/aruco_detect:/home/xh339/dev_ws/install/learning_urdf:/home/xh339/dev_ws/install/learning_topic:/home/xh339/dev_ws/install/learning_tf:/home/xh339/dev_ws/install/learning_service:/home/xh339/dev_ws/install/learning_qos:/home/xh339/dev_ws/install/learning_pkg_python:/home/xh339/dev_ws/install/learning_parameter:/home/xh339/dev_ws/install/learning_node:/home/xh339/dev_ws/install/learning_launch:/home/xh339/dev_ws/install/learning_action:/home/xh339/dev_ws/install/learning_gazebo:/opt/ros/humble:/home/xh339/Desktop/turtlebot_ws/install/realsense_ros_gazebo:/home/xh339/Desktop/ros2_ws/install/task79_interfaces:/home/xh339/dev_ws/install/learning_pkg_c:/home/xh339/dev_ws/install/learning_interface /usr/bin/cmake --build /home/xh339/Desktop/turtlebot_ws/build/turtlebot3_gazebo -- -j8 -l8
[2.242s] [ 25%] Built target turtlebot3_drive
[2.373s] [ 50%] Built target obstacles
[2.557s] [ 75%] Built target obstacle2
[2.698s] [100%] Built target obstacle1
[4.060s] Invoked command in '/home/xh339/Desktop/turtlebot_ws/build/turtlebot3_gazebo' returned '0': CMAKE_PREFIX_PATH=/home/xh339/Desktop/turtlebot_ws/install/turtlebot3_navigation2:/home/xh339/Desktop/turtlebot_ws/install/turtlebot3_msgs:/home/xh339/Desktop/turtlebot_ws/install/turtlebot3_gazebo:/home/xh339/Desktop/turtlebot_ws/install/turtlebot3_cartographer:/home/xh339/Desktop/turtlebot_ws/install/turtlebot3_teleop:/home/xh339/Desktop/ros2_ws/install/task79_test:/home/xh339/Desktop/ros2_ws/install/task79:/home/xh339/Desktop/ros2_ws/install/aruco_detect:/home/xh339/dev_ws/install/learning_urdf:/home/xh339/dev_ws/install/learning_topic:/home/xh339/dev_ws/install/learning_tf:/home/xh339/dev_ws/install/learning_service:/home/xh339/dev_ws/install/learning_qos:/home/xh339/dev_ws/install/learning_pkg_python:/home/xh339/dev_ws/install/learning_parameter:/home/xh339/dev_ws/install/learning_node:/home/xh339/dev_ws/install/learning_launch:/home/xh339/dev_ws/install/learning_action:/home/xh339/dev_ws/install/learning_gazebo:/opt/ros/humble:/home/xh339/Desktop/turtlebot_ws/install/realsense_ros_gazebo:/home/xh339/Desktop/ros2_ws/install/task79_interfaces:/home/xh339/dev_ws/install/learning_pkg_c:/home/xh339/dev_ws/install/learning_interface /usr/bin/cmake --build /home/xh339/Desktop/turtlebot_ws/build/turtlebot3_gazebo -- -j8 -l8
[4.873s] Invoking command in '/home/xh339/Desktop/turtlebot_ws/build/turtlebot3_gazebo': CMAKE_PREFIX_PATH=/home/xh339/Desktop/turtlebot_ws/install/turtlebot3_navigation2:/home/xh339/Desktop/turtlebot_ws/install/turtlebot3_msgs:/home/xh339/Desktop/turtlebot_ws/install/turtlebot3_gazebo:/home/xh339/Desktop/turtlebot_ws/install/turtlebot3_cartographer:/home/xh339/Desktop/turtlebot_ws/install/turtlebot3_teleop:/home/xh339/Desktop/ros2_ws/install/task79_test:/home/xh339/Desktop/ros2_ws/install/task79:/home/xh339/Desktop/ros2_ws/install/aruco_detect:/home/xh339/dev_ws/install/learning_urdf:/home/xh339/dev_ws/install/learning_topic:/home/xh339/dev_ws/install/learning_tf:/home/xh339/dev_ws/install/learning_service:/home/xh339/dev_ws/install/learning_qos:/home/xh339/dev_ws/install/learning_pkg_python:/home/xh339/dev_ws/install/learning_parameter:/home/xh339/dev_ws/install/learning_node:/home/xh339/dev_ws/install/learning_launch:/home/xh339/dev_ws/install/learning_action:/home/xh339/dev_ws/install/learning_gazebo:/opt/ros/humble:/home/xh339/Desktop/turtlebot_ws/install/realsense_ros_gazebo:/home/xh339/Desktop/ros2_ws/install/task79_interfaces:/home/xh339/dev_ws/install/learning_pkg_c:/home/xh339/dev_ws/install/learning_interface /usr/bin/cmake --install /home/xh339/Desktop/turtlebot_ws/build/turtlebot3_gazebo
[5.686s] -- Install configuration: ""
[5.700s] -- Up-to-date: /home/xh339/Desktop/turtlebot_ws/install/turtlebot3_gazebo/lib/turtlebot3_gazebo/turtlebot3_drive
[5.700s] -- Up-to-date: /home/xh339/Desktop/turtlebot_ws/install/turtlebot3_gazebo/share/turtlebot3_gazebo//launch
[5.701s] -- Up-to-date: /home/xh339/Desktop/turtlebot_ws/install/turtlebot3_gazebo/share/turtlebot3_gazebo//launch/turtlebot3_house.launch.py
[5.701s] -- Up-to-date: /home/xh339/Desktop/turtlebot_ws/install/turtlebot3_gazebo/share/turtlebot3_gazebo//launch/turtlebot3_world_noisy_imu.launch .py
[5.701s] -- Up-to-date: /home/xh339/Desktop/turtlebot_ws/install/turtlebot3_gazebo/share/turtlebot3_gazebo//launch/robot_state_publisher.launch.py
[5.701s] -- Up-to-date: /home/xh339/Desktop/turtlebot_ws/install/turtlebot3_gazebo/share/turtlebot3_gazebo//launch/turtlebot3_dqn_stage1.launch.py
[5.701s] -- Up-to-date: /home/xh339/Desktop/turtlebot_ws/install/turtlebot3_gazebo/share/turtlebot3_gazebo//launch/spawn_turtlebot3_rainy.launch.py
[5.702s] -- Up-to-date: /home/xh339/Desktop/turtlebot_ws/install/turtlebot3_gazebo/share/turtlebot3_gazebo//launch/turtlebot3_world_rainy.launch.py
[5.705s] -- Installing: /home/xh339/Desktop/turtlebot_ws/install/turtlebot3_gazebo/share/turtlebot3_gazebo//launch/turtlebot3_world.launch.py
[5.706s] -- Up-to-date: /home/xh339/Desktop/turtlebot_ws/install/turtlebot3_gazebo/share/turtlebot3_gazebo//launch/turtlebot3_world_no_sun.launch.py
[5.706s] -- Up-to-date: /home/xh339/Desktop/turtlebot_ws/install/turtlebot3_gazebo/share/turtlebot3_gazebo//launch/turtlebot3_dqn_stage4.launch.py
[5.706s] -- Up-to-date: /home/xh339/Desktop/turtlebot_ws/install/turtlebot3_gazebo/share/turtlebot3_gazebo//launch/turtlebot3_dqn_stage3.launch.py
[5.707s] -- Up-to-date: /home/xh339/Desktop/turtlebot_ws/install/turtlebot3_gazebo/share/turtlebot3_gazebo//launch/spawn_turtlebot3.launch.py
[5.707s] -- Up-to-date: /home/xh339/Desktop/turtlebot_ws/install/turtlebot3_gazebo/share/turtlebot3_gazebo//launch/spawn_turtlebot3_noisy_imu.launch.py
[5.707s] -- Up-to-date: /home/xh339/Desktop/turtlebot_ws/install/turtlebot3_gazebo/share/turtlebot3_gazebo//launch/empty_world.launch.py
[5.708s] -- Up-to-date: /home/xh339/Desktop/turtlebot_ws/install/turtlebot3_gazebo/share/turtlebot3_gazebo//launch/turtlebot3_dqn_stage2.launch.py
[5.716s] -- Up-to-date: /home/xh339/Desktop/turtlebot_ws/install/turtlebot3_gazebo/share/turtlebot3_gazebo//models
[5.717s] -- Up-to-date: /home/xh339/Desktop/turtlebot_ws/install/turtlebot3_gazebo/share/turtlebot3_gazebo//models/turtlebot3_waffle_pi_rainy
[5.733s] -- Up-to-date: /home/xh339/Desktop/turtlebot_ws/install/turtlebot3_gazebo/share/turtlebot3_gazebo//models/turtlebot3_waffle_pi_rainy/model.sdf
[5.736s] -- Up-to-date: /home/xh339/Desktop/turtlebot_ws/install/turtlebot3_gazebo/share/turtlebot3_gazebo//models/turtlebot3_waffle_pi_rainy/model.config
[5.738s] -- Up-to-date: /home/xh339/Desktop/turtlebot_ws/install/turtlebot3_gazebo/share/turtlebot3_gazebo//models/turtlebot3_waffle_pi_rainy/model-1_4_.sdf
[5.738s] -- Up-to-date: /home/xh339/Desktop/turtlebot_ws/install/turtlebot3_gazebo/share/turtlebot3_gazebo//models/turtlebot3_waffle
[5.738s] -- Up-to-date: /home/xh339/Desktop/turtlebot_ws/install/turtlebot3_gazebo/share/turtlebot3_gazebo//models/turtlebot3_waffle/model.sdf
[5.738s] -- Up-to-date: /home/xh339/Desktop/turtlebot_ws/install/turtlebot3_gazebo/share/turtlebot3_gazebo//models/turtlebot3_waffle/model.config
[5.739s] -- Up-to-date: /home/xh339/Desktop/turtlebot_ws/install/turtlebot3_gazebo/share/turtlebot3_gazebo//models/turtlebot3_waffle/model-1_4.sdf
[5.739s] -- Up-to-date: /home/xh339/Desktop/turtlebot_ws/install/turtlebot3_gazebo/share/turtlebot3_gazebo//models/turtlebot3_waffle_pi_noisy_imu
[5.739s] -- Up-to-date: /home/xh339/Desktop/turtlebot_ws/install/turtlebot3_gazebo/share/turtlebot3_gazebo//models/turtlebot3_waffle_pi_noisy_imu/model.sdf
[5.739s] -- Up-to-date: /home/xh339/Desktop/turtlebot_ws/install/turtlebot3_gazebo/share/turtlebot3_gazebo//models/turtlebot3_waffle_pi_noisy_imu/model.config
[5.739s] -- Up-to-date: /home/xh339/Desktop/turtlebot_ws/install/turtlebot3_gazebo/share/turtlebot3_gazebo//models/turtlebot3_waffle_pi_noisy_imu/model-1_4_.sdf
[5.740s] -- Up-to-date: /home/xh339/Desktop/turtlebot_ws/install/turtlebot3_gazebo/share/turtlebot3_gazebo//models/turtlebot3_common
[5.740s] -- Up-to-date: /home/xh339/Desktop/turtlebot_ws/install/turtlebot3_gazebo/share/turtlebot3_gazebo//models/turtlebot3_common/model.config
[5.740s] -- Up-to-date: /home/xh339/Desktop/turtlebot_ws/install/turtlebot3_gazebo/share/turtlebot3_gazebo//models/turtlebot3_common/meshes
[5.745s] -- Up-to-date: /home/xh339/Desktop/turtlebot_ws/install/turtlebot3_gazebo/share/turtlebot3_gazebo//models/turtlebot3_common/meshes/lds.dae
[5.745s] -- Up-to-date: /home/xh339/Desktop/turtlebot_ws/install/turtlebot3_gazebo/share/turtlebot3_gazebo//models/turtlebot3_common/meshes/waffle_base.dae
[5.746s] -- Up-to-date: /home/xh339/Desktop/turtlebot_ws/install/turtlebot3_gazebo/share/turtlebot3_gazebo//models/turtlebot3_common/meshes/r200.dae
[5.747s] -- Up-to-date: /home/xh339/Desktop/turtlebot_ws/install/turtlebot3_gazebo/share/turtlebot3_gazebo//models/turtlebot3_common/meshes/waffle_pi_base.dae
[5.750s] -- Up-to-date: /home/xh339/Desktop/turtlebot_ws/install/turtlebot3_gazebo/share/turtlebot3_gazebo//models/turtlebot3_common/meshes/burger_base.dae
[5.751s] -- Up-to-date: /home/xh339/Desktop/turtlebot_ws/install/turtlebot3_gazebo/share/turtlebot3_gazebo//models/turtlebot3_common/meshes/tire.dae
[5.751s] -- Up-to-date: /home/xh339/Desktop/turtlebot_ws/install/turtlebot3_gazebo/share/turtlebot3_gazebo//models/turtlebot3_world
[5.751s] -- Up-to-date: /home/xh339/Desktop/turtlebot_ws/install/turtlebot3_gazebo/share/turtlebot3_gazebo//models/turtlebot3_world/model.sdf
[5.751s] -- Up-to-date: /home/xh339/Desktop/turtlebot_ws/install/turtlebot3_gazebo/share/turtlebot3_gazebo//models/turtlebot3_world/model.config
[5.751s] -- Up-to-date: /home/xh339/Desktop/turtlebot_ws/install/turtlebot3_gazebo/share/turtlebot3_gazebo//models/turtlebot3_world/meshes
[5.752s] -- Up-to-date: /home/xh339/Desktop/turtlebot_ws/install/turtlebot3_gazebo/share/turtlebot3_gazebo//models/turtlebot3_world/meshes/hexagon.dae
[5.753s] -- Up-to-date: /home/xh339/Desktop/turtlebot_ws/install/turtlebot3_gazebo/share/turtlebot3_gazebo//models/turtlebot3_world/meshes/wall.dae
[5.754s] -- Up-to-date: /home/xh339/Desktop/turtlebot_ws/install/turtlebot3_gazebo/share/turtlebot3_gazebo//models/turtlebot3_world/model-1_4.sdf
[5.755s] -- Up-to-date: /home/xh339/Desktop/turtlebot_ws/install/turtlebot3_gazebo/share/turtlebot3_gazebo//models/turtlebot3_waffle_pi
[5.755s] -- Up-to-date: /home/xh339/Desktop/turtlebot_ws/install/turtlebot3_gazebo/share/turtlebot3_gazebo//models/turtlebot3_waffle_pi/model.sdf
[5.756s] -- Up-to-date: /home/xh339/Desktop/turtlebot_ws/install/turtlebot3_gazebo/share/turtlebot3_gazebo//models/turtlebot3_waffle_pi/model.config
[5.756s] -- Up-to-date: /home/xh339/Desktop/turtlebot_ws/install/turtlebot3_gazebo/share/turtlebot3_gazebo//models/turtlebot3_waffle_pi/model-1_4_.sdf
[5.756s] -- Up-to-date: /home/xh339/Desktop/turtlebot_ws/install/turtlebot3_gazebo/share/turtlebot3_gazebo//models/turtlebot3_dqn_world
[5.756s] -- Up-to-date: /home/xh339/Desktop/turtlebot_ws/install/turtlebot3_gazebo/share/turtlebot3_gazebo//models/turtlebot3_dqn_world/goal_box
[5.757s] -- Up-to-date: /home/xh339/Desktop/turtlebot_ws/install/turtlebot3_gazebo/share/turtlebot3_gazebo//models/turtlebot3_dqn_world/goal_box/model.sdf
[5.757s] -- Up-to-date: /home/xh339/Desktop/turtlebot_ws/install/turtlebot3_gazebo/share/turtlebot3_gazebo//models/turtlebot3_dqn_world/goal_box/model.config
[5.757s] -- Up-to-date: /home/xh339/Desktop/turtlebot_ws/install/turtlebot3_gazebo/share/turtlebot3_gazebo//models/turtlebot3_dqn_world/obstacle1
[5.757s] -- Up-to-date: /home/xh339/Desktop/turtlebot_ws/install/turtlebot3_gazebo/share/turtlebot3_gazebo//models/turtlebot3_dqn_world/obstacle1/model.sdf
[5.757s] -- Up-to-date: /home/xh339/Desktop/turtlebot_ws/install/turtlebot3_gazebo/share/turtlebot3_gazebo//models/turtlebot3_dqn_world/obstacle1/model.config
[5.757s] -- Up-to-date: /home/xh339/Desktop/turtlebot_ws/install/turtlebot3_gazebo/share/turtlebot3_gazebo//models/turtlebot3_dqn_world/model.sdf
[5.758s] -- Up-to-date: /home/xh339/Desktop/turtlebot_ws/install/turtlebot3_gazebo/share/turtlebot3_gazebo//models/turtlebot3_dqn_world/model.config
[5.758s] -- Up-to-date: /home/xh339/Desktop/turtlebot_ws/install/turtlebot3_gazebo/share/turtlebot3_gazebo//models/turtlebot3_dqn_world/obstacles
[5.758s] -- Up-to-date: /home/xh339/Desktop/turtlebot_ws/install/turtlebot3_gazebo/share/turtlebot3_gazebo//models/turtlebot3_dqn_world/obstacles/model.sdf
[5.758s] -- Up-to-date: /home/xh339/Desktop/turtlebot_ws/install/turtlebot3_gazebo/share/turtlebot3_gazebo//models/turtlebot3_dqn_world/obstacles/model.config
[5.758s] -- Up-to-date: /home/xh339/Desktop/turtlebot_ws/install/turtlebot3_gazebo/share/turtlebot3_gazebo//models/turtlebot3_dqn_world/obstacle_plugin
[5.759s] -- Up-to-date: /home/xh339/Desktop/turtlebot_ws/install/turtlebot3_gazebo/share/turtlebot3_gazebo//models/turtlebot3_dqn_world/obstacle_plugin/obstacles.cc
[5.759s] -- Up-to-date: /home/xh339/Desktop/turtlebot_ws/install/turtlebot3_gazebo/share/turtlebot3_gazebo//models/turtlebot3_dqn_world/obstacle_plugin/CMakeLists.txt
[5.769s] -- Up-to-date: /home/xh339/Desktop/turtlebot_ws/install/turtlebot3_gazebo/share/turtlebot3_gazebo//models/turtlebot3_dqn_world/obstacle_plugin/obstacle2.cc
[5.769s] -- Up-to-date: /home/xh339/Desktop/turtlebot_ws/install/turtlebot3_gazebo/share/turtlebot3_gazebo//models/turtlebot3_dqn_world/obstacle_plugin/obstacle1.cc
[5.770s] -- Up-to-date: /home/xh339/Desktop/turtlebot_ws/install/turtlebot3_gazebo/share/turtlebot3_gazebo//models/turtlebot3_dqn_world/obstacle2
[5.779s] -- Up-to-date: /home/xh339/Desktop/turtlebot_ws/install/turtlebot3_gazebo/share/turtlebot3_gazebo//models/turtlebot3_dqn_world/obstacle2/model.sdf
[5.780s] -- Up-to-date: /home/xh339/Desktop/turtlebot_ws/install/turtlebot3_gazebo/share/turtlebot3_gazebo//models/turtlebot3_dqn_world/obstacle2/model.config
[5.780s] -- Up-to-date: /home/xh339/Desktop/turtlebot_ws/install/turtlebot3_gazebo/share/turtlebot3_gazebo//models/turtlebot3_dqn_world/inner_walls
[5.780s] -- Up-to-date: /home/xh339/Desktop/turtlebot_ws/install/turtlebot3_gazebo/share/turtlebot3_gazebo//models/turtlebot3_dqn_world/inner_walls/model.sdf
[5.780s] -- Up-to-date: /home/xh339/Desktop/turtlebot_ws/install/turtlebot3_gazebo/share/turtlebot3_gazebo//models/turtlebot3_dqn_world/inner_walls/model.config
[5.781s] -- Up-to-date: /home/xh339/Desktop/turtlebot_ws/install/turtlebot3_gazebo/share/turtlebot3_gazebo//models/turtlebot3_house
[5.781s] -- Up-to-date: /home/xh339/Desktop/turtlebot_ws/install/turtlebot3_gazebo/share/turtlebot3_gazebo//models/turtlebot3_house/model.sdf
[5.781s] -- Up-to-date: /home/xh339/Desktop/turtlebot_ws/install/turtlebot3_gazebo/share/turtlebot3_gazebo//models/turtlebot3_house/model.config
[5.781s] -- Up-to-date: /home/xh339/Desktop/turtlebot_ws/install/turtlebot3_gazebo/share/turtlebot3_gazebo//models/turtlebot3_waffle_pi_stereo
[5.781s] -- Up-to-date: /home/xh339/Desktop/turtlebot_ws/install/turtlebot3_gazebo/share/turtlebot3_gazebo//models/turtlebot3_waffle_pi_stereo/model.sdf
[5.782s] -- Up-to-date: /home/xh339/Desktop/turtlebot_ws/install/turtlebot3_gazebo/share/turtlebot3_gazebo//models/turtlebot3_waffle_pi_stereo/model.config
[5.782s] -- Up-to-date: /home/xh339/Desktop/turtlebot_ws/install/turtlebot3_gazebo/share/turtlebot3_gazebo//models/turtlebot3_waffle_pi_stereo/model-1_4_.sdf
[5.782s] -- Up-to-date: /home/xh339/Desktop/turtlebot_ws/install/turtlebot3_gazebo/share/turtlebot3_gazebo//models/turtlebot3_burger
[5.783s] -- Up-to-date: /home/xh339/Desktop/turtlebot_ws/install/turtlebot3_gazebo/share/turtlebot3_gazebo//models/turtlebot3_burger/model.sdf
[5.783s] -- Up-to-date: /home/xh339/Desktop/turtlebot_ws/install/turtlebot3_gazebo/share/turtlebot3_gazebo//models/turtlebot3_burger/model.config
[5.783s] -- Up-to-date: /home/xh339/Desktop/turtlebot_ws/install/turtlebot3_gazebo/share/turtlebot3_gazebo//models/turtlebot3_burger/model-1_4.sdf
[5.783s] -- Up-to-date: /home/xh339/Desktop/turtlebot_ws/install/turtlebot3_gazebo/share/turtlebot3_gazebo//rviz
[5.783s] -- Up-to-date: /home/xh339/Desktop/turtlebot_ws/install/turtlebot3_gazebo/share/turtlebot3_gazebo//rviz/tb3_gazebo.rviz
[5.783s] -- Up-to-date: /home/xh339/Desktop/turtlebot_ws/install/turtlebot3_gazebo/share/turtlebot3_gazebo//urdf
[5.784s] -- Up-to-date: /home/xh339/Desktop/turtlebot_ws/install/turtlebot3_gazebo/share/turtlebot3_gazebo//urdf/turtlebot3_waffle_pi.urdf
[5.784s] -- Up-to-date: /home/xh339/Desktop/turtlebot_ws/install/turtlebot3_gazebo/share/turtlebot3_gazebo//urdf/turtlebot3_waffle.urdf
[5.784s] -- Up-to-date: /home/xh339/Desktop/turtlebot_ws/install/turtlebot3_gazebo/share/turtlebot3_gazebo//urdf/common_properties.urdf
[5.784s] -- Up-to-date: /home/xh339/Desktop/turtlebot_ws/install/turtlebot3_gazebo/share/turtlebot3_gazebo//urdf/turtlebot3_waffle_pi_noisy_imu.urdf
[5.784s] -- Up-to-date: /home/xh339/Desktop/turtlebot_ws/install/turtlebot3_gazebo/share/turtlebot3_gazebo//urdf/turtlebot3_burger.urdf
[5.785s] -- Up-to-date: /home/xh339/Desktop/turtlebot_ws/install/turtlebot3_gazebo/share/turtlebot3_gazebo//urdf/turtlebot3_waffle_pi_stereo.urdf
[5.785s] -- Up-to-date: /home/xh339/Desktop/turtlebot_ws/install/turtlebot3_gazebo/share/turtlebot3_gazebo//worlds
[5.785s] -- Up-to-date: /home/xh339/Desktop/turtlebot_ws/install/turtlebot3_gazebo/share/turtlebot3_gazebo//worlds/turtlebot3_dqn_stage4.world
[5.785s] -- Up-to-date: /home/xh339/Desktop/turtlebot_ws/install/turtlebot3_gazebo/share/turtlebot3_gazebo//worlds/empty_world.world
[5.789s] -- Up-to-date: /home/xh339/Desktop/turtlebot_ws/install/turtlebot3_gazebo/share/turtlebot3_gazebo//worlds/turtlebot3_world_no_sun.world
[5.790s] -- Up-to-date: /home/xh339/Desktop/turtlebot_ws/install/turtlebot3_gazebo/share/turtlebot3_gazebo//worlds/turtlebot3_world.world
[5.791s] -- Up-to-date: /home/xh339/Desktop/turtlebot_ws/install/turtlebot3_gazebo/share/turtlebot3_gazebo//worlds/fog_generator.sdf
[5.792s] -- Up-to-date: /home/xh339/Desktop/turtlebot_ws/install/turtlebot3_gazebo/share/turtlebot3_gazebo//worlds/turtlebot3_dqn_stage2.world
[5.792s] -- Up-to-date: /home/xh339/Desktop/turtlebot_ws/install/turtlebot3_gazebo/share/turtlebot3_gazebo//worlds/turtlebot3_dqn_stage3.world
[5.792s] -- Up-to-date: /home/xh339/Desktop/turtlebot_ws/install/turtlebot3_gazebo/share/turtlebot3_gazebo//worlds/turtlebot3_house.world
[5.792s] -- Up-to-date: /home/xh339/Desktop/turtlebot_ws/install/turtlebot3_gazebo/share/turtlebot3_gazebo//worlds/turtlebot3_dqn_stage1.world
[5.793s] -- Up-to-date: /home/xh339/Desktop/turtlebot_ws/install/turtlebot3_gazebo/share/turtlebot3_gazebo//worlds/empty_world2.world
[5.793s] -- Up-to-date: /home/xh339/Desktop/turtlebot_ws/install/turtlebot3_gazebo/include/
[5.793s] -- Up-to-date: /home/xh339/Desktop/turtlebot_ws/install/turtlebot3_gazebo/include//turtlebot3_gazebo
[5.793s] -- Up-to-date: /home/xh339/Desktop/turtlebot_ws/install/turtlebot3_gazebo/include//turtlebot3_gazebo/turtlebot3_drive.hpp
[5.793s] -- Up-to-date: /home/xh339/Desktop/turtlebot_ws/install/turtlebot3_gazebo/share/ament_index/resource_index/package_run_dependencies/turtlebot3_gazebo
[5.794s] -- Up-to-date: /home/xh339/Desktop/turtlebot_ws/install/turtlebot3_gazebo/share/ament_index/resource_index/parent_prefix_path/turtlebot3_gazebo
[5.794s] -- Up-to-date: /home/xh339/Desktop/turtlebot_ws/install/turtlebot3_gazebo/share/turtlebot3_gazebo/environment/ament_prefix_path.sh
[5.794s] -- Up-to-date: /home/xh339/Desktop/turtlebot_ws/install/turtlebot3_gazebo/share/turtlebot3_gazebo/environment/ament_prefix_path.dsv
[5.794s] -- Up-to-date: /home/xh339/Desktop/turtlebot_ws/install/turtlebot3_gazebo/share/turtlebot3_gazebo/environment/path.sh
[5.794s] -- Up-to-date: /home/xh339/Desktop/turtlebot_ws/install/turtlebot3_gazebo/share/turtlebot3_gazebo/environment/path.dsv
[5.794s] -- Up-to-date: /home/xh339/Desktop/turtlebot_ws/install/turtlebot3_gazebo/share/turtlebot3_gazebo/local_setup.bash
[5.795s] -- Up-to-date: /home/xh339/Desktop/turtlebot_ws/install/turtlebot3_gazebo/share/turtlebot3_gazebo/local_setup.sh
[5.795s] -- Up-to-date: /home/xh339/Desktop/turtlebot_ws/install/turtlebot3_gazebo/share/turtlebot3_gazebo/local_setup.zsh
[5.795s] -- Up-to-date: /home/xh339/Desktop/turtlebot_ws/install/turtlebot3_gazebo/share/turtlebot3_gazebo/local_setup.dsv
[5.795s] -- Installing: /home/xh339/Desktop/turtlebot_ws/install/turtlebot3_gazebo/share/turtlebot3_gazebo/package.dsv
[5.795s] -- Up-to-date: /home/xh339/Desktop/turtlebot_ws/install/turtlebot3_gazebo/share/ament_index/resource_index/packages/turtlebot3_gazebo
[5.795s] -- Up-to-date: /home/xh339/Desktop/turtlebot_ws/install/turtlebot3_gazebo/share/turtlebot3_gazebo/cmake/ament_cmake_export_include_directories-extras.cmake
[5.796s] -- Up-to-date: /home/xh339/Desktop/turtlebot_ws/install/turtlebot3_gazebo/share/turtlebot3_gazebo/cmake/ament_cmake_export_dependencies-extras.cmake
[5.797s] -- Up-to-date: /home/xh339/Desktop/turtlebot_ws/install/turtlebot3_gazebo/share/turtlebot3_gazebo/cmake/turtlebot3_gazeboConfig.cmake
[5.797s] -- Up-to-date: /home/xh339/Desktop/turtlebot_ws/install/turtlebot3_gazebo/share/turtlebot3_gazebo/cmake/turtlebot3_gazeboConfig-version.cmake
[5.798s] -- Up-to-date: /home/xh339/Desktop/turtlebot_ws/install/turtlebot3_gazebo/share/turtlebot3_gazebo/package.xml
[6.499s] Invoked command in '/home/xh339/Desktop/turtlebot_ws/build/turtlebot3_gazebo' returned '0': CMAKE_PREFIX_PATH=/home/xh339/Desktop/turtlebot_ws/install/turtlebot3_navigation2:/home/xh339/Desktop/turtlebot_ws/install/turtlebot3_msgs:/home/xh339/Desktop/turtlebot_ws/install/turtlebot3_gazebo:/home/xh339/Desktop/turtlebot_ws/install/turtlebot3_cartographer:/home/xh339/Desktop/turtlebot_ws/install/turtlebot3_teleop:/home/xh339/Desktop/ros2_ws/install/task79_test:/home/xh339/Desktop/ros2_ws/install/task79:/home/xh339/Desktop/ros2_ws/install/aruco_detect:/home/xh339/dev_ws/install/learning_urdf:/home/xh339/dev_ws/install/learning_topic:/home/xh339/dev_ws/install/learning_tf:/home/xh339/dev_ws/install/learning_service:/home/xh339/dev_ws/install/learning_qos:/home/xh339/dev_ws/install/learning_pkg_python:/home/xh339/dev_ws/install/learning_parameter:/home/xh339/dev_ws/install/learning_node:/home/xh339/dev_ws/install/learning_launch:/home/xh339/dev_ws/install/learning_action:/home/xh339/dev_ws/install/learning_gazebo:/opt/ros/humble:/home/xh339/Desktop/turtlebot_ws/install/realsense_ros_gazebo:/home/xh339/Desktop/ros2_ws/install/task79_interfaces:/home/xh339/dev_ws/install/learning_pkg_c:/home/xh339/dev_ws/install/learning_interface /usr/bin/cmake --install /home/xh339/Desktop/turtlebot_ws/build/turtlebot3_gazebo
