[0.789s] Invoking command in '/home/xh339/Desktop/turtlebot_ws/build/realsense_gazebo_plugin': /usr/bin/cmake /home/xh339/Desktop/turtlebot_ws/src/realsense_gazebo_plugin -DCATKIN_INSTALL_INTO_PREFIX_ROOT=0 -DCMAKE_INSTALL_PREFIX=/home/xh339/Desktop/turtlebot_ws/install/realsense_gazebo_plugin
[0.828s] [0mCMake Deprecation Warning at CMakeLists.txt:1 (cmake_minimum_required):
[0.828s]   Compatibility with CMake < 2.8.12 will be removed from a future version of
[0.828s]   CMake.
[0.829s] 
[0.829s]   Update the VERSION argument <min> value or use a ...<max> suffix to tell
[0.829s]   CMake that the project does not need compatibility with older versions.
[0.829s] 
[0.829s] [0m
[0.912s] -- The C compiler identification is GNU 11.4.0
[0.999s] -- The CXX compiler identification is GNU 11.4.0
[1.009s] -- Detecting C compiler ABI info
[1.117s] -- Detecting C compiler ABI info - done
[1.133s] -- Check for working C compiler: /usr/bin/cc - skipped
[1.133s] -- Detecting C compile features
[1.134s] -- Detecting C compile features - done
[1.139s] -- Detecting CXX compiler ABI info
[1.271s] -- Detecting CXX compiler ABI info - done
[1.288s] -- Check for working CXX compiler: /usr/bin/c++ - skipped
[1.288s] -- Detecting CXX compile features
[1.290s] -- Detecting CXX compile features - done
[1.319s] -- Configuring incomplete, errors occurred!
[1.319s] See also "/home/xh339/Desktop/turtlebot_ws/build/realsense_gazebo_plugin/CMakeFiles/CMakeOutput.log".
[1.319s] [31mCMake Error at CMakeLists.txt:5 (find_package):
[1.319s]   By not providing "Findcatkin.cmake" in CMAKE_MODULE_PATH this project has
[1.319s]   asked CMake to find a package configuration file provided by "catkin", but
[1.320s]   CMake did not find one.
[1.320s] 
[1.320s]   Could not find a package configuration file provided by "catkin" with any
[1.320s]   of the following names:
[1.320s] 
[1.320s]     catkinConfig.cmake
[1.320s]     catkin-config.cmake
[1.320s] 
[1.321s]   Add the installation prefix of "catkin" to CMAKE_PREFIX_PATH or set
[1.321s]   "catkin_DIR" to a directory containing one of the above files.  If "catkin"
[1.322s]   provides a separate development package or SDK, be sure it has been
[1.322s]   installed.
[1.322s] 
[1.322s] [0m
[1.521s] Invoked command in '/home/xh339/Desktop/turtlebot_ws/build/realsense_gazebo_plugin' returned '1': /usr/bin/cmake /home/xh339/Desktop/turtlebot_ws/src/realsense_gazebo_plugin -DCATKIN_INSTALL_INTO_PREFIX_ROOT=0 -DCMAKE_INSTALL_PREFIX=/home/xh339/Desktop/turtlebot_ws/install/realsense_gazebo_plugin
