[1.694s] Invoking command in '/home/xh339/Desktop/turtlebot_ws/build/turtlebot3_msgs': CMAKE_PREFIX_PATH=/home/xh339/Desktop/turtlebot_ws/install/turtlebot3_navigation2:/home/xh339/Desktop/turtlebot_ws/install/turtlebot3_msgs:/home/xh339/Desktop/turtlebot_ws/install/turtlebot3_gazebo:/home/xh339/Desktop/turtlebot_ws/install/turtlebot3_cartographer:/home/xh339/Desktop/turtlebot_ws/install/turtlebot3_teleop:/home/xh339/Desktop/ros2_ws/install/task79_test:/home/xh339/Desktop/ros2_ws/install/task79:/home/xh339/Desktop/ros2_ws/install/aruco_detect:/home/xh339/dev_ws/install/learning_urdf:/home/xh339/dev_ws/install/learning_topic:/home/xh339/dev_ws/install/learning_tf:/home/xh339/dev_ws/install/learning_service:/home/xh339/dev_ws/install/learning_qos:/home/xh339/dev_ws/install/learning_pkg_python:/home/xh339/dev_ws/install/learning_parameter:/home/xh339/dev_ws/install/learning_node:/home/xh339/dev_ws/install/learning_launch:/home/xh339/dev_ws/install/learning_action:/home/xh339/dev_ws/install/learning_gazebo:/opt/ros/humble:/home/xh339/Desktop/turtlebot_ws/install/realsense_ros_gazebo:/home/xh339/Desktop/ros2_ws/install/task79_interfaces:/home/xh339/dev_ws/install/learning_pkg_c:/home/xh339/dev_ws/install/learning_interface /usr/bin/cmake --build /home/xh339/Desktop/turtlebot_ws/build/turtlebot3_msgs -- -j8 -l8
[1.946s] [  1%] Built target turtlebot3_msgs__cpp
[2.070s] [  1%] Built target ament_cmake_python_copy_turtlebot3_msgs
[2.187s] [ 12%] Built target turtlebot3_msgs__rosidl_typesupport_introspection_cpp
[3.393s] running egg_info
[3.397s] writing turtlebot3_msgs.egg-info/PKG-INFO
[3.398s] writing dependency_links to turtlebot3_msgs.egg-info/dependency_links.txt
[3.399s] writing top-level names to turtlebot3_msgs.egg-info/top_level.txt
[3.411s] reading manifest file 'turtlebot3_msgs.egg-info/SOURCES.txt'
[3.413s] writing manifest file 'turtlebot3_msgs.egg-info/SOURCES.txt'
[3.567s] [ 12%] Built target ament_cmake_python_build_turtlebot3_msgs_egg
[3.643s] [ 23%] Built target turtlebot3_msgs__rosidl_typesupport_fastrtps_cpp
[3.800s] [ 35%] Built target turtlebot3_msgs__rosidl_typesupport_cpp
[3.876s] [ 46%] Built target turtlebot3_msgs__rosidl_generator_c
[4.049s] [ 57%] Built target turtlebot3_msgs__rosidl_typesupport_fastrtps_c
[4.226s] [ 69%] Built target turtlebot3_msgs__rosidl_typesupport_c
[4.477s] [ 80%] Built target turtlebot3_msgs__rosidl_typesupport_introspection_c
[4.668s] [ 80%] Built target turtlebot3_msgs
[4.797s] [ 81%] Built target turtlebot3_msgs__py
[4.881s] [ 91%] Built target turtlebot3_msgs__rosidl_generator_py
[4.991s] [ 94%] Built target turtlebot3_msgs__rosidl_typesupport_fastrtps_c__pyext
[5.078s] [ 97%] Built target turtlebot3_msgs__rosidl_typesupport_c__pyext
[5.149s] [100%] Built target turtlebot3_msgs__rosidl_typesupport_introspection_c__pyext
[5.447s] Invoked command in '/home/xh339/Desktop/turtlebot_ws/build/turtlebot3_msgs' returned '0': CMAKE_PREFIX_PATH=/home/xh339/Desktop/turtlebot_ws/install/turtlebot3_navigation2:/home/xh339/Desktop/turtlebot_ws/install/turtlebot3_msgs:/home/xh339/Desktop/turtlebot_ws/install/turtlebot3_gazebo:/home/xh339/Desktop/turtlebot_ws/install/turtlebot3_cartographer:/home/xh339/Desktop/turtlebot_ws/install/turtlebot3_teleop:/home/xh339/Desktop/ros2_ws/install/task79_test:/home/xh339/Desktop/ros2_ws/install/task79:/home/xh339/Desktop/ros2_ws/install/aruco_detect:/home/xh339/dev_ws/install/learning_urdf:/home/xh339/dev_ws/install/learning_topic:/home/xh339/dev_ws/install/learning_tf:/home/xh339/dev_ws/install/learning_service:/home/xh339/dev_ws/install/learning_qos:/home/xh339/dev_ws/install/learning_pkg_python:/home/xh339/dev_ws/install/learning_parameter:/home/xh339/dev_ws/install/learning_node:/home/xh339/dev_ws/install/learning_launch:/home/xh339/dev_ws/install/learning_action:/home/xh339/dev_ws/install/learning_gazebo:/opt/ros/humble:/home/xh339/Desktop/turtlebot_ws/install/realsense_ros_gazebo:/home/xh339/Desktop/ros2_ws/install/task79_interfaces:/home/xh339/dev_ws/install/learning_pkg_c:/home/xh339/dev_ws/install/learning_interface /usr/bin/cmake --build /home/xh339/Desktop/turtlebot_ws/build/turtlebot3_msgs -- -j8 -l8
[7.055s] Invoking command in '/home/xh339/Desktop/turtlebot_ws/build/turtlebot3_msgs': CMAKE_PREFIX_PATH=/home/xh339/Desktop/turtlebot_ws/install/turtlebot3_navigation2:/home/xh339/Desktop/turtlebot_ws/install/turtlebot3_msgs:/home/xh339/Desktop/turtlebot_ws/install/turtlebot3_gazebo:/home/xh339/Desktop/turtlebot_ws/install/turtlebot3_cartographer:/home/xh339/Desktop/turtlebot_ws/install/turtlebot3_teleop:/home/xh339/Desktop/ros2_ws/install/task79_test:/home/xh339/Desktop/ros2_ws/install/task79:/home/xh339/Desktop/ros2_ws/install/aruco_detect:/home/xh339/dev_ws/install/learning_urdf:/home/xh339/dev_ws/install/learning_topic:/home/xh339/dev_ws/install/learning_tf:/home/xh339/dev_ws/install/learning_service:/home/xh339/dev_ws/install/learning_qos:/home/xh339/dev_ws/install/learning_pkg_python:/home/xh339/dev_ws/install/learning_parameter:/home/xh339/dev_ws/install/learning_node:/home/xh339/dev_ws/install/learning_launch:/home/xh339/dev_ws/install/learning_action:/home/xh339/dev_ws/install/learning_gazebo:/opt/ros/humble:/home/xh339/Desktop/turtlebot_ws/install/realsense_ros_gazebo:/home/xh339/Desktop/ros2_ws/install/task79_interfaces:/home/xh339/dev_ws/install/learning_pkg_c:/home/xh339/dev_ws/install/learning_interface /usr/bin/cmake --install /home/xh339/Desktop/turtlebot_ws/build/turtlebot3_msgs
[7.102s] -- Install configuration: ""
[7.102s] -- Up-to-date: /home/xh339/Desktop/turtlebot_ws/install/turtlebot3_msgs/share/ament_index/resource_index/rosidl_interfaces/turtlebot3_msgs
[7.105s] -- Up-to-date: /home/xh339/Desktop/turtlebot_ws/install/turtlebot3_msgs/include/turtlebot3_msgs/turtlebot3_msgs
[7.107s] -- Up-to-date: /home/xh339/Desktop/turtlebot_ws/install/turtlebot3_msgs/include/turtlebot3_msgs/turtlebot3_msgs/msg
[7.108s] -- Up-to-date: /home/xh339/Desktop/turtlebot_ws/install/turtlebot3_msgs/include/turtlebot3_msgs/turtlebot3_msgs/msg/version_info.h
[7.111s] -- Up-to-date: /home/xh339/Desktop/turtlebot_ws/install/turtlebot3_msgs/include/turtlebot3_msgs/turtlebot3_msgs/msg/sensor_state.h
[7.112s] -- Up-to-date: /home/xh339/Desktop/turtlebot_ws/install/turtlebot3_msgs/include/turtlebot3_msgs/turtlebot3_msgs/msg/detail
[7.112s] -- Up-to-date: /home/xh339/Desktop/turtlebot_ws/install/turtlebot3_msgs/include/turtlebot3_msgs/turtlebot3_msgs/msg/detail/sound__type_support.h
[7.113s] -- Up-to-date: /home/xh339/Desktop/turtlebot_ws/install/turtlebot3_msgs/include/turtlebot3_msgs/turtlebot3_msgs/msg/detail/sensor_state__type_support.h
[7.113s] -- Up-to-date: /home/xh339/Desktop/turtlebot_ws/install/turtlebot3_msgs/include/turtlebot3_msgs/turtlebot3_msgs/msg/detail/sensor_state__functions.h
[7.114s] -- Up-to-date: /home/xh339/Desktop/turtlebot_ws/install/turtlebot3_msgs/include/turtlebot3_msgs/turtlebot3_msgs/msg/detail/version_info__struct.h
[7.115s] -- Up-to-date: /home/xh339/Desktop/turtlebot_ws/install/turtlebot3_msgs/include/turtlebot3_msgs/turtlebot3_msgs/msg/detail/sound__functions.h
[7.115s] -- Up-to-date: /home/xh339/Desktop/turtlebot_ws/install/turtlebot3_msgs/include/turtlebot3_msgs/turtlebot3_msgs/msg/detail/sensor_state__functions.c
[7.117s] -- Up-to-date: /home/xh339/Desktop/turtlebot_ws/install/turtlebot3_msgs/include/turtlebot3_msgs/turtlebot3_msgs/msg/detail/sensor_state__struct.h
[7.118s] -- Up-to-date: /home/xh339/Desktop/turtlebot_ws/install/turtlebot3_msgs/include/turtlebot3_msgs/turtlebot3_msgs/msg/detail/sound__functions.c
[7.119s] -- Up-to-date: /home/xh339/Desktop/turtlebot_ws/install/turtlebot3_msgs/include/turtlebot3_msgs/turtlebot3_msgs/msg/detail/version_info__functions.c
[7.119s] -- Up-to-date: /home/xh339/Desktop/turtlebot_ws/install/turtlebot3_msgs/include/turtlebot3_msgs/turtlebot3_msgs/msg/detail/sound__struct.h
[7.120s] -- Up-to-date: /home/xh339/Desktop/turtlebot_ws/install/turtlebot3_msgs/include/turtlebot3_msgs/turtlebot3_msgs/msg/detail/version_info__type_support.h
[7.122s] -- Up-to-date: /home/xh339/Desktop/turtlebot_ws/install/turtlebot3_msgs/include/turtlebot3_msgs/turtlebot3_msgs/msg/detail/version_info__functions.h
[7.123s] -- Up-to-date: /home/xh339/Desktop/turtlebot_ws/install/turtlebot3_msgs/include/turtlebot3_msgs/turtlebot3_msgs/msg/rosidl_generator_c__visibility_control.h
[7.124s] -- Up-to-date: /home/xh339/Desktop/turtlebot_ws/install/turtlebot3_msgs/include/turtlebot3_msgs/turtlebot3_msgs/msg/sound.h
[7.125s] -- Up-to-date: /home/xh339/Desktop/turtlebot_ws/install/turtlebot3_msgs/include/turtlebot3_msgs/turtlebot3_msgs/action
[7.125s] -- Up-to-date: /home/xh339/Desktop/turtlebot_ws/install/turtlebot3_msgs/include/turtlebot3_msgs/turtlebot3_msgs/action/patrol.h
[7.129s] -- Up-to-date: /home/xh339/Desktop/turtlebot_ws/install/turtlebot3_msgs/include/turtlebot3_msgs/turtlebot3_msgs/action/detail
[7.131s] -- Up-to-date: /home/xh339/Desktop/turtlebot_ws/install/turtlebot3_msgs/include/turtlebot3_msgs/turtlebot3_msgs/action/detail/patrol__struct.h
[7.136s] -- Up-to-date: /home/xh339/Desktop/turtlebot_ws/install/turtlebot3_msgs/include/turtlebot3_msgs/turtlebot3_msgs/action/detail/patrol__functions.h
[7.136s] -- Up-to-date: /home/xh339/Desktop/turtlebot_ws/install/turtlebot3_msgs/include/turtlebot3_msgs/turtlebot3_msgs/action/detail/patrol__type_support.h
[7.137s] -- Up-to-date: /home/xh339/Desktop/turtlebot_ws/install/turtlebot3_msgs/include/turtlebot3_msgs/turtlebot3_msgs/action/detail/patrol__functions.c
[7.138s] -- Up-to-date: /home/xh339/Desktop/turtlebot_ws/install/turtlebot3_msgs/include/turtlebot3_msgs/turtlebot3_msgs/srv
[7.138s] -- Up-to-date: /home/xh339/Desktop/turtlebot_ws/install/turtlebot3_msgs/include/turtlebot3_msgs/turtlebot3_msgs/srv/dqn.h
[7.138s] -- Up-to-date: /home/xh339/Desktop/turtlebot_ws/install/turtlebot3_msgs/include/turtlebot3_msgs/turtlebot3_msgs/srv/detail
[7.138s] -- Up-to-date: /home/xh339/Desktop/turtlebot_ws/install/turtlebot3_msgs/include/turtlebot3_msgs/turtlebot3_msgs/srv/detail/sound__type_support.h
[7.139s] -- Up-to-date: /home/xh339/Desktop/turtlebot_ws/install/turtlebot3_msgs/include/turtlebot3_msgs/turtlebot3_msgs/srv/detail/dqn__functions.c
[7.139s] -- Up-to-date: /home/xh339/Desktop/turtlebot_ws/install/turtlebot3_msgs/include/turtlebot3_msgs/turtlebot3_msgs/srv/detail/sound__functions.h
[7.139s] -- Up-to-date: /home/xh339/Desktop/turtlebot_ws/install/turtlebot3_msgs/include/turtlebot3_msgs/turtlebot3_msgs/srv/detail/dqn__functions.h
[7.139s] -- Up-to-date: /home/xh339/Desktop/turtlebot_ws/install/turtlebot3_msgs/include/turtlebot3_msgs/turtlebot3_msgs/srv/detail/dqn__struct.h
[7.139s] -- Up-to-date: /home/xh339/Desktop/turtlebot_ws/install/turtlebot3_msgs/include/turtlebot3_msgs/turtlebot3_msgs/srv/detail/sound__functions.c
[7.139s] -- Up-to-date: /home/xh339/Desktop/turtlebot_ws/install/turtlebot3_msgs/include/turtlebot3_msgs/turtlebot3_msgs/srv/detail/dqn__type_support.h
[7.140s] -- Up-to-date: /home/xh339/Desktop/turtlebot_ws/install/turtlebot3_msgs/include/turtlebot3_msgs/turtlebot3_msgs/srv/detail/sound__struct.h
[7.140s] -- Up-to-date: /home/xh339/Desktop/turtlebot_ws/install/turtlebot3_msgs/include/turtlebot3_msgs/turtlebot3_msgs/srv/sound.h
[7.140s] -- Up-to-date: /home/xh339/Desktop/turtlebot_ws/install/turtlebot3_msgs/share/turtlebot3_msgs/environment/library_path.sh
[7.140s] -- Up-to-date: /home/xh339/Desktop/turtlebot_ws/install/turtlebot3_msgs/share/turtlebot3_msgs/environment/library_path.dsv
[7.140s] -- Up-to-date: /home/xh339/Desktop/turtlebot_ws/install/turtlebot3_msgs/lib/libturtlebot3_msgs__rosidl_generator_c.so
[7.141s] -- Up-to-date: /home/xh339/Desktop/turtlebot_ws/install/turtlebot3_msgs/include/turtlebot3_msgs/turtlebot3_msgs
[7.141s] -- Up-to-date: /home/xh339/Desktop/turtlebot_ws/install/turtlebot3_msgs/include/turtlebot3_msgs/turtlebot3_msgs/msg
[7.141s] -- Up-to-date: /home/xh339/Desktop/turtlebot_ws/install/turtlebot3_msgs/include/turtlebot3_msgs/turtlebot3_msgs/msg/detail
[7.141s] -- Up-to-date: /home/xh339/Desktop/turtlebot_ws/install/turtlebot3_msgs/include/turtlebot3_msgs/turtlebot3_msgs/msg/detail/sensor_state__rosidl_typesupport_fastrtps_c.h
[7.158s] -- Up-to-date: /home/xh339/Desktop/turtlebot_ws/install/turtlebot3_msgs/include/turtlebot3_msgs/turtlebot3_msgs/msg/detail/version_info__rosidl_typesupport_fastrtps_c.h
[7.159s] -- Up-to-date: /home/xh339/Desktop/turtlebot_ws/install/turtlebot3_msgs/include/turtlebot3_msgs/turtlebot3_msgs/msg/detail/sound__rosidl_typesupport_fastrtps_c.h
[7.159s] -- Up-to-date: /home/xh339/Desktop/turtlebot_ws/install/turtlebot3_msgs/include/turtlebot3_msgs/turtlebot3_msgs/msg/rosidl_typesupport_fastrtps_c__visibility_control.h
[7.159s] -- Up-to-date: /home/xh339/Desktop/turtlebot_ws/install/turtlebot3_msgs/include/turtlebot3_msgs/turtlebot3_msgs/action
[7.159s] -- Up-to-date: /home/xh339/Desktop/turtlebot_ws/install/turtlebot3_msgs/include/turtlebot3_msgs/turtlebot3_msgs/action/detail
[7.159s] -- Up-to-date: /home/xh339/Desktop/turtlebot_ws/install/turtlebot3_msgs/include/turtlebot3_msgs/turtlebot3_msgs/action/detail/patrol__rosidl_typesupport_fastrtps_c.h
[7.160s] -- Up-to-date: /home/xh339/Desktop/turtlebot_ws/install/turtlebot3_msgs/include/turtlebot3_msgs/turtlebot3_msgs/srv
[7.160s] -- Up-to-date: /home/xh339/Desktop/turtlebot_ws/install/turtlebot3_msgs/include/turtlebot3_msgs/turtlebot3_msgs/srv/detail
[7.160s] -- Up-to-date: /home/xh339/Desktop/turtlebot_ws/install/turtlebot3_msgs/include/turtlebot3_msgs/turtlebot3_msgs/srv/detail/sound__rosidl_typesupport_fastrtps_c.h
[7.160s] -- Up-to-date: /home/xh339/Desktop/turtlebot_ws/install/turtlebot3_msgs/include/turtlebot3_msgs/turtlebot3_msgs/srv/detail/dqn__rosidl_typesupport_fastrtps_c.h
[7.160s] -- Up-to-date: /home/xh339/Desktop/turtlebot_ws/install/turtlebot3_msgs/lib/libturtlebot3_msgs__rosidl_typesupport_fastrtps_c.so
[7.161s] -- Up-to-date: /home/xh339/Desktop/turtlebot_ws/install/turtlebot3_msgs/include/turtlebot3_msgs/turtlebot3_msgs
[7.162s] -- Up-to-date: /home/xh339/Desktop/turtlebot_ws/install/turtlebot3_msgs/include/turtlebot3_msgs/turtlebot3_msgs/msg
[7.162s] -- Up-to-date: /home/xh339/Desktop/turtlebot_ws/install/turtlebot3_msgs/include/turtlebot3_msgs/turtlebot3_msgs/msg/sensor_state.hpp
[7.162s] -- Up-to-date: /home/xh339/Desktop/turtlebot_ws/install/turtlebot3_msgs/include/turtlebot3_msgs/turtlebot3_msgs/msg/detail
[7.162s] -- Up-to-date: /home/xh339/Desktop/turtlebot_ws/install/turtlebot3_msgs/include/turtlebot3_msgs/turtlebot3_msgs/msg/detail/sound__struct.hpp
[7.163s] -- Up-to-date: /home/xh339/Desktop/turtlebot_ws/install/turtlebot3_msgs/include/turtlebot3_msgs/turtlebot3_msgs/msg/detail/sound__builder.hpp
[7.163s] -- Up-to-date: /home/xh339/Desktop/turtlebot_ws/install/turtlebot3_msgs/include/turtlebot3_msgs/turtlebot3_msgs/msg/detail/version_info__struct.hpp
[7.163s] -- Up-to-date: /home/xh339/Desktop/turtlebot_ws/install/turtlebot3_msgs/include/turtlebot3_msgs/turtlebot3_msgs/msg/detail/version_info__traits.hpp
[7.163s] -- Up-to-date: /home/xh339/Desktop/turtlebot_ws/install/turtlebot3_msgs/include/turtlebot3_msgs/turtlebot3_msgs/msg/detail/sensor_state__builder.hpp
[7.164s] -- Up-to-date: /home/xh339/Desktop/turtlebot_ws/install/turtlebot3_msgs/include/turtlebot3_msgs/turtlebot3_msgs/msg/detail/version_info__builder.hpp
[7.164s] -- Up-to-date: /home/xh339/Desktop/turtlebot_ws/install/turtlebot3_msgs/include/turtlebot3_msgs/turtlebot3_msgs/msg/detail/sensor_state__struct.hpp
[7.164s] -- Up-to-date: /home/xh339/Desktop/turtlebot_ws/install/turtlebot3_msgs/include/turtlebot3_msgs/turtlebot3_msgs/msg/detail/sensor_state__traits.hpp
[7.164s] -- Up-to-date: /home/xh339/Desktop/turtlebot_ws/install/turtlebot3_msgs/include/turtlebot3_msgs/turtlebot3_msgs/msg/detail/sound__traits.hpp
[7.165s] -- Up-to-date: /home/xh339/Desktop/turtlebot_ws/install/turtlebot3_msgs/include/turtlebot3_msgs/turtlebot3_msgs/msg/sound.hpp
[7.165s] -- Up-to-date: /home/xh339/Desktop/turtlebot_ws/install/turtlebot3_msgs/include/turtlebot3_msgs/turtlebot3_msgs/msg/version_info.hpp
[7.165s] -- Up-to-date: /home/xh339/Desktop/turtlebot_ws/install/turtlebot3_msgs/include/turtlebot3_msgs/turtlebot3_msgs/action
[7.165s] -- Up-to-date: /home/xh339/Desktop/turtlebot_ws/install/turtlebot3_msgs/include/turtlebot3_msgs/turtlebot3_msgs/action/patrol.hpp
[7.165s] -- Up-to-date: /home/xh339/Desktop/turtlebot_ws/install/turtlebot3_msgs/include/turtlebot3_msgs/turtlebot3_msgs/action/detail
[7.165s] -- Up-to-date: /home/xh339/Desktop/turtlebot_ws/install/turtlebot3_msgs/include/turtlebot3_msgs/turtlebot3_msgs/action/detail/patrol__builder.hpp
[7.166s] -- Up-to-date: /home/xh339/Desktop/turtlebot_ws/install/turtlebot3_msgs/include/turtlebot3_msgs/turtlebot3_msgs/action/detail/patrol__traits.hpp
[7.166s] -- Up-to-date: /home/xh339/Desktop/turtlebot_ws/install/turtlebot3_msgs/include/turtlebot3_msgs/turtlebot3_msgs/action/detail/patrol__struct.hpp
[7.166s] -- Up-to-date: /home/xh339/Desktop/turtlebot_ws/install/turtlebot3_msgs/include/turtlebot3_msgs/turtlebot3_msgs/srv
[7.166s] -- Up-to-date: /home/xh339/Desktop/turtlebot_ws/install/turtlebot3_msgs/include/turtlebot3_msgs/turtlebot3_msgs/srv/dqn.hpp
[7.166s] -- Up-to-date: /home/xh339/Desktop/turtlebot_ws/install/turtlebot3_msgs/include/turtlebot3_msgs/turtlebot3_msgs/srv/detail
[7.167s] -- Up-to-date: /home/xh339/Desktop/turtlebot_ws/install/turtlebot3_msgs/include/turtlebot3_msgs/turtlebot3_msgs/srv/detail/sound__struct.hpp
[7.167s] -- Up-to-date: /home/xh339/Desktop/turtlebot_ws/install/turtlebot3_msgs/include/turtlebot3_msgs/turtlebot3_msgs/srv/detail/dqn__builder.hpp
[7.167s] -- Up-to-date: /home/xh339/Desktop/turtlebot_ws/install/turtlebot3_msgs/include/turtlebot3_msgs/turtlebot3_msgs/srv/detail/sound__builder.hpp
[7.167s] -- Up-to-date: /home/xh339/Desktop/turtlebot_ws/install/turtlebot3_msgs/include/turtlebot3_msgs/turtlebot3_msgs/srv/detail/dqn__struct.hpp
[7.167s] -- Up-to-date: /home/xh339/Desktop/turtlebot_ws/install/turtlebot3_msgs/include/turtlebot3_msgs/turtlebot3_msgs/srv/detail/dqn__traits.hpp
[7.167s] -- Up-to-date: /home/xh339/Desktop/turtlebot_ws/install/turtlebot3_msgs/include/turtlebot3_msgs/turtlebot3_msgs/srv/detail/sound__traits.hpp
[7.168s] -- Up-to-date: /home/xh339/Desktop/turtlebot_ws/install/turtlebot3_msgs/include/turtlebot3_msgs/turtlebot3_msgs/srv/sound.hpp
[7.168s] -- Up-to-date: /home/xh339/Desktop/turtlebot_ws/install/turtlebot3_msgs/include/turtlebot3_msgs/turtlebot3_msgs
[7.168s] -- Up-to-date: /home/xh339/Desktop/turtlebot_ws/install/turtlebot3_msgs/include/turtlebot3_msgs/turtlebot3_msgs/msg
[7.168s] -- Up-to-date: /home/xh339/Desktop/turtlebot_ws/install/turtlebot3_msgs/include/turtlebot3_msgs/turtlebot3_msgs/msg/rosidl_typesupport_fastrtps_cpp__visibility_control.h
[7.168s] -- Up-to-date: /home/xh339/Desktop/turtlebot_ws/install/turtlebot3_msgs/include/turtlebot3_msgs/turtlebot3_msgs/msg/detail
[7.169s] -- Up-to-date: /home/xh339/Desktop/turtlebot_ws/install/turtlebot3_msgs/include/turtlebot3_msgs/turtlebot3_msgs/msg/detail/sensor_state__rosidl_typesupport_fastrtps_cpp.hpp
[7.170s] -- Up-to-date: /home/xh339/Desktop/turtlebot_ws/install/turtlebot3_msgs/include/turtlebot3_msgs/turtlebot3_msgs/msg/detail/dds_fastrtps
[7.170s] -- Up-to-date: /home/xh339/Desktop/turtlebot_ws/install/turtlebot3_msgs/include/turtlebot3_msgs/turtlebot3_msgs/msg/detail/sound__rosidl_typesupport_fastrtps_cpp.hpp
[7.171s] -- Up-to-date: /home/xh339/Desktop/turtlebot_ws/install/turtlebot3_msgs/include/turtlebot3_msgs/turtlebot3_msgs/msg/detail/version_info__rosidl_typesupport_fastrtps_cpp.hpp
[7.171s] -- Up-to-date: /home/xh339/Desktop/turtlebot_ws/install/turtlebot3_msgs/include/turtlebot3_msgs/turtlebot3_msgs/action
[7.171s] -- Up-to-date: /home/xh339/Desktop/turtlebot_ws/install/turtlebot3_msgs/include/turtlebot3_msgs/turtlebot3_msgs/action/detail
[7.172s] -- Up-to-date: /home/xh339/Desktop/turtlebot_ws/install/turtlebot3_msgs/include/turtlebot3_msgs/turtlebot3_msgs/action/detail/patrol__rosidl_typesupport_fastrtps_cpp.hpp
[7.172s] -- Up-to-date: /home/xh339/Desktop/turtlebot_ws/install/turtlebot3_msgs/include/turtlebot3_msgs/turtlebot3_msgs/action/detail/dds_fastrtps
[7.173s] -- Up-to-date: /home/xh339/Desktop/turtlebot_ws/install/turtlebot3_msgs/include/turtlebot3_msgs/turtlebot3_msgs/srv
[7.174s] -- Up-to-date: /home/xh339/Desktop/turtlebot_ws/install/turtlebot3_msgs/include/turtlebot3_msgs/turtlebot3_msgs/srv/detail
[7.174s] -- Up-to-date: /home/xh339/Desktop/turtlebot_ws/install/turtlebot3_msgs/include/turtlebot3_msgs/turtlebot3_msgs/srv/detail/dds_fastrtps
[7.174s] -- Up-to-date: /home/xh339/Desktop/turtlebot_ws/install/turtlebot3_msgs/include/turtlebot3_msgs/turtlebot3_msgs/srv/detail/sound__rosidl_typesupport_fastrtps_cpp.hpp
[7.174s] -- Up-to-date: /home/xh339/Desktop/turtlebot_ws/install/turtlebot3_msgs/include/turtlebot3_msgs/turtlebot3_msgs/srv/detail/dqn__rosidl_typesupport_fastrtps_cpp.hpp
[7.175s] -- Up-to-date: /home/xh339/Desktop/turtlebot_ws/install/turtlebot3_msgs/lib/libturtlebot3_msgs__rosidl_typesupport_fastrtps_cpp.so
[7.175s] -- Up-to-date: /home/xh339/Desktop/turtlebot_ws/install/turtlebot3_msgs/include/turtlebot3_msgs/turtlebot3_msgs
[7.190s] -- Up-to-date: /home/xh339/Desktop/turtlebot_ws/install/turtlebot3_msgs/include/turtlebot3_msgs/turtlebot3_msgs/msg
[7.190s] -- Up-to-date: /home/xh339/Desktop/turtlebot_ws/install/turtlebot3_msgs/include/turtlebot3_msgs/turtlebot3_msgs/msg/detail
[7.191s] -- Up-to-date: /home/xh339/Desktop/turtlebot_ws/install/turtlebot3_msgs/include/turtlebot3_msgs/turtlebot3_msgs/msg/detail/sound__type_support.c
[7.192s] -- Up-to-date: /home/xh339/Desktop/turtlebot_ws/install/turtlebot3_msgs/include/turtlebot3_msgs/turtlebot3_msgs/msg/detail/version_info__rosidl_typesupport_introspection_c.h
[7.192s] -- Up-to-date: /home/xh339/Desktop/turtlebot_ws/install/turtlebot3_msgs/include/turtlebot3_msgs/turtlebot3_msgs/msg/detail/sensor_state__type_support.c
[7.192s] -- Up-to-date: /home/xh339/Desktop/turtlebot_ws/install/turtlebot3_msgs/include/turtlebot3_msgs/turtlebot3_msgs/msg/detail/sound__rosidl_typesupport_introspection_c.h
[7.192s] -- Up-to-date: /home/xh339/Desktop/turtlebot_ws/install/turtlebot3_msgs/include/turtlebot3_msgs/turtlebot3_msgs/msg/detail/version_info__type_support.c
[7.193s] -- Up-to-date: /home/xh339/Desktop/turtlebot_ws/install/turtlebot3_msgs/include/turtlebot3_msgs/turtlebot3_msgs/msg/detail/sensor_state__rosidl_typesupport_introspection_c.h
[7.193s] -- Up-to-date: /home/xh339/Desktop/turtlebot_ws/install/turtlebot3_msgs/include/turtlebot3_msgs/turtlebot3_msgs/msg/rosidl_typesupport_introspection_c__visibility_control.h
[7.193s] -- Up-to-date: /home/xh339/Desktop/turtlebot_ws/install/turtlebot3_msgs/include/turtlebot3_msgs/turtlebot3_msgs/action
[7.193s] -- Up-to-date: /home/xh339/Desktop/turtlebot_ws/install/turtlebot3_msgs/include/turtlebot3_msgs/turtlebot3_msgs/action/detail
[7.193s] -- Up-to-date: /home/xh339/Desktop/turtlebot_ws/install/turtlebot3_msgs/include/turtlebot3_msgs/turtlebot3_msgs/action/detail/patrol__rosidl_typesupport_introspection_c.h
[7.194s] -- Up-to-date: /home/xh339/Desktop/turtlebot_ws/install/turtlebot3_msgs/include/turtlebot3_msgs/turtlebot3_msgs/action/detail/patrol__type_support.c
[7.194s] -- Up-to-date: /home/xh339/Desktop/turtlebot_ws/install/turtlebot3_msgs/include/turtlebot3_msgs/turtlebot3_msgs/srv
[7.194s] -- Up-to-date: /home/xh339/Desktop/turtlebot_ws/install/turtlebot3_msgs/include/turtlebot3_msgs/turtlebot3_msgs/srv/detail
[7.194s] -- Up-to-date: /home/xh339/Desktop/turtlebot_ws/install/turtlebot3_msgs/include/turtlebot3_msgs/turtlebot3_msgs/srv/detail/sound__type_support.c
[7.194s] -- Up-to-date: /home/xh339/Desktop/turtlebot_ws/install/turtlebot3_msgs/include/turtlebot3_msgs/turtlebot3_msgs/srv/detail/dqn__rosidl_typesupport_introspection_c.h
[7.195s] -- Up-to-date: /home/xh339/Desktop/turtlebot_ws/install/turtlebot3_msgs/include/turtlebot3_msgs/turtlebot3_msgs/srv/detail/sound__rosidl_typesupport_introspection_c.h
[7.195s] -- Up-to-date: /home/xh339/Desktop/turtlebot_ws/install/turtlebot3_msgs/include/turtlebot3_msgs/turtlebot3_msgs/srv/detail/dqn__type_support.c
[7.198s] -- Up-to-date: /home/xh339/Desktop/turtlebot_ws/install/turtlebot3_msgs/lib/libturtlebot3_msgs__rosidl_typesupport_introspection_c.so
[7.199s] -- Up-to-date: /home/xh339/Desktop/turtlebot_ws/install/turtlebot3_msgs/lib/libturtlebot3_msgs__rosidl_typesupport_c.so
[7.199s] -- Up-to-date: /home/xh339/Desktop/turtlebot_ws/install/turtlebot3_msgs/include/turtlebot3_msgs/turtlebot3_msgs
[7.199s] -- Up-to-date: /home/xh339/Desktop/turtlebot_ws/install/turtlebot3_msgs/include/turtlebot3_msgs/turtlebot3_msgs/msg
[7.199s] -- Up-to-date: /home/xh339/Desktop/turtlebot_ws/install/turtlebot3_msgs/include/turtlebot3_msgs/turtlebot3_msgs/msg/detail
[7.199s] -- Up-to-date: /home/xh339/Desktop/turtlebot_ws/install/turtlebot3_msgs/include/turtlebot3_msgs/turtlebot3_msgs/msg/detail/sensor_state__type_support.cpp
[7.200s] -- Up-to-date: /home/xh339/Desktop/turtlebot_ws/install/turtlebot3_msgs/include/turtlebot3_msgs/turtlebot3_msgs/msg/detail/sound__type_support.cpp
[7.200s] -- Up-to-date: /home/xh339/Desktop/turtlebot_ws/install/turtlebot3_msgs/include/turtlebot3_msgs/turtlebot3_msgs/msg/detail/sensor_state__rosidl_typesupport_introspection_cpp.hpp
[7.200s] -- Up-to-date: /home/xh339/Desktop/turtlebot_ws/install/turtlebot3_msgs/include/turtlebot3_msgs/turtlebot3_msgs/msg/detail/version_info__rosidl_typesupport_introspection_cpp.hpp
[7.201s] -- Up-to-date: /home/xh339/Desktop/turtlebot_ws/install/turtlebot3_msgs/include/turtlebot3_msgs/turtlebot3_msgs/msg/detail/version_info__type_support.cpp
[7.201s] -- Up-to-date: /home/xh339/Desktop/turtlebot_ws/install/turtlebot3_msgs/include/turtlebot3_msgs/turtlebot3_msgs/msg/detail/sound__rosidl_typesupport_introspection_cpp.hpp
[7.201s] -- Up-to-date: /home/xh339/Desktop/turtlebot_ws/install/turtlebot3_msgs/include/turtlebot3_msgs/turtlebot3_msgs/action
[7.202s] -- Up-to-date: /home/xh339/Desktop/turtlebot_ws/install/turtlebot3_msgs/include/turtlebot3_msgs/turtlebot3_msgs/action/detail
[7.202s] -- Up-to-date: /home/xh339/Desktop/turtlebot_ws/install/turtlebot3_msgs/include/turtlebot3_msgs/turtlebot3_msgs/action/detail/patrol__type_support.cpp
[7.203s] -- Up-to-date: /home/xh339/Desktop/turtlebot_ws/install/turtlebot3_msgs/include/turtlebot3_msgs/turtlebot3_msgs/action/detail/patrol__rosidl_typesupport_introspection_cpp.hpp
[7.203s] -- Up-to-date: /home/xh339/Desktop/turtlebot_ws/install/turtlebot3_msgs/include/turtlebot3_msgs/turtlebot3_msgs/srv
[7.204s] -- Up-to-date: /home/xh339/Desktop/turtlebot_ws/install/turtlebot3_msgs/include/turtlebot3_msgs/turtlebot3_msgs/srv/detail
[7.204s] -- Up-to-date: /home/xh339/Desktop/turtlebot_ws/install/turtlebot3_msgs/include/turtlebot3_msgs/turtlebot3_msgs/srv/detail/dqn__rosidl_typesupport_introspection_cpp.hpp
[7.206s] -- Up-to-date: /home/xh339/Desktop/turtlebot_ws/install/turtlebot3_msgs/include/turtlebot3_msgs/turtlebot3_msgs/srv/detail/dqn__type_support.cpp
[7.206s] -- Up-to-date: /home/xh339/Desktop/turtlebot_ws/install/turtlebot3_msgs/include/turtlebot3_msgs/turtlebot3_msgs/srv/detail/sound__type_support.cpp
[7.207s] -- Up-to-date: /home/xh339/Desktop/turtlebot_ws/install/turtlebot3_msgs/include/turtlebot3_msgs/turtlebot3_msgs/srv/detail/sound__rosidl_typesupport_introspection_cpp.hpp
[7.207s] -- Up-to-date: /home/xh339/Desktop/turtlebot_ws/install/turtlebot3_msgs/lib/libturtlebot3_msgs__rosidl_typesupport_introspection_cpp.so
[7.207s] -- Up-to-date: /home/xh339/Desktop/turtlebot_ws/install/turtlebot3_msgs/lib/libturtlebot3_msgs__rosidl_typesupport_cpp.so
[7.207s] -- Up-to-date: /home/xh339/Desktop/turtlebot_ws/install/turtlebot3_msgs/share/turtlebot3_msgs/environment/pythonpath.sh
[7.207s] -- Up-to-date: /home/xh339/Desktop/turtlebot_ws/install/turtlebot3_msgs/share/turtlebot3_msgs/environment/pythonpath.dsv
[7.222s] -- Up-to-date: /home/xh339/Desktop/turtlebot_ws/install/turtlebot3_msgs/local/lib/python3.10/dist-packages/turtlebot3_msgs-2.2.3-py3.10.egg-info
[7.224s] -- Installing: /home/xh339/Desktop/turtlebot_ws/install/turtlebot3_msgs/local/lib/python3.10/dist-packages/turtlebot3_msgs-2.2.3-py3.10.egg-info/top_level.txt
[7.226s] -- Installing: /home/xh339/Desktop/turtlebot_ws/install/turtlebot3_msgs/local/lib/python3.10/dist-packages/turtlebot3_msgs-2.2.3-py3.10.egg-info/SOURCES.txt
[7.226s] -- Installing: /home/xh339/Desktop/turtlebot_ws/install/turtlebot3_msgs/local/lib/python3.10/dist-packages/turtlebot3_msgs-2.2.3-py3.10.egg-info/dependency_links.txt
[7.226s] -- Installing: /home/xh339/Desktop/turtlebot_ws/install/turtlebot3_msgs/local/lib/python3.10/dist-packages/turtlebot3_msgs-2.2.3-py3.10.egg-info/PKG-INFO
[7.226s] -- Up-to-date: /home/xh339/Desktop/turtlebot_ws/install/turtlebot3_msgs/local/lib/python3.10/dist-packages/turtlebot3_msgs
[7.227s] -- Up-to-date: /home/xh339/Desktop/turtlebot_ws/install/turtlebot3_msgs/local/lib/python3.10/dist-packages/turtlebot3_msgs/msg
[7.227s] -- Up-to-date: /home/xh339/Desktop/turtlebot_ws/install/turtlebot3_msgs/local/lib/python3.10/dist-packages/turtlebot3_msgs/msg/__init__.py
[7.228s] -- Up-to-date: /home/xh339/Desktop/turtlebot_ws/install/turtlebot3_msgs/local/lib/python3.10/dist-packages/turtlebot3_msgs/msg/_version_info.py
[7.228s] -- Up-to-date: /home/xh339/Desktop/turtlebot_ws/install/turtlebot3_msgs/local/lib/python3.10/dist-packages/turtlebot3_msgs/msg/_sound.py
[7.228s] -- Up-to-date: /home/xh339/Desktop/turtlebot_ws/install/turtlebot3_msgs/local/lib/python3.10/dist-packages/turtlebot3_msgs/msg/_version_info_s.c
[7.229s] -- Up-to-date: /home/xh339/Desktop/turtlebot_ws/install/turtlebot3_msgs/local/lib/python3.10/dist-packages/turtlebot3_msgs/msg/_sound_s.c
[7.229s] -- Up-to-date: /home/xh339/Desktop/turtlebot_ws/install/turtlebot3_msgs/local/lib/python3.10/dist-packages/turtlebot3_msgs/msg/_sensor_state_s.c
[7.229s] -- Up-to-date: /home/xh339/Desktop/turtlebot_ws/install/turtlebot3_msgs/local/lib/python3.10/dist-packages/turtlebot3_msgs/msg/_sensor_state.py
[7.229s] -- Up-to-date: /home/xh339/Desktop/turtlebot_ws/install/turtlebot3_msgs/local/lib/python3.10/dist-packages/turtlebot3_msgs/__init__.py
[7.230s] -- Up-to-date: /home/xh339/Desktop/turtlebot_ws/install/turtlebot3_msgs/local/lib/python3.10/dist-packages/turtlebot3_msgs/_turtlebot3_msgs_s.ep.rosidl_typesupport_introspection_c.c
[7.230s] -- Up-to-date: /home/xh339/Desktop/turtlebot_ws/install/turtlebot3_msgs/local/lib/python3.10/dist-packages/turtlebot3_msgs/_turtlebot3_msgs_s.ep.rosidl_typesupport_c.c
[7.230s] -- Up-to-date: /home/xh339/Desktop/turtlebot_ws/install/turtlebot3_msgs/local/lib/python3.10/dist-packages/turtlebot3_msgs/_turtlebot3_msgs_s.ep.rosidl_typesupport_fastrtps_c.c
[7.230s] -- Up-to-date: /home/xh339/Desktop/turtlebot_ws/install/turtlebot3_msgs/local/lib/python3.10/dist-packages/turtlebot3_msgs/libturtlebot3_msgs__rosidl_generator_py.so
[7.230s] -- Up-to-date: /home/xh339/Desktop/turtlebot_ws/install/turtlebot3_msgs/local/lib/python3.10/dist-packages/turtlebot3_msgs/action
[7.231s] -- Up-to-date: /home/xh339/Desktop/turtlebot_ws/install/turtlebot3_msgs/local/lib/python3.10/dist-packages/turtlebot3_msgs/action/__init__.py
[7.231s] -- Up-to-date: /home/xh339/Desktop/turtlebot_ws/install/turtlebot3_msgs/local/lib/python3.10/dist-packages/turtlebot3_msgs/action/_patrol_s.c
[7.231s] -- Up-to-date: /home/xh339/Desktop/turtlebot_ws/install/turtlebot3_msgs/local/lib/python3.10/dist-packages/turtlebot3_msgs/action/_patrol.py
[7.263s] -- Up-to-date: /home/xh339/Desktop/turtlebot_ws/install/turtlebot3_msgs/local/lib/python3.10/dist-packages/turtlebot3_msgs/turtlebot3_msgs_s__rosidl_typesupport_c.cpython-310-x86_64-linux-gnu.so
[7.264s] -- Up-to-date: /home/xh339/Desktop/turtlebot_ws/install/turtlebot3_msgs/local/lib/python3.10/dist-packages/turtlebot3_msgs/turtlebot3_msgs_s__rosidl_typesupport_introspection_c.cpython-310-x86_64-linux-gnu.so
[7.264s] -- Up-to-date: /home/xh339/Desktop/turtlebot_ws/install/turtlebot3_msgs/local/lib/python3.10/dist-packages/turtlebot3_msgs/srv
[7.264s] -- Up-to-date: /home/xh339/Desktop/turtlebot_ws/install/turtlebot3_msgs/local/lib/python3.10/dist-packages/turtlebot3_msgs/srv/__init__.py
[7.264s] -- Up-to-date: /home/xh339/Desktop/turtlebot_ws/install/turtlebot3_msgs/local/lib/python3.10/dist-packages/turtlebot3_msgs/srv/_dqn_s.c
[7.264s] -- Up-to-date: /home/xh339/Desktop/turtlebot_ws/install/turtlebot3_msgs/local/lib/python3.10/dist-packages/turtlebot3_msgs/srv/_sound.py
[7.265s] -- Up-to-date: /home/xh339/Desktop/turtlebot_ws/install/turtlebot3_msgs/local/lib/python3.10/dist-packages/turtlebot3_msgs/srv/_sound_s.c
[7.265s] -- Up-to-date: /home/xh339/Desktop/turtlebot_ws/install/turtlebot3_msgs/local/lib/python3.10/dist-packages/turtlebot3_msgs/srv/_dqn.py
[7.265s] -- Up-to-date: /home/xh339/Desktop/turtlebot_ws/install/turtlebot3_msgs/local/lib/python3.10/dist-packages/turtlebot3_msgs/turtlebot3_msgs_s__rosidl_typesupport_fastrtps_c.cpython-310-x86_64-linux-gnu.so
[7.351s] Listing '/home/xh339/Desktop/turtlebot_ws/install/turtlebot3_msgs/local/lib/python3.10/dist-packages/turtlebot3_msgs'...
[7.352s] Listing '/home/xh339/Desktop/turtlebot_ws/install/turtlebot3_msgs/local/lib/python3.10/dist-packages/turtlebot3_msgs/action'...
[7.352s] Listing '/home/xh339/Desktop/turtlebot_ws/install/turtlebot3_msgs/local/lib/python3.10/dist-packages/turtlebot3_msgs/msg'...
[7.352s] Listing '/home/xh339/Desktop/turtlebot_ws/install/turtlebot3_msgs/local/lib/python3.10/dist-packages/turtlebot3_msgs/srv'...
[7.379s] -- Up-to-date: /home/xh339/Desktop/turtlebot_ws/install/turtlebot3_msgs/local/lib/python3.10/dist-packages/turtlebot3_msgs/turtlebot3_msgs_s__rosidl_typesupport_fastrtps_c.cpython-310-x86_64-linux-gnu.so
[7.380s] -- Up-to-date: /home/xh339/Desktop/turtlebot_ws/install/turtlebot3_msgs/local/lib/python3.10/dist-packages/turtlebot3_msgs/turtlebot3_msgs_s__rosidl_typesupport_introspection_c.cpython-310-x86_64-linux-gnu.so
[7.380s] -- Up-to-date: /home/xh339/Desktop/turtlebot_ws/install/turtlebot3_msgs/local/lib/python3.10/dist-packages/turtlebot3_msgs/turtlebot3_msgs_s__rosidl_typesupport_c.cpython-310-x86_64-linux-gnu.so
[7.381s] -- Up-to-date: /home/xh339/Desktop/turtlebot_ws/install/turtlebot3_msgs/lib/libturtlebot3_msgs__rosidl_generator_py.so
[7.382s] -- Up-to-date: /home/xh339/Desktop/turtlebot_ws/install/turtlebot3_msgs/share/turtlebot3_msgs/msg/SensorState.idl
[7.382s] -- Up-to-date: /home/xh339/Desktop/turtlebot_ws/install/turtlebot3_msgs/share/turtlebot3_msgs/msg/Sound.idl
[7.383s] -- Up-to-date: /home/xh339/Desktop/turtlebot_ws/install/turtlebot3_msgs/share/turtlebot3_msgs/msg/VersionInfo.idl
[7.383s] -- Up-to-date: /home/xh339/Desktop/turtlebot_ws/install/turtlebot3_msgs/share/turtlebot3_msgs/srv/Sound.idl
[7.383s] -- Up-to-date: /home/xh339/Desktop/turtlebot_ws/install/turtlebot3_msgs/share/turtlebot3_msgs/srv/Dqn.idl
[7.384s] -- Up-to-date: /home/xh339/Desktop/turtlebot_ws/install/turtlebot3_msgs/share/turtlebot3_msgs/action/Patrol.idl
[7.384s] -- Up-to-date: /home/xh339/Desktop/turtlebot_ws/install/turtlebot3_msgs/share/turtlebot3_msgs/msg/SensorState.msg
[7.384s] -- Up-to-date: /home/xh339/Desktop/turtlebot_ws/install/turtlebot3_msgs/share/turtlebot3_msgs/msg/Sound.msg
[7.386s] -- Up-to-date: /home/xh339/Desktop/turtlebot_ws/install/turtlebot3_msgs/share/turtlebot3_msgs/msg/VersionInfo.msg
[7.387s] -- Up-to-date: /home/xh339/Desktop/turtlebot_ws/install/turtlebot3_msgs/share/turtlebot3_msgs/srv/Sound.srv
[7.390s] -- Up-to-date: /home/xh339/Desktop/turtlebot_ws/install/turtlebot3_msgs/share/turtlebot3_msgs/srv/Sound_Request.msg
[7.391s] -- Up-to-date: /home/xh339/Desktop/turtlebot_ws/install/turtlebot3_msgs/share/turtlebot3_msgs/srv/Sound_Response.msg
[7.393s] -- Up-to-date: /home/xh339/Desktop/turtlebot_ws/install/turtlebot3_msgs/share/turtlebot3_msgs/srv/Dqn.srv
[7.393s] -- Up-to-date: /home/xh339/Desktop/turtlebot_ws/install/turtlebot3_msgs/share/turtlebot3_msgs/srv/Dqn_Request.msg
[7.422s] -- Up-to-date: /home/xh339/Desktop/turtlebot_ws/install/turtlebot3_msgs/share/turtlebot3_msgs/srv/Dqn_Response.msg
[7.422s] -- Up-to-date: /home/xh339/Desktop/turtlebot_ws/install/turtlebot3_msgs/share/turtlebot3_msgs/action/Patrol.action
[7.423s] -- Up-to-date: /home/xh339/Desktop/turtlebot_ws/install/turtlebot3_msgs/share/ament_index/resource_index/package_run_dependencies/turtlebot3_msgs
[7.423s] -- Up-to-date: /home/xh339/Desktop/turtlebot_ws/install/turtlebot3_msgs/share/ament_index/resource_index/parent_prefix_path/turtlebot3_msgs
[7.423s] -- Up-to-date: /home/xh339/Desktop/turtlebot_ws/install/turtlebot3_msgs/share/turtlebot3_msgs/environment/ament_prefix_path.sh
[7.423s] -- Up-to-date: /home/xh339/Desktop/turtlebot_ws/install/turtlebot3_msgs/share/turtlebot3_msgs/environment/ament_prefix_path.dsv
[7.423s] -- Up-to-date: /home/xh339/Desktop/turtlebot_ws/install/turtlebot3_msgs/share/turtlebot3_msgs/environment/path.sh
[7.424s] -- Up-to-date: /home/xh339/Desktop/turtlebot_ws/install/turtlebot3_msgs/share/turtlebot3_msgs/environment/path.dsv
[7.424s] -- Up-to-date: /home/xh339/Desktop/turtlebot_ws/install/turtlebot3_msgs/share/turtlebot3_msgs/local_setup.bash
[7.424s] -- Up-to-date: /home/xh339/Desktop/turtlebot_ws/install/turtlebot3_msgs/share/turtlebot3_msgs/local_setup.sh
[7.424s] -- Up-to-date: /home/xh339/Desktop/turtlebot_ws/install/turtlebot3_msgs/share/turtlebot3_msgs/local_setup.zsh
[7.424s] -- Up-to-date: /home/xh339/Desktop/turtlebot_ws/install/turtlebot3_msgs/share/turtlebot3_msgs/local_setup.dsv
[7.425s] -- Installing: /home/xh339/Desktop/turtlebot_ws/install/turtlebot3_msgs/share/turtlebot3_msgs/package.dsv
[7.425s] -- Up-to-date: /home/xh339/Desktop/turtlebot_ws/install/turtlebot3_msgs/share/ament_index/resource_index/packages/turtlebot3_msgs
[7.425s] -- Up-to-date: /home/xh339/Desktop/turtlebot_ws/install/turtlebot3_msgs/share/turtlebot3_msgs/cmake/export_turtlebot3_msgs__rosidl_generator_cExport.cmake
[7.425s] -- Up-to-date: /home/xh339/Desktop/turtlebot_ws/install/turtlebot3_msgs/share/turtlebot3_msgs/cmake/export_turtlebot3_msgs__rosidl_generator_cExport-noconfig.cmake
[7.425s] -- Up-to-date: /home/xh339/Desktop/turtlebot_ws/install/turtlebot3_msgs/share/turtlebot3_msgs/cmake/export_turtlebot3_msgs__rosidl_typesupport_fastrtps_cExport.cmake
[7.426s] -- Up-to-date: /home/xh339/Desktop/turtlebot_ws/install/turtlebot3_msgs/share/turtlebot3_msgs/cmake/export_turtlebot3_msgs__rosidl_typesupport_fastrtps_cExport-noconfig.cmake
[7.426s] -- Up-to-date: /home/xh339/Desktop/turtlebot_ws/install/turtlebot3_msgs/share/turtlebot3_msgs/cmake/export_turtlebot3_msgs__rosidl_generator_cppExport.cmake
[7.426s] -- Up-to-date: /home/xh339/Desktop/turtlebot_ws/install/turtlebot3_msgs/share/turtlebot3_msgs/cmake/export_turtlebot3_msgs__rosidl_typesupport_fastrtps_cppExport.cmake
[7.426s] -- Up-to-date: /home/xh339/Desktop/turtlebot_ws/install/turtlebot3_msgs/share/turtlebot3_msgs/cmake/export_turtlebot3_msgs__rosidl_typesupport_fastrtps_cppExport-noconfig.cmake
[7.426s] -- Up-to-date: /home/xh339/Desktop/turtlebot_ws/install/turtlebot3_msgs/share/turtlebot3_msgs/cmake/turtlebot3_msgs__rosidl_typesupport_introspection_cExport.cmake
[7.427s] -- Up-to-date: /home/xh339/Desktop/turtlebot_ws/install/turtlebot3_msgs/share/turtlebot3_msgs/cmake/turtlebot3_msgs__rosidl_typesupport_introspection_cExport-noconfig.cmake
[7.427s] -- Up-to-date: /home/xh339/Desktop/turtlebot_ws/install/turtlebot3_msgs/share/turtlebot3_msgs/cmake/turtlebot3_msgs__rosidl_typesupport_cExport.cmake
[7.427s] -- Up-to-date: /home/xh339/Desktop/turtlebot_ws/install/turtlebot3_msgs/share/turtlebot3_msgs/cmake/turtlebot3_msgs__rosidl_typesupport_cExport-noconfig.cmake
[7.427s] -- Up-to-date: /home/xh339/Desktop/turtlebot_ws/install/turtlebot3_msgs/share/turtlebot3_msgs/cmake/turtlebot3_msgs__rosidl_typesupport_introspection_cppExport.cmake
[7.427s] -- Up-to-date: /home/xh339/Desktop/turtlebot_ws/install/turtlebot3_msgs/share/turtlebot3_msgs/cmake/turtlebot3_msgs__rosidl_typesupport_introspection_cppExport-noconfig.cmake
[7.428s] -- Up-to-date: /home/xh339/Desktop/turtlebot_ws/install/turtlebot3_msgs/share/turtlebot3_msgs/cmake/turtlebot3_msgs__rosidl_typesupport_cppExport.cmake
[7.428s] -- Up-to-date: /home/xh339/Desktop/turtlebot_ws/install/turtlebot3_msgs/share/turtlebot3_msgs/cmake/turtlebot3_msgs__rosidl_typesupport_cppExport-noconfig.cmake
[7.428s] -- Up-to-date: /home/xh339/Desktop/turtlebot_ws/install/turtlebot3_msgs/share/turtlebot3_msgs/cmake/export_turtlebot3_msgs__rosidl_generator_pyExport.cmake
[7.428s] -- Up-to-date: /home/xh339/Desktop/turtlebot_ws/install/turtlebot3_msgs/share/turtlebot3_msgs/cmake/export_turtlebot3_msgs__rosidl_generator_pyExport-noconfig.cmake
[7.428s] -- Up-to-date: /home/xh339/Desktop/turtlebot_ws/install/turtlebot3_msgs/share/turtlebot3_msgs/cmake/rosidl_cmake-extras.cmake
[7.428s] -- Up-to-date: /home/xh339/Desktop/turtlebot_ws/install/turtlebot3_msgs/share/turtlebot3_msgs/cmake/ament_cmake_export_dependencies-extras.cmake
[7.429s] -- Up-to-date: /home/xh339/Desktop/turtlebot_ws/install/turtlebot3_msgs/share/turtlebot3_msgs/cmake/ament_cmake_export_include_directories-extras.cmake
[7.429s] -- Up-to-date: /home/xh339/Desktop/turtlebot_ws/install/turtlebot3_msgs/share/turtlebot3_msgs/cmake/ament_cmake_export_libraries-extras.cmake
[7.429s] -- Up-to-date: /home/xh339/Desktop/turtlebot_ws/install/turtlebot3_msgs/share/turtlebot3_msgs/cmake/ament_cmake_export_targets-extras.cmake
[7.429s] -- Up-to-date: /home/xh339/Desktop/turtlebot_ws/install/turtlebot3_msgs/share/turtlebot3_msgs/cmake/rosidl_cmake_export_typesupport_targets-extras.cmake
[7.429s] -- Up-to-date: /home/xh339/Desktop/turtlebot_ws/install/turtlebot3_msgs/share/turtlebot3_msgs/cmake/rosidl_cmake_export_typesupport_libraries-extras.cmake
[7.430s] -- Up-to-date: /home/xh339/Desktop/turtlebot_ws/install/turtlebot3_msgs/share/turtlebot3_msgs/cmake/turtlebot3_msgsConfig.cmake
[7.430s] -- Up-to-date: /home/xh339/Desktop/turtlebot_ws/install/turtlebot3_msgs/share/turtlebot3_msgs/cmake/turtlebot3_msgsConfig-version.cmake
[7.430s] -- Up-to-date: /home/xh339/Desktop/turtlebot_ws/install/turtlebot3_msgs/share/turtlebot3_msgs/package.xml
[7.622s] Invoked command in '/home/xh339/Desktop/turtlebot_ws/build/turtlebot3_msgs' returned '0': CMAKE_PREFIX_PATH=/home/xh339/Desktop/turtlebot_ws/install/turtlebot3_navigation2:/home/xh339/Desktop/turtlebot_ws/install/turtlebot3_msgs:/home/xh339/Desktop/turtlebot_ws/install/turtlebot3_gazebo:/home/xh339/Desktop/turtlebot_ws/install/turtlebot3_cartographer:/home/xh339/Desktop/turtlebot_ws/install/turtlebot3_teleop:/home/xh339/Desktop/ros2_ws/install/task79_test:/home/xh339/Desktop/ros2_ws/install/task79:/home/xh339/Desktop/ros2_ws/install/aruco_detect:/home/xh339/dev_ws/install/learning_urdf:/home/xh339/dev_ws/install/learning_topic:/home/xh339/dev_ws/install/learning_tf:/home/xh339/dev_ws/install/learning_service:/home/xh339/dev_ws/install/learning_qos:/home/xh339/dev_ws/install/learning_pkg_python:/home/xh339/dev_ws/install/learning_parameter:/home/xh339/dev_ws/install/learning_node:/home/xh339/dev_ws/install/learning_launch:/home/xh339/dev_ws/install/learning_action:/home/xh339/dev_ws/install/learning_gazebo:/opt/ros/humble:/home/xh339/Desktop/turtlebot_ws/install/realsense_ros_gazebo:/home/xh339/Desktop/ros2_ws/install/task79_interfaces:/home/xh339/dev_ws/install/learning_pkg_c:/home/xh339/dev_ws/install/learning_interface /usr/bin/cmake --install /home/xh339/Desktop/turtlebot_ws/build/turtlebot3_msgs
