[1.845s] Invoking command in '/home/xh339/Desktop/turtlebot_ws/build/realsense_ros_gazebo': CMAKE_PREFIX_PATH=/home/xh339/Desktop/turtlebot_ws/install/turtlebot3_navigation2:/home/xh339/Desktop/turtlebot_ws/install/turtlebot3_msgs:/home/xh339/Desktop/turtlebot_ws/install/turtlebot3_gazebo:/home/xh339/Desktop/turtlebot_ws/install/turtlebot3_cartographer:/home/xh339/Desktop/turtlebot_ws/install/turtlebot3_teleop:/home/xh339/Desktop/ros2_ws/install/task79_test:/home/xh339/Desktop/ros2_ws/install/task79:/home/xh339/Desktop/ros2_ws/install/aruco_detect:/home/xh339/dev_ws/install/learning_urdf:/home/xh339/dev_ws/install/learning_topic:/home/xh339/dev_ws/install/learning_tf:/home/xh339/dev_ws/install/learning_service:/home/xh339/dev_ws/install/learning_qos:/home/xh339/dev_ws/install/learning_pkg_python:/home/xh339/dev_ws/install/learning_parameter:/home/xh339/dev_ws/install/learning_node:/home/xh339/dev_ws/install/learning_launch:/home/xh339/dev_ws/install/learning_action:/home/xh339/dev_ws/install/learning_gazebo:/opt/ros/humble:/home/xh339/Desktop/turtlebot_ws/install/realsense_ros_gazebo:/home/xh339/Desktop/ros2_ws/install/task79_interfaces:/home/xh339/dev_ws/install/learning_pkg_c:/home/xh339/dev_ws/install/learning_interface /usr/bin/cmake --build /home/xh339/Desktop/turtlebot_ws/build/realsense_ros_gazebo -- -j8 -l8
[2.125s] [100%] Built target realsense_gazebo_plugin
[3.576s] Invoked command in '/home/xh339/Desktop/turtlebot_ws/build/realsense_ros_gazebo' returned '0': CMAKE_PREFIX_PATH=/home/xh339/Desktop/turtlebot_ws/install/turtlebot3_navigation2:/home/xh339/Desktop/turtlebot_ws/install/turtlebot3_msgs:/home/xh339/Desktop/turtlebot_ws/install/turtlebot3_gazebo:/home/xh339/Desktop/turtlebot_ws/install/turtlebot3_cartographer:/home/xh339/Desktop/turtlebot_ws/install/turtlebot3_teleop:/home/xh339/Desktop/ros2_ws/install/task79_test:/home/xh339/Desktop/ros2_ws/install/task79:/home/xh339/Desktop/ros2_ws/install/aruco_detect:/home/xh339/dev_ws/install/learning_urdf:/home/xh339/dev_ws/install/learning_topic:/home/xh339/dev_ws/install/learning_tf:/home/xh339/dev_ws/install/learning_service:/home/xh339/dev_ws/install/learning_qos:/home/xh339/dev_ws/install/learning_pkg_python:/home/xh339/dev_ws/install/learning_parameter:/home/xh339/dev_ws/install/learning_node:/home/xh339/dev_ws/install/learning_launch:/home/xh339/dev_ws/install/learning_action:/home/xh339/dev_ws/install/learning_gazebo:/opt/ros/humble:/home/xh339/Desktop/turtlebot_ws/install/realsense_ros_gazebo:/home/xh339/Desktop/ros2_ws/install/task79_interfaces:/home/xh339/dev_ws/install/learning_pkg_c:/home/xh339/dev_ws/install/learning_interface /usr/bin/cmake --build /home/xh339/Desktop/turtlebot_ws/build/realsense_ros_gazebo -- -j8 -l8
[3.711s] Invoking command in '/home/xh339/Desktop/turtlebot_ws/build/realsense_ros_gazebo': CMAKE_PREFIX_PATH=/home/xh339/Desktop/turtlebot_ws/install/turtlebot3_navigation2:/home/xh339/Desktop/turtlebot_ws/install/turtlebot3_msgs:/home/xh339/Desktop/turtlebot_ws/install/turtlebot3_gazebo:/home/xh339/Desktop/turtlebot_ws/install/turtlebot3_cartographer:/home/xh339/Desktop/turtlebot_ws/install/turtlebot3_teleop:/home/xh339/Desktop/ros2_ws/install/task79_test:/home/xh339/Desktop/ros2_ws/install/task79:/home/xh339/Desktop/ros2_ws/install/aruco_detect:/home/xh339/dev_ws/install/learning_urdf:/home/xh339/dev_ws/install/learning_topic:/home/xh339/dev_ws/install/learning_tf:/home/xh339/dev_ws/install/learning_service:/home/xh339/dev_ws/install/learning_qos:/home/xh339/dev_ws/install/learning_pkg_python:/home/xh339/dev_ws/install/learning_parameter:/home/xh339/dev_ws/install/learning_node:/home/xh339/dev_ws/install/learning_launch:/home/xh339/dev_ws/install/learning_action:/home/xh339/dev_ws/install/learning_gazebo:/opt/ros/humble:/home/xh339/Desktop/turtlebot_ws/install/realsense_ros_gazebo:/home/xh339/Desktop/ros2_ws/install/task79_interfaces:/home/xh339/dev_ws/install/learning_pkg_c:/home/xh339/dev_ws/install/learning_interface /usr/bin/cmake --install /home/xh339/Desktop/turtlebot_ws/build/realsense_ros_gazebo
[3.736s] -- Install configuration: ""
[3.736s] -- Up-to-date: /home/xh339/Desktop/turtlebot_ws/install/realsense_ros_gazebo/lib/librealsense_gazebo_plugin.so
[3.737s] -- Up-to-date: /home/xh339/Desktop/turtlebot_ws/install/realsense_ros_gazebo/share/realsense_ros_gazebo/meshes
[3.737s] -- Up-to-date: /home/xh339/Desktop/turtlebot_ws/install/realsense_ros_gazebo/share/realsense_ros_gazebo/meshes/realsense_t265.stl
[3.737s] -- Up-to-date: /home/xh339/Desktop/turtlebot_ws/install/realsense_ros_gazebo/share/realsense_ros_gazebo/meshes/realsense_r200
[3.737s] -- Up-to-date: /home/xh339/Desktop/turtlebot_ws/install/realsense_ros_gazebo/share/realsense_ros_gazebo/meshes/realsense_r200/model.sdf
[3.738s] -- Up-to-date: /home/xh339/Desktop/turtlebot_ws/install/realsense_ros_gazebo/share/realsense_ros_gazebo/meshes/realsense_r200/model.config
[3.738s] -- Up-to-date: /home/xh339/Desktop/turtlebot_ws/install/realsense_ros_gazebo/share/realsense_ros_gazebo/meshes/realsense_r200/meshes
[3.738s] -- Up-to-date: /home/xh339/Desktop/turtlebot_ws/install/realsense_ros_gazebo/share/realsense_ros_gazebo/meshes/realsense_r200/meshes/realsense.dae
[3.738s] -- Up-to-date: /home/xh339/Desktop/turtlebot_ws/install/realsense_ros_gazebo/share/realsense_ros_gazebo/meshes/realsense_r200/materials
[3.738s] -- Up-to-date: /home/xh339/Desktop/turtlebot_ws/install/realsense_ros_gazebo/share/realsense_ros_gazebo/meshes/realsense_r200/materials/textures
[3.739s] -- Up-to-date: /home/xh339/Desktop/turtlebot_ws/install/realsense_ros_gazebo/share/realsense_ros_gazebo/meshes/realsense_r200/materials/textures/realsense_diffuse.png
[3.740s] -- Up-to-date: /home/xh339/Desktop/turtlebot_ws/install/realsense_ros_gazebo/share/realsense_ros_gazebo/meshes/realsense_d435.stl
[3.740s] -- Up-to-date: /home/xh339/Desktop/turtlebot_ws/install/realsense_ros_gazebo/share/realsense_ros_gazebo/xacro
[3.740s] -- Up-to-date: /home/xh339/Desktop/turtlebot_ws/install/realsense_ros_gazebo/share/realsense_ros_gazebo/xacro/tracker.xacro
[3.741s] -- Up-to-date: /home/xh339/Desktop/turtlebot_ws/install/realsense_ros_gazebo/share/realsense_ros_gazebo/xacro/inertia_calc.xacro
[3.742s] -- Up-to-date: /home/xh339/Desktop/turtlebot_ws/install/realsense_ros_gazebo/share/realsense_ros_gazebo/xacro/depthcam.xacro
[3.742s] -- Up-to-date: /home/xh339/Desktop/turtlebot_ws/install/realsense_ros_gazebo/share/ament_index/resource_index/package_run_dependencies/realsense_ros_gazebo
[3.742s] -- Up-to-date: /home/xh339/Desktop/turtlebot_ws/install/realsense_ros_gazebo/share/ament_index/resource_index/parent_prefix_path/realsense_ros_gazebo
[3.742s] -- Up-to-date: /home/xh339/Desktop/turtlebot_ws/install/realsense_ros_gazebo/share/realsense_ros_gazebo/environment/ament_prefix_path.sh
[3.743s] -- Up-to-date: /home/xh339/Desktop/turtlebot_ws/install/realsense_ros_gazebo/share/realsense_ros_gazebo/environment/ament_prefix_path.dsv
[3.743s] -- Up-to-date: /home/xh339/Desktop/turtlebot_ws/install/realsense_ros_gazebo/share/realsense_ros_gazebo/environment/path.sh
[3.743s] -- Up-to-date: /home/xh339/Desktop/turtlebot_ws/install/realsense_ros_gazebo/share/realsense_ros_gazebo/environment/path.dsv
[3.743s] -- Up-to-date: /home/xh339/Desktop/turtlebot_ws/install/realsense_ros_gazebo/share/realsense_ros_gazebo/local_setup.bash
[3.743s] -- Up-to-date: /home/xh339/Desktop/turtlebot_ws/install/realsense_ros_gazebo/share/realsense_ros_gazebo/local_setup.sh
[3.744s] -- Up-to-date: /home/xh339/Desktop/turtlebot_ws/install/realsense_ros_gazebo/share/realsense_ros_gazebo/local_setup.zsh
[3.744s] -- Up-to-date: /home/xh339/Desktop/turtlebot_ws/install/realsense_ros_gazebo/share/realsense_ros_gazebo/local_setup.dsv
[3.744s] -- Installing: /home/xh339/Desktop/turtlebot_ws/install/realsense_ros_gazebo/share/realsense_ros_gazebo/package.dsv
[3.744s] -- Up-to-date: /home/xh339/Desktop/turtlebot_ws/install/realsense_ros_gazebo/share/ament_index/resource_index/packages/realsense_ros_gazebo
[3.745s] -- Up-to-date: /home/xh339/Desktop/turtlebot_ws/install/realsense_ros_gazebo/share/realsense_ros_gazebo/cmake/realsense_ros_gazeboConfig.cmake
[3.745s] -- Up-to-date: /home/xh339/Desktop/turtlebot_ws/install/realsense_ros_gazebo/share/realsense_ros_gazebo/cmake/realsense_ros_gazeboConfig-version.cmake
[3.749s] -- Up-to-date: /home/xh339/Desktop/turtlebot_ws/install/realsense_ros_gazebo/share/realsense_ros_gazebo/package.xml
[3.773s] Invoked command in '/home/xh339/Desktop/turtlebot_ws/build/realsense_ros_gazebo' returned '0': CMAKE_PREFIX_PATH=/home/xh339/Desktop/turtlebot_ws/install/turtlebot3_navigation2:/home/xh339/Desktop/turtlebot_ws/install/turtlebot3_msgs:/home/xh339/Desktop/turtlebot_ws/install/turtlebot3_gazebo:/home/xh339/Desktop/turtlebot_ws/install/turtlebot3_cartographer:/home/xh339/Desktop/turtlebot_ws/install/turtlebot3_teleop:/home/xh339/Desktop/ros2_ws/install/task79_test:/home/xh339/Desktop/ros2_ws/install/task79:/home/xh339/Desktop/ros2_ws/install/aruco_detect:/home/xh339/dev_ws/install/learning_urdf:/home/xh339/dev_ws/install/learning_topic:/home/xh339/dev_ws/install/learning_tf:/home/xh339/dev_ws/install/learning_service:/home/xh339/dev_ws/install/learning_qos:/home/xh339/dev_ws/install/learning_pkg_python:/home/xh339/dev_ws/install/learning_parameter:/home/xh339/dev_ws/install/learning_node:/home/xh339/dev_ws/install/learning_launch:/home/xh339/dev_ws/install/learning_action:/home/xh339/dev_ws/install/learning_gazebo:/opt/ros/humble:/home/xh339/Desktop/turtlebot_ws/install/realsense_ros_gazebo:/home/xh339/Desktop/ros2_ws/install/task79_interfaces:/home/xh339/dev_ws/install/learning_pkg_c:/home/xh339/dev_ws/install/learning_interface /usr/bin/cmake --install /home/xh339/Desktop/turtlebot_ws/build/realsense_ros_gazebo
