[1.420s] Invoking command in '/home/xh339/Desktop/turtlebot_ws/build/turtlebot3_gazebo': CMAKE_PREFIX_PATH=/home/xh339/Desktop/ros2_ws/install/task79_interfaces:/home/xh339/Desktop/turtlebot_ws/install/turtlebot3_navigation2:/home/xh339/Desktop/turtlebot_ws/install/turtlebot3_msgs:/home/xh339/Desktop/turtlebot_ws/install/turtlebot3_gazebo:/home/xh339/Desktop/turtlebot_ws/install/turtlebot3_cartographer:/home/xh339/Desktop/ros2_ws/install/task79_wrappers:/home/xh339/Desktop/ros2_ws/install/task79_test:/home/xh339/Desktop/ros2_ws/install/task79:/home/xh339/Desktop/ros2_ws/install/aruco_detect:/home/xh339/Desktop/turtlebot_ws/install/turtlebot3_teleop:/home/xh339/dev_ws/install/learning_urdf:/home/xh339/dev_ws/install/learning_topic:/home/xh339/dev_ws/install/learning_tf:/home/xh339/dev_ws/install/learning_service:/home/xh339/dev_ws/install/learning_qos:/home/xh339/dev_ws/install/learning_pkg_python:/home/xh339/dev_ws/install/learning_parameter:/home/xh339/dev_ws/install/learning_node:/home/xh339/dev_ws/install/learning_launch:/home/xh339/dev_ws/install/learning_action:/home/xh339/dev_ws/install/learning_gazebo:/opt/ros/humble:/home/xh339/Desktop/turtlebot_ws/install/realsense_ros_gazebo:/home/xh339/dev_ws/install/learning_pkg_c:/home/xh339/dev_ws/install/learning_interface /usr/bin/cmake --build /home/xh339/Desktop/turtlebot_ws/build/turtlebot3_gazebo -- -j8 -l8
[1.680s] [ 12%] [32mBuilding CXX object CMakeFiles/turtlebot3_drive.dir/src/turtlebot3_drive.cpp.o[0m
[1.742s] [ 25%] [32mBuilding CXX object CMakeFiles/obstacles.dir/models/turtlebot3_dqn_world/obstacle_plugin/obstacles.cc.o[0m
[1.790s] [ 37%] [32mBuilding CXX object CMakeFiles/obstacle2.dir/models/turtlebot3_dqn_world/obstacle_plugin/obstacle2.cc.o[0m
[1.793s] [ 50%] [32mBuilding CXX object CMakeFiles/obstacle1.dir/models/turtlebot3_dqn_world/obstacle_plugin/obstacle1.cc.o[0m
[71.327s] [ 62%] [32m[1mLinking CXX executable turtlebot3_drive[0m
[72.224s] [ 75%] [32m[1mLinking CXX shared library libobstacles.so[0m
[72.653s] [ 87%] [32m[1mLinking CXX shared library libobstacle1.so[0m
[73.380s] [100%] [32m[1mLinking CXX shared library libobstacle2.so[0m
[73.467s] [100%] Built target obstacles
[73.777s] [100%] Built target obstacle1
[74.188s] [100%] Built target turtlebot3_drive
[74.898s] [100%] Built target obstacle2
[74.997s] Invoked command in '/home/xh339/Desktop/turtlebot_ws/build/turtlebot3_gazebo' returned '0': CMAKE_PREFIX_PATH=/home/xh339/Desktop/ros2_ws/install/task79_interfaces:/home/xh339/Desktop/turtlebot_ws/install/turtlebot3_navigation2:/home/xh339/Desktop/turtlebot_ws/install/turtlebot3_msgs:/home/xh339/Desktop/turtlebot_ws/install/turtlebot3_gazebo:/home/xh339/Desktop/turtlebot_ws/install/turtlebot3_cartographer:/home/xh339/Desktop/ros2_ws/install/task79_wrappers:/home/xh339/Desktop/ros2_ws/install/task79_test:/home/xh339/Desktop/ros2_ws/install/task79:/home/xh339/Desktop/ros2_ws/install/aruco_detect:/home/xh339/Desktop/turtlebot_ws/install/turtlebot3_teleop:/home/xh339/dev_ws/install/learning_urdf:/home/xh339/dev_ws/install/learning_topic:/home/xh339/dev_ws/install/learning_tf:/home/xh339/dev_ws/install/learning_service:/home/xh339/dev_ws/install/learning_qos:/home/xh339/dev_ws/install/learning_pkg_python:/home/xh339/dev_ws/install/learning_parameter:/home/xh339/dev_ws/install/learning_node:/home/xh339/dev_ws/install/learning_launch:/home/xh339/dev_ws/install/learning_action:/home/xh339/dev_ws/install/learning_gazebo:/opt/ros/humble:/home/xh339/Desktop/turtlebot_ws/install/realsense_ros_gazebo:/home/xh339/dev_ws/install/learning_pkg_c:/home/xh339/dev_ws/install/learning_interface /usr/bin/cmake --build /home/xh339/Desktop/turtlebot_ws/build/turtlebot3_gazebo -- -j8 -l8
[75.296s] Invoking command in '/home/xh339/Desktop/turtlebot_ws/build/turtlebot3_gazebo': CMAKE_PREFIX_PATH=/home/xh339/Desktop/ros2_ws/install/task79_interfaces:/home/xh339/Desktop/turtlebot_ws/install/turtlebot3_navigation2:/home/xh339/Desktop/turtlebot_ws/install/turtlebot3_msgs:/home/xh339/Desktop/turtlebot_ws/install/turtlebot3_gazebo:/home/xh339/Desktop/turtlebot_ws/install/turtlebot3_cartographer:/home/xh339/Desktop/ros2_ws/install/task79_wrappers:/home/xh339/Desktop/ros2_ws/install/task79_test:/home/xh339/Desktop/ros2_ws/install/task79:/home/xh339/Desktop/ros2_ws/install/aruco_detect:/home/xh339/Desktop/turtlebot_ws/install/turtlebot3_teleop:/home/xh339/dev_ws/install/learning_urdf:/home/xh339/dev_ws/install/learning_topic:/home/xh339/dev_ws/install/learning_tf:/home/xh339/dev_ws/install/learning_service:/home/xh339/dev_ws/install/learning_qos:/home/xh339/dev_ws/install/learning_pkg_python:/home/xh339/dev_ws/install/learning_parameter:/home/xh339/dev_ws/install/learning_node:/home/xh339/dev_ws/install/learning_launch:/home/xh339/dev_ws/install/learning_action:/home/xh339/dev_ws/install/learning_gazebo:/opt/ros/humble:/home/xh339/Desktop/turtlebot_ws/install/realsense_ros_gazebo:/home/xh339/dev_ws/install/learning_pkg_c:/home/xh339/dev_ws/install/learning_interface /usr/bin/cmake --install /home/xh339/Desktop/turtlebot_ws/build/turtlebot3_gazebo
[75.338s] -- Install configuration: ""
[75.342s] -- Installing: /home/xh339/Desktop/turtlebot_ws/install/turtlebot3_gazebo/lib/turtlebot3_gazebo/turtlebot3_drive
[75.368s] -- Set runtime path of "/home/xh339/Desktop/turtlebot_ws/install/turtlebot3_gazebo/lib/turtlebot3_gazebo/turtlebot3_drive" to ""
[75.368s] -- Up-to-date: /home/xh339/Desktop/turtlebot_ws/install/turtlebot3_gazebo/share/turtlebot3_gazebo//launch
[75.368s] -- Up-to-date: /home/xh339/Desktop/turtlebot_ws/install/turtlebot3_gazebo/share/turtlebot3_gazebo//launch/turtlebot3_house.launch.py
[75.368s] -- Up-to-date: /home/xh339/Desktop/turtlebot_ws/install/turtlebot3_gazebo/share/turtlebot3_gazebo//launch/turtlebot3_world_noisy_imu.launch .py
[75.369s] -- Up-to-date: /home/xh339/Desktop/turtlebot_ws/install/turtlebot3_gazebo/share/turtlebot3_gazebo//launch/robot_state_publisher.launch.py
[75.369s] -- Up-to-date: /home/xh339/Desktop/turtlebot_ws/install/turtlebot3_gazebo/share/turtlebot3_gazebo//launch/turtlebot3_dqn_stage1.launch.py
[75.371s] -- Up-to-date: /home/xh339/Desktop/turtlebot_ws/install/turtlebot3_gazebo/share/turtlebot3_gazebo//launch/spawn_turtlebot3_rainy.launch.py
[75.373s] -- Up-to-date: /home/xh339/Desktop/turtlebot_ws/install/turtlebot3_gazebo/share/turtlebot3_gazebo//launch/turtlebot3_world_rainy.launch.py
[75.374s] -- Installing: /home/xh339/Desktop/turtlebot_ws/install/turtlebot3_gazebo/share/turtlebot3_gazebo//launch/turtlebot3_world.launch.py
[75.374s] -- Up-to-date: /home/xh339/Desktop/turtlebot_ws/install/turtlebot3_gazebo/share/turtlebot3_gazebo//launch/turtlebot3_world_no_sun.launch.py
[75.375s] -- Up-to-date: /home/xh339/Desktop/turtlebot_ws/install/turtlebot3_gazebo/share/turtlebot3_gazebo//launch/turtlebot3_dqn_stage4.launch.py
[75.375s] -- Up-to-date: /home/xh339/Desktop/turtlebot_ws/install/turtlebot3_gazebo/share/turtlebot3_gazebo//launch/turtlebot3_dqn_stage3.launch.py
[75.376s] -- Up-to-date: /home/xh339/Desktop/turtlebot_ws/install/turtlebot3_gazebo/share/turtlebot3_gazebo//launch/spawn_turtlebot3.launch.py
[75.379s] -- Up-to-date: /home/xh339/Desktop/turtlebot_ws/install/turtlebot3_gazebo/share/turtlebot3_gazebo//launch/spawn_turtlebot3_noisy_imu.launch.py
[75.380s] -- Up-to-date: /home/xh339/Desktop/turtlebot_ws/install/turtlebot3_gazebo/share/turtlebot3_gazebo//launch/empty_world.launch.py
[75.380s] -- Up-to-date: /home/xh339/Desktop/turtlebot_ws/install/turtlebot3_gazebo/share/turtlebot3_gazebo//launch/turtlebot3_dqn_stage2.launch.py
[75.381s] -- Up-to-date: /home/xh339/Desktop/turtlebot_ws/install/turtlebot3_gazebo/share/turtlebot3_gazebo//models
[75.381s] -- Up-to-date: /home/xh339/Desktop/turtlebot_ws/install/turtlebot3_gazebo/share/turtlebot3_gazebo//models/turtlebot3_waffle_pi_rainy
[75.381s] -- Up-to-date: /home/xh339/Desktop/turtlebot_ws/install/turtlebot3_gazebo/share/turtlebot3_gazebo//models/turtlebot3_waffle_pi_rainy/model.sdf
[75.381s] -- Up-to-date: /home/xh339/Desktop/turtlebot_ws/install/turtlebot3_gazebo/share/turtlebot3_gazebo//models/turtlebot3_waffle_pi_rainy/model.config
[75.382s] -- Up-to-date: /home/xh339/Desktop/turtlebot_ws/install/turtlebot3_gazebo/share/turtlebot3_gazebo//models/turtlebot3_waffle_pi_rainy/model-1_4_.sdf
[75.383s] -- Up-to-date: /home/xh339/Desktop/turtlebot_ws/install/turtlebot3_gazebo/share/turtlebot3_gazebo//models/turtlebot3_waffle
[75.391s] -- Up-to-date: /home/xh339/Desktop/turtlebot_ws/install/turtlebot3_gazebo/share/turtlebot3_gazebo//models/turtlebot3_waffle/model.sdf
[75.394s] -- Up-to-date: /home/xh339/Desktop/turtlebot_ws/install/turtlebot3_gazebo/share/turtlebot3_gazebo//models/turtlebot3_waffle/model.config
[75.396s] -- Up-to-date: /home/xh339/Desktop/turtlebot_ws/install/turtlebot3_gazebo/share/turtlebot3_gazebo//models/turtlebot3_waffle/model-1_4.sdf
[75.399s] -- Up-to-date: /home/xh339/Desktop/turtlebot_ws/install/turtlebot3_gazebo/share/turtlebot3_gazebo//models/turtlebot3_waffle_pi_noisy_imu
[75.400s] -- Up-to-date: /home/xh339/Desktop/turtlebot_ws/install/turtlebot3_gazebo/share/turtlebot3_gazebo//models/turtlebot3_waffle_pi_noisy_imu/model.sdf
[75.400s] -- Up-to-date: /home/xh339/Desktop/turtlebot_ws/install/turtlebot3_gazebo/share/turtlebot3_gazebo//models/turtlebot3_waffle_pi_noisy_imu/model.config
[75.409s] -- Up-to-date: /home/xh339/Desktop/turtlebot_ws/install/turtlebot3_gazebo/share/turtlebot3_gazebo//models/turtlebot3_waffle_pi_noisy_imu/model-1_4_.sdf
[75.410s] -- Up-to-date: /home/xh339/Desktop/turtlebot_ws/install/turtlebot3_gazebo/share/turtlebot3_gazebo//models/turtlebot3_common
[75.411s] -- Up-to-date: /home/xh339/Desktop/turtlebot_ws/install/turtlebot3_gazebo/share/turtlebot3_gazebo//models/turtlebot3_common/model.config
[75.412s] -- Up-to-date: /home/xh339/Desktop/turtlebot_ws/install/turtlebot3_gazebo/share/turtlebot3_gazebo//models/turtlebot3_common/meshes
[75.416s] -- Up-to-date: /home/xh339/Desktop/turtlebot_ws/install/turtlebot3_gazebo/share/turtlebot3_gazebo//models/turtlebot3_common/meshes/lds.dae
[75.418s] -- Up-to-date: /home/xh339/Desktop/turtlebot_ws/install/turtlebot3_gazebo/share/turtlebot3_gazebo//models/turtlebot3_common/meshes/waffle_base.dae
[75.419s] -- Up-to-date: /home/xh339/Desktop/turtlebot_ws/install/turtlebot3_gazebo/share/turtlebot3_gazebo//models/turtlebot3_common/meshes/r200.dae
[75.419s] -- Up-to-date: /home/xh339/Desktop/turtlebot_ws/install/turtlebot3_gazebo/share/turtlebot3_gazebo//models/turtlebot3_common/meshes/waffle_pi_base.dae
[75.420s] -- Up-to-date: /home/xh339/Desktop/turtlebot_ws/install/turtlebot3_gazebo/share/turtlebot3_gazebo//models/turtlebot3_common/meshes/burger_base.dae
[75.421s] -- Up-to-date: /home/xh339/Desktop/turtlebot_ws/install/turtlebot3_gazebo/share/turtlebot3_gazebo//models/turtlebot3_common/meshes/tire.dae
[75.421s] -- Up-to-date: /home/xh339/Desktop/turtlebot_ws/install/turtlebot3_gazebo/share/turtlebot3_gazebo//models/turtlebot3_world
[75.421s] -- Up-to-date: /home/xh339/Desktop/turtlebot_ws/install/turtlebot3_gazebo/share/turtlebot3_gazebo//models/turtlebot3_world/model.sdf
[75.421s] -- Up-to-date: /home/xh339/Desktop/turtlebot_ws/install/turtlebot3_gazebo/share/turtlebot3_gazebo//models/turtlebot3_world/model.config
[75.422s] -- Up-to-date: /home/xh339/Desktop/turtlebot_ws/install/turtlebot3_gazebo/share/turtlebot3_gazebo//models/turtlebot3_world/meshes
[75.428s] -- Up-to-date: /home/xh339/Desktop/turtlebot_ws/install/turtlebot3_gazebo/share/turtlebot3_gazebo//models/turtlebot3_world/meshes/hexagon.dae
[75.440s] -- Up-to-date: /home/xh339/Desktop/turtlebot_ws/install/turtlebot3_gazebo/share/turtlebot3_gazebo//models/turtlebot3_world/meshes/wall.dae
[75.441s] -- Up-to-date: /home/xh339/Desktop/turtlebot_ws/install/turtlebot3_gazebo/share/turtlebot3_gazebo//models/turtlebot3_world/model-1_4.sdf
[75.442s] -- Up-to-date: /home/xh339/Desktop/turtlebot_ws/install/turtlebot3_gazebo/share/turtlebot3_gazebo//models/turtlebot3_waffle_pi
[75.442s] -- Up-to-date: /home/xh339/Desktop/turtlebot_ws/install/turtlebot3_gazebo/share/turtlebot3_gazebo//models/turtlebot3_waffle_pi/model.sdf
[75.442s] -- Up-to-date: /home/xh339/Desktop/turtlebot_ws/install/turtlebot3_gazebo/share/turtlebot3_gazebo//models/turtlebot3_waffle_pi/model.config
[75.445s] -- Up-to-date: /home/xh339/Desktop/turtlebot_ws/install/turtlebot3_gazebo/share/turtlebot3_gazebo//models/turtlebot3_waffle_pi/model-1_4_.sdf
[75.446s] -- Up-to-date: /home/xh339/Desktop/turtlebot_ws/install/turtlebot3_gazebo/share/turtlebot3_gazebo//models/turtlebot3_dqn_world
[75.446s] -- Up-to-date: /home/xh339/Desktop/turtlebot_ws/install/turtlebot3_gazebo/share/turtlebot3_gazebo//models/turtlebot3_dqn_world/goal_box
[75.448s] -- Up-to-date: /home/xh339/Desktop/turtlebot_ws/install/turtlebot3_gazebo/share/turtlebot3_gazebo//models/turtlebot3_dqn_world/goal_box/model.sdf
[75.455s] -- Up-to-date: /home/xh339/Desktop/turtlebot_ws/install/turtlebot3_gazebo/share/turtlebot3_gazebo//models/turtlebot3_dqn_world/goal_box/model.config
[75.457s] -- Up-to-date: /home/xh339/Desktop/turtlebot_ws/install/turtlebot3_gazebo/share/turtlebot3_gazebo//models/turtlebot3_dqn_world/obstacle1
[75.459s] -- Up-to-date: /home/xh339/Desktop/turtlebot_ws/install/turtlebot3_gazebo/share/turtlebot3_gazebo//models/turtlebot3_dqn_world/obstacle1/model.sdf
[75.461s] -- Up-to-date: /home/xh339/Desktop/turtlebot_ws/install/turtlebot3_gazebo/share/turtlebot3_gazebo//models/turtlebot3_dqn_world/obstacle1/model.config
[75.466s] -- Up-to-date: /home/xh339/Desktop/turtlebot_ws/install/turtlebot3_gazebo/share/turtlebot3_gazebo//models/turtlebot3_dqn_world/model.sdf
[75.467s] -- Up-to-date: /home/xh339/Desktop/turtlebot_ws/install/turtlebot3_gazebo/share/turtlebot3_gazebo//models/turtlebot3_dqn_world/model.config
[75.469s] -- Up-to-date: /home/xh339/Desktop/turtlebot_ws/install/turtlebot3_gazebo/share/turtlebot3_gazebo//models/turtlebot3_dqn_world/obstacles
[75.470s] -- Up-to-date: /home/xh339/Desktop/turtlebot_ws/install/turtlebot3_gazebo/share/turtlebot3_gazebo//models/turtlebot3_dqn_world/obstacles/model.sdf
[75.470s] -- Up-to-date: /home/xh339/Desktop/turtlebot_ws/install/turtlebot3_gazebo/share/turtlebot3_gazebo//models/turtlebot3_dqn_world/obstacles/model.config
[75.473s] -- Up-to-date: /home/xh339/Desktop/turtlebot_ws/install/turtlebot3_gazebo/share/turtlebot3_gazebo//models/turtlebot3_dqn_world/obstacle_plugin
[75.473s] -- Up-to-date: /home/xh339/Desktop/turtlebot_ws/install/turtlebot3_gazebo/share/turtlebot3_gazebo//models/turtlebot3_dqn_world/obstacle_plugin/obstacles.cc
[75.474s] -- Up-to-date: /home/xh339/Desktop/turtlebot_ws/install/turtlebot3_gazebo/share/turtlebot3_gazebo//models/turtlebot3_dqn_world/obstacle_plugin/CMakeLists.txt
[75.474s] -- Up-to-date: /home/xh339/Desktop/turtlebot_ws/install/turtlebot3_gazebo/share/turtlebot3_gazebo//models/turtlebot3_dqn_world/obstacle_plugin/obstacle2.cc
[75.474s] -- Up-to-date: /home/xh339/Desktop/turtlebot_ws/install/turtlebot3_gazebo/share/turtlebot3_gazebo//models/turtlebot3_dqn_world/obstacle_plugin/obstacle1.cc
[75.474s] -- Up-to-date: /home/xh339/Desktop/turtlebot_ws/install/turtlebot3_gazebo/share/turtlebot3_gazebo//models/turtlebot3_dqn_world/obstacle2
[75.474s] -- Up-to-date: /home/xh339/Desktop/turtlebot_ws/install/turtlebot3_gazebo/share/turtlebot3_gazebo//models/turtlebot3_dqn_world/obstacle2/model.sdf
[75.475s] -- Up-to-date: /home/xh339/Desktop/turtlebot_ws/install/turtlebot3_gazebo/share/turtlebot3_gazebo//models/turtlebot3_dqn_world/obstacle2/model.config
[75.475s] -- Up-to-date: /home/xh339/Desktop/turtlebot_ws/install/turtlebot3_gazebo/share/turtlebot3_gazebo//models/turtlebot3_dqn_world/inner_walls
[75.475s] -- Up-to-date: /home/xh339/Desktop/turtlebot_ws/install/turtlebot3_gazebo/share/turtlebot3_gazebo//models/turtlebot3_dqn_world/inner_walls/model.sdf
[75.475s] -- Up-to-date: /home/xh339/Desktop/turtlebot_ws/install/turtlebot3_gazebo/share/turtlebot3_gazebo//models/turtlebot3_dqn_world/inner_walls/model.config
[75.476s] -- Up-to-date: /home/xh339/Desktop/turtlebot_ws/install/turtlebot3_gazebo/share/turtlebot3_gazebo//models/turtlebot3_house
[75.478s] -- Up-to-date: /home/xh339/Desktop/turtlebot_ws/install/turtlebot3_gazebo/share/turtlebot3_gazebo//models/turtlebot3_house/model.sdf
[75.480s] -- Up-to-date: /home/xh339/Desktop/turtlebot_ws/install/turtlebot3_gazebo/share/turtlebot3_gazebo//models/turtlebot3_house/model.config
[75.484s] -- Up-to-date: /home/xh339/Desktop/turtlebot_ws/install/turtlebot3_gazebo/share/turtlebot3_gazebo//models/turtlebot3_waffle_pi_stereo
[75.484s] -- Up-to-date: /home/xh339/Desktop/turtlebot_ws/install/turtlebot3_gazebo/share/turtlebot3_gazebo//models/turtlebot3_waffle_pi_stereo/model.sdf
[75.485s] -- Up-to-date: /home/xh339/Desktop/turtlebot_ws/install/turtlebot3_gazebo/share/turtlebot3_gazebo//models/turtlebot3_waffle_pi_stereo/model.config
[75.485s] -- Up-to-date: /home/xh339/Desktop/turtlebot_ws/install/turtlebot3_gazebo/share/turtlebot3_gazebo//models/turtlebot3_waffle_pi_stereo/model-1_4_.sdf
[75.485s] -- Up-to-date: /home/xh339/Desktop/turtlebot_ws/install/turtlebot3_gazebo/share/turtlebot3_gazebo//models/turtlebot3_burger
[75.485s] -- Up-to-date: /home/xh339/Desktop/turtlebot_ws/install/turtlebot3_gazebo/share/turtlebot3_gazebo//models/turtlebot3_burger/model.sdf
[75.485s] -- Up-to-date: /home/xh339/Desktop/turtlebot_ws/install/turtlebot3_gazebo/share/turtlebot3_gazebo//models/turtlebot3_burger/model.config
[75.486s] -- Up-to-date: /home/xh339/Desktop/turtlebot_ws/install/turtlebot3_gazebo/share/turtlebot3_gazebo//models/turtlebot3_burger/model-1_4.sdf
[75.486s] -- Up-to-date: /home/xh339/Desktop/turtlebot_ws/install/turtlebot3_gazebo/share/turtlebot3_gazebo//rviz
[75.486s] -- Up-to-date: /home/xh339/Desktop/turtlebot_ws/install/turtlebot3_gazebo/share/turtlebot3_gazebo//rviz/tb3_gazebo.rviz
[75.487s] -- Up-to-date: /home/xh339/Desktop/turtlebot_ws/install/turtlebot3_gazebo/share/turtlebot3_gazebo//urdf
[75.487s] -- Up-to-date: /home/xh339/Desktop/turtlebot_ws/install/turtlebot3_gazebo/share/turtlebot3_gazebo//urdf/turtlebot3_waffle_pi.urdf
[75.488s] -- Up-to-date: /home/xh339/Desktop/turtlebot_ws/install/turtlebot3_gazebo/share/turtlebot3_gazebo//urdf/turtlebot3_waffle.urdf
[75.489s] -- Up-to-date: /home/xh339/Desktop/turtlebot_ws/install/turtlebot3_gazebo/share/turtlebot3_gazebo//urdf/common_properties.urdf
[75.490s] -- Up-to-date: /home/xh339/Desktop/turtlebot_ws/install/turtlebot3_gazebo/share/turtlebot3_gazebo//urdf/turtlebot3_waffle_pi_noisy_imu.urdf
[75.490s] -- Up-to-date: /home/xh339/Desktop/turtlebot_ws/install/turtlebot3_gazebo/share/turtlebot3_gazebo//urdf/turtlebot3_burger.urdf
[75.496s] -- Up-to-date: /home/xh339/Desktop/turtlebot_ws/install/turtlebot3_gazebo/share/turtlebot3_gazebo//urdf/turtlebot3_waffle_pi_stereo.urdf
[75.496s] -- Up-to-date: /home/xh339/Desktop/turtlebot_ws/install/turtlebot3_gazebo/share/turtlebot3_gazebo//worlds
[75.497s] -- Up-to-date: /home/xh339/Desktop/turtlebot_ws/install/turtlebot3_gazebo/share/turtlebot3_gazebo//worlds/turtlebot3_dqn_stage4.world
[75.497s] -- Up-to-date: /home/xh339/Desktop/turtlebot_ws/install/turtlebot3_gazebo/share/turtlebot3_gazebo//worlds/empty_world.world
[75.497s] -- Up-to-date: /home/xh339/Desktop/turtlebot_ws/install/turtlebot3_gazebo/share/turtlebot3_gazebo//worlds/turtlebot3_world_no_sun.world
[75.497s] -- Up-to-date: /home/xh339/Desktop/turtlebot_ws/install/turtlebot3_gazebo/share/turtlebot3_gazebo//worlds/turtlebot3_world.world
[75.497s] -- Up-to-date: /home/xh339/Desktop/turtlebot_ws/install/turtlebot3_gazebo/share/turtlebot3_gazebo//worlds/fog_generator.sdf
[75.497s] -- Up-to-date: /home/xh339/Desktop/turtlebot_ws/install/turtlebot3_gazebo/share/turtlebot3_gazebo//worlds/turtlebot3_dqn_stage2.world
[75.498s] -- Up-to-date: /home/xh339/Desktop/turtlebot_ws/install/turtlebot3_gazebo/share/turtlebot3_gazebo//worlds/turtlebot3_dqn_stage3.world
[75.498s] -- Up-to-date: /home/xh339/Desktop/turtlebot_ws/install/turtlebot3_gazebo/share/turtlebot3_gazebo//worlds/turtlebot3_house.world
[75.498s] -- Up-to-date: /home/xh339/Desktop/turtlebot_ws/install/turtlebot3_gazebo/share/turtlebot3_gazebo//worlds/turtlebot3_dqn_stage1.world
[75.499s] -- Up-to-date: /home/xh339/Desktop/turtlebot_ws/install/turtlebot3_gazebo/share/turtlebot3_gazebo//worlds/empty_world2.world
[75.499s] -- Up-to-date: /home/xh339/Desktop/turtlebot_ws/install/turtlebot3_gazebo/include/
[75.499s] -- Up-to-date: /home/xh339/Desktop/turtlebot_ws/install/turtlebot3_gazebo/include//turtlebot3_gazebo
[75.500s] -- Up-to-date: /home/xh339/Desktop/turtlebot_ws/install/turtlebot3_gazebo/include//turtlebot3_gazebo/turtlebot3_drive.hpp
[75.500s] -- Up-to-date: /home/xh339/Desktop/turtlebot_ws/install/turtlebot3_gazebo/share/ament_index/resource_index/package_run_dependencies/turtlebot3_gazebo
[75.501s] -- Up-to-date: /home/xh339/Desktop/turtlebot_ws/install/turtlebot3_gazebo/share/ament_index/resource_index/parent_prefix_path/turtlebot3_gazebo
[75.501s] -- Up-to-date: /home/xh339/Desktop/turtlebot_ws/install/turtlebot3_gazebo/share/turtlebot3_gazebo/environment/ament_prefix_path.sh
[75.501s] -- Up-to-date: /home/xh339/Desktop/turtlebot_ws/install/turtlebot3_gazebo/share/turtlebot3_gazebo/environment/ament_prefix_path.dsv
[75.501s] -- Up-to-date: /home/xh339/Desktop/turtlebot_ws/install/turtlebot3_gazebo/share/turtlebot3_gazebo/environment/path.sh
[75.501s] -- Up-to-date: /home/xh339/Desktop/turtlebot_ws/install/turtlebot3_gazebo/share/turtlebot3_gazebo/environment/path.dsv
[75.502s] -- Up-to-date: /home/xh339/Desktop/turtlebot_ws/install/turtlebot3_gazebo/share/turtlebot3_gazebo/local_setup.bash
[75.502s] -- Up-to-date: /home/xh339/Desktop/turtlebot_ws/install/turtlebot3_gazebo/share/turtlebot3_gazebo/local_setup.sh
[75.502s] -- Up-to-date: /home/xh339/Desktop/turtlebot_ws/install/turtlebot3_gazebo/share/turtlebot3_gazebo/local_setup.zsh
[75.502s] -- Up-to-date: /home/xh339/Desktop/turtlebot_ws/install/turtlebot3_gazebo/share/turtlebot3_gazebo/local_setup.dsv
[75.502s] -- Installing: /home/xh339/Desktop/turtlebot_ws/install/turtlebot3_gazebo/share/turtlebot3_gazebo/package.dsv
[75.502s] -- Up-to-date: /home/xh339/Desktop/turtlebot_ws/install/turtlebot3_gazebo/share/ament_index/resource_index/packages/turtlebot3_gazebo
[75.503s] -- Up-to-date: /home/xh339/Desktop/turtlebot_ws/install/turtlebot3_gazebo/share/turtlebot3_gazebo/cmake/ament_cmake_export_include_directories-extras.cmake
[75.503s] -- Up-to-date: /home/xh339/Desktop/turtlebot_ws/install/turtlebot3_gazebo/share/turtlebot3_gazebo/cmake/ament_cmake_export_dependencies-extras.cmake
[75.503s] -- Up-to-date: /home/xh339/Desktop/turtlebot_ws/install/turtlebot3_gazebo/share/turtlebot3_gazebo/cmake/turtlebot3_gazeboConfig.cmake
[75.503s] -- Up-to-date: /home/xh339/Desktop/turtlebot_ws/install/turtlebot3_gazebo/share/turtlebot3_gazebo/cmake/turtlebot3_gazeboConfig-version.cmake
[75.503s] -- Up-to-date: /home/xh339/Desktop/turtlebot_ws/install/turtlebot3_gazebo/share/turtlebot3_gazebo/package.xml
[75.504s] Invoked command in '/home/xh339/Desktop/turtlebot_ws/build/turtlebot3_gazebo' returned '0': CMAKE_PREFIX_PATH=/home/xh339/Desktop/ros2_ws/install/task79_interfaces:/home/xh339/Desktop/turtlebot_ws/install/turtlebot3_navigation2:/home/xh339/Desktop/turtlebot_ws/install/turtlebot3_msgs:/home/xh339/Desktop/turtlebot_ws/install/turtlebot3_gazebo:/home/xh339/Desktop/turtlebot_ws/install/turtlebot3_cartographer:/home/xh339/Desktop/ros2_ws/install/task79_wrappers:/home/xh339/Desktop/ros2_ws/install/task79_test:/home/xh339/Desktop/ros2_ws/install/task79:/home/xh339/Desktop/ros2_ws/install/aruco_detect:/home/xh339/Desktop/turtlebot_ws/install/turtlebot3_teleop:/home/xh339/dev_ws/install/learning_urdf:/home/xh339/dev_ws/install/learning_topic:/home/xh339/dev_ws/install/learning_tf:/home/xh339/dev_ws/install/learning_service:/home/xh339/dev_ws/install/learning_qos:/home/xh339/dev_ws/install/learning_pkg_python:/home/xh339/dev_ws/install/learning_parameter:/home/xh339/dev_ws/install/learning_node:/home/xh339/dev_ws/install/learning_launch:/home/xh339/dev_ws/install/learning_action:/home/xh339/dev_ws/install/learning_gazebo:/opt/ros/humble:/home/xh339/Desktop/turtlebot_ws/install/realsense_ros_gazebo:/home/xh339/dev_ws/install/learning_pkg_c:/home/xh339/dev_ws/install/learning_interface /usr/bin/cmake --install /home/xh339/Desktop/turtlebot_ws/build/turtlebot3_gazebo
