[0.707s] Invoking command in '/home/xh339/Desktop/turtlebot_ws/build/realsense_gazebo_plugin': /usr/bin/cmake --build /home/xh339/Desktop/turtlebot_ws/build/realsense_gazebo_plugin -- -j8 -l8
[0.860s] [100%] Built target realsense_gazebo_plugin
[1.283s] Invoked command in '/home/xh339/Desktop/turtlebot_ws/build/realsense_gazebo_plugin' returned '0': /usr/bin/cmake --build /home/xh339/Desktop/turtlebot_ws/build/realsense_gazebo_plugin -- -j8 -l8
[1.536s] Invoking command in '/home/xh339/Desktop/turtlebot_ws/build/realsense_gazebo_plugin': /usr/bin/cmake --install /home/xh339/Desktop/turtlebot_ws/build/realsense_gazebo_plugin
[1.608s] -- Install configuration: ""
[1.608s] -- Up-to-date: /home/xh339/Desktop/turtlebot_ws/install/realsense_gazebo_plugin/lib/librealsense_gazebo_plugin.so
[1.609s] -- Up-to-date: /home/xh339/Desktop/turtlebot_ws/install/realsense_gazebo_plugin/include/
[1.610s] -- Up-to-date: /home/xh339/Desktop/turtlebot_ws/install/realsense_gazebo_plugin/include//realsense_gazebo_plugin
[1.610s] -- Up-to-date: /home/xh339/Desktop/turtlebot_ws/install/realsense_gazebo_plugin/include//realsense_gazebo_plugin/gazebo_ros_realsense.hpp
[1.610s] -- Up-to-date: /home/xh339/Desktop/turtlebot_ws/install/realsense_gazebo_plugin/include//realsense_gazebo_plugin/RealSensePlugin.hpp
[1.611s] -- Up-to-date: /home/xh339/Desktop/turtlebot_ws/install/realsense_gazebo_plugin/share/realsense_gazebo_plugin/environment/library_path.sh
[1.611s] -- Up-to-date: /home/xh339/Desktop/turtlebot_ws/install/realsense_gazebo_plugin/share/realsense_gazebo_plugin/environment/library_path.dsv
[1.611s] -- Up-to-date: /home/xh339/Desktop/turtlebot_ws/install/realsense_gazebo_plugin/share/ament_index/resource_index/package_run_dependencies/realsense_gazebo_plugin
[1.611s] -- Up-to-date: /home/xh339/Desktop/turtlebot_ws/install/realsense_gazebo_plugin/share/ament_index/resource_index/parent_prefix_path/realsense_gazebo_plugin
[1.611s] -- Up-to-date: /home/xh339/Desktop/turtlebot_ws/install/realsense_gazebo_plugin/share/realsense_gazebo_plugin/environment/ament_prefix_path.sh
[1.612s] -- Up-to-date: /home/xh339/Desktop/turtlebot_ws/install/realsense_gazebo_plugin/share/realsense_gazebo_plugin/environment/ament_prefix_path.dsv
[1.612s] -- Up-to-date: /home/xh339/Desktop/turtlebot_ws/install/realsense_gazebo_plugin/share/realsense_gazebo_plugin/environment/path.sh
[1.612s] -- Up-to-date: /home/xh339/Desktop/turtlebot_ws/install/realsense_gazebo_plugin/share/realsense_gazebo_plugin/environment/path.dsv
[1.612s] -- Up-to-date: /home/xh339/Desktop/turtlebot_ws/install/realsense_gazebo_plugin/share/realsense_gazebo_plugin/local_setup.bash
[1.612s] -- Up-to-date: /home/xh339/Desktop/turtlebot_ws/install/realsense_gazebo_plugin/share/realsense_gazebo_plugin/local_setup.sh
[1.612s] -- Up-to-date: /home/xh339/Desktop/turtlebot_ws/install/realsense_gazebo_plugin/share/realsense_gazebo_plugin/local_setup.zsh
[1.612s] -- Up-to-date: /home/xh339/Desktop/turtlebot_ws/install/realsense_gazebo_plugin/share/realsense_gazebo_plugin/local_setup.dsv
[1.613s] -- Installing: /home/xh339/Desktop/turtlebot_ws/install/realsense_gazebo_plugin/share/realsense_gazebo_plugin/package.dsv
[1.613s] -- Up-to-date: /home/xh339/Desktop/turtlebot_ws/install/realsense_gazebo_plugin/share/ament_index/resource_index/packages/realsense_gazebo_plugin
[1.613s] -- Up-to-date: /home/xh339/Desktop/turtlebot_ws/install/realsense_gazebo_plugin/share/realsense_gazebo_plugin/cmake/ament_cmake_export_include_directories-extras.cmake
[1.613s] -- Up-to-date: /home/xh339/Desktop/turtlebot_ws/install/realsense_gazebo_plugin/share/realsense_gazebo_plugin/cmake/ament_cmake_export_libraries-extras.cmake
[1.613s] -- Up-to-date: /home/xh339/Desktop/turtlebot_ws/install/realsense_gazebo_plugin/share/realsense_gazebo_plugin/cmake/realsense_gazebo_pluginConfig.cmake
[1.613s] -- Up-to-date: /home/xh339/Desktop/turtlebot_ws/install/realsense_gazebo_plugin/share/realsense_gazebo_plugin/cmake/realsense_gazebo_pluginConfig-version.cmake
[1.614s] -- Up-to-date: /home/xh339/Desktop/turtlebot_ws/install/realsense_gazebo_plugin/share/realsense_gazebo_plugin/package.xml
[1.706s] Invoked command in '/home/xh339/Desktop/turtlebot_ws/build/realsense_gazebo_plugin' returned '0': /usr/bin/cmake --install /home/xh339/Desktop/turtlebot_ws/build/realsense_gazebo_plugin
