[0.377s] Invoking command in '/home/xh339/Desktop/turtlebot_ws/build/turtlebot3_msgs': CMAKE_PREFIX_PATH=${CMAKE_PREFIX_PATH}:/home/xh339/Desktop/turtlebot_ws/install/turtlebot3_teleop:/home/xh339/Desktop/turtlebot_ws/install/turtlebot3_navigation2:/home/xh339/Desktop/turtlebot_ws/install/turtlebot3_cartographer:/home/xh339/Desktop/ros2_ws/install/task79_test:/home/xh339/Desktop/ros2_ws/install/task79:/home/xh339/Desktop/ros2_ws/install/aruco_detect:/home/xh339/dev_ws/install/learning_urdf:/home/xh339/dev_ws/install/learning_topic:/home/xh339/dev_ws/install/learning_tf:/home/xh339/dev_ws/install/learning_service:/home/xh339/dev_ws/install/learning_qos:/home/xh339/dev_ws/install/learning_pkg_python:/home/xh339/dev_ws/install/learning_parameter:/home/xh339/dev_ws/install/learning_node:/home/xh339/dev_ws/install/learning_launch:/home/xh339/dev_ws/install/learning_action:/home/xh339/dev_ws/install/learning_gazebo:/opt/ros/humble /usr/bin/cmake --build /home/xh339/Desktop/turtlebot_ws/build/turtlebot3_msgs -- -j8 -l8
[0.444s] [  1%] Built target turtlebot3_msgs__cpp
[0.455s] [ 12%] Built target turtlebot3_msgs__rosidl_generator_c
[0.466s] [ 12%] Built target ament_cmake_python_copy_turtlebot3_msgs
[0.486s] [ 23%] Built target turtlebot3_msgs__rosidl_typesupport_cpp
[0.487s] [ 35%] Built target turtlebot3_msgs__rosidl_typesupport_introspection_cpp
[0.490s] [ 46%] Built target turtlebot3_msgs__rosidl_typesupport_fastrtps_cpp
[0.499s] [ 80%] Built target turtlebot3_msgs__rosidl_typesupport_fastrtps_c
[0.499s] [ 80%] Built target turtlebot3_msgs__rosidl_typesupport_c
[0.499s] [ 80%] Built target turtlebot3_msgs__rosidl_typesupport_introspection_c
[0.524s] [ 80%] Built target turtlebot3_msgs
[0.548s] [ 81%] Built target turtlebot3_msgs__py
[0.582s] [ 91%] Built target turtlebot3_msgs__rosidl_generator_py
[0.609s] [ 97%] Built target turtlebot3_msgs__rosidl_typesupport_introspection_c__pyext
[0.609s] [ 97%] Built target turtlebot3_msgs__rosidl_typesupport_c__pyext
[0.611s] [100%] Built target turtlebot3_msgs__rosidl_typesupport_fastrtps_c__pyext
[0.817s] running egg_info
[0.817s] writing turtlebot3_msgs.egg-info/PKG-INFO
[0.817s] writing dependency_links to turtlebot3_msgs.egg-info/dependency_links.txt
[0.817s] writing top-level names to turtlebot3_msgs.egg-info/top_level.txt
[0.820s] reading manifest file 'turtlebot3_msgs.egg-info/SOURCES.txt'
[0.821s] writing manifest file 'turtlebot3_msgs.egg-info/SOURCES.txt'
[0.848s] [100%] Built target ament_cmake_python_build_turtlebot3_msgs_egg
[0.858s] Invoked command in '/home/xh339/Desktop/turtlebot_ws/build/turtlebot3_msgs' returned '0': CMAKE_PREFIX_PATH=${CMAKE_PREFIX_PATH}:/home/xh339/Desktop/turtlebot_ws/install/turtlebot3_teleop:/home/xh339/Desktop/turtlebot_ws/install/turtlebot3_navigation2:/home/xh339/Desktop/turtlebot_ws/install/turtlebot3_cartographer:/home/xh339/Desktop/ros2_ws/install/task79_test:/home/xh339/Desktop/ros2_ws/install/task79:/home/xh339/Desktop/ros2_ws/install/aruco_detect:/home/xh339/dev_ws/install/learning_urdf:/home/xh339/dev_ws/install/learning_topic:/home/xh339/dev_ws/install/learning_tf:/home/xh339/dev_ws/install/learning_service:/home/xh339/dev_ws/install/learning_qos:/home/xh339/dev_ws/install/learning_pkg_python:/home/xh339/dev_ws/install/learning_parameter:/home/xh339/dev_ws/install/learning_node:/home/xh339/dev_ws/install/learning_launch:/home/xh339/dev_ws/install/learning_action:/home/xh339/dev_ws/install/learning_gazebo:/opt/ros/humble /usr/bin/cmake --build /home/xh339/Desktop/turtlebot_ws/build/turtlebot3_msgs -- -j8 -l8
