[2.927s] Invoking command in '/home/xh339/Desktop/turtlebot_ws/src/turtlebot3_teleop': PYTHONPATH=/home/xh339/Desktop/turtlebot_ws/build/turtlebot3_teleop/prefix_override:/home/xh339/Desktop/turtlebot_ws/install/turtlebot3_teleop/lib/python3.10/site-packages:${PYTHONPATH} /usr/bin/python3 setup.py egg_info --egg-base ../../build/turtlebot3_teleop build --build-base /home/xh339/Desktop/turtlebot_ws/build/turtlebot3_teleop/build install --record /home/xh339/Desktop/turtlebot_ws/build/turtlebot3_teleop/install.log --single-version-externally-managed
[3.794s] running egg_info
[3.797s] writing ../../build/turtlebot3_teleop/turtlebot3_teleop.egg-info/PKG-INFO
[3.798s] writing dependency_links to ../../build/turtlebot3_teleop/turtlebot3_teleop.egg-info/dependency_links.txt
[3.799s] writing entry points to ../../build/turtlebot3_teleop/turtlebot3_teleop.egg-info/entry_points.txt
[3.800s] writing requirements to ../../build/turtlebot3_teleop/turtlebot3_teleop.egg-info/requires.txt
[3.800s] writing top-level names to ../../build/turtlebot3_teleop/turtlebot3_teleop.egg-info/top_level.txt
[3.806s] reading manifest file '../../build/turtlebot3_teleop/turtlebot3_teleop.egg-info/SOURCES.txt'
[3.809s] writing manifest file '../../build/turtlebot3_teleop/turtlebot3_teleop.egg-info/SOURCES.txt'
[3.809s] running build
[3.809s] running build_py
[3.810s] running install
[3.811s] /usr/lib/python3/dist-packages/setuptools/command/install.py:34: SetuptoolsDeprecationWarning: setup.py install is deprecated. Use build and pip and other standards-based tools.
[3.811s]   warnings.warn(
[3.812s] running install_lib
[3.817s] running install_data
[3.820s] running install_egg_info
[3.825s] removing '/home/xh339/Desktop/turtlebot_ws/install/turtlebot3_teleop/lib/python3.10/site-packages/turtlebot3_teleop-2.1.5-py3.10.egg-info' (and everything under it)
[3.826s] Copying ../../build/turtlebot3_teleop/turtlebot3_teleop.egg-info to /home/xh339/Desktop/turtlebot_ws/install/turtlebot3_teleop/lib/python3.10/site-packages/turtlebot3_teleop-2.1.5-py3.10.egg-info
[3.828s] running install_scripts
[3.894s] Installing teleop_keyboard script to /home/xh339/Desktop/turtlebot_ws/install/turtlebot3_teleop/lib/turtlebot3_teleop
[3.895s] writing list of installed files to '/home/xh339/Desktop/turtlebot_ws/build/turtlebot3_teleop/install.log'
[3.972s] Invoked command in '/home/xh339/Desktop/turtlebot_ws/src/turtlebot3_teleop' returned '0': PYTHONPATH=/home/xh339/Desktop/turtlebot_ws/build/turtlebot3_teleop/prefix_override:/home/xh339/Desktop/turtlebot_ws/install/turtlebot3_teleop/lib/python3.10/site-packages:${PYTHONPATH} /usr/bin/python3 setup.py egg_info --egg-base ../../build/turtlebot3_teleop build --build-base /home/xh339/Desktop/turtlebot_ws/build/turtlebot3_teleop/build install --record /home/xh339/Desktop/turtlebot_ws/build/turtlebot3_teleop/install.log --single-version-externally-managed
