[3.412s] Invoking command in '/home/xh339/Desktop/turtlebot_ws/src/turtlebot3_teleop': PYTHONPATH=/home/xh339/Desktop/turtlebot_ws/build/turtlebot3_teleop/prefix_override:/home/xh339/Desktop/turtlebot_ws/install/turtlebot3_teleop/lib/python3.10/site-packages:${PYTHONPATH} /usr/bin/python3 setup.py egg_info --egg-base ../../build/turtlebot3_teleop build --build-base /home/xh339/Desktop/turtlebot_ws/build/turtlebot3_teleop/build install --record /home/xh339/Desktop/turtlebot_ws/build/turtlebot3_teleop/install.log --single-version-externally-managed
[4.363s] running egg_info
[4.366s] writing ../../build/turtlebot3_teleop/turtlebot3_teleop.egg-info/PKG-INFO
[4.370s] writing dependency_links to ../../build/turtlebot3_teleop/turtlebot3_teleop.egg-info/dependency_links.txt
[4.370s] writing entry points to ../../build/turtlebot3_teleop/turtlebot3_teleop.egg-info/entry_points.txt
[4.370s] writing requirements to ../../build/turtlebot3_teleop/turtlebot3_teleop.egg-info/requires.txt
[4.371s] writing top-level names to ../../build/turtlebot3_teleop/turtlebot3_teleop.egg-info/top_level.txt
[4.372s] reading manifest file '../../build/turtlebot3_teleop/turtlebot3_teleop.egg-info/SOURCES.txt'
[4.375s] writing manifest file '../../build/turtlebot3_teleop/turtlebot3_teleop.egg-info/SOURCES.txt'
[4.377s] running build
[4.377s] running build_py
[4.381s] running install
[4.382s] /usr/lib/python3/dist-packages/setuptools/command/install.py:34: SetuptoolsDeprecationWarning: setup.py install is deprecated. Use build and pip and other standards-based tools.
[4.382s]   warnings.warn(
[4.383s] running install_lib
[4.387s] running install_data
[4.388s] running install_egg_info
[4.392s] removing '/home/xh339/Desktop/turtlebot_ws/install/turtlebot3_teleop/lib/python3.10/site-packages/turtlebot3_teleop-2.1.5-py3.10.egg-info' (and everything under it)
[4.393s] Copying ../../build/turtlebot3_teleop/turtlebot3_teleop.egg-info to /home/xh339/Desktop/turtlebot_ws/install/turtlebot3_teleop/lib/python3.10/site-packages/turtlebot3_teleop-2.1.5-py3.10.egg-info
[4.394s] running install_scripts
[4.459s] Installing teleop_keyboard script to /home/xh339/Desktop/turtlebot_ws/install/turtlebot3_teleop/lib/turtlebot3_teleop
[4.459s] writing list of installed files to '/home/xh339/Desktop/turtlebot_ws/build/turtlebot3_teleop/install.log'
[4.843s] Invoked command in '/home/xh339/Desktop/turtlebot_ws/src/turtlebot3_teleop' returned '0': PYTHONPATH=/home/xh339/Desktop/turtlebot_ws/build/turtlebot3_teleop/prefix_override:/home/xh339/Desktop/turtlebot_ws/install/turtlebot3_teleop/lib/python3.10/site-packages:${PYTHONPATH} /usr/bin/python3 setup.py egg_info --egg-base ../../build/turtlebot3_teleop build --build-base /home/xh339/Desktop/turtlebot_ws/build/turtlebot3_teleop/build install --record /home/xh339/Desktop/turtlebot_ws/build/turtlebot3_teleop/install.log --single-version-externally-managed
