-- Install configuration: ""
-- Up-to-date: /home/xh339/Desktop/turtlebot_ws/install/uav_cartographer/share/uav_cartographer/config
-- Up-to-date: /home/xh339/Desktop/turtlebot_ws/install/uav_cartographer/share/uav_cartographer/config/uav_lds_2d.lua
-- Up-to-date: /home/xh339/Desktop/turtlebot_ws/install/uav_cartographer/share/uav_cartographer/launch
-- Up-to-date: /home/xh339/Desktop/turtlebot_ws/install/uav_cartographer/share/uav_cartographer/launch/uav_cartographer.launch.py
-- Up-to-date: /home/xh339/Desktop/turtlebot_ws/install/uav_cartographer/share/uav_cartographer/launch/occupancy_grid.launch.py
-- Up-to-date: /home/xh339/Desktop/turtlebot_ws/install/uav_cartographer/share/uav_cartographer/rviz
-- Up-to-date: /home/xh339/Desktop/turtlebot_ws/install/uav_cartographer/share/uav_cartographer/rviz/uav_cartographer.rviz
-- Up-to-date: /home/xh339/Desktop/turtlebot_ws/install/uav_cartographer/share/ament_index/resource_index/package_run_dependencies/uav_cartographer
-- Up-to-date: /home/xh339/Desktop/turtlebot_ws/install/uav_cartographer/share/ament_index/resource_index/parent_prefix_path/uav_cartographer
-- Up-to-date: /home/xh339/Desktop/turtlebot_ws/install/uav_cartographer/share/uav_cartographer/environment/ament_prefix_path.sh
-- Up-to-date: /home/xh339/Desktop/turtlebot_ws/install/uav_cartographer/share/uav_cartographer/environment/ament_prefix_path.dsv
-- Up-to-date: /home/xh339/Desktop/turtlebot_ws/install/uav_cartographer/share/uav_cartographer/environment/path.sh
-- Up-to-date: /home/xh339/Desktop/turtlebot_ws/install/uav_cartographer/share/uav_cartographer/environment/path.dsv
-- Up-to-date: /home/xh339/Desktop/turtlebot_ws/install/uav_cartographer/share/uav_cartographer/local_setup.bash
-- Up-to-date: /home/xh339/Desktop/turtlebot_ws/install/uav_cartographer/share/uav_cartographer/local_setup.sh
-- Up-to-date: /home/xh339/Desktop/turtlebot_ws/install/uav_cartographer/share/uav_cartographer/local_setup.zsh
-- Up-to-date: /home/xh339/Desktop/turtlebot_ws/install/uav_cartographer/share/uav_cartographer/local_setup.dsv
-- Up-to-date: /home/xh339/Desktop/turtlebot_ws/install/uav_cartographer/share/uav_cartographer/package.dsv
-- Up-to-date: /home/xh339/Desktop/turtlebot_ws/install/uav_cartographer/share/ament_index/resource_index/packages/uav_cartographer
-- Up-to-date: /home/xh339/Desktop/turtlebot_ws/install/uav_cartographer/share/uav_cartographer/cmake/uav_cartographerConfig.cmake
-- Up-to-date: /home/xh339/Desktop/turtlebot_ws/install/uav_cartographer/share/uav_cartographer/cmake/uav_cartographerConfig-version.cmake
-- Up-to-date: /home/xh339/Desktop/turtlebot_ws/install/uav_cartographer/share/uav_cartographer/package.xml
