[1.595s] Invoking command in '/home/xh339/Desktop/turtlebot_ws/src/turtlebot3_teleop': PYTHONPATH=/home/xh339/Desktop/turtlebot_ws/build/turtlebot3_teleop/prefix_override:/home/xh339/Desktop/turtlebot_ws/install/turtlebot3_teleop/lib/python3.10/site-packages:${PYTHONPATH} /usr/bin/python3 setup.py egg_info --egg-base ../../build/turtlebot3_teleop build --build-base /home/xh339/Desktop/turtlebot_ws/build/turtlebot3_teleop/build install --record /home/xh339/Desktop/turtlebot_ws/build/turtlebot3_teleop/install.log --single-version-externally-managed
[2.050s] running egg_info
[2.051s] writing ../../build/turtlebot3_teleop/turtlebot3_teleop.egg-info/PKG-INFO
[2.051s] writing dependency_links to ../../build/turtlebot3_teleop/turtlebot3_teleop.egg-info/dependency_links.txt
[2.051s] writing entry points to ../../build/turtlebot3_teleop/turtlebot3_teleop.egg-info/entry_points.txt
[2.051s] writing requirements to ../../build/turtlebot3_teleop/turtlebot3_teleop.egg-info/requires.txt
[2.051s] writing top-level names to ../../build/turtlebot3_teleop/turtlebot3_teleop.egg-info/top_level.txt
[2.055s] reading manifest file '../../build/turtlebot3_teleop/turtlebot3_teleop.egg-info/SOURCES.txt'
[2.055s] writing manifest file '../../build/turtlebot3_teleop/turtlebot3_teleop.egg-info/SOURCES.txt'
[2.055s] running build
[2.056s] running build_py
[2.056s] running install
[2.056s] /usr/lib/python3/dist-packages/setuptools/command/install.py:34: SetuptoolsDeprecationWarning: setup.py install is deprecated. Use build and pip and other standards-based tools.
[2.056s]   warnings.warn(
[2.058s] running install_lib
[2.061s] running install_data
[2.061s] running install_egg_info
[2.064s] removing '/home/xh339/Desktop/turtlebot_ws/install/turtlebot3_teleop/lib/python3.10/site-packages/turtlebot3_teleop-2.1.5-py3.10.egg-info' (and everything under it)
[2.064s] Copying ../../build/turtlebot3_teleop/turtlebot3_teleop.egg-info to /home/xh339/Desktop/turtlebot_ws/install/turtlebot3_teleop/lib/python3.10/site-packages/turtlebot3_teleop-2.1.5-py3.10.egg-info
[2.066s] running install_scripts
[2.107s] Installing teleop_keyboard script to /home/xh339/Desktop/turtlebot_ws/install/turtlebot3_teleop/lib/turtlebot3_teleop
[2.107s] writing list of installed files to '/home/xh339/Desktop/turtlebot_ws/build/turtlebot3_teleop/install.log'
[2.152s] Invoked command in '/home/xh339/Desktop/turtlebot_ws/src/turtlebot3_teleop' returned '0': PYTHONPATH=/home/xh339/Desktop/turtlebot_ws/build/turtlebot3_teleop/prefix_override:/home/xh339/Desktop/turtlebot_ws/install/turtlebot3_teleop/lib/python3.10/site-packages:${PYTHONPATH} /usr/bin/python3 setup.py egg_info --egg-base ../../build/turtlebot3_teleop build --build-base /home/xh339/Desktop/turtlebot_ws/build/turtlebot3_teleop/build install --record /home/xh339/Desktop/turtlebot_ws/build/turtlebot3_teleop/install.log --single-version-externally-managed
