[0.898s] Invoking command in '/home/xh339/Desktop/turtlebot_ws/build/turtlebot3_navigation2': CMAKE_PREFIX_PATH=/home/xh339/Desktop/turtlebot_ws/install/turtlebot3_navigation2:/home/xh339/Desktop/turtlebot_ws/install/turtlebot3_msgs:/home/xh339/Desktop/turtlebot_ws/install/turtlebot3_gazebo:/home/xh339/Desktop/turtlebot_ws/install/turtlebot3_cartographer:/home/xh339/Desktop/turtlebot_ws/install/turtlebot3_teleop:/home/xh339/Desktop/ros2_ws/install/task79_test:/home/xh339/Desktop/ros2_ws/install/task79:/home/xh339/Desktop/ros2_ws/install/aruco_detect:/home/xh339/dev_ws/install/learning_urdf:/home/xh339/dev_ws/install/learning_topic:/home/xh339/dev_ws/install/learning_tf:/home/xh339/dev_ws/install/learning_service:/home/xh339/dev_ws/install/learning_qos:/home/xh339/dev_ws/install/learning_pkg_python:/home/xh339/dev_ws/install/learning_parameter:/home/xh339/dev_ws/install/learning_node:/home/xh339/dev_ws/install/learning_launch:/home/xh339/dev_ws/install/learning_action:/home/xh339/dev_ws/install/learning_gazebo:/opt/ros/humble:/home/xh339/Desktop/turtlebot_ws/install/realsense_ros_gazebo:/home/xh339/Desktop/ros2_ws/install/task79_interfaces:/home/xh339/dev_ws/install/learning_pkg_c:/home/xh339/dev_ws/install/learning_interface /usr/bin/cmake --build /home/xh339/Desktop/turtlebot_ws/build/turtlebot3_navigation2 -- -j8 -l8
[2.419s] Invoked command in '/home/xh339/Desktop/turtlebot_ws/build/turtlebot3_navigation2' returned '0': CMAKE_PREFIX_PATH=/home/xh339/Desktop/turtlebot_ws/install/turtlebot3_navigation2:/home/xh339/Desktop/turtlebot_ws/install/turtlebot3_msgs:/home/xh339/Desktop/turtlebot_ws/install/turtlebot3_gazebo:/home/xh339/Desktop/turtlebot_ws/install/turtlebot3_cartographer:/home/xh339/Desktop/turtlebot_ws/install/turtlebot3_teleop:/home/xh339/Desktop/ros2_ws/install/task79_test:/home/xh339/Desktop/ros2_ws/install/task79:/home/xh339/Desktop/ros2_ws/install/aruco_detect:/home/xh339/dev_ws/install/learning_urdf:/home/xh339/dev_ws/install/learning_topic:/home/xh339/dev_ws/install/learning_tf:/home/xh339/dev_ws/install/learning_service:/home/xh339/dev_ws/install/learning_qos:/home/xh339/dev_ws/install/learning_pkg_python:/home/xh339/dev_ws/install/learning_parameter:/home/xh339/dev_ws/install/learning_node:/home/xh339/dev_ws/install/learning_launch:/home/xh339/dev_ws/install/learning_action:/home/xh339/dev_ws/install/learning_gazebo:/opt/ros/humble:/home/xh339/Desktop/turtlebot_ws/install/realsense_ros_gazebo:/home/xh339/Desktop/ros2_ws/install/task79_interfaces:/home/xh339/dev_ws/install/learning_pkg_c:/home/xh339/dev_ws/install/learning_interface /usr/bin/cmake --build /home/xh339/Desktop/turtlebot_ws/build/turtlebot3_navigation2 -- -j8 -l8
[2.567s] Invoking command in '/home/xh339/Desktop/turtlebot_ws/build/turtlebot3_navigation2': CMAKE_PREFIX_PATH=/home/xh339/Desktop/turtlebot_ws/install/turtlebot3_navigation2:/home/xh339/Desktop/turtlebot_ws/install/turtlebot3_msgs:/home/xh339/Desktop/turtlebot_ws/install/turtlebot3_gazebo:/home/xh339/Desktop/turtlebot_ws/install/turtlebot3_cartographer:/home/xh339/Desktop/turtlebot_ws/install/turtlebot3_teleop:/home/xh339/Desktop/ros2_ws/install/task79_test:/home/xh339/Desktop/ros2_ws/install/task79:/home/xh339/Desktop/ros2_ws/install/aruco_detect:/home/xh339/dev_ws/install/learning_urdf:/home/xh339/dev_ws/install/learning_topic:/home/xh339/dev_ws/install/learning_tf:/home/xh339/dev_ws/install/learning_service:/home/xh339/dev_ws/install/learning_qos:/home/xh339/dev_ws/install/learning_pkg_python:/home/xh339/dev_ws/install/learning_parameter:/home/xh339/dev_ws/install/learning_node:/home/xh339/dev_ws/install/learning_launch:/home/xh339/dev_ws/install/learning_action:/home/xh339/dev_ws/install/learning_gazebo:/opt/ros/humble:/home/xh339/Desktop/turtlebot_ws/install/realsense_ros_gazebo:/home/xh339/Desktop/ros2_ws/install/task79_interfaces:/home/xh339/dev_ws/install/learning_pkg_c:/home/xh339/dev_ws/install/learning_interface /usr/bin/cmake --install /home/xh339/Desktop/turtlebot_ws/build/turtlebot3_navigation2
[2.596s] -- Install configuration: ""
[2.596s] -- Up-to-date: /home/xh339/Desktop/turtlebot_ws/install/turtlebot3_navigation2/share/turtlebot3_navigation2/launch
[2.596s] -- Up-to-date: /home/xh339/Desktop/turtlebot_ws/install/turtlebot3_navigation2/share/turtlebot3_navigation2/launch/navigation2.launch.py
[2.596s] -- Up-to-date: /home/xh339/Desktop/turtlebot_ws/install/turtlebot3_navigation2/share/turtlebot3_navigation2/map
[2.596s] -- Up-to-date: /home/xh339/Desktop/turtlebot_ws/install/turtlebot3_navigation2/share/turtlebot3_navigation2/map/map.yaml
[2.597s] -- Up-to-date: /home/xh339/Desktop/turtlebot_ws/install/turtlebot3_navigation2/share/turtlebot3_navigation2/map/map.pgm
[2.597s] -- Up-to-date: /home/xh339/Desktop/turtlebot_ws/install/turtlebot3_navigation2/share/turtlebot3_navigation2/param
[2.597s] -- Up-to-date: /home/xh339/Desktop/turtlebot_ws/install/turtlebot3_navigation2/share/turtlebot3_navigation2/param/waffle.yaml
[2.597s] -- Up-to-date: /home/xh339/Desktop/turtlebot_ws/install/turtlebot3_navigation2/share/turtlebot3_navigation2/param/burger.yaml
[2.597s] -- Up-to-date: /home/xh339/Desktop/turtlebot_ws/install/turtlebot3_navigation2/share/turtlebot3_navigation2/param/waffle_pi.yaml
[2.597s] -- Up-to-date: /home/xh339/Desktop/turtlebot_ws/install/turtlebot3_navigation2/share/turtlebot3_navigation2/rviz
[2.598s] -- Up-to-date: /home/xh339/Desktop/turtlebot_ws/install/turtlebot3_navigation2/share/turtlebot3_navigation2/rviz/tb3_navigation2.rviz
[2.598s] -- Up-to-date: /home/xh339/Desktop/turtlebot_ws/install/turtlebot3_navigation2/share/ament_index/resource_index/package_run_dependencies/turtlebot3_navigation2
[2.599s] -- Up-to-date: /home/xh339/Desktop/turtlebot_ws/install/turtlebot3_navigation2/share/ament_index/resource_index/parent_prefix_path/turtlebot3_navigation2
[2.599s] -- Up-to-date: /home/xh339/Desktop/turtlebot_ws/install/turtlebot3_navigation2/share/turtlebot3_navigation2/environment/ament_prefix_path.sh
[2.599s] -- Up-to-date: /home/xh339/Desktop/turtlebot_ws/install/turtlebot3_navigation2/share/turtlebot3_navigation2/environment/ament_prefix_path.dsv
[2.599s] -- Up-to-date: /home/xh339/Desktop/turtlebot_ws/install/turtlebot3_navigation2/share/turtlebot3_navigation2/environment/path.sh
[2.599s] -- Up-to-date: /home/xh339/Desktop/turtlebot_ws/install/turtlebot3_navigation2/share/turtlebot3_navigation2/environment/path.dsv
[2.600s] -- Up-to-date: /home/xh339/Desktop/turtlebot_ws/install/turtlebot3_navigation2/share/turtlebot3_navigation2/local_setup.bash
[2.600s] -- Up-to-date: /home/xh339/Desktop/turtlebot_ws/install/turtlebot3_navigation2/share/turtlebot3_navigation2/local_setup.sh
[2.600s] -- Up-to-date: /home/xh339/Desktop/turtlebot_ws/install/turtlebot3_navigation2/share/turtlebot3_navigation2/local_setup.zsh
[2.600s] -- Up-to-date: /home/xh339/Desktop/turtlebot_ws/install/turtlebot3_navigation2/share/turtlebot3_navigation2/local_setup.dsv
[2.600s] -- Installing: /home/xh339/Desktop/turtlebot_ws/install/turtlebot3_navigation2/share/turtlebot3_navigation2/package.dsv
[2.601s] -- Up-to-date: /home/xh339/Desktop/turtlebot_ws/install/turtlebot3_navigation2/share/ament_index/resource_index/packages/turtlebot3_navigation2
[2.601s] -- Up-to-date: /home/xh339/Desktop/turtlebot_ws/install/turtlebot3_navigation2/share/turtlebot3_navigation2/cmake/turtlebot3_navigation2Config.cmake
[2.622s] -- Up-to-date: /home/xh339/Desktop/turtlebot_ws/install/turtlebot3_navigation2/share/turtlebot3_navigation2/cmake/turtlebot3_navigation2Config-version.cmake
[2.623s] -- Up-to-date: /home/xh339/Desktop/turtlebot_ws/install/turtlebot3_navigation2/share/turtlebot3_navigation2/package.xml
[2.634s] Invoked command in '/home/xh339/Desktop/turtlebot_ws/build/turtlebot3_navigation2' returned '0': CMAKE_PREFIX_PATH=/home/xh339/Desktop/turtlebot_ws/install/turtlebot3_navigation2:/home/xh339/Desktop/turtlebot_ws/install/turtlebot3_msgs:/home/xh339/Desktop/turtlebot_ws/install/turtlebot3_gazebo:/home/xh339/Desktop/turtlebot_ws/install/turtlebot3_cartographer:/home/xh339/Desktop/turtlebot_ws/install/turtlebot3_teleop:/home/xh339/Desktop/ros2_ws/install/task79_test:/home/xh339/Desktop/ros2_ws/install/task79:/home/xh339/Desktop/ros2_ws/install/aruco_detect:/home/xh339/dev_ws/install/learning_urdf:/home/xh339/dev_ws/install/learning_topic:/home/xh339/dev_ws/install/learning_tf:/home/xh339/dev_ws/install/learning_service:/home/xh339/dev_ws/install/learning_qos:/home/xh339/dev_ws/install/learning_pkg_python:/home/xh339/dev_ws/install/learning_parameter:/home/xh339/dev_ws/install/learning_node:/home/xh339/dev_ws/install/learning_launch:/home/xh339/dev_ws/install/learning_action:/home/xh339/dev_ws/install/learning_gazebo:/opt/ros/humble:/home/xh339/Desktop/turtlebot_ws/install/realsense_ros_gazebo:/home/xh339/Desktop/ros2_ws/install/task79_interfaces:/home/xh339/dev_ws/install/learning_pkg_c:/home/xh339/dev_ws/install/learning_interface /usr/bin/cmake --install /home/xh339/Desktop/turtlebot_ws/build/turtlebot3_navigation2
