[0.830s] Invoking command in '/home/xh339/Desktop/turtlebot_ws/build/realsense_gazebo_plugin': /usr/bin/cmake --build /home/xh339/Desktop/turtlebot_ws/build/realsense_gazebo_plugin -- -j8 -l8
[0.950s] [100%] Built target realsense_gazebo_plugin
[1.498s] Invoked command in '/home/xh339/Desktop/turtlebot_ws/build/realsense_gazebo_plugin' returned '0': /usr/bin/cmake --build /home/xh339/Desktop/turtlebot_ws/build/realsense_gazebo_plugin -- -j8 -l8
[1.747s] Invoking command in '/home/xh339/Desktop/turtlebot_ws/build/realsense_gazebo_plugin': /usr/bin/cmake --install /home/xh339/Desktop/turtlebot_ws/build/realsense_gazebo_plugin
[1.762s] -- Install configuration: ""
[1.763s] -- Up-to-date: /home/xh339/Desktop/turtlebot_ws/install/realsense_gazebo_plugin/lib/librealsense_gazebo_plugin.so
[1.764s] -- Up-to-date: /home/xh339/Desktop/turtlebot_ws/install/realsense_gazebo_plugin/include/
[1.765s] -- Up-to-date: /home/xh339/Desktop/turtlebot_ws/install/realsense_gazebo_plugin/include//realsense_gazebo_plugin
[1.768s] -- Up-to-date: /home/xh339/Desktop/turtlebot_ws/install/realsense_gazebo_plugin/include//realsense_gazebo_plugin/gazebo_ros_realsense.hpp
[1.768s] -- Up-to-date: /home/xh339/Desktop/turtlebot_ws/install/realsense_gazebo_plugin/include//realsense_gazebo_plugin/RealSensePlugin.hpp
[1.769s] -- Up-to-date: /home/xh339/Desktop/turtlebot_ws/install/realsense_gazebo_plugin/share/realsense_gazebo_plugin/environment/library_path.sh
[1.771s] -- Up-to-date: /home/xh339/Desktop/turtlebot_ws/install/realsense_gazebo_plugin/share/realsense_gazebo_plugin/environment/library_path.dsv
[1.771s] -- Up-to-date: /home/xh339/Desktop/turtlebot_ws/install/realsense_gazebo_plugin/share/ament_index/resource_index/package_run_dependencies/realsense_gazebo_plugin
[1.772s] -- Up-to-date: /home/xh339/Desktop/turtlebot_ws/install/realsense_gazebo_plugin/share/ament_index/resource_index/parent_prefix_path/realsense_gazebo_plugin
[1.772s] -- Up-to-date: /home/xh339/Desktop/turtlebot_ws/install/realsense_gazebo_plugin/share/realsense_gazebo_plugin/environment/ament_prefix_path.sh
[1.773s] -- Up-to-date: /home/xh339/Desktop/turtlebot_ws/install/realsense_gazebo_plugin/share/realsense_gazebo_plugin/environment/ament_prefix_path.dsv
[1.773s] -- Up-to-date: /home/xh339/Desktop/turtlebot_ws/install/realsense_gazebo_plugin/share/realsense_gazebo_plugin/environment/path.sh
[1.774s] -- Up-to-date: /home/xh339/Desktop/turtlebot_ws/install/realsense_gazebo_plugin/share/realsense_gazebo_plugin/environment/path.dsv
[1.774s] -- Up-to-date: /home/xh339/Desktop/turtlebot_ws/install/realsense_gazebo_plugin/share/realsense_gazebo_plugin/local_setup.bash
[1.774s] -- Up-to-date: /home/xh339/Desktop/turtlebot_ws/install/realsense_gazebo_plugin/share/realsense_gazebo_plugin/local_setup.sh
[1.774s] -- Up-to-date: /home/xh339/Desktop/turtlebot_ws/install/realsense_gazebo_plugin/share/realsense_gazebo_plugin/local_setup.zsh
[1.774s] -- Up-to-date: /home/xh339/Desktop/turtlebot_ws/install/realsense_gazebo_plugin/share/realsense_gazebo_plugin/local_setup.dsv
[1.774s] -- Installing: /home/xh339/Desktop/turtlebot_ws/install/realsense_gazebo_plugin/share/realsense_gazebo_plugin/package.dsv
[1.775s] -- Up-to-date: /home/xh339/Desktop/turtlebot_ws/install/realsense_gazebo_plugin/share/ament_index/resource_index/packages/realsense_gazebo_plugin
[1.775s] -- Up-to-date: /home/xh339/Desktop/turtlebot_ws/install/realsense_gazebo_plugin/share/realsense_gazebo_plugin/cmake/ament_cmake_export_include_directories-extras.cmake
[1.776s] -- Up-to-date: /home/xh339/Desktop/turtlebot_ws/install/realsense_gazebo_plugin/share/realsense_gazebo_plugin/cmake/ament_cmake_export_libraries-extras.cmake
[1.776s] -- Up-to-date: /home/xh339/Desktop/turtlebot_ws/install/realsense_gazebo_plugin/share/realsense_gazebo_plugin/cmake/realsense_gazebo_pluginConfig.cmake
[1.776s] -- Up-to-date: /home/xh339/Desktop/turtlebot_ws/install/realsense_gazebo_plugin/share/realsense_gazebo_plugin/cmake/realsense_gazebo_pluginConfig-version.cmake
[1.777s] -- Up-to-date: /home/xh339/Desktop/turtlebot_ws/install/realsense_gazebo_plugin/share/realsense_gazebo_plugin/package.xml
[2.055s] Invoked command in '/home/xh339/Desktop/turtlebot_ws/build/realsense_gazebo_plugin' returned '0': /usr/bin/cmake --install /home/xh339/Desktop/turtlebot_ws/build/realsense_gazebo_plugin
