[1.463s] Invoking command in '/home/xh339/Desktop/turtlebot_ws/build/uav_cartographer': CMAKE_PREFIX_PATH=/home/xh339/Desktop/turtlebot_ws/install/turtlebot3_navigation2:/home/xh339/Desktop/turtlebot_ws/install/turtlebot3_msgs:/home/xh339/Desktop/turtlebot_ws/install/turtlebot3_gazebo:/home/xh339/Desktop/turtlebot_ws/install/turtlebot3_cartographer:/home/xh339/Desktop/turtlebot_ws/install/turtlebot3_teleop:/home/xh339/Desktop/ros2_ws/install/task79:/home/xh339/Desktop/ros2_ws/install/task79_wrappers:/home/xh339/Desktop/ros2_ws/install/task79_test:/home/xh339/Desktop/ros2_ws/install/task79_data_converter:/home/xh339/dev_ws/install/learning_urdf:/home/xh339/dev_ws/install/learning_topic:/home/xh339/dev_ws/install/learning_tf:/home/xh339/dev_ws/install/learning_service:/home/xh339/dev_ws/install/learning_qos:/home/xh339/dev_ws/install/learning_pkg_python:/home/xh339/dev_ws/install/learning_parameter:/home/xh339/dev_ws/install/learning_node:/home/xh339/dev_ws/install/learning_launch:/home/xh339/dev_ws/install/learning_action:/home/xh339/dev_ws/install/learning_gazebo:/opt/ros/humble:/home/xh339/Desktop/turtlebot_ws/install/realsense_ros_gazebo:/home/xh339/Desktop/turtlebot_ws/install/realsense_gazebo_plugin:/home/xh339/Desktop/ros2_ws/install/task79_interfaces:/home/xh339/ros2_test/install/ros2_orb_slam3:/home/xh339/dev_ws/install/learning_pkg_c:/home/xh339/dev_ws/install/learning_interface /usr/bin/cmake /home/xh339/Desktop/turtlebot_ws/src/uav_cartographer -DCMAKE_INSTALL_PREFIX=/home/xh339/Desktop/turtlebot_ws/install/uav_cartographer
[1.607s] -- The C compiler identification is GNU 11.4.0
[1.752s] -- The CXX compiler identification is GNU 11.4.0
[1.770s] -- Detecting C compiler ABI info
[1.948s] -- Detecting C compiler ABI info - done
[1.970s] -- Check for working C compiler: /usr/bin/cc - skipped
[1.970s] -- Detecting C compile features
[1.971s] -- Detecting C compile features - done
[1.985s] -- Detecting CXX compiler ABI info
[2.208s] -- Detecting CXX compiler ABI info - done
[2.234s] -- Check for working CXX compiler: /usr/bin/c++ - skipped
[2.235s] -- Detecting CXX compile features
[2.236s] -- Detecting CXX compile features - done
[2.259s] -- Found ament_cmake: 1.3.7 (/opt/ros/humble/share/ament_cmake/cmake)
[2.948s] -- Found Python3: /usr/bin/python3.10 (found version "3.10.12") found components: Interpreter 
[3.486s] -- Configuring done
[3.494s] -- Generating done
[3.498s] -- Build files have been written to: /home/xh339/Desktop/turtlebot_ws/build/uav_cartographer
[3.526s] Invoked command in '/home/xh339/Desktop/turtlebot_ws/build/uav_cartographer' returned '0': CMAKE_PREFIX_PATH=/home/xh339/Desktop/turtlebot_ws/install/turtlebot3_navigation2:/home/xh339/Desktop/turtlebot_ws/install/turtlebot3_msgs:/home/xh339/Desktop/turtlebot_ws/install/turtlebot3_gazebo:/home/xh339/Desktop/turtlebot_ws/install/turtlebot3_cartographer:/home/xh339/Desktop/turtlebot_ws/install/turtlebot3_teleop:/home/xh339/Desktop/ros2_ws/install/task79:/home/xh339/Desktop/ros2_ws/install/task79_wrappers:/home/xh339/Desktop/ros2_ws/install/task79_test:/home/xh339/Desktop/ros2_ws/install/task79_data_converter:/home/xh339/dev_ws/install/learning_urdf:/home/xh339/dev_ws/install/learning_topic:/home/xh339/dev_ws/install/learning_tf:/home/xh339/dev_ws/install/learning_service:/home/xh339/dev_ws/install/learning_qos:/home/xh339/dev_ws/install/learning_pkg_python:/home/xh339/dev_ws/install/learning_parameter:/home/xh339/dev_ws/install/learning_node:/home/xh339/dev_ws/install/learning_launch:/home/xh339/dev_ws/install/learning_action:/home/xh339/dev_ws/install/learning_gazebo:/opt/ros/humble:/home/xh339/Desktop/turtlebot_ws/install/realsense_ros_gazebo:/home/xh339/Desktop/turtlebot_ws/install/realsense_gazebo_plugin:/home/xh339/Desktop/ros2_ws/install/task79_interfaces:/home/xh339/ros2_test/install/ros2_orb_slam3:/home/xh339/dev_ws/install/learning_pkg_c:/home/xh339/dev_ws/install/learning_interface /usr/bin/cmake /home/xh339/Desktop/turtlebot_ws/src/uav_cartographer -DCMAKE_INSTALL_PREFIX=/home/xh339/Desktop/turtlebot_ws/install/uav_cartographer
[3.528s] Invoking command in '/home/xh339/Desktop/turtlebot_ws/build/uav_cartographer': CMAKE_PREFIX_PATH=/home/xh339/Desktop/turtlebot_ws/install/turtlebot3_navigation2:/home/xh339/Desktop/turtlebot_ws/install/turtlebot3_msgs:/home/xh339/Desktop/turtlebot_ws/install/turtlebot3_gazebo:/home/xh339/Desktop/turtlebot_ws/install/turtlebot3_cartographer:/home/xh339/Desktop/turtlebot_ws/install/turtlebot3_teleop:/home/xh339/Desktop/ros2_ws/install/task79:/home/xh339/Desktop/ros2_ws/install/task79_wrappers:/home/xh339/Desktop/ros2_ws/install/task79_test:/home/xh339/Desktop/ros2_ws/install/task79_data_converter:/home/xh339/dev_ws/install/learning_urdf:/home/xh339/dev_ws/install/learning_topic:/home/xh339/dev_ws/install/learning_tf:/home/xh339/dev_ws/install/learning_service:/home/xh339/dev_ws/install/learning_qos:/home/xh339/dev_ws/install/learning_pkg_python:/home/xh339/dev_ws/install/learning_parameter:/home/xh339/dev_ws/install/learning_node:/home/xh339/dev_ws/install/learning_launch:/home/xh339/dev_ws/install/learning_action:/home/xh339/dev_ws/install/learning_gazebo:/opt/ros/humble:/home/xh339/Desktop/turtlebot_ws/install/realsense_ros_gazebo:/home/xh339/Desktop/turtlebot_ws/install/realsense_gazebo_plugin:/home/xh339/Desktop/ros2_ws/install/task79_interfaces:/home/xh339/ros2_test/install/ros2_orb_slam3:/home/xh339/dev_ws/install/learning_pkg_c:/home/xh339/dev_ws/install/learning_interface /usr/bin/cmake --build /home/xh339/Desktop/turtlebot_ws/build/uav_cartographer -- -j8 -l8
[3.636s] Invoked command in '/home/xh339/Desktop/turtlebot_ws/build/uav_cartographer' returned '0': CMAKE_PREFIX_PATH=/home/xh339/Desktop/turtlebot_ws/install/turtlebot3_navigation2:/home/xh339/Desktop/turtlebot_ws/install/turtlebot3_msgs:/home/xh339/Desktop/turtlebot_ws/install/turtlebot3_gazebo:/home/xh339/Desktop/turtlebot_ws/install/turtlebot3_cartographer:/home/xh339/Desktop/turtlebot_ws/install/turtlebot3_teleop:/home/xh339/Desktop/ros2_ws/install/task79:/home/xh339/Desktop/ros2_ws/install/task79_wrappers:/home/xh339/Desktop/ros2_ws/install/task79_test:/home/xh339/Desktop/ros2_ws/install/task79_data_converter:/home/xh339/dev_ws/install/learning_urdf:/home/xh339/dev_ws/install/learning_topic:/home/xh339/dev_ws/install/learning_tf:/home/xh339/dev_ws/install/learning_service:/home/xh339/dev_ws/install/learning_qos:/home/xh339/dev_ws/install/learning_pkg_python:/home/xh339/dev_ws/install/learning_parameter:/home/xh339/dev_ws/install/learning_node:/home/xh339/dev_ws/install/learning_launch:/home/xh339/dev_ws/install/learning_action:/home/xh339/dev_ws/install/learning_gazebo:/opt/ros/humble:/home/xh339/Desktop/turtlebot_ws/install/realsense_ros_gazebo:/home/xh339/Desktop/turtlebot_ws/install/realsense_gazebo_plugin:/home/xh339/Desktop/ros2_ws/install/task79_interfaces:/home/xh339/ros2_test/install/ros2_orb_slam3:/home/xh339/dev_ws/install/learning_pkg_c:/home/xh339/dev_ws/install/learning_interface /usr/bin/cmake --build /home/xh339/Desktop/turtlebot_ws/build/uav_cartographer -- -j8 -l8
[3.699s] Invoking command in '/home/xh339/Desktop/turtlebot_ws/build/uav_cartographer': CMAKE_PREFIX_PATH=/home/xh339/Desktop/turtlebot_ws/install/turtlebot3_navigation2:/home/xh339/Desktop/turtlebot_ws/install/turtlebot3_msgs:/home/xh339/Desktop/turtlebot_ws/install/turtlebot3_gazebo:/home/xh339/Desktop/turtlebot_ws/install/turtlebot3_cartographer:/home/xh339/Desktop/turtlebot_ws/install/turtlebot3_teleop:/home/xh339/Desktop/ros2_ws/install/task79:/home/xh339/Desktop/ros2_ws/install/task79_wrappers:/home/xh339/Desktop/ros2_ws/install/task79_test:/home/xh339/Desktop/ros2_ws/install/task79_data_converter:/home/xh339/dev_ws/install/learning_urdf:/home/xh339/dev_ws/install/learning_topic:/home/xh339/dev_ws/install/learning_tf:/home/xh339/dev_ws/install/learning_service:/home/xh339/dev_ws/install/learning_qos:/home/xh339/dev_ws/install/learning_pkg_python:/home/xh339/dev_ws/install/learning_parameter:/home/xh339/dev_ws/install/learning_node:/home/xh339/dev_ws/install/learning_launch:/home/xh339/dev_ws/install/learning_action:/home/xh339/dev_ws/install/learning_gazebo:/opt/ros/humble:/home/xh339/Desktop/turtlebot_ws/install/realsense_ros_gazebo:/home/xh339/Desktop/turtlebot_ws/install/realsense_gazebo_plugin:/home/xh339/Desktop/ros2_ws/install/task79_interfaces:/home/xh339/ros2_test/install/ros2_orb_slam3:/home/xh339/dev_ws/install/learning_pkg_c:/home/xh339/dev_ws/install/learning_interface /usr/bin/cmake --install /home/xh339/Desktop/turtlebot_ws/build/uav_cartographer
[3.720s] -- Install configuration: ""
[3.721s] -- Installing: /home/xh339/Desktop/turtlebot_ws/install/uav_cartographer/share/uav_cartographer/config
[3.721s] -- Installing: /home/xh339/Desktop/turtlebot_ws/install/uav_cartographer/share/uav_cartographer/config/uav_lds_2d.lua
[3.724s] -- Installing: /home/xh339/Desktop/turtlebot_ws/install/uav_cartographer/share/uav_cartographer/launch
[3.731s] -- Installing: /home/xh339/Desktop/turtlebot_ws/install/uav_cartographer/share/uav_cartographer/launch/uav_cartographer.launch.py
[3.731s] -- Installing: /home/xh339/Desktop/turtlebot_ws/install/uav_cartographer/share/uav_cartographer/launch/occupancy_grid.launch.py
[3.731s] -- Installing: /home/xh339/Desktop/turtlebot_ws/install/uav_cartographer/share/uav_cartographer/rviz
[3.732s] -- Installing: /home/xh339/Desktop/turtlebot_ws/install/uav_cartographer/share/uav_cartographer/rviz/uav_cartographer.rviz
[3.732s] -- Installing: /home/xh339/Desktop/turtlebot_ws/install/uav_cartographer/share/ament_index/resource_index/package_run_dependencies/uav_cartographer
[3.733s] -- Installing: /home/xh339/Desktop/turtlebot_ws/install/uav_cartographer/share/ament_index/resource_index/parent_prefix_path/uav_cartographer
[3.733s] -- Installing: /home/xh339/Desktop/turtlebot_ws/install/uav_cartographer/share/uav_cartographer/environment/ament_prefix_path.sh
[3.733s] -- Installing: /home/xh339/Desktop/turtlebot_ws/install/uav_cartographer/share/uav_cartographer/environment/ament_prefix_path.dsv
[3.733s] -- Installing: /home/xh339/Desktop/turtlebot_ws/install/uav_cartographer/share/uav_cartographer/environment/path.sh
[3.733s] -- Installing: /home/xh339/Desktop/turtlebot_ws/install/uav_cartographer/share/uav_cartographer/environment/path.dsv
[3.734s] -- Installing: /home/xh339/Desktop/turtlebot_ws/install/uav_cartographer/share/uav_cartographer/local_setup.bash
[3.734s] -- Installing: /home/xh339/Desktop/turtlebot_ws/install/uav_cartographer/share/uav_cartographer/local_setup.sh
[3.734s] -- Installing: /home/xh339/Desktop/turtlebot_ws/install/uav_cartographer/share/uav_cartographer/local_setup.zsh
[3.734s] -- Installing: /home/xh339/Desktop/turtlebot_ws/install/uav_cartographer/share/uav_cartographer/local_setup.dsv
[3.734s] -- Installing: /home/xh339/Desktop/turtlebot_ws/install/uav_cartographer/share/uav_cartographer/package.dsv
[3.735s] -- Installing: /home/xh339/Desktop/turtlebot_ws/install/uav_cartographer/share/ament_index/resource_index/packages/uav_cartographer
[3.735s] -- Installing: /home/xh339/Desktop/turtlebot_ws/install/uav_cartographer/share/uav_cartographer/cmake/uav_cartographerConfig.cmake
[3.735s] -- Installing: /home/xh339/Desktop/turtlebot_ws/install/uav_cartographer/share/uav_cartographer/cmake/uav_cartographerConfig-version.cmake
[3.735s] -- Installing: /home/xh339/Desktop/turtlebot_ws/install/uav_cartographer/share/uav_cartographer/package.xml
[3.933s] Invoked command in '/home/xh339/Desktop/turtlebot_ws/build/uav_cartographer' returned '0': CMAKE_PREFIX_PATH=/home/xh339/Desktop/turtlebot_ws/install/turtlebot3_navigation2:/home/xh339/Desktop/turtlebot_ws/install/turtlebot3_msgs:/home/xh339/Desktop/turtlebot_ws/install/turtlebot3_gazebo:/home/xh339/Desktop/turtlebot_ws/install/turtlebot3_cartographer:/home/xh339/Desktop/turtlebot_ws/install/turtlebot3_teleop:/home/xh339/Desktop/ros2_ws/install/task79:/home/xh339/Desktop/ros2_ws/install/task79_wrappers:/home/xh339/Desktop/ros2_ws/install/task79_test:/home/xh339/Desktop/ros2_ws/install/task79_data_converter:/home/xh339/dev_ws/install/learning_urdf:/home/xh339/dev_ws/install/learning_topic:/home/xh339/dev_ws/install/learning_tf:/home/xh339/dev_ws/install/learning_service:/home/xh339/dev_ws/install/learning_qos:/home/xh339/dev_ws/install/learning_pkg_python:/home/xh339/dev_ws/install/learning_parameter:/home/xh339/dev_ws/install/learning_node:/home/xh339/dev_ws/install/learning_launch:/home/xh339/dev_ws/install/learning_action:/home/xh339/dev_ws/install/learning_gazebo:/opt/ros/humble:/home/xh339/Desktop/turtlebot_ws/install/realsense_ros_gazebo:/home/xh339/Desktop/turtlebot_ws/install/realsense_gazebo_plugin:/home/xh339/Desktop/ros2_ws/install/task79_interfaces:/home/xh339/ros2_test/install/ros2_orb_slam3:/home/xh339/dev_ws/install/learning_pkg_c:/home/xh339/dev_ws/install/learning_interface /usr/bin/cmake --install /home/xh339/Desktop/turtlebot_ws/build/uav_cartographer
