[1.348s] DEBUG:colcon:Command line arguments: ['/usr/bin/colcon', 'build']
[1.348s] DEBUG:colcon:Parsed command line arguments: Namespace(log_base=None, log_level=None, verb_name='build', build_base='build', install_base='install', merge_install=False, symlink_install=False, test_result_base=None, continue_on_error=False, executor='parallel', parallel_workers=8, event_handlers=None, ignore_user_meta=False, metas=['./colcon.meta'], base_paths=['.'], packages_ignore=None, packages_ignore_regex=None, paths=None, packages_up_to=None, packages_up_to_regex=None, packages_above=None, packages_above_and_dependencies=None, packages_above_depth=None, packages_select_by_dep=None, packages_skip_by_dep=None, packages_skip_up_to=None, packages_select_build_failed=False, packages_skip_build_finished=False, packages_select_test_failures=False, packages_skip_test_passed=False, packages_select=None, packages_skip=None, packages_select_regex=None, packages_skip_regex=None, packages_start=None, packages_end=None, allow_overriding=[], cmake_args=None, cmake_target=None, cmake_target_skip_unavailable=False, cmake_clean_cache=False, cmake_clean_first=False, cmake_force_configure=False, ament_cmake_args=None, catkin_cmake_args=None, catkin_skip_building_tests=False, verb_parser=<colcon_defaults.argument_parser.defaults.DefaultArgumentsDecorator object at 0x7fbe623d4550>, verb_extension=<colcon_core.verb.build.BuildVerb object at 0x7fbe623d7130>, main=<bound method BuildVerb.main of <colcon_core.verb.build.BuildVerb object at 0x7fbe623d7130>>)
[1.423s] Level 1:colcon.colcon_core.package_discovery:discover_packages(colcon_meta) check parameters
[1.423s] Level 1:colcon.colcon_core.package_discovery:discover_packages(recursive) check parameters
[1.423s] Level 1:colcon.colcon_core.package_discovery:discover_packages(ignore) check parameters
[1.423s] Level 1:colcon.colcon_core.package_discovery:discover_packages(path) check parameters
[1.423s] Level 1:colcon.colcon_core.package_discovery:discover_packages(colcon_meta) discover
[1.423s] Level 1:colcon.colcon_core.package_discovery:discover_packages(recursive) discover
[1.423s] INFO:colcon.colcon_core.package_discovery:Crawling recursively for packages in '/home/xh339/Desktop/turtlebot_ws'
[1.424s] Level 1:colcon.colcon_core.package_identification:_identify(.) by extensions ['ignore', 'ignore_ament_install']
[1.424s] Level 1:colcon.colcon_core.package_identification:_identify(.) by extension 'ignore'
[1.424s] Level 1:colcon.colcon_core.package_identification:_identify(.) by extension 'ignore_ament_install'
[1.424s] Level 1:colcon.colcon_core.package_identification:_identify(.) by extensions ['colcon_pkg']
[1.424s] Level 1:colcon.colcon_core.package_identification:_identify(.) by extension 'colcon_pkg'
[1.424s] Level 1:colcon.colcon_core.package_identification:_identify(.) by extensions ['colcon_meta']
[1.424s] Level 1:colcon.colcon_core.package_identification:_identify(.) by extension 'colcon_meta'
[1.424s] Level 1:colcon.colcon_core.package_identification:_identify(.) by extensions ['ros']
[1.424s] Level 1:colcon.colcon_core.package_identification:_identify(.) by extension 'ros'
[1.440s] Level 1:colcon.colcon_core.package_identification:_identify(.) by extensions ['cmake', 'python']
[1.440s] Level 1:colcon.colcon_core.package_identification:_identify(.) by extension 'cmake'
[1.440s] Level 1:colcon.colcon_core.package_identification:_identify(.) by extension 'python'
[1.440s] Level 1:colcon.colcon_core.package_identification:_identify(.) by extensions ['python_setup_py']
[1.440s] Level 1:colcon.colcon_core.package_identification:_identify(.) by extension 'python_setup_py'
[1.440s] Level 1:colcon.colcon_core.package_identification:_identify(build) by extensions ['ignore', 'ignore_ament_install']
[1.441s] Level 1:colcon.colcon_core.package_identification:_identify(build) by extension 'ignore'
[1.441s] Level 1:colcon.colcon_core.package_identification:_identify(build) ignored
[1.441s] Level 1:colcon.colcon_core.package_identification:_identify(install) by extensions ['ignore', 'ignore_ament_install']
[1.441s] Level 1:colcon.colcon_core.package_identification:_identify(install) by extension 'ignore'
[1.441s] Level 1:colcon.colcon_core.package_identification:_identify(install) ignored
[1.441s] Level 1:colcon.colcon_core.package_identification:_identify(log) by extensions ['ignore', 'ignore_ament_install']
[1.441s] Level 1:colcon.colcon_core.package_identification:_identify(log) by extension 'ignore'
[1.441s] Level 1:colcon.colcon_core.package_identification:_identify(log) ignored
[1.441s] Level 1:colcon.colcon_core.package_identification:_identify(src) by extensions ['ignore', 'ignore_ament_install']
[1.441s] Level 1:colcon.colcon_core.package_identification:_identify(src) by extension 'ignore'
[1.441s] Level 1:colcon.colcon_core.package_identification:_identify(src) by extension 'ignore_ament_install'
[1.441s] Level 1:colcon.colcon_core.package_identification:_identify(src) by extensions ['colcon_pkg']
[1.442s] Level 1:colcon.colcon_core.package_identification:_identify(src) by extension 'colcon_pkg'
[1.442s] Level 1:colcon.colcon_core.package_identification:_identify(src) by extensions ['colcon_meta']
[1.442s] Level 1:colcon.colcon_core.package_identification:_identify(src) by extension 'colcon_meta'
[1.442s] Level 1:colcon.colcon_core.package_identification:_identify(src) by extensions ['ros']
[1.442s] Level 1:colcon.colcon_core.package_identification:_identify(src) by extension 'ros'
[1.442s] Level 1:colcon.colcon_core.package_identification:_identify(src) by extensions ['cmake', 'python']
[1.442s] Level 1:colcon.colcon_core.package_identification:_identify(src) by extension 'cmake'
[1.442s] Level 1:colcon.colcon_core.package_identification:_identify(src) by extension 'python'
[1.442s] Level 1:colcon.colcon_core.package_identification:_identify(src) by extensions ['python_setup_py']
[1.442s] Level 1:colcon.colcon_core.package_identification:_identify(src) by extension 'python_setup_py'
[1.442s] Level 1:colcon.colcon_core.package_identification:_identify(src/realsense_ros_gazebo) by extensions ['ignore', 'ignore_ament_install']
[1.442s] Level 1:colcon.colcon_core.package_identification:_identify(src/realsense_ros_gazebo) by extension 'ignore'
[1.442s] Level 1:colcon.colcon_core.package_identification:_identify(src/realsense_ros_gazebo) by extension 'ignore_ament_install'
[1.442s] Level 1:colcon.colcon_core.package_identification:_identify(src/realsense_ros_gazebo) by extensions ['colcon_pkg']
[1.442s] Level 1:colcon.colcon_core.package_identification:_identify(src/realsense_ros_gazebo) by extension 'colcon_pkg'
[1.442s] Level 1:colcon.colcon_core.package_identification:_identify(src/realsense_ros_gazebo) by extensions ['colcon_meta']
[1.443s] Level 1:colcon.colcon_core.package_identification:_identify(src/realsense_ros_gazebo) by extension 'colcon_meta'
[1.443s] Level 1:colcon.colcon_core.package_identification:_identify(src/realsense_ros_gazebo) by extensions ['ros']
[1.443s] Level 1:colcon.colcon_core.package_identification:_identify(src/realsense_ros_gazebo) by extension 'ros'
[1.445s] DEBUG:colcon.colcon_core.package_identification:Package 'src/realsense_ros_gazebo' with type 'ros.ament_cmake' and name 'realsense_ros_gazebo'
[1.446s] Level 1:colcon.colcon_core.package_identification:_identify(src/turtlebot3_cartographer) by extensions ['ignore', 'ignore_ament_install']
[1.446s] Level 1:colcon.colcon_core.package_identification:_identify(src/turtlebot3_cartographer) by extension 'ignore'
[1.446s] Level 1:colcon.colcon_core.package_identification:_identify(src/turtlebot3_cartographer) by extension 'ignore_ament_install'
[1.446s] Level 1:colcon.colcon_core.package_identification:_identify(src/turtlebot3_cartographer) by extensions ['colcon_pkg']
[1.446s] Level 1:colcon.colcon_core.package_identification:_identify(src/turtlebot3_cartographer) by extension 'colcon_pkg'
[1.446s] Level 1:colcon.colcon_core.package_identification:_identify(src/turtlebot3_cartographer) by extensions ['colcon_meta']
[1.446s] Level 1:colcon.colcon_core.package_identification:_identify(src/turtlebot3_cartographer) by extension 'colcon_meta'
[1.446s] Level 1:colcon.colcon_core.package_identification:_identify(src/turtlebot3_cartographer) by extensions ['ros']
[1.446s] Level 1:colcon.colcon_core.package_identification:_identify(src/turtlebot3_cartographer) by extension 'ros'
[1.447s] DEBUG:colcon.colcon_core.package_identification:Package 'src/turtlebot3_cartographer' with type 'ros.ament_cmake' and name 'turtlebot3_cartographer'
[1.447s] Level 1:colcon.colcon_core.package_identification:_identify(src/turtlebot3_gazebo) by extensions ['ignore', 'ignore_ament_install']
[1.447s] Level 1:colcon.colcon_core.package_identification:_identify(src/turtlebot3_gazebo) by extension 'ignore'
[1.447s] Level 1:colcon.colcon_core.package_identification:_identify(src/turtlebot3_gazebo) by extension 'ignore_ament_install'
[1.447s] Level 1:colcon.colcon_core.package_identification:_identify(src/turtlebot3_gazebo) by extensions ['colcon_pkg']
[1.447s] Level 1:colcon.colcon_core.package_identification:_identify(src/turtlebot3_gazebo) by extension 'colcon_pkg'
[1.447s] Level 1:colcon.colcon_core.package_identification:_identify(src/turtlebot3_gazebo) by extensions ['colcon_meta']
[1.447s] Level 1:colcon.colcon_core.package_identification:_identify(src/turtlebot3_gazebo) by extension 'colcon_meta'
[1.447s] Level 1:colcon.colcon_core.package_identification:_identify(src/turtlebot3_gazebo) by extensions ['ros']
[1.447s] Level 1:colcon.colcon_core.package_identification:_identify(src/turtlebot3_gazebo) by extension 'ros'
[1.448s] DEBUG:colcon.colcon_core.package_identification:Package 'src/turtlebot3_gazebo' with type 'ros.ament_cmake' and name 'turtlebot3_gazebo'
[1.449s] Level 1:colcon.colcon_core.package_identification:_identify(src/turtlebot3_msgs) by extensions ['ignore', 'ignore_ament_install']
[1.449s] Level 1:colcon.colcon_core.package_identification:_identify(src/turtlebot3_msgs) by extension 'ignore'
[1.449s] Level 1:colcon.colcon_core.package_identification:_identify(src/turtlebot3_msgs) by extension 'ignore_ament_install'
[1.449s] Level 1:colcon.colcon_core.package_identification:_identify(src/turtlebot3_msgs) by extensions ['colcon_pkg']
[1.449s] Level 1:colcon.colcon_core.package_identification:_identify(src/turtlebot3_msgs) by extension 'colcon_pkg'
[1.449s] Level 1:colcon.colcon_core.package_identification:_identify(src/turtlebot3_msgs) by extensions ['colcon_meta']
[1.449s] Level 1:colcon.colcon_core.package_identification:_identify(src/turtlebot3_msgs) by extension 'colcon_meta'
[1.449s] Level 1:colcon.colcon_core.package_identification:_identify(src/turtlebot3_msgs) by extensions ['ros']
[1.449s] Level 1:colcon.colcon_core.package_identification:_identify(src/turtlebot3_msgs) by extension 'ros'
[1.450s] DEBUG:colcon.colcon_core.package_identification:Package 'src/turtlebot3_msgs' with type 'ros.ament_cmake' and name 'turtlebot3_msgs'
[1.451s] Level 1:colcon.colcon_core.package_identification:_identify(src/turtlebot3_navigation2) by extensions ['ignore', 'ignore_ament_install']
[1.451s] Level 1:colcon.colcon_core.package_identification:_identify(src/turtlebot3_navigation2) by extension 'ignore'
[1.451s] Level 1:colcon.colcon_core.package_identification:_identify(src/turtlebot3_navigation2) by extension 'ignore_ament_install'
[1.451s] Level 1:colcon.colcon_core.package_identification:_identify(src/turtlebot3_navigation2) by extensions ['colcon_pkg']
[1.452s] Level 1:colcon.colcon_core.package_identification:_identify(src/turtlebot3_navigation2) by extension 'colcon_pkg'
[1.452s] Level 1:colcon.colcon_core.package_identification:_identify(src/turtlebot3_navigation2) by extensions ['colcon_meta']
[1.452s] Level 1:colcon.colcon_core.package_identification:_identify(src/turtlebot3_navigation2) by extension 'colcon_meta'
[1.452s] Level 1:colcon.colcon_core.package_identification:_identify(src/turtlebot3_navigation2) by extensions ['ros']
[1.452s] Level 1:colcon.colcon_core.package_identification:_identify(src/turtlebot3_navigation2) by extension 'ros'
[1.454s] DEBUG:colcon.colcon_core.package_identification:Package 'src/turtlebot3_navigation2' with type 'ros.ament_cmake' and name 'turtlebot3_navigation2'
[1.454s] Level 1:colcon.colcon_core.package_identification:_identify(src/turtlebot3_teleop) by extensions ['ignore', 'ignore_ament_install']
[1.454s] Level 1:colcon.colcon_core.package_identification:_identify(src/turtlebot3_teleop) by extension 'ignore'
[1.454s] Level 1:colcon.colcon_core.package_identification:_identify(src/turtlebot3_teleop) by extension 'ignore_ament_install'
[1.455s] Level 1:colcon.colcon_core.package_identification:_identify(src/turtlebot3_teleop) by extensions ['colcon_pkg']
[1.455s] Level 1:colcon.colcon_core.package_identification:_identify(src/turtlebot3_teleop) by extension 'colcon_pkg'
[1.455s] Level 1:colcon.colcon_core.package_identification:_identify(src/turtlebot3_teleop) by extensions ['colcon_meta']
[1.455s] Level 1:colcon.colcon_core.package_identification:_identify(src/turtlebot3_teleop) by extension 'colcon_meta'
[1.455s] Level 1:colcon.colcon_core.package_identification:_identify(src/turtlebot3_teleop) by extensions ['ros']
[1.455s] Level 1:colcon.colcon_core.package_identification:_identify(src/turtlebot3_teleop) by extension 'ros'
[1.456s] DEBUG:colcon.colcon_core.package_identification:Package 'src/turtlebot3_teleop' with type 'ros.ament_python' and name 'turtlebot3_teleop'
[1.456s] Level 1:colcon.colcon_core.package_discovery:discover_packages(recursive) using defaults
[1.456s] Level 1:colcon.colcon_core.package_discovery:discover_packages(ignore) discover
[1.456s] Level 1:colcon.colcon_core.package_discovery:discover_packages(ignore) using defaults
[1.456s] Level 1:colcon.colcon_core.package_discovery:discover_packages(path) discover
[1.456s] Level 1:colcon.colcon_core.package_discovery:discover_packages(path) using defaults
[1.612s] Level 1:colcon.colcon_core.package_discovery:discover_packages(prefix_path) check parameters
[1.612s] Level 1:colcon.colcon_core.package_discovery:discover_packages(prefix_path) discover
[1.659s] DEBUG:colcon.colcon_installed_package_information.package_discovery:Found 6 installed packages in /home/xh339/Desktop/turtlebot_ws/install
[1.681s] DEBUG:colcon.colcon_installed_package_information.package_discovery:Found 4 installed packages in /home/xh339/Desktop/ros2_ws/install
[1.719s] DEBUG:colcon.colcon_installed_package_information.package_discovery:Found 13 installed packages in /home/xh339/dev_ws/install
[1.742s] DEBUG:colcon.colcon_installed_package_information.package_discovery:Found 283 installed packages in /opt/ros/humble
[1.744s] Level 1:colcon.colcon_core.package_discovery:discover_packages(prefix_path) using defaults
[1.879s] Level 5:colcon.colcon_core.verb:set package 'realsense_ros_gazebo' build argument 'cmake_args' from command line to 'None'
[1.879s] Level 5:colcon.colcon_core.verb:set package 'realsense_ros_gazebo' build argument 'cmake_target' from command line to 'None'
[1.879s] Level 5:colcon.colcon_core.verb:set package 'realsense_ros_gazebo' build argument 'cmake_target_skip_unavailable' from command line to 'False'
[1.879s] Level 5:colcon.colcon_core.verb:set package 'realsense_ros_gazebo' build argument 'cmake_clean_cache' from command line to 'False'
[1.879s] Level 5:colcon.colcon_core.verb:set package 'realsense_ros_gazebo' build argument 'cmake_clean_first' from command line to 'False'
[1.879s] Level 5:colcon.colcon_core.verb:set package 'realsense_ros_gazebo' build argument 'cmake_force_configure' from command line to 'False'
[1.879s] Level 5:colcon.colcon_core.verb:set package 'realsense_ros_gazebo' build argument 'ament_cmake_args' from command line to 'None'
[1.879s] Level 5:colcon.colcon_core.verb:set package 'realsense_ros_gazebo' build argument 'catkin_cmake_args' from command line to 'None'
[1.879s] Level 5:colcon.colcon_core.verb:set package 'realsense_ros_gazebo' build argument 'catkin_skip_building_tests' from command line to 'False'
[1.879s] DEBUG:colcon.colcon_core.verb:Building package 'realsense_ros_gazebo' with the following arguments: {'ament_cmake_args': None, 'build_base': '/home/xh339/Desktop/turtlebot_ws/build/realsense_ros_gazebo', 'catkin_cmake_args': None, 'catkin_skip_building_tests': False, 'cmake_args': None, 'cmake_clean_cache': False, 'cmake_clean_first': False, 'cmake_force_configure': False, 'cmake_target': None, 'cmake_target_skip_unavailable': False, 'install_base': '/home/xh339/Desktop/turtlebot_ws/install/realsense_ros_gazebo', 'merge_install': False, 'path': '/home/xh339/Desktop/turtlebot_ws/src/realsense_ros_gazebo', 'symlink_install': False, 'test_result_base': None}
[1.902s] Level 5:colcon.colcon_core.verb:set package 'turtlebot3_cartographer' build argument 'cmake_args' from command line to 'None'
[1.902s] Level 5:colcon.colcon_core.verb:set package 'turtlebot3_cartographer' build argument 'cmake_target' from command line to 'None'
[1.902s] Level 5:colcon.colcon_core.verb:set package 'turtlebot3_cartographer' build argument 'cmake_target_skip_unavailable' from command line to 'False'
[1.902s] Level 5:colcon.colcon_core.verb:set package 'turtlebot3_cartographer' build argument 'cmake_clean_cache' from command line to 'False'
[1.902s] Level 5:colcon.colcon_core.verb:set package 'turtlebot3_cartographer' build argument 'cmake_clean_first' from command line to 'False'
[1.902s] Level 5:colcon.colcon_core.verb:set package 'turtlebot3_cartographer' build argument 'cmake_force_configure' from command line to 'False'
[1.902s] Level 5:colcon.colcon_core.verb:set package 'turtlebot3_cartographer' build argument 'ament_cmake_args' from command line to 'None'
[1.902s] Level 5:colcon.colcon_core.verb:set package 'turtlebot3_cartographer' build argument 'catkin_cmake_args' from command line to 'None'
[1.902s] Level 5:colcon.colcon_core.verb:set package 'turtlebot3_cartographer' build argument 'catkin_skip_building_tests' from command line to 'False'
[1.902s] DEBUG:colcon.colcon_core.verb:Building package 'turtlebot3_cartographer' with the following arguments: {'ament_cmake_args': None, 'build_base': '/home/xh339/Desktop/turtlebot_ws/build/turtlebot3_cartographer', 'catkin_cmake_args': None, 'catkin_skip_building_tests': False, 'cmake_args': None, 'cmake_clean_cache': False, 'cmake_clean_first': False, 'cmake_force_configure': False, 'cmake_target': None, 'cmake_target_skip_unavailable': False, 'install_base': '/home/xh339/Desktop/turtlebot_ws/install/turtlebot3_cartographer', 'merge_install': False, 'path': '/home/xh339/Desktop/turtlebot_ws/src/turtlebot3_cartographer', 'symlink_install': False, 'test_result_base': None}
[1.925s] Level 5:colcon.colcon_core.verb:set package 'turtlebot3_gazebo' build argument 'cmake_args' from command line to 'None'
[1.926s] Level 5:colcon.colcon_core.verb:set package 'turtlebot3_gazebo' build argument 'cmake_target' from command line to 'None'
[1.926s] Level 5:colcon.colcon_core.verb:set package 'turtlebot3_gazebo' build argument 'cmake_target_skip_unavailable' from command line to 'False'
[1.926s] Level 5:colcon.colcon_core.verb:set package 'turtlebot3_gazebo' build argument 'cmake_clean_cache' from command line to 'False'
[1.926s] Level 5:colcon.colcon_core.verb:set package 'turtlebot3_gazebo' build argument 'cmake_clean_first' from command line to 'False'
[1.926s] Level 5:colcon.colcon_core.verb:set package 'turtlebot3_gazebo' build argument 'cmake_force_configure' from command line to 'False'
[1.926s] Level 5:colcon.colcon_core.verb:set package 'turtlebot3_gazebo' build argument 'ament_cmake_args' from command line to 'None'
[1.926s] Level 5:colcon.colcon_core.verb:set package 'turtlebot3_gazebo' build argument 'catkin_cmake_args' from command line to 'None'
[1.926s] Level 5:colcon.colcon_core.verb:set package 'turtlebot3_gazebo' build argument 'catkin_skip_building_tests' from command line to 'False'
[1.926s] DEBUG:colcon.colcon_core.verb:Building package 'turtlebot3_gazebo' with the following arguments: {'ament_cmake_args': None, 'build_base': '/home/xh339/Desktop/turtlebot_ws/build/turtlebot3_gazebo', 'catkin_cmake_args': None, 'catkin_skip_building_tests': False, 'cmake_args': None, 'cmake_clean_cache': False, 'cmake_clean_first': False, 'cmake_force_configure': False, 'cmake_target': None, 'cmake_target_skip_unavailable': False, 'install_base': '/home/xh339/Desktop/turtlebot_ws/install/turtlebot3_gazebo', 'merge_install': False, 'path': '/home/xh339/Desktop/turtlebot_ws/src/turtlebot3_gazebo', 'symlink_install': False, 'test_result_base': None}
[1.949s] Level 5:colcon.colcon_core.verb:set package 'turtlebot3_msgs' build argument 'cmake_args' from command line to 'None'
[1.949s] Level 5:colcon.colcon_core.verb:set package 'turtlebot3_msgs' build argument 'cmake_target' from command line to 'None'
[1.949s] Level 5:colcon.colcon_core.verb:set package 'turtlebot3_msgs' build argument 'cmake_target_skip_unavailable' from command line to 'False'
[1.949s] Level 5:colcon.colcon_core.verb:set package 'turtlebot3_msgs' build argument 'cmake_clean_cache' from command line to 'False'
[1.949s] Level 5:colcon.colcon_core.verb:set package 'turtlebot3_msgs' build argument 'cmake_clean_first' from command line to 'False'
[1.949s] Level 5:colcon.colcon_core.verb:set package 'turtlebot3_msgs' build argument 'cmake_force_configure' from command line to 'False'
[1.949s] Level 5:colcon.colcon_core.verb:set package 'turtlebot3_msgs' build argument 'ament_cmake_args' from command line to 'None'
[1.949s] Level 5:colcon.colcon_core.verb:set package 'turtlebot3_msgs' build argument 'catkin_cmake_args' from command line to 'None'
[1.949s] Level 5:colcon.colcon_core.verb:set package 'turtlebot3_msgs' build argument 'catkin_skip_building_tests' from command line to 'False'
[1.949s] DEBUG:colcon.colcon_core.verb:Building package 'turtlebot3_msgs' with the following arguments: {'ament_cmake_args': None, 'build_base': '/home/xh339/Desktop/turtlebot_ws/build/turtlebot3_msgs', 'catkin_cmake_args': None, 'catkin_skip_building_tests': False, 'cmake_args': None, 'cmake_clean_cache': False, 'cmake_clean_first': False, 'cmake_force_configure': False, 'cmake_target': None, 'cmake_target_skip_unavailable': False, 'install_base': '/home/xh339/Desktop/turtlebot_ws/install/turtlebot3_msgs', 'merge_install': False, 'path': '/home/xh339/Desktop/turtlebot_ws/src/turtlebot3_msgs', 'symlink_install': False, 'test_result_base': None}
[1.976s] Level 5:colcon.colcon_core.verb:set package 'turtlebot3_navigation2' build argument 'cmake_args' from command line to 'None'
[1.976s] Level 5:colcon.colcon_core.verb:set package 'turtlebot3_navigation2' build argument 'cmake_target' from command line to 'None'
[1.977s] Level 5:colcon.colcon_core.verb:set package 'turtlebot3_navigation2' build argument 'cmake_target_skip_unavailable' from command line to 'False'
[1.977s] Level 5:colcon.colcon_core.verb:set package 'turtlebot3_navigation2' build argument 'cmake_clean_cache' from command line to 'False'
[1.977s] Level 5:colcon.colcon_core.verb:set package 'turtlebot3_navigation2' build argument 'cmake_clean_first' from command line to 'False'
[1.977s] Level 5:colcon.colcon_core.verb:set package 'turtlebot3_navigation2' build argument 'cmake_force_configure' from command line to 'False'
[1.977s] Level 5:colcon.colcon_core.verb:set package 'turtlebot3_navigation2' build argument 'ament_cmake_args' from command line to 'None'
[1.977s] Level 5:colcon.colcon_core.verb:set package 'turtlebot3_navigation2' build argument 'catkin_cmake_args' from command line to 'None'
[1.977s] Level 5:colcon.colcon_core.verb:set package 'turtlebot3_navigation2' build argument 'catkin_skip_building_tests' from command line to 'False'
[1.977s] DEBUG:colcon.colcon_core.verb:Building package 'turtlebot3_navigation2' with the following arguments: {'ament_cmake_args': None, 'build_base': '/home/xh339/Desktop/turtlebot_ws/build/turtlebot3_navigation2', 'catkin_cmake_args': None, 'catkin_skip_building_tests': False, 'cmake_args': None, 'cmake_clean_cache': False, 'cmake_clean_first': False, 'cmake_force_configure': False, 'cmake_target': None, 'cmake_target_skip_unavailable': False, 'install_base': '/home/xh339/Desktop/turtlebot_ws/install/turtlebot3_navigation2', 'merge_install': False, 'path': '/home/xh339/Desktop/turtlebot_ws/src/turtlebot3_navigation2', 'symlink_install': False, 'test_result_base': None}
[1.999s] Level 5:colcon.colcon_core.verb:set package 'turtlebot3_teleop' build argument 'cmake_args' from command line to 'None'
[1.999s] Level 5:colcon.colcon_core.verb:set package 'turtlebot3_teleop' build argument 'cmake_target' from command line to 'None'
[1.999s] Level 5:colcon.colcon_core.verb:set package 'turtlebot3_teleop' build argument 'cmake_target_skip_unavailable' from command line to 'False'
[1.999s] Level 5:colcon.colcon_core.verb:set package 'turtlebot3_teleop' build argument 'cmake_clean_cache' from command line to 'False'
[1.999s] Level 5:colcon.colcon_core.verb:set package 'turtlebot3_teleop' build argument 'cmake_clean_first' from command line to 'False'
[1.999s] Level 5:colcon.colcon_core.verb:set package 'turtlebot3_teleop' build argument 'cmake_force_configure' from command line to 'False'
[1.999s] Level 5:colcon.colcon_core.verb:set package 'turtlebot3_teleop' build argument 'ament_cmake_args' from command line to 'None'
[1.999s] Level 5:colcon.colcon_core.verb:set package 'turtlebot3_teleop' build argument 'catkin_cmake_args' from command line to 'None'
[1.999s] Level 5:colcon.colcon_core.verb:set package 'turtlebot3_teleop' build argument 'catkin_skip_building_tests' from command line to 'False'
[2.000s] DEBUG:colcon.colcon_core.verb:Building package 'turtlebot3_teleop' with the following arguments: {'ament_cmake_args': None, 'build_base': '/home/xh339/Desktop/turtlebot_ws/build/turtlebot3_teleop', 'catkin_cmake_args': None, 'catkin_skip_building_tests': False, 'cmake_args': None, 'cmake_clean_cache': False, 'cmake_clean_first': False, 'cmake_force_configure': False, 'cmake_target': None, 'cmake_target_skip_unavailable': False, 'install_base': '/home/xh339/Desktop/turtlebot_ws/install/turtlebot3_teleop', 'merge_install': False, 'path': '/home/xh339/Desktop/turtlebot_ws/src/turtlebot3_teleop', 'symlink_install': False, 'test_result_base': None}
[2.025s] INFO:colcon.colcon_core.executor:Executing jobs using 'parallel' executor
[2.054s] DEBUG:colcon.colcon_parallel_executor.executor.parallel:run_until_complete
[2.054s] INFO:colcon.colcon_ros.task.ament_cmake.build:Building ROS package in '/home/xh339/Desktop/turtlebot_ws/src/realsense_ros_gazebo' with build type 'ament_cmake'
[2.054s] INFO:colcon.colcon_cmake.task.cmake.build:Building CMake package in '/home/xh339/Desktop/turtlebot_ws/src/realsense_ros_gazebo'
[2.083s] INFO:colcon.colcon_core.plugin_system:Skipping extension 'colcon_core.shell.bat': Not used on non-Windows systems
[2.083s] INFO:colcon.colcon_core.shell:Skip shell extension 'powershell' for command environment: Not usable outside of PowerShell
[2.084s] DEBUG:colcon.colcon_core.shell:Skip shell extension 'dsv' for command environment
[2.233s] INFO:colcon.colcon_ros.task.ament_cmake.build:Building ROS package in '/home/xh339/Desktop/turtlebot_ws/src/turtlebot3_cartographer' with build type 'ament_cmake'
[2.233s] INFO:colcon.colcon_cmake.task.cmake.build:Building CMake package in '/home/xh339/Desktop/turtlebot_ws/src/turtlebot3_cartographer'
[2.258s] INFO:colcon.colcon_core.shell:Skip shell extension 'powershell' for command environment: Not usable outside of PowerShell
[2.259s] DEBUG:colcon.colcon_core.shell:Skip shell extension 'dsv' for command environment
[2.388s] INFO:colcon.colcon_ros.task.ament_cmake.build:Building ROS package in '/home/xh339/Desktop/turtlebot_ws/src/turtlebot3_gazebo' with build type 'ament_cmake'
[2.388s] INFO:colcon.colcon_cmake.task.cmake.build:Building CMake package in '/home/xh339/Desktop/turtlebot_ws/src/turtlebot3_gazebo'
[2.411s] INFO:colcon.colcon_core.shell:Skip shell extension 'powershell' for command environment: Not usable outside of PowerShell
[2.411s] DEBUG:colcon.colcon_core.shell:Skip shell extension 'dsv' for command environment
[2.539s] INFO:colcon.colcon_ros.task.ament_cmake.build:Building ROS package in '/home/xh339/Desktop/turtlebot_ws/src/turtlebot3_msgs' with build type 'ament_cmake'
[2.539s] INFO:colcon.colcon_cmake.task.cmake.build:Building CMake package in '/home/xh339/Desktop/turtlebot_ws/src/turtlebot3_msgs'
[2.571s] INFO:colcon.colcon_core.shell:Skip shell extension 'powershell' for command environment: Not usable outside of PowerShell
[2.571s] DEBUG:colcon.colcon_core.shell:Skip shell extension 'dsv' for command environment
[2.700s] INFO:colcon.colcon_ros.task.ament_cmake.build:Building ROS package in '/home/xh339/Desktop/turtlebot_ws/src/turtlebot3_navigation2' with build type 'ament_cmake'
[2.700s] INFO:colcon.colcon_cmake.task.cmake.build:Building CMake package in '/home/xh339/Desktop/turtlebot_ws/src/turtlebot3_navigation2'
[2.725s] INFO:colcon.colcon_core.shell:Skip shell extension 'powershell' for command environment: Not usable outside of PowerShell
[2.725s] DEBUG:colcon.colcon_core.shell:Skip shell extension 'dsv' for command environment
[2.896s] INFO:colcon.colcon_ros.task.ament_python.build:Building ROS package in '/home/xh339/Desktop/turtlebot_ws/src/turtlebot3_teleop' with build type 'ament_python'
[2.897s] Level 1:colcon.colcon_core.shell:create_environment_hook('turtlebot3_teleop', 'ament_prefix_path')
[2.939s] INFO:colcon.colcon_core.shell:Creating environment hook '/home/xh339/Desktop/turtlebot_ws/install/turtlebot3_teleop/share/turtlebot3_teleop/hook/ament_prefix_path.ps1'
[2.940s] INFO:colcon.colcon_core.shell:Creating environment descriptor '/home/xh339/Desktop/turtlebot_ws/install/turtlebot3_teleop/share/turtlebot3_teleop/hook/ament_prefix_path.dsv'
[2.941s] INFO:colcon.colcon_core.shell:Creating environment hook '/home/xh339/Desktop/turtlebot_ws/install/turtlebot3_teleop/share/turtlebot3_teleop/hook/ament_prefix_path.sh'
[2.989s] INFO:colcon.colcon_core.shell:Skip shell extension 'powershell' for command environment: Not usable outside of PowerShell
[2.990s] DEBUG:colcon.colcon_core.shell:Skip shell extension 'dsv' for command environment
[3.223s] DEBUG:colcon.colcon_core.event_handler.log_command:Invoking command in '/home/xh339/Desktop/turtlebot_ws/build/realsense_ros_gazebo': CMAKE_PREFIX_PATH=${CMAKE_PREFIX_PATH}:/home/xh339/Desktop/turtlebot_ws/install/turtlebot3_teleop:/home/xh339/Desktop/ros2_ws/install/task79_test:/home/xh339/Desktop/ros2_ws/install/task79:/home/xh339/Desktop/ros2_ws/install/aruco_detect:/home/xh339/dev_ws/install/learning_urdf:/home/xh339/dev_ws/install/learning_topic:/home/xh339/dev_ws/install/learning_tf:/home/xh339/dev_ws/install/learning_service:/home/xh339/dev_ws/install/learning_qos:/home/xh339/dev_ws/install/learning_pkg_python:/home/xh339/dev_ws/install/learning_parameter:/home/xh339/dev_ws/install/learning_node:/home/xh339/dev_ws/install/learning_launch:/home/xh339/dev_ws/install/learning_action:/home/xh339/dev_ws/install/learning_gazebo:/opt/ros/humble /usr/bin/cmake --build /home/xh339/Desktop/turtlebot_ws/build/realsense_ros_gazebo -- -j8 -l8
[3.238s] DEBUG:colcon.colcon_core.event_handler.log_command:Invoking command in '/home/xh339/Desktop/turtlebot_ws/build/turtlebot3_cartographer': CMAKE_PREFIX_PATH=${CMAKE_PREFIX_PATH}:/home/xh339/Desktop/turtlebot_ws/install/turtlebot3_teleop:/home/xh339/Desktop/ros2_ws/install/task79_test:/home/xh339/Desktop/ros2_ws/install/task79:/home/xh339/Desktop/ros2_ws/install/aruco_detect:/home/xh339/dev_ws/install/learning_urdf:/home/xh339/dev_ws/install/learning_topic:/home/xh339/dev_ws/install/learning_tf:/home/xh339/dev_ws/install/learning_service:/home/xh339/dev_ws/install/learning_qos:/home/xh339/dev_ws/install/learning_pkg_python:/home/xh339/dev_ws/install/learning_parameter:/home/xh339/dev_ws/install/learning_node:/home/xh339/dev_ws/install/learning_launch:/home/xh339/dev_ws/install/learning_action:/home/xh339/dev_ws/install/learning_gazebo:/opt/ros/humble /usr/bin/cmake --build /home/xh339/Desktop/turtlebot_ws/build/turtlebot3_cartographer -- -j8 -l8
[3.247s] DEBUG:colcon.colcon_core.event_handler.log_command:Invoking command in '/home/xh339/Desktop/turtlebot_ws/build/turtlebot3_gazebo': CMAKE_PREFIX_PATH=${CMAKE_PREFIX_PATH}:/home/xh339/Desktop/turtlebot_ws/install/turtlebot3_teleop:/home/xh339/Desktop/ros2_ws/install/task79_test:/home/xh339/Desktop/ros2_ws/install/task79:/home/xh339/Desktop/ros2_ws/install/aruco_detect:/home/xh339/dev_ws/install/learning_urdf:/home/xh339/dev_ws/install/learning_topic:/home/xh339/dev_ws/install/learning_tf:/home/xh339/dev_ws/install/learning_service:/home/xh339/dev_ws/install/learning_qos:/home/xh339/dev_ws/install/learning_pkg_python:/home/xh339/dev_ws/install/learning_parameter:/home/xh339/dev_ws/install/learning_node:/home/xh339/dev_ws/install/learning_launch:/home/xh339/dev_ws/install/learning_action:/home/xh339/dev_ws/install/learning_gazebo:/opt/ros/humble /usr/bin/cmake --build /home/xh339/Desktop/turtlebot_ws/build/turtlebot3_gazebo -- -j8 -l8
[3.255s] DEBUG:colcon.colcon_core.event_handler.log_command:Invoking command in '/home/xh339/Desktop/turtlebot_ws/build/turtlebot3_msgs': CMAKE_PREFIX_PATH=${CMAKE_PREFIX_PATH}:/home/xh339/Desktop/turtlebot_ws/install/turtlebot3_teleop:/home/xh339/Desktop/ros2_ws/install/task79_test:/home/xh339/Desktop/ros2_ws/install/task79:/home/xh339/Desktop/ros2_ws/install/aruco_detect:/home/xh339/dev_ws/install/learning_urdf:/home/xh339/dev_ws/install/learning_topic:/home/xh339/dev_ws/install/learning_tf:/home/xh339/dev_ws/install/learning_service:/home/xh339/dev_ws/install/learning_qos:/home/xh339/dev_ws/install/learning_pkg_python:/home/xh339/dev_ws/install/learning_parameter:/home/xh339/dev_ws/install/learning_node:/home/xh339/dev_ws/install/learning_launch:/home/xh339/dev_ws/install/learning_action:/home/xh339/dev_ws/install/learning_gazebo:/opt/ros/humble /usr/bin/cmake --build /home/xh339/Desktop/turtlebot_ws/build/turtlebot3_msgs -- -j8 -l8
[3.266s] DEBUG:colcon.colcon_core.event_handler.log_command:Invoking command in '/home/xh339/Desktop/turtlebot_ws/build/turtlebot3_navigation2': CMAKE_PREFIX_PATH=${CMAKE_PREFIX_PATH}:/home/xh339/Desktop/turtlebot_ws/install/turtlebot3_teleop:/home/xh339/Desktop/ros2_ws/install/task79_test:/home/xh339/Desktop/ros2_ws/install/task79:/home/xh339/Desktop/ros2_ws/install/aruco_detect:/home/xh339/dev_ws/install/learning_urdf:/home/xh339/dev_ws/install/learning_topic:/home/xh339/dev_ws/install/learning_tf:/home/xh339/dev_ws/install/learning_service:/home/xh339/dev_ws/install/learning_qos:/home/xh339/dev_ws/install/learning_pkg_python:/home/xh339/dev_ws/install/learning_parameter:/home/xh339/dev_ws/install/learning_node:/home/xh339/dev_ws/install/learning_launch:/home/xh339/dev_ws/install/learning_action:/home/xh339/dev_ws/install/learning_gazebo:/opt/ros/humble /usr/bin/cmake --build /home/xh339/Desktop/turtlebot_ws/build/turtlebot3_navigation2 -- -j8 -l8
[4.120s] INFO:colcon.colcon_core.task.python.build:Building Python package in '/home/xh339/Desktop/turtlebot_ws/src/turtlebot3_teleop'
[4.168s] INFO:colcon.colcon_core.shell:Skip shell extension 'powershell' for command environment: Not usable outside of PowerShell
[4.169s] DEBUG:colcon.colcon_core.shell:Skip shell extension 'dsv' for command environment
[4.393s] DEBUG:colcon.colcon_core.event_handler.log_command:Invoked command in '/home/xh339/Desktop/turtlebot_ws/build/turtlebot3_cartographer' returned '0': CMAKE_PREFIX_PATH=${CMAKE_PREFIX_PATH}:/home/xh339/Desktop/turtlebot_ws/install/turtlebot3_teleop:/home/xh339/Desktop/ros2_ws/install/task79_test:/home/xh339/Desktop/ros2_ws/install/task79:/home/xh339/Desktop/ros2_ws/install/aruco_detect:/home/xh339/dev_ws/install/learning_urdf:/home/xh339/dev_ws/install/learning_topic:/home/xh339/dev_ws/install/learning_tf:/home/xh339/dev_ws/install/learning_service:/home/xh339/dev_ws/install/learning_qos:/home/xh339/dev_ws/install/learning_pkg_python:/home/xh339/dev_ws/install/learning_parameter:/home/xh339/dev_ws/install/learning_node:/home/xh339/dev_ws/install/learning_launch:/home/xh339/dev_ws/install/learning_action:/home/xh339/dev_ws/install/learning_gazebo:/opt/ros/humble /usr/bin/cmake --build /home/xh339/Desktop/turtlebot_ws/build/turtlebot3_cartographer -- -j8 -l8
[4.395s] DEBUG:colcon.colcon_core.event_handler.log_command:Invoked command in '/home/xh339/Desktop/turtlebot_ws/build/turtlebot3_navigation2' returned '0': CMAKE_PREFIX_PATH=${CMAKE_PREFIX_PATH}:/home/xh339/Desktop/turtlebot_ws/install/turtlebot3_teleop:/home/xh339/Desktop/ros2_ws/install/task79_test:/home/xh339/Desktop/ros2_ws/install/task79:/home/xh339/Desktop/ros2_ws/install/aruco_detect:/home/xh339/dev_ws/install/learning_urdf:/home/xh339/dev_ws/install/learning_topic:/home/xh339/dev_ws/install/learning_tf:/home/xh339/dev_ws/install/learning_service:/home/xh339/dev_ws/install/learning_qos:/home/xh339/dev_ws/install/learning_pkg_python:/home/xh339/dev_ws/install/learning_parameter:/home/xh339/dev_ws/install/learning_node:/home/xh339/dev_ws/install/learning_launch:/home/xh339/dev_ws/install/learning_action:/home/xh339/dev_ws/install/learning_gazebo:/opt/ros/humble /usr/bin/cmake --build /home/xh339/Desktop/turtlebot_ws/build/turtlebot3_navigation2 -- -j8 -l8
[4.403s] DEBUG:colcon.colcon_core.event_handler.log_command:Invoked command in '/home/xh339/Desktop/turtlebot_ws/build/realsense_ros_gazebo' returned '0': CMAKE_PREFIX_PATH=${CMAKE_PREFIX_PATH}:/home/xh339/Desktop/turtlebot_ws/install/turtlebot3_teleop:/home/xh339/Desktop/ros2_ws/install/task79_test:/home/xh339/Desktop/ros2_ws/install/task79:/home/xh339/Desktop/ros2_ws/install/aruco_detect:/home/xh339/dev_ws/install/learning_urdf:/home/xh339/dev_ws/install/learning_topic:/home/xh339/dev_ws/install/learning_tf:/home/xh339/dev_ws/install/learning_service:/home/xh339/dev_ws/install/learning_qos:/home/xh339/dev_ws/install/learning_pkg_python:/home/xh339/dev_ws/install/learning_parameter:/home/xh339/dev_ws/install/learning_node:/home/xh339/dev_ws/install/learning_launch:/home/xh339/dev_ws/install/learning_action:/home/xh339/dev_ws/install/learning_gazebo:/opt/ros/humble /usr/bin/cmake --build /home/xh339/Desktop/turtlebot_ws/build/realsense_ros_gazebo -- -j8 -l8
[4.408s] DEBUG:colcon.colcon_core.event_handler.log_command:Invoked command in '/home/xh339/Desktop/turtlebot_ws/build/turtlebot3_gazebo' returned '0': CMAKE_PREFIX_PATH=${CMAKE_PREFIX_PATH}:/home/xh339/Desktop/turtlebot_ws/install/turtlebot3_teleop:/home/xh339/Desktop/ros2_ws/install/task79_test:/home/xh339/Desktop/ros2_ws/install/task79:/home/xh339/Desktop/ros2_ws/install/aruco_detect:/home/xh339/dev_ws/install/learning_urdf:/home/xh339/dev_ws/install/learning_topic:/home/xh339/dev_ws/install/learning_tf:/home/xh339/dev_ws/install/learning_service:/home/xh339/dev_ws/install/learning_qos:/home/xh339/dev_ws/install/learning_pkg_python:/home/xh339/dev_ws/install/learning_parameter:/home/xh339/dev_ws/install/learning_node:/home/xh339/dev_ws/install/learning_launch:/home/xh339/dev_ws/install/learning_action:/home/xh339/dev_ws/install/learning_gazebo:/opt/ros/humble /usr/bin/cmake --build /home/xh339/Desktop/turtlebot_ws/build/turtlebot3_gazebo -- -j8 -l8
[4.410s] DEBUG:colcon.colcon_core.event_handler.log_command:Invoked command in '/home/xh339/Desktop/turtlebot_ws/build/turtlebot3_msgs' returned '0': CMAKE_PREFIX_PATH=${CMAKE_PREFIX_PATH}:/home/xh339/Desktop/turtlebot_ws/install/turtlebot3_teleop:/home/xh339/Desktop/ros2_ws/install/task79_test:/home/xh339/Desktop/ros2_ws/install/task79:/home/xh339/Desktop/ros2_ws/install/aruco_detect:/home/xh339/dev_ws/install/learning_urdf:/home/xh339/dev_ws/install/learning_topic:/home/xh339/dev_ws/install/learning_tf:/home/xh339/dev_ws/install/learning_service:/home/xh339/dev_ws/install/learning_qos:/home/xh339/dev_ws/install/learning_pkg_python:/home/xh339/dev_ws/install/learning_parameter:/home/xh339/dev_ws/install/learning_node:/home/xh339/dev_ws/install/learning_launch:/home/xh339/dev_ws/install/learning_action:/home/xh339/dev_ws/install/learning_gazebo:/opt/ros/humble /usr/bin/cmake --build /home/xh339/Desktop/turtlebot_ws/build/turtlebot3_msgs -- -j8 -l8
[4.477s] DEBUG:colcon.colcon_core.event_handler.log_command:Invoking command in '/home/xh339/Desktop/turtlebot_ws/build/turtlebot3_cartographer': CMAKE_PREFIX_PATH=${CMAKE_PREFIX_PATH}:/home/xh339/Desktop/turtlebot_ws/install/turtlebot3_teleop:/home/xh339/Desktop/ros2_ws/install/task79_test:/home/xh339/Desktop/ros2_ws/install/task79:/home/xh339/Desktop/ros2_ws/install/aruco_detect:/home/xh339/dev_ws/install/learning_urdf:/home/xh339/dev_ws/install/learning_topic:/home/xh339/dev_ws/install/learning_tf:/home/xh339/dev_ws/install/learning_service:/home/xh339/dev_ws/install/learning_qos:/home/xh339/dev_ws/install/learning_pkg_python:/home/xh339/dev_ws/install/learning_parameter:/home/xh339/dev_ws/install/learning_node:/home/xh339/dev_ws/install/learning_launch:/home/xh339/dev_ws/install/learning_action:/home/xh339/dev_ws/install/learning_gazebo:/opt/ros/humble /usr/bin/cmake --install /home/xh339/Desktop/turtlebot_ws/build/turtlebot3_cartographer
[4.479s] DEBUG:colcon.colcon_core.event_handler.log_command:Invoking command in '/home/xh339/Desktop/turtlebot_ws/build/turtlebot3_navigation2': CMAKE_PREFIX_PATH=${CMAKE_PREFIX_PATH}:/home/xh339/Desktop/turtlebot_ws/install/turtlebot3_teleop:/home/xh339/Desktop/ros2_ws/install/task79_test:/home/xh339/Desktop/ros2_ws/install/task79:/home/xh339/Desktop/ros2_ws/install/aruco_detect:/home/xh339/dev_ws/install/learning_urdf:/home/xh339/dev_ws/install/learning_topic:/home/xh339/dev_ws/install/learning_tf:/home/xh339/dev_ws/install/learning_service:/home/xh339/dev_ws/install/learning_qos:/home/xh339/dev_ws/install/learning_pkg_python:/home/xh339/dev_ws/install/learning_parameter:/home/xh339/dev_ws/install/learning_node:/home/xh339/dev_ws/install/learning_launch:/home/xh339/dev_ws/install/learning_action:/home/xh339/dev_ws/install/learning_gazebo:/opt/ros/humble /usr/bin/cmake --install /home/xh339/Desktop/turtlebot_ws/build/turtlebot3_navigation2
[4.483s] DEBUG:colcon.colcon_core.event_handler.log_command:Invoking command in '/home/xh339/Desktop/turtlebot_ws/build/realsense_ros_gazebo': CMAKE_PREFIX_PATH=${CMAKE_PREFIX_PATH}:/home/xh339/Desktop/turtlebot_ws/install/turtlebot3_teleop:/home/xh339/Desktop/ros2_ws/install/task79_test:/home/xh339/Desktop/ros2_ws/install/task79:/home/xh339/Desktop/ros2_ws/install/aruco_detect:/home/xh339/dev_ws/install/learning_urdf:/home/xh339/dev_ws/install/learning_topic:/home/xh339/dev_ws/install/learning_tf:/home/xh339/dev_ws/install/learning_service:/home/xh339/dev_ws/install/learning_qos:/home/xh339/dev_ws/install/learning_pkg_python:/home/xh339/dev_ws/install/learning_parameter:/home/xh339/dev_ws/install/learning_node:/home/xh339/dev_ws/install/learning_launch:/home/xh339/dev_ws/install/learning_action:/home/xh339/dev_ws/install/learning_gazebo:/opt/ros/humble /usr/bin/cmake --install /home/xh339/Desktop/turtlebot_ws/build/realsense_ros_gazebo
[4.491s] Level 1:colcon.colcon_core.environment:create_environment_scripts_only(turtlebot3_cartographer)
[4.500s] DEBUG:colcon.colcon_core.event_handler.log_command:Invoked command in '/home/xh339/Desktop/turtlebot_ws/build/turtlebot3_cartographer' returned '0': CMAKE_PREFIX_PATH=${CMAKE_PREFIX_PATH}:/home/xh339/Desktop/turtlebot_ws/install/turtlebot3_teleop:/home/xh339/Desktop/ros2_ws/install/task79_test:/home/xh339/Desktop/ros2_ws/install/task79:/home/xh339/Desktop/ros2_ws/install/aruco_detect:/home/xh339/dev_ws/install/learning_urdf:/home/xh339/dev_ws/install/learning_topic:/home/xh339/dev_ws/install/learning_tf:/home/xh339/dev_ws/install/learning_service:/home/xh339/dev_ws/install/learning_qos:/home/xh339/dev_ws/install/learning_pkg_python:/home/xh339/dev_ws/install/learning_parameter:/home/xh339/dev_ws/install/learning_node:/home/xh339/dev_ws/install/learning_launch:/home/xh339/dev_ws/install/learning_action:/home/xh339/dev_ws/install/learning_gazebo:/opt/ros/humble /usr/bin/cmake --install /home/xh339/Desktop/turtlebot_ws/build/turtlebot3_cartographer
[4.567s] Level 1:colcon.colcon_core.environment:checking '/home/xh339/Desktop/turtlebot_ws/install/turtlebot3_cartographer' for CMake module files
[4.568s] Level 1:colcon.colcon_core.environment:checking '/home/xh339/Desktop/turtlebot_ws/install/turtlebot3_cartographer' for CMake config files
[4.568s] Level 1:colcon.colcon_core.shell:create_environment_hook('turtlebot3_cartographer', 'cmake_prefix_path')
[4.608s] INFO:colcon.colcon_core.shell:Creating environment hook '/home/xh339/Desktop/turtlebot_ws/install/turtlebot3_cartographer/share/turtlebot3_cartographer/hook/cmake_prefix_path.ps1'
[4.609s] INFO:colcon.colcon_core.shell:Creating environment descriptor '/home/xh339/Desktop/turtlebot_ws/install/turtlebot3_cartographer/share/turtlebot3_cartographer/hook/cmake_prefix_path.dsv'
[4.610s] INFO:colcon.colcon_core.shell:Creating environment hook '/home/xh339/Desktop/turtlebot_ws/install/turtlebot3_cartographer/share/turtlebot3_cartographer/hook/cmake_prefix_path.sh'
[4.611s] Level 1:colcon.colcon_core.environment:checking '/home/xh339/Desktop/turtlebot_ws/install/turtlebot3_cartographer/bin'
[4.611s] Level 1:colcon.colcon_core.environment:checking '/home/xh339/Desktop/turtlebot_ws/install/turtlebot3_cartographer/lib/pkgconfig/turtlebot3_cartographer.pc'
[4.612s] Level 1:colcon.colcon_core.environment:checking '/home/xh339/Desktop/turtlebot_ws/install/turtlebot3_cartographer/lib/python3.10/site-packages'
[4.612s] Level 1:colcon.colcon_core.environment:checking '/home/xh339/Desktop/turtlebot_ws/install/turtlebot3_cartographer/bin'
[4.650s] INFO:colcon.colcon_core.shell:Creating package script '/home/xh339/Desktop/turtlebot_ws/install/turtlebot3_cartographer/share/turtlebot3_cartographer/package.ps1'
[4.651s] INFO:colcon.colcon_core.shell:Creating package descriptor '/home/xh339/Desktop/turtlebot_ws/install/turtlebot3_cartographer/share/turtlebot3_cartographer/package.dsv'
[4.652s] INFO:colcon.colcon_core.shell:Creating package script '/home/xh339/Desktop/turtlebot_ws/install/turtlebot3_cartographer/share/turtlebot3_cartographer/package.sh'
[4.654s] INFO:colcon.colcon_core.shell:Creating package script '/home/xh339/Desktop/turtlebot_ws/install/turtlebot3_cartographer/share/turtlebot3_cartographer/package.bash'
[4.655s] INFO:colcon.colcon_core.shell:Creating package script '/home/xh339/Desktop/turtlebot_ws/install/turtlebot3_cartographer/share/turtlebot3_cartographer/package.zsh'
[4.656s] Level 1:colcon.colcon_core.environment:create_file_with_runtime_dependencies(/home/xh339/Desktop/turtlebot_ws/install/turtlebot3_cartographer/share/colcon-core/packages/turtlebot3_cartographer)
[4.661s] DEBUG:colcon.colcon_core.event_handler.log_command:Invoking command in '/home/xh339/Desktop/turtlebot_ws/build/turtlebot3_gazebo': CMAKE_PREFIX_PATH=${CMAKE_PREFIX_PATH}:/home/xh339/Desktop/turtlebot_ws/install/turtlebot3_teleop:/home/xh339/Desktop/ros2_ws/install/task79_test:/home/xh339/Desktop/ros2_ws/install/task79:/home/xh339/Desktop/ros2_ws/install/aruco_detect:/home/xh339/dev_ws/install/learning_urdf:/home/xh339/dev_ws/install/learning_topic:/home/xh339/dev_ws/install/learning_tf:/home/xh339/dev_ws/install/learning_service:/home/xh339/dev_ws/install/learning_qos:/home/xh339/dev_ws/install/learning_pkg_python:/home/xh339/dev_ws/install/learning_parameter:/home/xh339/dev_ws/install/learning_node:/home/xh339/dev_ws/install/learning_launch:/home/xh339/dev_ws/install/learning_action:/home/xh339/dev_ws/install/learning_gazebo:/opt/ros/humble /usr/bin/cmake --install /home/xh339/Desktop/turtlebot_ws/build/turtlebot3_gazebo
[4.663s] Level 1:colcon.colcon_core.environment:create_environment_scripts_only(turtlebot3_navigation2)
[4.664s] DEBUG:colcon.colcon_core.event_handler.log_command:Invoked command in '/home/xh339/Desktop/turtlebot_ws/build/turtlebot3_navigation2' returned '0': CMAKE_PREFIX_PATH=${CMAKE_PREFIX_PATH}:/home/xh339/Desktop/turtlebot_ws/install/turtlebot3_teleop:/home/xh339/Desktop/ros2_ws/install/task79_test:/home/xh339/Desktop/ros2_ws/install/task79:/home/xh339/Desktop/ros2_ws/install/aruco_detect:/home/xh339/dev_ws/install/learning_urdf:/home/xh339/dev_ws/install/learning_topic:/home/xh339/dev_ws/install/learning_tf:/home/xh339/dev_ws/install/learning_service:/home/xh339/dev_ws/install/learning_qos:/home/xh339/dev_ws/install/learning_pkg_python:/home/xh339/dev_ws/install/learning_parameter:/home/xh339/dev_ws/install/learning_node:/home/xh339/dev_ws/install/learning_launch:/home/xh339/dev_ws/install/learning_action:/home/xh339/dev_ws/install/learning_gazebo:/opt/ros/humble /usr/bin/cmake --install /home/xh339/Desktop/turtlebot_ws/build/turtlebot3_navigation2
[4.732s] Level 1:colcon.colcon_core.environment:checking '/home/xh339/Desktop/turtlebot_ws/install/turtlebot3_navigation2' for CMake module files
[4.734s] Level 1:colcon.colcon_core.environment:checking '/home/xh339/Desktop/turtlebot_ws/install/turtlebot3_navigation2' for CMake config files
[4.734s] Level 1:colcon.colcon_core.shell:create_environment_hook('turtlebot3_navigation2', 'cmake_prefix_path')
[4.771s] INFO:colcon.colcon_core.shell:Creating environment hook '/home/xh339/Desktop/turtlebot_ws/install/turtlebot3_navigation2/share/turtlebot3_navigation2/hook/cmake_prefix_path.ps1'
[4.772s] INFO:colcon.colcon_core.shell:Creating environment descriptor '/home/xh339/Desktop/turtlebot_ws/install/turtlebot3_navigation2/share/turtlebot3_navigation2/hook/cmake_prefix_path.dsv'
[4.772s] INFO:colcon.colcon_core.shell:Creating environment hook '/home/xh339/Desktop/turtlebot_ws/install/turtlebot3_navigation2/share/turtlebot3_navigation2/hook/cmake_prefix_path.sh'
[4.773s] Level 1:colcon.colcon_core.environment:checking '/home/xh339/Desktop/turtlebot_ws/install/turtlebot3_navigation2/bin'
[4.773s] Level 1:colcon.colcon_core.environment:checking '/home/xh339/Desktop/turtlebot_ws/install/turtlebot3_navigation2/lib/pkgconfig/turtlebot3_navigation2.pc'
[4.774s] Level 1:colcon.colcon_core.environment:checking '/home/xh339/Desktop/turtlebot_ws/install/turtlebot3_navigation2/lib/python3.10/site-packages'
[4.774s] Level 1:colcon.colcon_core.environment:checking '/home/xh339/Desktop/turtlebot_ws/install/turtlebot3_navigation2/bin'
[4.804s] INFO:colcon.colcon_core.shell:Creating package script '/home/xh339/Desktop/turtlebot_ws/install/turtlebot3_navigation2/share/turtlebot3_navigation2/package.ps1'
[4.805s] INFO:colcon.colcon_core.shell:Creating package descriptor '/home/xh339/Desktop/turtlebot_ws/install/turtlebot3_navigation2/share/turtlebot3_navigation2/package.dsv'
[4.806s] INFO:colcon.colcon_core.shell:Creating package script '/home/xh339/Desktop/turtlebot_ws/install/turtlebot3_navigation2/share/turtlebot3_navigation2/package.sh'
[4.807s] INFO:colcon.colcon_core.shell:Creating package script '/home/xh339/Desktop/turtlebot_ws/install/turtlebot3_navigation2/share/turtlebot3_navigation2/package.bash'
[4.807s] INFO:colcon.colcon_core.shell:Creating package script '/home/xh339/Desktop/turtlebot_ws/install/turtlebot3_navigation2/share/turtlebot3_navigation2/package.zsh'
[4.808s] Level 1:colcon.colcon_core.environment:create_file_with_runtime_dependencies(/home/xh339/Desktop/turtlebot_ws/install/turtlebot3_navigation2/share/colcon-core/packages/turtlebot3_navigation2)
[4.811s] Level 1:colcon.colcon_core.environment:create_environment_scripts_only(realsense_ros_gazebo)
[4.813s] DEBUG:colcon.colcon_core.event_handler.log_command:Invoked command in '/home/xh339/Desktop/turtlebot_ws/build/realsense_ros_gazebo' returned '0': CMAKE_PREFIX_PATH=${CMAKE_PREFIX_PATH}:/home/xh339/Desktop/turtlebot_ws/install/turtlebot3_teleop:/home/xh339/Desktop/ros2_ws/install/task79_test:/home/xh339/Desktop/ros2_ws/install/task79:/home/xh339/Desktop/ros2_ws/install/aruco_detect:/home/xh339/dev_ws/install/learning_urdf:/home/xh339/dev_ws/install/learning_topic:/home/xh339/dev_ws/install/learning_tf:/home/xh339/dev_ws/install/learning_service:/home/xh339/dev_ws/install/learning_qos:/home/xh339/dev_ws/install/learning_pkg_python:/home/xh339/dev_ws/install/learning_parameter:/home/xh339/dev_ws/install/learning_node:/home/xh339/dev_ws/install/learning_launch:/home/xh339/dev_ws/install/learning_action:/home/xh339/dev_ws/install/learning_gazebo:/opt/ros/humble /usr/bin/cmake --install /home/xh339/Desktop/turtlebot_ws/build/realsense_ros_gazebo
[4.858s] Level 1:colcon.colcon_core.environment:checking '/home/xh339/Desktop/turtlebot_ws/install/realsense_ros_gazebo' for CMake module files
[4.859s] Level 1:colcon.colcon_core.environment:checking '/home/xh339/Desktop/turtlebot_ws/install/realsense_ros_gazebo' for CMake config files
[4.859s] Level 1:colcon.colcon_core.shell:create_environment_hook('realsense_ros_gazebo', 'cmake_prefix_path')
[4.887s] INFO:colcon.colcon_core.shell:Creating environment hook '/home/xh339/Desktop/turtlebot_ws/install/realsense_ros_gazebo/share/realsense_ros_gazebo/hook/cmake_prefix_path.ps1'
[4.888s] INFO:colcon.colcon_core.shell:Creating environment descriptor '/home/xh339/Desktop/turtlebot_ws/install/realsense_ros_gazebo/share/realsense_ros_gazebo/hook/cmake_prefix_path.dsv'
[4.888s] INFO:colcon.colcon_core.shell:Creating environment hook '/home/xh339/Desktop/turtlebot_ws/install/realsense_ros_gazebo/share/realsense_ros_gazebo/hook/cmake_prefix_path.sh'
[4.889s] Level 1:colcon.colcon_core.environment:checking '/home/xh339/Desktop/turtlebot_ws/install/realsense_ros_gazebo/lib'
[4.889s] Level 1:colcon.colcon_core.shell:create_environment_hook('realsense_ros_gazebo', 'ld_library_path_lib')
[4.916s] INFO:colcon.colcon_core.shell:Creating environment hook '/home/xh339/Desktop/turtlebot_ws/install/realsense_ros_gazebo/share/realsense_ros_gazebo/hook/ld_library_path_lib.ps1'
[4.917s] INFO:colcon.colcon_core.shell:Creating environment descriptor '/home/xh339/Desktop/turtlebot_ws/install/realsense_ros_gazebo/share/realsense_ros_gazebo/hook/ld_library_path_lib.dsv'
[4.917s] INFO:colcon.colcon_core.shell:Creating environment hook '/home/xh339/Desktop/turtlebot_ws/install/realsense_ros_gazebo/share/realsense_ros_gazebo/hook/ld_library_path_lib.sh'
[4.918s] Level 1:colcon.colcon_core.environment:checking '/home/xh339/Desktop/turtlebot_ws/install/realsense_ros_gazebo/bin'
[4.918s] Level 1:colcon.colcon_core.environment:checking '/home/xh339/Desktop/turtlebot_ws/install/realsense_ros_gazebo/lib/pkgconfig/realsense_ros_gazebo.pc'
[4.919s] Level 1:colcon.colcon_core.environment:checking '/home/xh339/Desktop/turtlebot_ws/install/realsense_ros_gazebo/lib/python3.10/site-packages'
[4.919s] Level 1:colcon.colcon_core.environment:checking '/home/xh339/Desktop/turtlebot_ws/install/realsense_ros_gazebo/bin'
[4.952s] INFO:colcon.colcon_core.shell:Creating package script '/home/xh339/Desktop/turtlebot_ws/install/realsense_ros_gazebo/share/realsense_ros_gazebo/package.ps1'
[4.953s] INFO:colcon.colcon_core.shell:Creating package descriptor '/home/xh339/Desktop/turtlebot_ws/install/realsense_ros_gazebo/share/realsense_ros_gazebo/package.dsv'
[4.954s] INFO:colcon.colcon_core.shell:Creating package script '/home/xh339/Desktop/turtlebot_ws/install/realsense_ros_gazebo/share/realsense_ros_gazebo/package.sh'
[4.955s] INFO:colcon.colcon_core.shell:Creating package script '/home/xh339/Desktop/turtlebot_ws/install/realsense_ros_gazebo/share/realsense_ros_gazebo/package.bash'
[4.955s] INFO:colcon.colcon_core.shell:Creating package script '/home/xh339/Desktop/turtlebot_ws/install/realsense_ros_gazebo/share/realsense_ros_gazebo/package.zsh'
[4.955s] Level 1:colcon.colcon_core.environment:create_file_with_runtime_dependencies(/home/xh339/Desktop/turtlebot_ws/install/realsense_ros_gazebo/share/colcon-core/packages/realsense_ros_gazebo)
[4.962s] DEBUG:colcon.colcon_core.event_handler.log_command:Invoking command in '/home/xh339/Desktop/turtlebot_ws/build/turtlebot3_msgs': CMAKE_PREFIX_PATH=${CMAKE_PREFIX_PATH}:/home/xh339/Desktop/turtlebot_ws/install/turtlebot3_teleop:/home/xh339/Desktop/ros2_ws/install/task79_test:/home/xh339/Desktop/ros2_ws/install/task79:/home/xh339/Desktop/ros2_ws/install/aruco_detect:/home/xh339/dev_ws/install/learning_urdf:/home/xh339/dev_ws/install/learning_topic:/home/xh339/dev_ws/install/learning_tf:/home/xh339/dev_ws/install/learning_service:/home/xh339/dev_ws/install/learning_qos:/home/xh339/dev_ws/install/learning_pkg_python:/home/xh339/dev_ws/install/learning_parameter:/home/xh339/dev_ws/install/learning_node:/home/xh339/dev_ws/install/learning_launch:/home/xh339/dev_ws/install/learning_action:/home/xh339/dev_ws/install/learning_gazebo:/opt/ros/humble /usr/bin/cmake --install /home/xh339/Desktop/turtlebot_ws/build/turtlebot3_msgs
[5.002s] Level 1:colcon.colcon_core.environment:create_environment_scripts_only(turtlebot3_cartographer)
[5.041s] Level 1:colcon.colcon_core.environment:checking '/home/xh339/Desktop/turtlebot_ws/install/turtlebot3_cartographer' for CMake module files
[5.042s] Level 1:colcon.colcon_core.environment:checking '/home/xh339/Desktop/turtlebot_ws/install/turtlebot3_cartographer' for CMake config files
[5.043s] Level 1:colcon.colcon_core.shell:create_environment_hook('turtlebot3_cartographer', 'cmake_prefix_path')
[5.085s] INFO:colcon.colcon_core.shell:Creating environment hook '/home/xh339/Desktop/turtlebot_ws/install/turtlebot3_cartographer/share/turtlebot3_cartographer/hook/cmake_prefix_path.ps1'
[5.086s] INFO:colcon.colcon_core.shell:Creating environment descriptor '/home/xh339/Desktop/turtlebot_ws/install/turtlebot3_cartographer/share/turtlebot3_cartographer/hook/cmake_prefix_path.dsv'
[5.086s] INFO:colcon.colcon_core.shell:Creating environment hook '/home/xh339/Desktop/turtlebot_ws/install/turtlebot3_cartographer/share/turtlebot3_cartographer/hook/cmake_prefix_path.sh'
[5.087s] Level 1:colcon.colcon_core.environment:checking '/home/xh339/Desktop/turtlebot_ws/install/turtlebot3_cartographer/bin'
[5.088s] Level 1:colcon.colcon_core.environment:checking '/home/xh339/Desktop/turtlebot_ws/install/turtlebot3_cartographer/lib/pkgconfig/turtlebot3_cartographer.pc'
[5.088s] Level 1:colcon.colcon_core.environment:checking '/home/xh339/Desktop/turtlebot_ws/install/turtlebot3_cartographer/lib/python3.10/site-packages'
[5.089s] Level 1:colcon.colcon_core.environment:checking '/home/xh339/Desktop/turtlebot_ws/install/turtlebot3_cartographer/bin'
[5.136s] INFO:colcon.colcon_core.shell:Creating package script '/home/xh339/Desktop/turtlebot_ws/install/turtlebot3_cartographer/share/turtlebot3_cartographer/package.ps1'
[5.138s] INFO:colcon.colcon_core.shell:Creating package descriptor '/home/xh339/Desktop/turtlebot_ws/install/turtlebot3_cartographer/share/turtlebot3_cartographer/package.dsv'
[5.139s] INFO:colcon.colcon_core.shell:Creating package script '/home/xh339/Desktop/turtlebot_ws/install/turtlebot3_cartographer/share/turtlebot3_cartographer/package.sh'
[5.140s] INFO:colcon.colcon_core.shell:Creating package script '/home/xh339/Desktop/turtlebot_ws/install/turtlebot3_cartographer/share/turtlebot3_cartographer/package.bash'
[5.141s] INFO:colcon.colcon_core.shell:Creating package script '/home/xh339/Desktop/turtlebot_ws/install/turtlebot3_cartographer/share/turtlebot3_cartographer/package.zsh'
[5.142s] Level 1:colcon.colcon_core.environment:create_file_with_runtime_dependencies(/home/xh339/Desktop/turtlebot_ws/install/turtlebot3_cartographer/share/colcon-core/packages/turtlebot3_cartographer)
[5.195s] Level 1:colcon.colcon_core.environment:create_environment_scripts_only(turtlebot3_navigation2)
[5.246s] Level 1:colcon.colcon_core.environment:checking '/home/xh339/Desktop/turtlebot_ws/install/turtlebot3_navigation2' for CMake module files
[5.247s] Level 1:colcon.colcon_core.environment:checking '/home/xh339/Desktop/turtlebot_ws/install/turtlebot3_navigation2' for CMake config files
[5.248s] Level 1:colcon.colcon_core.shell:create_environment_hook('turtlebot3_navigation2', 'cmake_prefix_path')
[5.293s] INFO:colcon.colcon_core.shell:Creating environment hook '/home/xh339/Desktop/turtlebot_ws/install/turtlebot3_navigation2/share/turtlebot3_navigation2/hook/cmake_prefix_path.ps1'
[5.294s] INFO:colcon.colcon_core.shell:Creating environment descriptor '/home/xh339/Desktop/turtlebot_ws/install/turtlebot3_navigation2/share/turtlebot3_navigation2/hook/cmake_prefix_path.dsv'
[5.295s] INFO:colcon.colcon_core.shell:Creating environment hook '/home/xh339/Desktop/turtlebot_ws/install/turtlebot3_navigation2/share/turtlebot3_navigation2/hook/cmake_prefix_path.sh'
[5.296s] Level 1:colcon.colcon_core.environment:checking '/home/xh339/Desktop/turtlebot_ws/install/turtlebot3_navigation2/bin'
[5.296s] Level 1:colcon.colcon_core.environment:checking '/home/xh339/Desktop/turtlebot_ws/install/turtlebot3_navigation2/lib/pkgconfig/turtlebot3_navigation2.pc'
[5.297s] Level 1:colcon.colcon_core.environment:checking '/home/xh339/Desktop/turtlebot_ws/install/turtlebot3_navigation2/lib/python3.10/site-packages'
[5.297s] Level 1:colcon.colcon_core.environment:checking '/home/xh339/Desktop/turtlebot_ws/install/turtlebot3_navigation2/bin'
[5.343s] INFO:colcon.colcon_core.shell:Creating package script '/home/xh339/Desktop/turtlebot_ws/install/turtlebot3_navigation2/share/turtlebot3_navigation2/package.ps1'
[5.345s] INFO:colcon.colcon_core.shell:Creating package descriptor '/home/xh339/Desktop/turtlebot_ws/install/turtlebot3_navigation2/share/turtlebot3_navigation2/package.dsv'
[5.345s] INFO:colcon.colcon_core.shell:Creating package script '/home/xh339/Desktop/turtlebot_ws/install/turtlebot3_navigation2/share/turtlebot3_navigation2/package.sh'
[5.346s] INFO:colcon.colcon_core.shell:Creating package script '/home/xh339/Desktop/turtlebot_ws/install/turtlebot3_navigation2/share/turtlebot3_navigation2/package.bash'
[5.347s] INFO:colcon.colcon_core.shell:Creating package script '/home/xh339/Desktop/turtlebot_ws/install/turtlebot3_navigation2/share/turtlebot3_navigation2/package.zsh'
[5.348s] Level 1:colcon.colcon_core.environment:create_file_with_runtime_dependencies(/home/xh339/Desktop/turtlebot_ws/install/turtlebot3_navigation2/share/colcon-core/packages/turtlebot3_navigation2)
[5.349s] Level 1:colcon.colcon_core.environment:create_environment_scripts_only(turtlebot3_gazebo)
[5.373s] DEBUG:colcon.colcon_core.event_handler.log_command:Invoked command in '/home/xh339/Desktop/turtlebot_ws/build/turtlebot3_gazebo' returned '0': CMAKE_PREFIX_PATH=${CMAKE_PREFIX_PATH}:/home/xh339/Desktop/turtlebot_ws/install/turtlebot3_teleop:/home/xh339/Desktop/ros2_ws/install/task79_test:/home/xh339/Desktop/ros2_ws/install/task79:/home/xh339/Desktop/ros2_ws/install/aruco_detect:/home/xh339/dev_ws/install/learning_urdf:/home/xh339/dev_ws/install/learning_topic:/home/xh339/dev_ws/install/learning_tf:/home/xh339/dev_ws/install/learning_service:/home/xh339/dev_ws/install/learning_qos:/home/xh339/dev_ws/install/learning_pkg_python:/home/xh339/dev_ws/install/learning_parameter:/home/xh339/dev_ws/install/learning_node:/home/xh339/dev_ws/install/learning_launch:/home/xh339/dev_ws/install/learning_action:/home/xh339/dev_ws/install/learning_gazebo:/opt/ros/humble /usr/bin/cmake --install /home/xh339/Desktop/turtlebot_ws/build/turtlebot3_gazebo
[5.436s] Level 1:colcon.colcon_core.environment:checking '/home/xh339/Desktop/turtlebot_ws/install/turtlebot3_gazebo' for CMake module files
[5.438s] Level 1:colcon.colcon_core.environment:checking '/home/xh339/Desktop/turtlebot_ws/install/turtlebot3_gazebo' for CMake config files
[5.440s] Level 1:colcon.colcon_core.shell:create_environment_hook('turtlebot3_gazebo', 'cmake_prefix_path')
[5.519s] INFO:colcon.colcon_core.shell:Creating environment hook '/home/xh339/Desktop/turtlebot_ws/install/turtlebot3_gazebo/share/turtlebot3_gazebo/hook/cmake_prefix_path.ps1'
[5.520s] INFO:colcon.colcon_core.shell:Creating environment descriptor '/home/xh339/Desktop/turtlebot_ws/install/turtlebot3_gazebo/share/turtlebot3_gazebo/hook/cmake_prefix_path.dsv'
[5.520s] INFO:colcon.colcon_core.shell:Creating environment hook '/home/xh339/Desktop/turtlebot_ws/install/turtlebot3_gazebo/share/turtlebot3_gazebo/hook/cmake_prefix_path.sh'
[5.522s] Level 1:colcon.colcon_core.environment:checking '/home/xh339/Desktop/turtlebot_ws/install/turtlebot3_gazebo/lib'
[5.522s] Level 1:colcon.colcon_core.environment:checking '/home/xh339/Desktop/turtlebot_ws/install/turtlebot3_gazebo/bin'
[5.522s] Level 1:colcon.colcon_core.environment:checking '/home/xh339/Desktop/turtlebot_ws/install/turtlebot3_gazebo/lib/pkgconfig/turtlebot3_gazebo.pc'
[5.522s] Level 1:colcon.colcon_core.environment:checking '/home/xh339/Desktop/turtlebot_ws/install/turtlebot3_gazebo/lib/python3.10/site-packages'
[5.523s] Level 1:colcon.colcon_core.environment:checking '/home/xh339/Desktop/turtlebot_ws/install/turtlebot3_gazebo/bin'
[5.559s] INFO:colcon.colcon_core.shell:Creating package script '/home/xh339/Desktop/turtlebot_ws/install/turtlebot3_gazebo/share/turtlebot3_gazebo/package.ps1'
[5.560s] INFO:colcon.colcon_core.shell:Creating package descriptor '/home/xh339/Desktop/turtlebot_ws/install/turtlebot3_gazebo/share/turtlebot3_gazebo/package.dsv'
[5.561s] INFO:colcon.colcon_core.shell:Creating package script '/home/xh339/Desktop/turtlebot_ws/install/turtlebot3_gazebo/share/turtlebot3_gazebo/package.sh'
[5.562s] INFO:colcon.colcon_core.shell:Creating package script '/home/xh339/Desktop/turtlebot_ws/install/turtlebot3_gazebo/share/turtlebot3_gazebo/package.bash'
[5.562s] INFO:colcon.colcon_core.shell:Creating package script '/home/xh339/Desktop/turtlebot_ws/install/turtlebot3_gazebo/share/turtlebot3_gazebo/package.zsh'
[5.563s] Level 1:colcon.colcon_core.environment:create_file_with_runtime_dependencies(/home/xh339/Desktop/turtlebot_ws/install/turtlebot3_gazebo/share/colcon-core/packages/turtlebot3_gazebo)
[5.601s] Level 1:colcon.colcon_core.environment:create_environment_scripts_only(realsense_ros_gazebo)
[5.641s] Level 1:colcon.colcon_core.environment:checking '/home/xh339/Desktop/turtlebot_ws/install/realsense_ros_gazebo' for CMake module files
[5.642s] Level 1:colcon.colcon_core.environment:checking '/home/xh339/Desktop/turtlebot_ws/install/realsense_ros_gazebo' for CMake config files
[5.643s] Level 1:colcon.colcon_core.shell:create_environment_hook('realsense_ros_gazebo', 'cmake_prefix_path')
[5.677s] INFO:colcon.colcon_core.shell:Creating environment hook '/home/xh339/Desktop/turtlebot_ws/install/realsense_ros_gazebo/share/realsense_ros_gazebo/hook/cmake_prefix_path.ps1'
[5.677s] INFO:colcon.colcon_core.shell:Creating environment descriptor '/home/xh339/Desktop/turtlebot_ws/install/realsense_ros_gazebo/share/realsense_ros_gazebo/hook/cmake_prefix_path.dsv'
[5.678s] INFO:colcon.colcon_core.shell:Creating environment hook '/home/xh339/Desktop/turtlebot_ws/install/realsense_ros_gazebo/share/realsense_ros_gazebo/hook/cmake_prefix_path.sh'
[5.679s] Level 1:colcon.colcon_core.environment:checking '/home/xh339/Desktop/turtlebot_ws/install/realsense_ros_gazebo/lib'
[5.679s] Level 1:colcon.colcon_core.shell:create_environment_hook('realsense_ros_gazebo', 'ld_library_path_lib')
[5.718s] INFO:colcon.colcon_core.shell:Creating environment hook '/home/xh339/Desktop/turtlebot_ws/install/realsense_ros_gazebo/share/realsense_ros_gazebo/hook/ld_library_path_lib.ps1'
[5.719s] INFO:colcon.colcon_core.shell:Creating environment descriptor '/home/xh339/Desktop/turtlebot_ws/install/realsense_ros_gazebo/share/realsense_ros_gazebo/hook/ld_library_path_lib.dsv'
[5.719s] INFO:colcon.colcon_core.shell:Creating environment hook '/home/xh339/Desktop/turtlebot_ws/install/realsense_ros_gazebo/share/realsense_ros_gazebo/hook/ld_library_path_lib.sh'
[5.720s] Level 1:colcon.colcon_core.environment:checking '/home/xh339/Desktop/turtlebot_ws/install/realsense_ros_gazebo/bin'
[5.720s] Level 1:colcon.colcon_core.environment:checking '/home/xh339/Desktop/turtlebot_ws/install/realsense_ros_gazebo/lib/pkgconfig/realsense_ros_gazebo.pc'
[5.720s] Level 1:colcon.colcon_core.environment:checking '/home/xh339/Desktop/turtlebot_ws/install/realsense_ros_gazebo/lib/python3.10/site-packages'
[5.721s] Level 1:colcon.colcon_core.environment:checking '/home/xh339/Desktop/turtlebot_ws/install/realsense_ros_gazebo/bin'
[5.750s] INFO:colcon.colcon_core.shell:Creating package script '/home/xh339/Desktop/turtlebot_ws/install/realsense_ros_gazebo/share/realsense_ros_gazebo/package.ps1'
[5.750s] INFO:colcon.colcon_core.shell:Creating package descriptor '/home/xh339/Desktop/turtlebot_ws/install/realsense_ros_gazebo/share/realsense_ros_gazebo/package.dsv'
[5.751s] INFO:colcon.colcon_core.shell:Creating package script '/home/xh339/Desktop/turtlebot_ws/install/realsense_ros_gazebo/share/realsense_ros_gazebo/package.sh'
[5.752s] INFO:colcon.colcon_core.shell:Creating package script '/home/xh339/Desktop/turtlebot_ws/install/realsense_ros_gazebo/share/realsense_ros_gazebo/package.bash'
[5.752s] INFO:colcon.colcon_core.shell:Creating package script '/home/xh339/Desktop/turtlebot_ws/install/realsense_ros_gazebo/share/realsense_ros_gazebo/package.zsh'
[5.753s] Level 1:colcon.colcon_core.environment:create_file_with_runtime_dependencies(/home/xh339/Desktop/turtlebot_ws/install/realsense_ros_gazebo/share/colcon-core/packages/realsense_ros_gazebo)
[5.757s] Level 1:colcon.colcon_core.environment:create_environment_scripts_only(turtlebot3_msgs)
[5.758s] DEBUG:colcon.colcon_core.event_handler.log_command:Invoking command in '/home/xh339/Desktop/turtlebot_ws/src/turtlebot3_teleop': PYTHONPATH=/home/xh339/Desktop/turtlebot_ws/build/turtlebot3_teleop/prefix_override:/home/xh339/Desktop/turtlebot_ws/install/turtlebot3_teleop/lib/python3.10/site-packages:${PYTHONPATH} /usr/bin/python3 setup.py egg_info --egg-base ../../build/turtlebot3_teleop build --build-base /home/xh339/Desktop/turtlebot_ws/build/turtlebot3_teleop/build install --record /home/xh339/Desktop/turtlebot_ws/build/turtlebot3_teleop/install.log --single-version-externally-managed
[5.760s] DEBUG:colcon.colcon_core.event_handler.log_command:Invoked command in '/home/xh339/Desktop/turtlebot_ws/build/turtlebot3_msgs' returned '0': CMAKE_PREFIX_PATH=${CMAKE_PREFIX_PATH}:/home/xh339/Desktop/turtlebot_ws/install/turtlebot3_teleop:/home/xh339/Desktop/ros2_ws/install/task79_test:/home/xh339/Desktop/ros2_ws/install/task79:/home/xh339/Desktop/ros2_ws/install/aruco_detect:/home/xh339/dev_ws/install/learning_urdf:/home/xh339/dev_ws/install/learning_topic:/home/xh339/dev_ws/install/learning_tf:/home/xh339/dev_ws/install/learning_service:/home/xh339/dev_ws/install/learning_qos:/home/xh339/dev_ws/install/learning_pkg_python:/home/xh339/dev_ws/install/learning_parameter:/home/xh339/dev_ws/install/learning_node:/home/xh339/dev_ws/install/learning_launch:/home/xh339/dev_ws/install/learning_action:/home/xh339/dev_ws/install/learning_gazebo:/opt/ros/humble /usr/bin/cmake --install /home/xh339/Desktop/turtlebot_ws/build/turtlebot3_msgs
[5.802s] Level 1:colcon.colcon_core.environment:checking '/home/xh339/Desktop/turtlebot_ws/install/turtlebot3_msgs' for CMake module files
[5.804s] Level 1:colcon.colcon_core.environment:checking '/home/xh339/Desktop/turtlebot_ws/install/turtlebot3_msgs' for CMake config files
[5.805s] Level 1:colcon.colcon_core.shell:create_environment_hook('turtlebot3_msgs', 'cmake_prefix_path')
[5.852s] INFO:colcon.colcon_core.shell:Creating environment hook '/home/xh339/Desktop/turtlebot_ws/install/turtlebot3_msgs/share/turtlebot3_msgs/hook/cmake_prefix_path.ps1'
[5.853s] INFO:colcon.colcon_core.shell:Creating environment descriptor '/home/xh339/Desktop/turtlebot_ws/install/turtlebot3_msgs/share/turtlebot3_msgs/hook/cmake_prefix_path.dsv'
[5.854s] INFO:colcon.colcon_core.shell:Creating environment hook '/home/xh339/Desktop/turtlebot_ws/install/turtlebot3_msgs/share/turtlebot3_msgs/hook/cmake_prefix_path.sh'
[5.855s] Level 1:colcon.colcon_core.environment:checking '/home/xh339/Desktop/turtlebot_ws/install/turtlebot3_msgs/lib'
[5.855s] Level 1:colcon.colcon_core.shell:create_environment_hook('turtlebot3_msgs', 'ld_library_path_lib')
[5.900s] INFO:colcon.colcon_core.shell:Creating environment hook '/home/xh339/Desktop/turtlebot_ws/install/turtlebot3_msgs/share/turtlebot3_msgs/hook/ld_library_path_lib.ps1'
[5.901s] INFO:colcon.colcon_core.shell:Creating environment descriptor '/home/xh339/Desktop/turtlebot_ws/install/turtlebot3_msgs/share/turtlebot3_msgs/hook/ld_library_path_lib.dsv'
[5.902s] INFO:colcon.colcon_core.shell:Creating environment hook '/home/xh339/Desktop/turtlebot_ws/install/turtlebot3_msgs/share/turtlebot3_msgs/hook/ld_library_path_lib.sh'
[5.903s] Level 1:colcon.colcon_core.environment:checking '/home/xh339/Desktop/turtlebot_ws/install/turtlebot3_msgs/bin'
[5.903s] Level 1:colcon.colcon_core.environment:checking '/home/xh339/Desktop/turtlebot_ws/install/turtlebot3_msgs/lib/pkgconfig/turtlebot3_msgs.pc'
[5.903s] Level 1:colcon.colcon_core.environment:checking '/home/xh339/Desktop/turtlebot_ws/install/turtlebot3_msgs/lib/python3.10/site-packages'
[5.904s] Level 1:colcon.colcon_core.environment:checking '/home/xh339/Desktop/turtlebot_ws/install/turtlebot3_msgs/bin'
[5.952s] INFO:colcon.colcon_core.shell:Creating package script '/home/xh339/Desktop/turtlebot_ws/install/turtlebot3_msgs/share/turtlebot3_msgs/package.ps1'
[5.953s] INFO:colcon.colcon_core.shell:Creating package descriptor '/home/xh339/Desktop/turtlebot_ws/install/turtlebot3_msgs/share/turtlebot3_msgs/package.dsv'
[5.954s] INFO:colcon.colcon_core.shell:Creating package script '/home/xh339/Desktop/turtlebot_ws/install/turtlebot3_msgs/share/turtlebot3_msgs/package.sh'
[5.955s] INFO:colcon.colcon_core.shell:Creating package script '/home/xh339/Desktop/turtlebot_ws/install/turtlebot3_msgs/share/turtlebot3_msgs/package.bash'
[5.956s] INFO:colcon.colcon_core.shell:Creating package script '/home/xh339/Desktop/turtlebot_ws/install/turtlebot3_msgs/share/turtlebot3_msgs/package.zsh'
[5.957s] Level 1:colcon.colcon_core.environment:create_file_with_runtime_dependencies(/home/xh339/Desktop/turtlebot_ws/install/turtlebot3_msgs/share/colcon-core/packages/turtlebot3_msgs)
[6.027s] Level 1:colcon.colcon_core.environment:create_environment_scripts_only(turtlebot3_gazebo)
[6.081s] Level 1:colcon.colcon_core.environment:checking '/home/xh339/Desktop/turtlebot_ws/install/turtlebot3_gazebo' for CMake module files
[6.083s] Level 1:colcon.colcon_core.environment:checking '/home/xh339/Desktop/turtlebot_ws/install/turtlebot3_gazebo' for CMake config files
[6.083s] Level 1:colcon.colcon_core.shell:create_environment_hook('turtlebot3_gazebo', 'cmake_prefix_path')
[6.162s] INFO:colcon.colcon_core.shell:Creating environment hook '/home/xh339/Desktop/turtlebot_ws/install/turtlebot3_gazebo/share/turtlebot3_gazebo/hook/cmake_prefix_path.ps1'
[6.163s] INFO:colcon.colcon_core.shell:Creating environment descriptor '/home/xh339/Desktop/turtlebot_ws/install/turtlebot3_gazebo/share/turtlebot3_gazebo/hook/cmake_prefix_path.dsv'
[6.164s] INFO:colcon.colcon_core.shell:Creating environment hook '/home/xh339/Desktop/turtlebot_ws/install/turtlebot3_gazebo/share/turtlebot3_gazebo/hook/cmake_prefix_path.sh'
[6.165s] Level 1:colcon.colcon_core.environment:checking '/home/xh339/Desktop/turtlebot_ws/install/turtlebot3_gazebo/lib'
[6.165s] Level 1:colcon.colcon_core.environment:checking '/home/xh339/Desktop/turtlebot_ws/install/turtlebot3_gazebo/bin'
[6.165s] Level 1:colcon.colcon_core.environment:checking '/home/xh339/Desktop/turtlebot_ws/install/turtlebot3_gazebo/lib/pkgconfig/turtlebot3_gazebo.pc'
[6.166s] Level 1:colcon.colcon_core.environment:checking '/home/xh339/Desktop/turtlebot_ws/install/turtlebot3_gazebo/lib/python3.10/site-packages'
[6.166s] Level 1:colcon.colcon_core.environment:checking '/home/xh339/Desktop/turtlebot_ws/install/turtlebot3_gazebo/bin'
[6.223s] INFO:colcon.colcon_core.shell:Creating package script '/home/xh339/Desktop/turtlebot_ws/install/turtlebot3_gazebo/share/turtlebot3_gazebo/package.ps1'
[6.224s] INFO:colcon.colcon_core.shell:Creating package descriptor '/home/xh339/Desktop/turtlebot_ws/install/turtlebot3_gazebo/share/turtlebot3_gazebo/package.dsv'
[6.225s] INFO:colcon.colcon_core.shell:Creating package script '/home/xh339/Desktop/turtlebot_ws/install/turtlebot3_gazebo/share/turtlebot3_gazebo/package.sh'
[6.227s] INFO:colcon.colcon_core.shell:Creating package script '/home/xh339/Desktop/turtlebot_ws/install/turtlebot3_gazebo/share/turtlebot3_gazebo/package.bash'
[6.228s] INFO:colcon.colcon_core.shell:Creating package script '/home/xh339/Desktop/turtlebot_ws/install/turtlebot3_gazebo/share/turtlebot3_gazebo/package.zsh'
[6.229s] Level 1:colcon.colcon_core.environment:create_file_with_runtime_dependencies(/home/xh339/Desktop/turtlebot_ws/install/turtlebot3_gazebo/share/colcon-core/packages/turtlebot3_gazebo)
[6.515s] Level 1:colcon.colcon_core.environment:create_environment_scripts_only(turtlebot3_msgs)
[6.591s] Level 1:colcon.colcon_core.environment:checking '/home/xh339/Desktop/turtlebot_ws/install/turtlebot3_msgs' for CMake module files
[6.592s] Level 1:colcon.colcon_core.environment:checking '/home/xh339/Desktop/turtlebot_ws/install/turtlebot3_msgs' for CMake config files
[6.594s] Level 1:colcon.colcon_core.shell:create_environment_hook('turtlebot3_msgs', 'cmake_prefix_path')
[6.652s] INFO:colcon.colcon_core.shell:Creating environment hook '/home/xh339/Desktop/turtlebot_ws/install/turtlebot3_msgs/share/turtlebot3_msgs/hook/cmake_prefix_path.ps1'
[6.653s] INFO:colcon.colcon_core.shell:Creating environment descriptor '/home/xh339/Desktop/turtlebot_ws/install/turtlebot3_msgs/share/turtlebot3_msgs/hook/cmake_prefix_path.dsv'
[6.653s] INFO:colcon.colcon_core.shell:Creating environment hook '/home/xh339/Desktop/turtlebot_ws/install/turtlebot3_msgs/share/turtlebot3_msgs/hook/cmake_prefix_path.sh'
[6.655s] Level 1:colcon.colcon_core.environment:checking '/home/xh339/Desktop/turtlebot_ws/install/turtlebot3_msgs/lib'
[6.655s] Level 1:colcon.colcon_core.shell:create_environment_hook('turtlebot3_msgs', 'ld_library_path_lib')
[6.710s] INFO:colcon.colcon_core.shell:Creating environment hook '/home/xh339/Desktop/turtlebot_ws/install/turtlebot3_msgs/share/turtlebot3_msgs/hook/ld_library_path_lib.ps1'
[6.711s] INFO:colcon.colcon_core.shell:Creating environment descriptor '/home/xh339/Desktop/turtlebot_ws/install/turtlebot3_msgs/share/turtlebot3_msgs/hook/ld_library_path_lib.dsv'
[6.712s] INFO:colcon.colcon_core.shell:Creating environment hook '/home/xh339/Desktop/turtlebot_ws/install/turtlebot3_msgs/share/turtlebot3_msgs/hook/ld_library_path_lib.sh'
[6.712s] Level 1:colcon.colcon_core.environment:checking '/home/xh339/Desktop/turtlebot_ws/install/turtlebot3_msgs/bin'
[6.712s] Level 1:colcon.colcon_core.environment:checking '/home/xh339/Desktop/turtlebot_ws/install/turtlebot3_msgs/lib/pkgconfig/turtlebot3_msgs.pc'
[6.713s] Level 1:colcon.colcon_core.environment:checking '/home/xh339/Desktop/turtlebot_ws/install/turtlebot3_msgs/lib/python3.10/site-packages'
[6.713s] Level 1:colcon.colcon_core.environment:checking '/home/xh339/Desktop/turtlebot_ws/install/turtlebot3_msgs/bin'
[6.799s] INFO:colcon.colcon_core.shell:Creating package script '/home/xh339/Desktop/turtlebot_ws/install/turtlebot3_msgs/share/turtlebot3_msgs/package.ps1'
[6.801s] INFO:colcon.colcon_core.shell:Creating package descriptor '/home/xh339/Desktop/turtlebot_ws/install/turtlebot3_msgs/share/turtlebot3_msgs/package.dsv'
[6.804s] INFO:colcon.colcon_core.shell:Creating package script '/home/xh339/Desktop/turtlebot_ws/install/turtlebot3_msgs/share/turtlebot3_msgs/package.sh'
[6.806s] INFO:colcon.colcon_core.shell:Creating package script '/home/xh339/Desktop/turtlebot_ws/install/turtlebot3_msgs/share/turtlebot3_msgs/package.bash'
[6.811s] INFO:colcon.colcon_core.shell:Creating package script '/home/xh339/Desktop/turtlebot_ws/install/turtlebot3_msgs/share/turtlebot3_msgs/package.zsh'
[6.813s] Level 1:colcon.colcon_core.environment:create_file_with_runtime_dependencies(/home/xh339/Desktop/turtlebot_ws/install/turtlebot3_msgs/share/colcon-core/packages/turtlebot3_msgs)
[6.823s] DEBUG:colcon.colcon_core.event_handler.log_command:Invoked command in '/home/xh339/Desktop/turtlebot_ws/src/turtlebot3_teleop' returned '0': PYTHONPATH=/home/xh339/Desktop/turtlebot_ws/build/turtlebot3_teleop/prefix_override:/home/xh339/Desktop/turtlebot_ws/install/turtlebot3_teleop/lib/python3.10/site-packages:${PYTHONPATH} /usr/bin/python3 setup.py egg_info --egg-base ../../build/turtlebot3_teleop build --build-base /home/xh339/Desktop/turtlebot_ws/build/turtlebot3_teleop/build install --record /home/xh339/Desktop/turtlebot_ws/build/turtlebot3_teleop/install.log --single-version-externally-managed
[6.891s] Level 1:colcon.colcon_core.environment:checking '/home/xh339/Desktop/turtlebot_ws/install/turtlebot3_teleop' for CMake module files
[6.892s] Level 1:colcon.colcon_core.environment:checking '/home/xh339/Desktop/turtlebot_ws/install/turtlebot3_teleop' for CMake config files
[6.895s] Level 1:colcon.colcon_core.environment:checking '/home/xh339/Desktop/turtlebot_ws/install/turtlebot3_teleop/lib'
[6.895s] Level 1:colcon.colcon_core.environment:checking '/home/xh339/Desktop/turtlebot_ws/install/turtlebot3_teleop/bin'
[6.895s] Level 1:colcon.colcon_core.environment:checking '/home/xh339/Desktop/turtlebot_ws/install/turtlebot3_teleop/lib/pkgconfig/turtlebot3_teleop.pc'
[6.896s] Level 1:colcon.colcon_core.environment:checking '/home/xh339/Desktop/turtlebot_ws/install/turtlebot3_teleop/lib/python3.10/site-packages'
[6.896s] Level 1:colcon.colcon_core.shell:create_environment_hook('turtlebot3_teleop', 'pythonpath')
[6.964s] INFO:colcon.colcon_core.shell:Creating environment hook '/home/xh339/Desktop/turtlebot_ws/install/turtlebot3_teleop/share/turtlebot3_teleop/hook/pythonpath.ps1'
[6.965s] INFO:colcon.colcon_core.shell:Creating environment descriptor '/home/xh339/Desktop/turtlebot_ws/install/turtlebot3_teleop/share/turtlebot3_teleop/hook/pythonpath.dsv'
[6.969s] INFO:colcon.colcon_core.shell:Creating environment hook '/home/xh339/Desktop/turtlebot_ws/install/turtlebot3_teleop/share/turtlebot3_teleop/hook/pythonpath.sh'
[6.971s] Level 1:colcon.colcon_core.environment:checking '/home/xh339/Desktop/turtlebot_ws/install/turtlebot3_teleop/bin'
[6.972s] Level 1:colcon.colcon_core.environment:create_environment_scripts_only(turtlebot3_teleop)
[7.050s] INFO:colcon.colcon_core.shell:Creating package script '/home/xh339/Desktop/turtlebot_ws/install/turtlebot3_teleop/share/turtlebot3_teleop/package.ps1'
[7.051s] INFO:colcon.colcon_core.shell:Creating package descriptor '/home/xh339/Desktop/turtlebot_ws/install/turtlebot3_teleop/share/turtlebot3_teleop/package.dsv'
[7.052s] INFO:colcon.colcon_core.shell:Creating package script '/home/xh339/Desktop/turtlebot_ws/install/turtlebot3_teleop/share/turtlebot3_teleop/package.sh'
[7.052s] INFO:colcon.colcon_core.shell:Creating package script '/home/xh339/Desktop/turtlebot_ws/install/turtlebot3_teleop/share/turtlebot3_teleop/package.bash'
[7.053s] INFO:colcon.colcon_core.shell:Creating package script '/home/xh339/Desktop/turtlebot_ws/install/turtlebot3_teleop/share/turtlebot3_teleop/package.zsh'
[7.053s] Level 1:colcon.colcon_core.environment:create_file_with_runtime_dependencies(/home/xh339/Desktop/turtlebot_ws/install/turtlebot3_teleop/share/colcon-core/packages/turtlebot3_teleop)
[7.054s] DEBUG:colcon.colcon_parallel_executor.executor.parallel:closing loop
[7.054s] DEBUG:colcon.colcon_parallel_executor.executor.parallel:loop closed
[7.055s] DEBUG:colcon.colcon_parallel_executor.executor.parallel:run_until_complete finished with '0'
[7.055s] DEBUG:colcon.colcon_core.event_reactor:joining thread
[7.159s] INFO:colcon.colcon_core.plugin_system:Skipping extension 'colcon_notification.desktop_notification.terminal_notifier': Not used on non-Darwin systems
[7.159s] INFO:colcon.colcon_core.plugin_system:Skipping extension 'colcon_notification.desktop_notification.win32': Not used on non-Windows systems
[7.159s] INFO:colcon.colcon_notification.desktop_notification:Sending desktop notification using 'notify2'
[7.201s] DEBUG:colcon.colcon_core.event_reactor:joined thread
[7.284s] INFO:colcon.colcon_core.shell:Creating prefix script '/home/xh339/Desktop/turtlebot_ws/install/local_setup.ps1'
[7.287s] INFO:colcon.colcon_core.shell:Creating prefix util module '/home/xh339/Desktop/turtlebot_ws/install/_local_setup_util_ps1.py'
[7.294s] INFO:colcon.colcon_core.shell:Creating prefix chain script '/home/xh339/Desktop/turtlebot_ws/install/setup.ps1'
[7.346s] INFO:colcon.colcon_core.shell:Creating prefix script '/home/xh339/Desktop/turtlebot_ws/install/local_setup.sh'
[7.348s] INFO:colcon.colcon_core.shell:Creating prefix util module '/home/xh339/Desktop/turtlebot_ws/install/_local_setup_util_sh.py'
[7.350s] INFO:colcon.colcon_core.shell:Creating prefix chain script '/home/xh339/Desktop/turtlebot_ws/install/setup.sh'
[7.405s] INFO:colcon.colcon_core.shell:Creating prefix script '/home/xh339/Desktop/turtlebot_ws/install/local_setup.bash'
[7.409s] INFO:colcon.colcon_core.shell:Creating prefix chain script '/home/xh339/Desktop/turtlebot_ws/install/setup.bash'
[7.461s] INFO:colcon.colcon_core.shell:Creating prefix script '/home/xh339/Desktop/turtlebot_ws/install/local_setup.zsh'
[7.462s] INFO:colcon.colcon_core.shell:Creating prefix chain script '/home/xh339/Desktop/turtlebot_ws/install/setup.zsh'
