-- The C compiler identification is GNU 11.4.0
-- The CXX compiler identification is GNU 11.4.0
-- Detecting C compiler ABI info
-- Detecting C compiler ABI info - done
-- Check for working C compiler: /usr/bin/cc - skipped
-- Detecting C compile features
-- Detecting C compile features - done
-- Detecting CXX compiler ABI info
-- Detecting CXX compiler ABI info - done
-- Check for working CXX compiler: /usr/bin/c++ - skipped
-- Detecting CXX compile features
-- Detecting CXX compile features - done
-- Found ament_cmake: 1.3.7 (/opt/ros/humble/share/ament_cmake/cmake)
-- Found Python3: /usr/bin/python3.10 (found version "3.10.12") found components: Interpreter 
[33mCMake Warning (dev) at /usr/share/cmake-3.22/Modules/FindPackageHandleStandardArgs.cmake:438 (message):
  The package name passed to `find_package_handle_standard_args` (PkgConfig)
  does not match the name of the calling package (gazebo).  This can lead to
  problems in calling code that expects `find_package` result variables
  (e.g., `_FOUND`) to follow a certain pattern.
Call Stack (most recent call first):
  /usr/share/cmake-3.22/Modules/FindPkgConfig.cmake:99 (find_package_handle_standard_args)
  /usr/lib/x86_64-linux-gnu/cmake/gazebo/gazebo-config.cmake:72 (include)
  CMakeLists.txt:19 (find_package)
This warning is for project developers.  Use -Wno-dev to suppress it.
[0m
-- Found PkgConfig: /usr/bin/pkg-config (found version "0.29.2") 
-- Checking for module 'bullet>=2.82'
--   Found bullet, version 3.05
-- Found fcl: /usr/include (found suitable version "0.7.0", minimum required is "0.5.0") 
-- Found assimp: /usr/include (found version "5.2.0") 
-- Found DART: /usr/include (Required is at least version "6.6") found components: dart 
-- Found Boost: /usr/lib/x86_64-linux-gnu/cmake/Boost-1.74.0/BoostConfig.cmake (found suitable version "1.74.0", minimum required is "1.40.0") found components: thread system filesystem program_options regex iostreams date_time 
-- Found Protobuf: /usr/lib/x86_64-linux-gnu/libprotobuf.so (found version "3.12.4") 
-- Looking for ignition-math6 -- found version 6.15.1
-- Searching for dependencies of ignition-math6
-- Looking for OGRE...
-- OGRE_PREFIX_WATCH changed.
-- Checking for module 'OGRE'
--   Found OGRE, version 1.9.0
-- Found Ogre Ghadamon (1.9.0)
-- Found OGRE: optimized;/usr/lib/x86_64-linux-gnu/libOgreMain.so;debug;/usr/lib/x86_64-linux-gnu/libOgreMain.so
-- Looking for OGRE_Paging...
-- Found OGRE_Paging: optimized;/usr/lib/x86_64-linux-gnu/libOgrePaging.so;debug;/usr/lib/x86_64-linux-gnu/libOgrePaging.so
-- Looking for OGRE_Terrain...
-- Found OGRE_Terrain: optimized;/usr/lib/x86_64-linux-gnu/libOgreTerrain.so;debug;/usr/lib/x86_64-linux-gnu/libOgreTerrain.so
-- Looking for OGRE_Property...
-- Found OGRE_Property: optimized;/usr/lib/x86_64-linux-gnu/libOgreProperty.so;debug;/usr/lib/x86_64-linux-gnu/libOgreProperty.so
-- Looking for OGRE_RTShaderSystem...
-- Found OGRE_RTShaderSystem: optimized;/usr/lib/x86_64-linux-gnu/libOgreRTShaderSystem.so;debug;/usr/lib/x86_64-linux-gnu/libOgreRTShaderSystem.so
-- Looking for OGRE_Volume...
-- Found OGRE_Volume: optimized;/usr/lib/x86_64-linux-gnu/libOgreVolume.so;debug;/usr/lib/x86_64-linux-gnu/libOgreVolume.so
-- Looking for OGRE_Overlay...
-- Found OGRE_Overlay: optimized;/usr/lib/x86_64-linux-gnu/libOgreOverlay.so;debug;/usr/lib/x86_64-linux-gnu/libOgreOverlay.so
-- Looking for ignition-math6 -- found version 6.15.1
-- Looking for ignition-transport8 -- found version 8.2.1
-- Searching for dependencies of ignition-transport8
-- Found Protobuf: /usr/lib/x86_64-linux-gnu/libprotobuf.so (found suitable version "3.12.4", minimum required is "3") 
-- Config-file not installed for ZeroMQ -- checking for pkg-config
-- Checking for module 'libzmq >= 4'
--   Found libzmq , version 4.3.4
-- Found ZeroMQ: TRUE (Required is at least version "4") 
-- Checking for module 'uuid'
--   Found uuid, version 2.37.2
-- Found UUID: TRUE  
-- Looking for ignition-msgs5 -- found version 5.8.1
-- Searching for dependencies of ignition-msgs5
-- Looking for ignition-math6 -- found version 6.15.1
-- Checking for module 'tinyxml2'
--   Found tinyxml2, version 9.0.0
-- Looking for ignition-msgs5 -- found version 5.8.1
-- Looking for ignition-common3 -- found version 3.14.0
-- Searching for dependencies of ignition-common3
-- Looking for dlfcn.h - found
-- Looking for libdl - found
-- Found DL: TRUE  
-- Found tinyobjloader: /usr/lib/x86_64-linux-gnu/cmake/tinyobjloader/tinyobjloader-config.cmake (found version "2.0.0") 
-- Searching for <ignition-common3> component [graphics]
-- Looking for ignition-common3-graphics -- found version 3.14.0
-- Searching for dependencies of ignition-common3-graphics
-- Looking for ignition-math6 -- found version 6.15.1
-- Looking for ignition-fuel_tools4 -- found version 4.4.0
-- Searching for dependencies of ignition-fuel_tools4
-- Found CURL: /usr/lib/x86_64-linux-gnu/libcurl.so (found version "7.81.0")  
-- Checking for module 'jsoncpp'
--   Found jsoncpp, version 1.9.5
-- Found JSONCPP: TRUE  
-- Checking for module 'libzip'
--   Found libzip, version 1.7.3
-- Found ZIP: TRUE  
-- Looking for ignition-common3 -- found version 3.14.0
-- Looking for ignition-math6 -- found version 6.15.1
-- Looking for ignition-msgs5 -- found version 5.8.1
-- Found gazebo_ros_pkgs: 3.7.0 (/opt/ros/humble/share/gazebo_ros_pkgs/cmake)
-- Found geometry_msgs: 4.2.3 (/opt/ros/humble/share/geometry_msgs/cmake)
-- Found rosidl_generator_c: 3.1.5 (/opt/ros/humble/share/rosidl_generator_c/cmake)
-- Found rosidl_adapter: 3.1.5 (/opt/ros/humble/share/rosidl_adapter/cmake)
-- Found rosidl_generator_cpp: 3.1.5 (/opt/ros/humble/share/rosidl_generator_cpp/cmake)
-- Using all available rosidl_typesupport_c: rosidl_typesupport_fastrtps_c;rosidl_typesupport_introspection_c
-- Using all available rosidl_typesupport_cpp: rosidl_typesupport_fastrtps_cpp;rosidl_typesupport_introspection_cpp
-- Found nav_msgs: 4.2.3 (/opt/ros/humble/share/nav_msgs/cmake)
-- Found rclcpp: 16.0.8 (/opt/ros/humble/share/rclcpp/cmake)
-- Found rmw_implementation_cmake: 6.1.1 (/opt/ros/humble/share/rmw_implementation_cmake/cmake)
-- Found rmw_fastrtps_cpp: 6.2.6 (/opt/ros/humble/share/rmw_fastrtps_cpp/cmake)
-- Found OpenSSL: /usr/lib/x86_64-linux-gnu/libcrypto.so (found version "3.0.2")  
-- Found FastRTPS: /opt/ros/humble/include  
-- Using RMW implementation 'rmw_fastrtps_cpp' as default
-- Found Threads: TRUE  
-- Found rclpy: 3.3.11 (/opt/ros/humble/share/rclpy/cmake)
-- Found sensor_msgs: 4.2.3 (/opt/ros/humble/share/sensor_msgs/cmake)
-- Found tf2: 0.25.5 (/opt/ros/humble/share/tf2/cmake)
-- Found ament_lint_auto: 0.12.10 (/opt/ros/humble/share/ament_lint_auto/cmake)
-- Added test 'flake8' to check Python code syntax and style conventions
-- Added test 'lint_cmake' to check CMake code style
-- Added test 'pep257' to check Python code against some of the docstring style conventions in PEP 257
-- Added test 'xmllint' to check XML markup files
-- Configuring done
-- Generating done
-- Build files have been written to: /home/xh339/Desktop/turtlebot_ws/build/uav_gazebo
-- Install configuration: ""
-- Installing: /home/xh339/Desktop/turtlebot_ws/install/uav_gazebo/share/uav_gazebo//launch
-- Installing: /home/xh339/Desktop/turtlebot_ws/install/uav_gazebo/share/uav_gazebo//launch/data_publish.launch.py
-- Installing: /home/xh339/Desktop/turtlebot_ws/install/uav_gazebo/share/uav_gazebo//launch/uav_world.launch.py
-- Installing: /home/xh339/Desktop/turtlebot_ws/install/uav_gazebo/share/uav_gazebo//launch/spawn_uav.launch.py
-- Installing: /home/xh339/Desktop/turtlebot_ws/install/uav_gazebo/share/uav_gazebo//launch/joint_state_publisher.launch.py
-- Installing: /home/xh339/Desktop/turtlebot_ws/install/uav_gazebo/share/uav_gazebo//launch/rviz2.launch.py
-- Installing: /home/xh339/Desktop/turtlebot_ws/install/uav_gazebo/share/uav_gazebo//launch/uav_state_publisher.launch.py
-- Installing: /home/xh339/Desktop/turtlebot_ws/install/uav_gazebo/share/uav_gazebo//launch/empty_world.launch.py
-- Installing: /home/xh339/Desktop/turtlebot_ws/install/uav_gazebo/share/uav_gazebo//models
-- Installing: /home/xh339/Desktop/turtlebot_ws/install/uav_gazebo/share/uav_gazebo//models/hokuyo
-- Installing: /home/xh339/Desktop/turtlebot_ws/install/uav_gazebo/share/uav_gazebo//models/hokuyo/model-1_2.sdf
-- Installing: /home/xh339/Desktop/turtlebot_ws/install/uav_gazebo/share/uav_gazebo//models/hokuyo/model.sdf
-- Installing: /home/xh339/Desktop/turtlebot_ws/install/uav_gazebo/share/uav_gazebo//models/hokuyo/model.config
-- Installing: /home/xh339/Desktop/turtlebot_ws/install/uav_gazebo/share/uav_gazebo//models/hokuyo/model-1_3.sdf
-- Installing: /home/xh339/Desktop/turtlebot_ws/install/uav_gazebo/share/uav_gazebo//models/hokuyo/meshes
-- Installing: /home/xh339/Desktop/turtlebot_ws/install/uav_gazebo/share/uav_gazebo//models/hokuyo/meshes/hokuyo_convex.stl
-- Installing: /home/xh339/Desktop/turtlebot_ws/install/uav_gazebo/share/uav_gazebo//models/hokuyo/meshes/hokuyo.dae
-- Installing: /home/xh339/Desktop/turtlebot_ws/install/uav_gazebo/share/uav_gazebo//models/hokuyo/model-1_4.sdf
-- Installing: /home/xh339/Desktop/turtlebot_ws/install/uav_gazebo/share/uav_gazebo//models/iris_with_standoffs
-- Installing: /home/xh339/Desktop/turtlebot_ws/install/uav_gazebo/share/uav_gazebo//models/iris_with_standoffs/model.sdf
-- Installing: /home/xh339/Desktop/turtlebot_ws/install/uav_gazebo/share/uav_gazebo//models/iris_with_standoffs/model.config
-- Installing: /home/xh339/Desktop/turtlebot_ws/install/uav_gazebo/share/uav_gazebo//models/iris_with_standoffs/meshes
-- Installing: /home/xh339/Desktop/turtlebot_ws/install/uav_gazebo/share/uav_gazebo//models/iris_with_standoffs/meshes/iris.dae
-- Installing: /home/xh339/Desktop/turtlebot_ws/install/uav_gazebo/share/uav_gazebo//models/iris_with_standoffs/meshes/iris_prop_ccw.dae
-- Installing: /home/xh339/Desktop/turtlebot_ws/install/uav_gazebo/share/uav_gazebo//models/iris_with_standoffs/meshes/iris_prop_cw.dae
-- Installing: /home/xh339/Desktop/turtlebot_ws/install/uav_gazebo/share/uav_gazebo//models/iris_sensors
-- Installing: /home/xh339/Desktop/turtlebot_ws/install/uav_gazebo/share/uav_gazebo//models/iris_sensors/model.sdf
-- Installing: /home/xh339/Desktop/turtlebot_ws/install/uav_gazebo/share/uav_gazebo//models/iris_sensors/model.config
-- Installing: /home/xh339/Desktop/turtlebot_ws/install/uav_gazebo/share/uav_gazebo//models/iris_sensors/meshes
-- Installing: /home/xh339/Desktop/turtlebot_ws/install/uav_gazebo/share/uav_gazebo//models/iris_sensors/meshes/iris.dae
-- Installing: /home/xh339/Desktop/turtlebot_ws/install/uav_gazebo/share/uav_gazebo//models/iris_sensors/meshes/hokuyo_convex.stl
-- Installing: /home/xh339/Desktop/turtlebot_ws/install/uav_gazebo/share/uav_gazebo//models/iris_sensors/meshes/iris_prop_ccw.dae
-- Installing: /home/xh339/Desktop/turtlebot_ws/install/uav_gazebo/share/uav_gazebo//models/iris_sensors/meshes/iris_prop_cw.dae
-- Installing: /home/xh339/Desktop/turtlebot_ws/install/uav_gazebo/share/uav_gazebo//models/iris_sensors/meshes/d435.dae
-- Installing: /home/xh339/Desktop/turtlebot_ws/install/uav_gazebo/share/uav_gazebo//models/iris_sensors/meshes/landscape.dae
-- Installing: /home/xh339/Desktop/turtlebot_ws/install/uav_gazebo/share/uav_gazebo//models/iris_sensors/meshes/hokuyo.dae
-- Installing: /home/xh339/Desktop/turtlebot_ws/install/uav_gazebo/share/uav_gazebo//rviz
-- Installing: /home/xh339/Desktop/turtlebot_ws/install/uav_gazebo/share/uav_gazebo//rviz/uav_config.rviz
-- Installing: /home/xh339/Desktop/turtlebot_ws/install/uav_gazebo/share/uav_gazebo//worlds
-- Installing: /home/xh339/Desktop/turtlebot_ws/install/uav_gazebo/share/uav_gazebo//worlds/uav_maze.world
-- Installing: /home/xh339/Desktop/turtlebot_ws/install/uav_gazebo/share/uav_gazebo//worlds/uav_runway.world
-- Installing: /home/xh339/Desktop/turtlebot_ws/install/uav_gazebo/share/uav_gazebo//urdf
-- Installing: /home/xh339/Desktop/turtlebot_ws/install/uav_gazebo/share/uav_gazebo//urdf/uav_sensors.urdf
-- Installing: /home/xh339/Desktop/turtlebot_ws/install/uav_gazebo/share/uav_gazebo//scripts
-- Installing: /home/xh339/Desktop/turtlebot_ws/install/uav_gazebo/share/uav_gazebo//scripts/save_poses.py
-- Installing: /home/xh339/Desktop/turtlebot_ws/install/uav_gazebo/share/uav_gazebo//scripts/quadcopter_ui.py
-- Installing: /home/xh339/Desktop/turtlebot_ws/install/uav_gazebo/share/uav_gazebo//scripts/plotter.py
-- Installing: /home/xh339/Desktop/turtlebot_ws/install/uav_gazebo/share/uav_gazebo//scripts/plot_data
-- Installing: /home/xh339/Desktop/turtlebot_ws/install/uav_gazebo/share/uav_gazebo//scripts/plot_data/04_19_22_09_40
-- Installing: /home/xh339/Desktop/turtlebot_ws/install/uav_gazebo/share/uav_gazebo//scripts/plot_data/04_19_22_09_40/orb_slam_pose.csv
-- Installing: /home/xh339/Desktop/turtlebot_ws/install/uav_gazebo/share/uav_gazebo//scripts/plot_data/04_19_22_09_40/slam_out_pose.csv
-- Installing: /home/xh339/Desktop/turtlebot_ws/install/uav_gazebo/share/uav_gazebo//scripts/plot_data/04_19_22_09_40/tracked_pose.csv
-- Installing: /home/xh339/Desktop/turtlebot_ws/install/uav_gazebo/share/uav_gazebo//scripts/plot_data/04_15_16_10_26
-- Installing: /home/xh339/Desktop/turtlebot_ws/install/uav_gazebo/share/uav_gazebo//scripts/plot_data/04_15_16_10_26/orb_slam_pose.csv
-- Installing: /home/xh339/Desktop/turtlebot_ws/install/uav_gazebo/share/uav_gazebo//scripts/plot_data/04_15_16_10_26/slam_out_pose.csv
-- Installing: /home/xh339/Desktop/turtlebot_ws/install/uav_gazebo/share/uav_gazebo//scripts/plot_data/04_15_16_10_26/tracked_pose.csv
-- Installing: /home/xh339/Desktop/turtlebot_ws/install/uav_gazebo/share/uav_gazebo//scripts/plot_data/04_15_15_35_28
-- Installing: /home/xh339/Desktop/turtlebot_ws/install/uav_gazebo/share/uav_gazebo//scripts/plot_data/04_15_15_35_28/orb_slam_pose.csv
-- Installing: /home/xh339/Desktop/turtlebot_ws/install/uav_gazebo/share/uav_gazebo//scripts/plot_data/04_15_15_35_28/slam_out_pose.csv
-- Installing: /home/xh339/Desktop/turtlebot_ws/install/uav_gazebo/share/uav_gazebo//scripts/plot_data/04_15_15_35_28/tracked_pose.csv
-- Installing: /home/xh339/Desktop/turtlebot_ws/install/uav_gazebo/share/uav_gazebo//scripts/plot_data/04_19_21_38_59
-- Installing: /home/xh339/Desktop/turtlebot_ws/install/uav_gazebo/share/uav_gazebo//scripts/plot_data/04_19_21_38_59/orb_slam_pose.csv
-- Installing: /home/xh339/Desktop/turtlebot_ws/install/uav_gazebo/share/uav_gazebo//scripts/plot_data/04_19_21_38_59/slam_out_pose.csv
-- Installing: /home/xh339/Desktop/turtlebot_ws/install/uav_gazebo/share/uav_gazebo//scripts/plot_data/04_19_21_38_59/tracked_pose.csv
-- Installing: /home/xh339/Desktop/turtlebot_ws/install/uav_gazebo/share/uav_gazebo//scripts/plot_data/04_15_16_16_06
-- Installing: /home/xh339/Desktop/turtlebot_ws/install/uav_gazebo/share/uav_gazebo//scripts/plot_data/04_15_16_16_06/orb_slam_pose.csv
-- Installing: /home/xh339/Desktop/turtlebot_ws/install/uav_gazebo/share/uav_gazebo//scripts/plot_data/04_15_16_16_06/slam_out_pose.csv
-- Installing: /home/xh339/Desktop/turtlebot_ws/install/uav_gazebo/share/uav_gazebo//scripts/plot_data/04_15_16_16_06/tracked_pose.csv
-- Installing: /home/xh339/Desktop/turtlebot_ws/install/uav_gazebo/share/uav_gazebo//scripts/plot_data/04_15_17_03_33
-- Installing: /home/xh339/Desktop/turtlebot_ws/install/uav_gazebo/share/uav_gazebo//scripts/plot_data/04_15_17_03_33/orb_slam_pose.csv
-- Installing: /home/xh339/Desktop/turtlebot_ws/install/uav_gazebo/share/uav_gazebo//scripts/plot_data/04_15_17_03_33/slam_out_pose.csv
-- Installing: /home/xh339/Desktop/turtlebot_ws/install/uav_gazebo/share/uav_gazebo//scripts/plot_data/04_15_17_03_33/tracked_pose.csv
-- Installing: /home/xh339/Desktop/turtlebot_ws/install/uav_gazebo/share/uav_gazebo//scripts/plot_data/04_19_21_19_48
-- Installing: /home/xh339/Desktop/turtlebot_ws/install/uav_gazebo/share/uav_gazebo//scripts/plot_data/04_19_21_19_48/orb_slam_pose.csv
-- Installing: /home/xh339/Desktop/turtlebot_ws/install/uav_gazebo/share/uav_gazebo//scripts/plot_data/04_19_21_19_48/slam_out_pose.csv
-- Installing: /home/xh339/Desktop/turtlebot_ws/install/uav_gazebo/share/uav_gazebo//scripts/plot_data/04_19_21_19_48/tracked_pose.csv
-- Installing: /home/xh339/Desktop/turtlebot_ws/install/uav_gazebo/share/uav_gazebo//scripts/plot_data/04_15_15_35_13
-- Installing: /home/xh339/Desktop/turtlebot_ws/install/uav_gazebo/share/uav_gazebo//scripts/plot_data/04_15_15_35_13/orb_slam_pose.csv
-- Installing: /home/xh339/Desktop/turtlebot_ws/install/uav_gazebo/share/uav_gazebo//scripts/plot_data/04_15_15_35_13/slam_out_pose.csv
-- Installing: /home/xh339/Desktop/turtlebot_ws/install/uav_gazebo/share/uav_gazebo//scripts/plot_data/04_15_15_35_13/tracked_pose.csv
-- Installing: /home/xh339/Desktop/turtlebot_ws/install/uav_gazebo/share/uav_gazebo//scripts/plot_data/04_15_15_35_39
-- Installing: /home/xh339/Desktop/turtlebot_ws/install/uav_gazebo/share/uav_gazebo//scripts/plot_data/04_15_15_35_39/orb_slam_pose.csv
-- Installing: /home/xh339/Desktop/turtlebot_ws/install/uav_gazebo/share/uav_gazebo//scripts/plot_data/04_15_15_35_39/slam_out_pose.csv
-- Installing: /home/xh339/Desktop/turtlebot_ws/install/uav_gazebo/share/uav_gazebo//scripts/plot_data/04_15_15_35_39/tracked_pose.csv
-- Installing: /home/xh339/Desktop/turtlebot_ws/install/uav_gazebo/share/uav_gazebo//scripts/plot_data/04_17_15_35_09
-- Installing: /home/xh339/Desktop/turtlebot_ws/install/uav_gazebo/share/uav_gazebo//scripts/plot_data/04_17_15_35_09/orb_slam_pose.csv
-- Installing: /home/xh339/Desktop/turtlebot_ws/install/uav_gazebo/share/uav_gazebo//scripts/plot_data/04_17_15_35_09/slam_out_pose.csv
-- Installing: /home/xh339/Desktop/turtlebot_ws/install/uav_gazebo/share/uav_gazebo//scripts/plot_data/04_17_15_35_09/tracked_pose.csv
-- Installing: /home/xh339/Desktop/turtlebot_ws/install/uav_gazebo/share/uav_gazebo//scripts/plot_data/04_15_16_09_37
-- Installing: /home/xh339/Desktop/turtlebot_ws/install/uav_gazebo/share/uav_gazebo//scripts/plot_data/04_15_16_09_37/orb_slam_pose.csv
-- Installing: /home/xh339/Desktop/turtlebot_ws/install/uav_gazebo/share/uav_gazebo//scripts/plot_data/04_15_16_09_37/slam_out_pose.csv
-- Installing: /home/xh339/Desktop/turtlebot_ws/install/uav_gazebo/share/uav_gazebo//scripts/plot_data/04_15_16_09_37/tracked_pose.csv
-- Installing: /home/xh339/Desktop/turtlebot_ws/install/uav_gazebo/share/uav_gazebo//scripts/plot_data/04_19_21_29_41
-- Installing: /home/xh339/Desktop/turtlebot_ws/install/uav_gazebo/share/uav_gazebo//scripts/plot_data/04_19_21_29_41/orb_slam_pose.csv
-- Installing: /home/xh339/Desktop/turtlebot_ws/install/uav_gazebo/share/uav_gazebo//scripts/plot_data/04_19_21_29_41/slam_out_pose.csv
-- Installing: /home/xh339/Desktop/turtlebot_ws/install/uav_gazebo/share/uav_gazebo//scripts/plot_data/04_19_21_29_41/tracked_pose.csv
-- Installing: /home/xh339/Desktop/turtlebot_ws/install/uav_gazebo/share/uav_gazebo//scripts/mavros_teleop.py
-- Installing: /home/xh339/Desktop/turtlebot_ws/install/uav_gazebo/share/uav_gazebo//scripts/imu_to_vel.py
-- Installing: /home/xh339/Desktop/turtlebot_ws/install/uav_gazebo/share/uav_gazebo//scripts/start_sitl.sh
-- Installing: /home/xh339/Desktop/turtlebot_ws/install/uav_gazebo/share/uav_gazebo//scripts/uav_teleop.py
-- Installing: /home/xh339/Desktop/turtlebot_ws/install/uav_gazebo/include/
-- Installing: /home/xh339/Desktop/turtlebot_ws/install/uav_gazebo/include//uav_gazebo
-- Installing: /home/xh339/Desktop/turtlebot_ws/install/uav_gazebo/share/ament_index/resource_index/package_run_dependencies/uav_gazebo
-- Installing: /home/xh339/Desktop/turtlebot_ws/install/uav_gazebo/share/ament_index/resource_index/parent_prefix_path/uav_gazebo
-- Installing: /home/xh339/Desktop/turtlebot_ws/install/uav_gazebo/share/uav_gazebo/environment/ament_prefix_path.sh
-- Installing: /home/xh339/Desktop/turtlebot_ws/install/uav_gazebo/share/uav_gazebo/environment/ament_prefix_path.dsv
-- Installing: /home/xh339/Desktop/turtlebot_ws/install/uav_gazebo/share/uav_gazebo/environment/path.sh
-- Installing: /home/xh339/Desktop/turtlebot_ws/install/uav_gazebo/share/uav_gazebo/environment/path.dsv
-- Installing: /home/xh339/Desktop/turtlebot_ws/install/uav_gazebo/share/uav_gazebo/local_setup.bash
-- Installing: /home/xh339/Desktop/turtlebot_ws/install/uav_gazebo/share/uav_gazebo/local_setup.sh
-- Installing: /home/xh339/Desktop/turtlebot_ws/install/uav_gazebo/share/uav_gazebo/local_setup.zsh
-- Installing: /home/xh339/Desktop/turtlebot_ws/install/uav_gazebo/share/uav_gazebo/local_setup.dsv
-- Installing: /home/xh339/Desktop/turtlebot_ws/install/uav_gazebo/share/uav_gazebo/package.dsv
-- Installing: /home/xh339/Desktop/turtlebot_ws/install/uav_gazebo/share/ament_index/resource_index/packages/uav_gazebo
-- Installing: /home/xh339/Desktop/turtlebot_ws/install/uav_gazebo/share/uav_gazebo/cmake/ament_cmake_export_include_directories-extras.cmake
-- Installing: /home/xh339/Desktop/turtlebot_ws/install/uav_gazebo/share/uav_gazebo/cmake/ament_cmake_export_dependencies-extras.cmake
-- Installing: /home/xh339/Desktop/turtlebot_ws/install/uav_gazebo/share/uav_gazebo/cmake/uav_gazeboConfig.cmake
-- Installing: /home/xh339/Desktop/turtlebot_ws/install/uav_gazebo/share/uav_gazebo/cmake/uav_gazeboConfig-version.cmake
-- Installing: /home/xh339/Desktop/turtlebot_ws/install/uav_gazebo/share/uav_gazebo/package.xml
