-- Install configuration: ""
-- Up-to-date: /home/xh339/Desktop/turtlebot_ws/install/uav_gazebo/share/uav_gazebo//launch
-- Up-to-date: /home/xh339/Desktop/turtlebot_ws/install/uav_gazebo/share/uav_gazebo//launch/data_publish.launch.py
-- Up-to-date: /home/xh339/Desktop/turtlebot_ws/install/uav_gazebo/share/uav_gazebo//launch/uav_world.launch.py
-- Up-to-date: /home/xh339/Desktop/turtlebot_ws/install/uav_gazebo/share/uav_gazebo//launch/spawn_uav.launch.py
-- Up-to-date: /home/xh339/Desktop/turtlebot_ws/install/uav_gazebo/share/uav_gazebo//launch/joint_state_publisher.launch.py
-- Up-to-date: /home/xh339/Desktop/turtlebot_ws/install/uav_gazebo/share/uav_gazebo//launch/rviz2.launch.py
-- Up-to-date: /home/xh339/Desktop/turtlebot_ws/install/uav_gazebo/share/uav_gazebo//launch/uav_state_publisher.launch.py
-- Up-to-date: /home/xh339/Desktop/turtlebot_ws/install/uav_gazebo/share/uav_gazebo//launch/empty_world.launch.py
-- Up-to-date: /home/xh339/Desktop/turtlebot_ws/install/uav_gazebo/share/uav_gazebo//models
-- Up-to-date: /home/xh339/Desktop/turtlebot_ws/install/uav_gazebo/share/uav_gazebo//models/hokuyo
-- Up-to-date: /home/xh339/Desktop/turtlebot_ws/install/uav_gazebo/share/uav_gazebo//models/hokuyo/model-1_2.sdf
-- Up-to-date: /home/xh339/Desktop/turtlebot_ws/install/uav_gazebo/share/uav_gazebo//models/hokuyo/model.sdf
-- Up-to-date: /home/xh339/Desktop/turtlebot_ws/install/uav_gazebo/share/uav_gazebo//models/hokuyo/model.config
-- Up-to-date: /home/xh339/Desktop/turtlebot_ws/install/uav_gazebo/share/uav_gazebo//models/hokuyo/model-1_3.sdf
-- Up-to-date: /home/xh339/Desktop/turtlebot_ws/install/uav_gazebo/share/uav_gazebo//models/hokuyo/meshes
-- Up-to-date: /home/xh339/Desktop/turtlebot_ws/install/uav_gazebo/share/uav_gazebo//models/hokuyo/meshes/hokuyo_convex.stl
-- Up-to-date: /home/xh339/Desktop/turtlebot_ws/install/uav_gazebo/share/uav_gazebo//models/hokuyo/meshes/hokuyo.dae
-- Up-to-date: /home/xh339/Desktop/turtlebot_ws/install/uav_gazebo/share/uav_gazebo//models/hokuyo/model-1_4.sdf
-- Up-to-date: /home/xh339/Desktop/turtlebot_ws/install/uav_gazebo/share/uav_gazebo//models/iris_with_standoffs
-- Up-to-date: /home/xh339/Desktop/turtlebot_ws/install/uav_gazebo/share/uav_gazebo//models/iris_with_standoffs/model.sdf
-- Up-to-date: /home/xh339/Desktop/turtlebot_ws/install/uav_gazebo/share/uav_gazebo//models/iris_with_standoffs/model.config
-- Up-to-date: /home/xh339/Desktop/turtlebot_ws/install/uav_gazebo/share/uav_gazebo//models/iris_with_standoffs/meshes
-- Up-to-date: /home/xh339/Desktop/turtlebot_ws/install/uav_gazebo/share/uav_gazebo//models/iris_with_standoffs/meshes/iris.dae
-- Up-to-date: /home/xh339/Desktop/turtlebot_ws/install/uav_gazebo/share/uav_gazebo//models/iris_with_standoffs/meshes/iris_prop_ccw.dae
-- Up-to-date: /home/xh339/Desktop/turtlebot_ws/install/uav_gazebo/share/uav_gazebo//models/iris_with_standoffs/meshes/iris_prop_cw.dae
-- Up-to-date: /home/xh339/Desktop/turtlebot_ws/install/uav_gazebo/share/uav_gazebo//models/iris_sensors
-- Up-to-date: /home/xh339/Desktop/turtlebot_ws/install/uav_gazebo/share/uav_gazebo//models/iris_sensors/model.sdf
-- Up-to-date: /home/xh339/Desktop/turtlebot_ws/install/uav_gazebo/share/uav_gazebo//models/iris_sensors/model.config
-- Up-to-date: /home/xh339/Desktop/turtlebot_ws/install/uav_gazebo/share/uav_gazebo//models/iris_sensors/meshes
-- Up-to-date: /home/xh339/Desktop/turtlebot_ws/install/uav_gazebo/share/uav_gazebo//models/iris_sensors/meshes/iris.dae
-- Up-to-date: /home/xh339/Desktop/turtlebot_ws/install/uav_gazebo/share/uav_gazebo//models/iris_sensors/meshes/hokuyo_convex.stl
-- Up-to-date: /home/xh339/Desktop/turtlebot_ws/install/uav_gazebo/share/uav_gazebo//models/iris_sensors/meshes/iris_prop_ccw.dae
-- Up-to-date: /home/xh339/Desktop/turtlebot_ws/install/uav_gazebo/share/uav_gazebo//models/iris_sensors/meshes/iris_prop_cw.dae
-- Up-to-date: /home/xh339/Desktop/turtlebot_ws/install/uav_gazebo/share/uav_gazebo//models/iris_sensors/meshes/d435.dae
-- Up-to-date: /home/xh339/Desktop/turtlebot_ws/install/uav_gazebo/share/uav_gazebo//models/iris_sensors/meshes/landscape.dae
-- Up-to-date: /home/xh339/Desktop/turtlebot_ws/install/uav_gazebo/share/uav_gazebo//models/iris_sensors/meshes/hokuyo.dae
-- Up-to-date: /home/xh339/Desktop/turtlebot_ws/install/uav_gazebo/share/uav_gazebo//rviz
-- Up-to-date: /home/xh339/Desktop/turtlebot_ws/install/uav_gazebo/share/uav_gazebo//rviz/uav_config.rviz
-- Up-to-date: /home/xh339/Desktop/turtlebot_ws/install/uav_gazebo/share/uav_gazebo//worlds
-- Up-to-date: /home/xh339/Desktop/turtlebot_ws/install/uav_gazebo/share/uav_gazebo//worlds/uav_maze.world
-- Up-to-date: /home/xh339/Desktop/turtlebot_ws/install/uav_gazebo/share/uav_gazebo//worlds/uav_runway.world
-- Up-to-date: /home/xh339/Desktop/turtlebot_ws/install/uav_gazebo/share/uav_gazebo//urdf
-- Up-to-date: /home/xh339/Desktop/turtlebot_ws/install/uav_gazebo/share/uav_gazebo//urdf/uav_sensors.urdf
-- Up-to-date: /home/xh339/Desktop/turtlebot_ws/install/uav_gazebo/share/uav_gazebo//scripts
-- Up-to-date: /home/xh339/Desktop/turtlebot_ws/install/uav_gazebo/share/uav_gazebo//scripts/save_poses.py
-- Up-to-date: /home/xh339/Desktop/turtlebot_ws/install/uav_gazebo/share/uav_gazebo//scripts/quadcopter_ui.py
-- Up-to-date: /home/xh339/Desktop/turtlebot_ws/install/uav_gazebo/share/uav_gazebo//scripts/plotter.py
-- Up-to-date: /home/xh339/Desktop/turtlebot_ws/install/uav_gazebo/share/uav_gazebo//scripts/plot_data
-- Up-to-date: /home/xh339/Desktop/turtlebot_ws/install/uav_gazebo/share/uav_gazebo//scripts/plot_data/04_19_22_09_40
-- Up-to-date: /home/xh339/Desktop/turtlebot_ws/install/uav_gazebo/share/uav_gazebo//scripts/plot_data/04_19_22_09_40/orb_slam_pose.csv
-- Up-to-date: /home/xh339/Desktop/turtlebot_ws/install/uav_gazebo/share/uav_gazebo//scripts/plot_data/04_19_22_09_40/slam_out_pose.csv
-- Up-to-date: /home/xh339/Desktop/turtlebot_ws/install/uav_gazebo/share/uav_gazebo//scripts/plot_data/04_19_22_09_40/tracked_pose.csv
-- Up-to-date: /home/xh339/Desktop/turtlebot_ws/install/uav_gazebo/share/uav_gazebo//scripts/plot_data/04_15_16_10_26
-- Up-to-date: /home/xh339/Desktop/turtlebot_ws/install/uav_gazebo/share/uav_gazebo//scripts/plot_data/04_15_16_10_26/orb_slam_pose.csv
-- Up-to-date: /home/xh339/Desktop/turtlebot_ws/install/uav_gazebo/share/uav_gazebo//scripts/plot_data/04_15_16_10_26/slam_out_pose.csv
-- Up-to-date: /home/xh339/Desktop/turtlebot_ws/install/uav_gazebo/share/uav_gazebo//scripts/plot_data/04_15_16_10_26/tracked_pose.csv
-- Up-to-date: /home/xh339/Desktop/turtlebot_ws/install/uav_gazebo/share/uav_gazebo//scripts/plot_data/04_15_15_35_28
-- Up-to-date: /home/xh339/Desktop/turtlebot_ws/install/uav_gazebo/share/uav_gazebo//scripts/plot_data/04_15_15_35_28/orb_slam_pose.csv
-- Up-to-date: /home/xh339/Desktop/turtlebot_ws/install/uav_gazebo/share/uav_gazebo//scripts/plot_data/04_15_15_35_28/slam_out_pose.csv
-- Up-to-date: /home/xh339/Desktop/turtlebot_ws/install/uav_gazebo/share/uav_gazebo//scripts/plot_data/04_15_15_35_28/tracked_pose.csv
-- Up-to-date: /home/xh339/Desktop/turtlebot_ws/install/uav_gazebo/share/uav_gazebo//scripts/plot_data/04_19_21_38_59
-- Up-to-date: /home/xh339/Desktop/turtlebot_ws/install/uav_gazebo/share/uav_gazebo//scripts/plot_data/04_19_21_38_59/orb_slam_pose.csv
-- Up-to-date: /home/xh339/Desktop/turtlebot_ws/install/uav_gazebo/share/uav_gazebo//scripts/plot_data/04_19_21_38_59/slam_out_pose.csv
-- Up-to-date: /home/xh339/Desktop/turtlebot_ws/install/uav_gazebo/share/uav_gazebo//scripts/plot_data/04_19_21_38_59/tracked_pose.csv
-- Up-to-date: /home/xh339/Desktop/turtlebot_ws/install/uav_gazebo/share/uav_gazebo//scripts/plot_data/04_15_16_16_06
-- Up-to-date: /home/xh339/Desktop/turtlebot_ws/install/uav_gazebo/share/uav_gazebo//scripts/plot_data/04_15_16_16_06/orb_slam_pose.csv
-- Up-to-date: /home/xh339/Desktop/turtlebot_ws/install/uav_gazebo/share/uav_gazebo//scripts/plot_data/04_15_16_16_06/slam_out_pose.csv
-- Up-to-date: /home/xh339/Desktop/turtlebot_ws/install/uav_gazebo/share/uav_gazebo//scripts/plot_data/04_15_16_16_06/tracked_pose.csv
-- Up-to-date: /home/xh339/Desktop/turtlebot_ws/install/uav_gazebo/share/uav_gazebo//scripts/plot_data/04_15_17_03_33
-- Up-to-date: /home/xh339/Desktop/turtlebot_ws/install/uav_gazebo/share/uav_gazebo//scripts/plot_data/04_15_17_03_33/orb_slam_pose.csv
-- Up-to-date: /home/xh339/Desktop/turtlebot_ws/install/uav_gazebo/share/uav_gazebo//scripts/plot_data/04_15_17_03_33/slam_out_pose.csv
-- Up-to-date: /home/xh339/Desktop/turtlebot_ws/install/uav_gazebo/share/uav_gazebo//scripts/plot_data/04_15_17_03_33/tracked_pose.csv
-- Up-to-date: /home/xh339/Desktop/turtlebot_ws/install/uav_gazebo/share/uav_gazebo//scripts/plot_data/04_19_21_19_48
-- Up-to-date: /home/xh339/Desktop/turtlebot_ws/install/uav_gazebo/share/uav_gazebo//scripts/plot_data/04_19_21_19_48/orb_slam_pose.csv
-- Up-to-date: /home/xh339/Desktop/turtlebot_ws/install/uav_gazebo/share/uav_gazebo//scripts/plot_data/04_19_21_19_48/slam_out_pose.csv
-- Up-to-date: /home/xh339/Desktop/turtlebot_ws/install/uav_gazebo/share/uav_gazebo//scripts/plot_data/04_19_21_19_48/tracked_pose.csv
-- Up-to-date: /home/xh339/Desktop/turtlebot_ws/install/uav_gazebo/share/uav_gazebo//scripts/plot_data/04_15_15_35_13
-- Up-to-date: /home/xh339/Desktop/turtlebot_ws/install/uav_gazebo/share/uav_gazebo//scripts/plot_data/04_15_15_35_13/orb_slam_pose.csv
-- Up-to-date: /home/xh339/Desktop/turtlebot_ws/install/uav_gazebo/share/uav_gazebo//scripts/plot_data/04_15_15_35_13/slam_out_pose.csv
-- Up-to-date: /home/xh339/Desktop/turtlebot_ws/install/uav_gazebo/share/uav_gazebo//scripts/plot_data/04_15_15_35_13/tracked_pose.csv
-- Up-to-date: /home/xh339/Desktop/turtlebot_ws/install/uav_gazebo/share/uav_gazebo//scripts/plot_data/04_15_15_35_39
-- Up-to-date: /home/xh339/Desktop/turtlebot_ws/install/uav_gazebo/share/uav_gazebo//scripts/plot_data/04_15_15_35_39/orb_slam_pose.csv
-- Up-to-date: /home/xh339/Desktop/turtlebot_ws/install/uav_gazebo/share/uav_gazebo//scripts/plot_data/04_15_15_35_39/slam_out_pose.csv
-- Up-to-date: /home/xh339/Desktop/turtlebot_ws/install/uav_gazebo/share/uav_gazebo//scripts/plot_data/04_15_15_35_39/tracked_pose.csv
-- Up-to-date: /home/xh339/Desktop/turtlebot_ws/install/uav_gazebo/share/uav_gazebo//scripts/plot_data/04_17_15_35_09
-- Up-to-date: /home/xh339/Desktop/turtlebot_ws/install/uav_gazebo/share/uav_gazebo//scripts/plot_data/04_17_15_35_09/orb_slam_pose.csv
-- Up-to-date: /home/xh339/Desktop/turtlebot_ws/install/uav_gazebo/share/uav_gazebo//scripts/plot_data/04_17_15_35_09/slam_out_pose.csv
-- Up-to-date: /home/xh339/Desktop/turtlebot_ws/install/uav_gazebo/share/uav_gazebo//scripts/plot_data/04_17_15_35_09/tracked_pose.csv
-- Up-to-date: /home/xh339/Desktop/turtlebot_ws/install/uav_gazebo/share/uav_gazebo//scripts/plot_data/04_15_16_09_37
-- Up-to-date: /home/xh339/Desktop/turtlebot_ws/install/uav_gazebo/share/uav_gazebo//scripts/plot_data/04_15_16_09_37/orb_slam_pose.csv
-- Up-to-date: /home/xh339/Desktop/turtlebot_ws/install/uav_gazebo/share/uav_gazebo//scripts/plot_data/04_15_16_09_37/slam_out_pose.csv
-- Up-to-date: /home/xh339/Desktop/turtlebot_ws/install/uav_gazebo/share/uav_gazebo//scripts/plot_data/04_15_16_09_37/tracked_pose.csv
-- Up-to-date: /home/xh339/Desktop/turtlebot_ws/install/uav_gazebo/share/uav_gazebo//scripts/plot_data/04_19_21_29_41
-- Up-to-date: /home/xh339/Desktop/turtlebot_ws/install/uav_gazebo/share/uav_gazebo//scripts/plot_data/04_19_21_29_41/orb_slam_pose.csv
-- Up-to-date: /home/xh339/Desktop/turtlebot_ws/install/uav_gazebo/share/uav_gazebo//scripts/plot_data/04_19_21_29_41/slam_out_pose.csv
-- Up-to-date: /home/xh339/Desktop/turtlebot_ws/install/uav_gazebo/share/uav_gazebo//scripts/plot_data/04_19_21_29_41/tracked_pose.csv
-- Up-to-date: /home/xh339/Desktop/turtlebot_ws/install/uav_gazebo/share/uav_gazebo//scripts/mavros_teleop.py
-- Up-to-date: /home/xh339/Desktop/turtlebot_ws/install/uav_gazebo/share/uav_gazebo//scripts/imu_to_vel.py
-- Up-to-date: /home/xh339/Desktop/turtlebot_ws/install/uav_gazebo/share/uav_gazebo//scripts/start_sitl.sh
-- Up-to-date: /home/xh339/Desktop/turtlebot_ws/install/uav_gazebo/share/uav_gazebo//scripts/uav_teleop.py
-- Up-to-date: /home/xh339/Desktop/turtlebot_ws/install/uav_gazebo/include/
-- Up-to-date: /home/xh339/Desktop/turtlebot_ws/install/uav_gazebo/include//uav_gazebo
-- Up-to-date: /home/xh339/Desktop/turtlebot_ws/install/uav_gazebo/share/ament_index/resource_index/package_run_dependencies/uav_gazebo
-- Up-to-date: /home/xh339/Desktop/turtlebot_ws/install/uav_gazebo/share/ament_index/resource_index/parent_prefix_path/uav_gazebo
-- Up-to-date: /home/xh339/Desktop/turtlebot_ws/install/uav_gazebo/share/uav_gazebo/environment/ament_prefix_path.sh
-- Up-to-date: /home/xh339/Desktop/turtlebot_ws/install/uav_gazebo/share/uav_gazebo/environment/ament_prefix_path.dsv
-- Up-to-date: /home/xh339/Desktop/turtlebot_ws/install/uav_gazebo/share/uav_gazebo/environment/path.sh
-- Up-to-date: /home/xh339/Desktop/turtlebot_ws/install/uav_gazebo/share/uav_gazebo/environment/path.dsv
-- Up-to-date: /home/xh339/Desktop/turtlebot_ws/install/uav_gazebo/share/uav_gazebo/local_setup.bash
-- Up-to-date: /home/xh339/Desktop/turtlebot_ws/install/uav_gazebo/share/uav_gazebo/local_setup.sh
-- Up-to-date: /home/xh339/Desktop/turtlebot_ws/install/uav_gazebo/share/uav_gazebo/local_setup.zsh
-- Up-to-date: /home/xh339/Desktop/turtlebot_ws/install/uav_gazebo/share/uav_gazebo/local_setup.dsv
-- Installing: /home/xh339/Desktop/turtlebot_ws/install/uav_gazebo/share/uav_gazebo/package.dsv
-- Up-to-date: /home/xh339/Desktop/turtlebot_ws/install/uav_gazebo/share/ament_index/resource_index/packages/uav_gazebo
-- Up-to-date: /home/xh339/Desktop/turtlebot_ws/install/uav_gazebo/share/uav_gazebo/cmake/ament_cmake_export_include_directories-extras.cmake
-- Up-to-date: /home/xh339/Desktop/turtlebot_ws/install/uav_gazebo/share/uav_gazebo/cmake/ament_cmake_export_dependencies-extras.cmake
-- Up-to-date: /home/xh339/Desktop/turtlebot_ws/install/uav_gazebo/share/uav_gazebo/cmake/uav_gazeboConfig.cmake
-- Up-to-date: /home/xh339/Desktop/turtlebot_ws/install/uav_gazebo/share/uav_gazebo/cmake/uav_gazeboConfig-version.cmake
-- Up-to-date: /home/xh339/Desktop/turtlebot_ws/install/uav_gazebo/share/uav_gazebo/package.xml
