[0.767s] Invoking command in '/home/xh339/Desktop/turtlebot_ws/build/uav_gazebo': CMAKE_PREFIX_PATH=/home/xh339/Desktop/turtlebot_ws/install/uav_gazebo:/home/xh339/Desktop/turtlebot_ws/install/uav_cartographer:/home/xh339/Desktop/turtlebot_ws/install/turtlebot3_navigation2:/home/xh339/Desktop/turtlebot_ws/install/turtlebot3_msgs:/home/xh339/Desktop/turtlebot_ws/install/turtlebot3_gazebo:/home/xh339/Desktop/turtlebot_ws/install/turtlebot3_cartographer:/home/xh339/Desktop/turtlebot_ws/install/turtlebot3_teleop:/home/xh339/Desktop/ros2_ws/install/task79:/home/xh339/Desktop/ros2_ws/install/task79_wrappers:/home/xh339/Desktop/ros2_ws/install/task79_test:/home/xh339/Desktop/ros2_ws/install/task79_data_converter:/home/xh339/dev_ws/install/learning_urdf:/home/xh339/dev_ws/install/learning_topic:/home/xh339/dev_ws/install/learning_tf:/home/xh339/dev_ws/install/learning_service:/home/xh339/dev_ws/install/learning_qos:/home/xh339/dev_ws/install/learning_pkg_python:/home/xh339/dev_ws/install/learning_parameter:/home/xh339/dev_ws/install/learning_node:/home/xh339/dev_ws/install/learning_launch:/home/xh339/dev_ws/install/learning_action:/home/xh339/dev_ws/install/learning_gazebo:/opt/ros/humble:/home/xh339/Desktop/turtlebot_ws/install/realsense_ros_gazebo:/home/xh339/Desktop/turtlebot_ws/install/realsense_gazebo_plugin:/home/xh339/Desktop/ros2_ws/install/task79_interfaces:/home/xh339/ros2_test/install/ros2_orb_slam3:/home/xh339/dev_ws/install/learning_pkg_c:/home/xh339/dev_ws/install/learning_interface /usr/bin/cmake --build /home/xh339/Desktop/turtlebot_ws/build/uav_gazebo -- -j8 -l8
[0.851s] Invoked command in '/home/xh339/Desktop/turtlebot_ws/build/uav_gazebo' returned '0': CMAKE_PREFIX_PATH=/home/xh339/Desktop/turtlebot_ws/install/uav_gazebo:/home/xh339/Desktop/turtlebot_ws/install/uav_cartographer:/home/xh339/Desktop/turtlebot_ws/install/turtlebot3_navigation2:/home/xh339/Desktop/turtlebot_ws/install/turtlebot3_msgs:/home/xh339/Desktop/turtlebot_ws/install/turtlebot3_gazebo:/home/xh339/Desktop/turtlebot_ws/install/turtlebot3_cartographer:/home/xh339/Desktop/turtlebot_ws/install/turtlebot3_teleop:/home/xh339/Desktop/ros2_ws/install/task79:/home/xh339/Desktop/ros2_ws/install/task79_wrappers:/home/xh339/Desktop/ros2_ws/install/task79_test:/home/xh339/Desktop/ros2_ws/install/task79_data_converter:/home/xh339/dev_ws/install/learning_urdf:/home/xh339/dev_ws/install/learning_topic:/home/xh339/dev_ws/install/learning_tf:/home/xh339/dev_ws/install/learning_service:/home/xh339/dev_ws/install/learning_qos:/home/xh339/dev_ws/install/learning_pkg_python:/home/xh339/dev_ws/install/learning_parameter:/home/xh339/dev_ws/install/learning_node:/home/xh339/dev_ws/install/learning_launch:/home/xh339/dev_ws/install/learning_action:/home/xh339/dev_ws/install/learning_gazebo:/opt/ros/humble:/home/xh339/Desktop/turtlebot_ws/install/realsense_ros_gazebo:/home/xh339/Desktop/turtlebot_ws/install/realsense_gazebo_plugin:/home/xh339/Desktop/ros2_ws/install/task79_interfaces:/home/xh339/ros2_test/install/ros2_orb_slam3:/home/xh339/dev_ws/install/learning_pkg_c:/home/xh339/dev_ws/install/learning_interface /usr/bin/cmake --build /home/xh339/Desktop/turtlebot_ws/build/uav_gazebo -- -j8 -l8
[0.979s] Invoking command in '/home/xh339/Desktop/turtlebot_ws/build/uav_gazebo': CMAKE_PREFIX_PATH=/home/xh339/Desktop/turtlebot_ws/install/uav_gazebo:/home/xh339/Desktop/turtlebot_ws/install/uav_cartographer:/home/xh339/Desktop/turtlebot_ws/install/turtlebot3_navigation2:/home/xh339/Desktop/turtlebot_ws/install/turtlebot3_msgs:/home/xh339/Desktop/turtlebot_ws/install/turtlebot3_gazebo:/home/xh339/Desktop/turtlebot_ws/install/turtlebot3_cartographer:/home/xh339/Desktop/turtlebot_ws/install/turtlebot3_teleop:/home/xh339/Desktop/ros2_ws/install/task79:/home/xh339/Desktop/ros2_ws/install/task79_wrappers:/home/xh339/Desktop/ros2_ws/install/task79_test:/home/xh339/Desktop/ros2_ws/install/task79_data_converter:/home/xh339/dev_ws/install/learning_urdf:/home/xh339/dev_ws/install/learning_topic:/home/xh339/dev_ws/install/learning_tf:/home/xh339/dev_ws/install/learning_service:/home/xh339/dev_ws/install/learning_qos:/home/xh339/dev_ws/install/learning_pkg_python:/home/xh339/dev_ws/install/learning_parameter:/home/xh339/dev_ws/install/learning_node:/home/xh339/dev_ws/install/learning_launch:/home/xh339/dev_ws/install/learning_action:/home/xh339/dev_ws/install/learning_gazebo:/opt/ros/humble:/home/xh339/Desktop/turtlebot_ws/install/realsense_ros_gazebo:/home/xh339/Desktop/turtlebot_ws/install/realsense_gazebo_plugin:/home/xh339/Desktop/ros2_ws/install/task79_interfaces:/home/xh339/ros2_test/install/ros2_orb_slam3:/home/xh339/dev_ws/install/learning_pkg_c:/home/xh339/dev_ws/install/learning_interface /usr/bin/cmake --install /home/xh339/Desktop/turtlebot_ws/build/uav_gazebo
[0.989s] -- Install configuration: ""
[0.989s] -- Up-to-date: /home/xh339/Desktop/turtlebot_ws/install/uav_gazebo/share/uav_gazebo//launch
[0.989s] -- Up-to-date: /home/xh339/Desktop/turtlebot_ws/install/uav_gazebo/share/uav_gazebo//launch/data_publish.launch.py
[0.989s] -- Up-to-date: /home/xh339/Desktop/turtlebot_ws/install/uav_gazebo/share/uav_gazebo//launch/uav_world.launch.py
[0.990s] -- Up-to-date: /home/xh339/Desktop/turtlebot_ws/install/uav_gazebo/share/uav_gazebo//launch/spawn_uav.launch.py
[0.990s] -- Up-to-date: /home/xh339/Desktop/turtlebot_ws/install/uav_gazebo/share/uav_gazebo//launch/joint_state_publisher.launch.py
[0.990s] -- Up-to-date: /home/xh339/Desktop/turtlebot_ws/install/uav_gazebo/share/uav_gazebo//launch/rviz2.launch.py
[0.990s] -- Up-to-date: /home/xh339/Desktop/turtlebot_ws/install/uav_gazebo/share/uav_gazebo//launch/uav_state_publisher.launch.py
[0.990s] -- Up-to-date: /home/xh339/Desktop/turtlebot_ws/install/uav_gazebo/share/uav_gazebo//launch/empty_world.launch.py
[0.990s] -- Up-to-date: /home/xh339/Desktop/turtlebot_ws/install/uav_gazebo/share/uav_gazebo//models
[0.990s] -- Up-to-date: /home/xh339/Desktop/turtlebot_ws/install/uav_gazebo/share/uav_gazebo//models/hokuyo
[0.990s] -- Up-to-date: /home/xh339/Desktop/turtlebot_ws/install/uav_gazebo/share/uav_gazebo//models/hokuyo/model-1_2.sdf
[0.991s] -- Up-to-date: /home/xh339/Desktop/turtlebot_ws/install/uav_gazebo/share/uav_gazebo//models/hokuyo/model.sdf
[0.991s] -- Up-to-date: /home/xh339/Desktop/turtlebot_ws/install/uav_gazebo/share/uav_gazebo//models/hokuyo/model.config
[0.991s] -- Up-to-date: /home/xh339/Desktop/turtlebot_ws/install/uav_gazebo/share/uav_gazebo//models/hokuyo/model-1_3.sdf
[0.991s] -- Up-to-date: /home/xh339/Desktop/turtlebot_ws/install/uav_gazebo/share/uav_gazebo//models/hokuyo/meshes
[0.991s] -- Up-to-date: /home/xh339/Desktop/turtlebot_ws/install/uav_gazebo/share/uav_gazebo//models/hokuyo/meshes/hokuyo_convex.stl
[0.991s] -- Up-to-date: /home/xh339/Desktop/turtlebot_ws/install/uav_gazebo/share/uav_gazebo//models/hokuyo/meshes/hokuyo.dae
[0.991s] -- Up-to-date: /home/xh339/Desktop/turtlebot_ws/install/uav_gazebo/share/uav_gazebo//models/hokuyo/model-1_4.sdf
[0.991s] -- Up-to-date: /home/xh339/Desktop/turtlebot_ws/install/uav_gazebo/share/uav_gazebo//models/iris_with_standoffs
[0.991s] -- Up-to-date: /home/xh339/Desktop/turtlebot_ws/install/uav_gazebo/share/uav_gazebo//models/iris_with_standoffs/model.sdf
[0.991s] -- Up-to-date: /home/xh339/Desktop/turtlebot_ws/install/uav_gazebo/share/uav_gazebo//models/iris_with_standoffs/model.config
[0.992s] -- Up-to-date: /home/xh339/Desktop/turtlebot_ws/install/uav_gazebo/share/uav_gazebo//models/iris_with_standoffs/meshes
[0.992s] -- Up-to-date: /home/xh339/Desktop/turtlebot_ws/install/uav_gazebo/share/uav_gazebo//models/iris_with_standoffs/meshes/iris.dae
[0.992s] -- Up-to-date: /home/xh339/Desktop/turtlebot_ws/install/uav_gazebo/share/uav_gazebo//models/iris_with_standoffs/meshes/iris_prop_ccw.dae
[0.993s] -- Up-to-date: /home/xh339/Desktop/turtlebot_ws/install/uav_gazebo/share/uav_gazebo//models/iris_with_standoffs/meshes/iris_prop_cw.dae
[0.993s] -- Up-to-date: /home/xh339/Desktop/turtlebot_ws/install/uav_gazebo/share/uav_gazebo//models/iris_sensors
[0.993s] -- Up-to-date: /home/xh339/Desktop/turtlebot_ws/install/uav_gazebo/share/uav_gazebo//models/iris_sensors/model.sdf
[0.993s] -- Up-to-date: /home/xh339/Desktop/turtlebot_ws/install/uav_gazebo/share/uav_gazebo//models/iris_sensors/model.config
[0.993s] -- Up-to-date: /home/xh339/Desktop/turtlebot_ws/install/uav_gazebo/share/uav_gazebo//models/iris_sensors/meshes
[0.994s] -- Up-to-date: /home/xh339/Desktop/turtlebot_ws/install/uav_gazebo/share/uav_gazebo//models/iris_sensors/meshes/iris.dae
[0.994s] -- Up-to-date: /home/xh339/Desktop/turtlebot_ws/install/uav_gazebo/share/uav_gazebo//models/iris_sensors/meshes/hokuyo_convex.stl
[0.994s] -- Up-to-date: /home/xh339/Desktop/turtlebot_ws/install/uav_gazebo/share/uav_gazebo//models/iris_sensors/meshes/iris_prop_ccw.dae
[0.994s] -- Up-to-date: /home/xh339/Desktop/turtlebot_ws/install/uav_gazebo/share/uav_gazebo//models/iris_sensors/meshes/iris_prop_cw.dae
[0.994s] -- Up-to-date: /home/xh339/Desktop/turtlebot_ws/install/uav_gazebo/share/uav_gazebo//models/iris_sensors/meshes/d435.dae
[0.994s] -- Up-to-date: /home/xh339/Desktop/turtlebot_ws/install/uav_gazebo/share/uav_gazebo//models/iris_sensors/meshes/landscape.dae
[0.994s] -- Up-to-date: /home/xh339/Desktop/turtlebot_ws/install/uav_gazebo/share/uav_gazebo//models/iris_sensors/meshes/hokuyo.dae
[0.994s] -- Up-to-date: /home/xh339/Desktop/turtlebot_ws/install/uav_gazebo/share/uav_gazebo//rviz
[0.994s] -- Up-to-date: /home/xh339/Desktop/turtlebot_ws/install/uav_gazebo/share/uav_gazebo//rviz/uav_config.rviz
[0.994s] -- Up-to-date: /home/xh339/Desktop/turtlebot_ws/install/uav_gazebo/share/uav_gazebo//worlds
[0.995s] -- Up-to-date: /home/xh339/Desktop/turtlebot_ws/install/uav_gazebo/share/uav_gazebo//worlds/uav_maze.world
[0.995s] -- Up-to-date: /home/xh339/Desktop/turtlebot_ws/install/uav_gazebo/share/uav_gazebo//worlds/uav_runway.world
[0.995s] -- Up-to-date: /home/xh339/Desktop/turtlebot_ws/install/uav_gazebo/share/uav_gazebo//urdf
[0.995s] -- Up-to-date: /home/xh339/Desktop/turtlebot_ws/install/uav_gazebo/share/uav_gazebo//urdf/uav_sensors.urdf
[0.995s] -- Up-to-date: /home/xh339/Desktop/turtlebot_ws/install/uav_gazebo/share/uav_gazebo//scripts
[0.997s] -- Up-to-date: /home/xh339/Desktop/turtlebot_ws/install/uav_gazebo/share/uav_gazebo//scripts/save_poses.py
[0.998s] -- Up-to-date: /home/xh339/Desktop/turtlebot_ws/install/uav_gazebo/share/uav_gazebo//scripts/quadcopter_ui.py
[0.998s] -- Up-to-date: /home/xh339/Desktop/turtlebot_ws/install/uav_gazebo/share/uav_gazebo//scripts/plotter.py
[0.998s] -- Up-to-date: /home/xh339/Desktop/turtlebot_ws/install/uav_gazebo/share/uav_gazebo//scripts/plot_data
[0.998s] -- Up-to-date: /home/xh339/Desktop/turtlebot_ws/install/uav_gazebo/share/uav_gazebo//scripts/plot_data/04_19_22_09_40
[0.999s] -- Up-to-date: /home/xh339/Desktop/turtlebot_ws/install/uav_gazebo/share/uav_gazebo//scripts/plot_data/04_19_22_09_40/orb_slam_pose.csv
[0.999s] -- Up-to-date: /home/xh339/Desktop/turtlebot_ws/install/uav_gazebo/share/uav_gazebo//scripts/plot_data/04_19_22_09_40/slam_out_pose.csv
[0.999s] -- Up-to-date: /home/xh339/Desktop/turtlebot_ws/install/uav_gazebo/share/uav_gazebo//scripts/plot_data/04_19_22_09_40/tracked_pose.csv
[1.000s] -- Up-to-date: /home/xh339/Desktop/turtlebot_ws/install/uav_gazebo/share/uav_gazebo//scripts/plot_data/04_15_16_10_26
[1.000s] -- Up-to-date: /home/xh339/Desktop/turtlebot_ws/install/uav_gazebo/share/uav_gazebo//scripts/plot_data/04_15_16_10_26/orb_slam_pose.csv
[1.001s] -- Up-to-date: /home/xh339/Desktop/turtlebot_ws/install/uav_gazebo/share/uav_gazebo//scripts/plot_data/04_15_16_10_26/slam_out_pose.csv
[1.002s] -- Up-to-date: /home/xh339/Desktop/turtlebot_ws/install/uav_gazebo/share/uav_gazebo//scripts/plot_data/04_15_16_10_26/tracked_pose.csv
[1.003s] -- Up-to-date: /home/xh339/Desktop/turtlebot_ws/install/uav_gazebo/share/uav_gazebo//scripts/plot_data/04_15_15_35_28
[1.003s] -- Up-to-date: /home/xh339/Desktop/turtlebot_ws/install/uav_gazebo/share/uav_gazebo//scripts/plot_data/04_15_15_35_28/orb_slam_pose.csv
[1.004s] -- Up-to-date: /home/xh339/Desktop/turtlebot_ws/install/uav_gazebo/share/uav_gazebo//scripts/plot_data/04_15_15_35_28/slam_out_pose.csv
[1.004s] -- Up-to-date: /home/xh339/Desktop/turtlebot_ws/install/uav_gazebo/share/uav_gazebo//scripts/plot_data/04_15_15_35_28/tracked_pose.csv
[1.004s] -- Up-to-date: /home/xh339/Desktop/turtlebot_ws/install/uav_gazebo/share/uav_gazebo//scripts/plot_data/04_19_21_38_59
[1.004s] -- Up-to-date: /home/xh339/Desktop/turtlebot_ws/install/uav_gazebo/share/uav_gazebo//scripts/plot_data/04_19_21_38_59/orb_slam_pose.csv
[1.004s] -- Up-to-date: /home/xh339/Desktop/turtlebot_ws/install/uav_gazebo/share/uav_gazebo//scripts/plot_data/04_19_21_38_59/slam_out_pose.csv
[1.004s] -- Up-to-date: /home/xh339/Desktop/turtlebot_ws/install/uav_gazebo/share/uav_gazebo//scripts/plot_data/04_19_21_38_59/tracked_pose.csv
[1.004s] -- Up-to-date: /home/xh339/Desktop/turtlebot_ws/install/uav_gazebo/share/uav_gazebo//scripts/plot_data/04_15_16_16_06
[1.004s] -- Up-to-date: /home/xh339/Desktop/turtlebot_ws/install/uav_gazebo/share/uav_gazebo//scripts/plot_data/04_15_16_16_06/orb_slam_pose.csv
[1.004s] -- Up-to-date: /home/xh339/Desktop/turtlebot_ws/install/uav_gazebo/share/uav_gazebo//scripts/plot_data/04_15_16_16_06/slam_out_pose.csv
[1.004s] -- Up-to-date: /home/xh339/Desktop/turtlebot_ws/install/uav_gazebo/share/uav_gazebo//scripts/plot_data/04_15_16_16_06/tracked_pose.csv
[1.005s] -- Up-to-date: /home/xh339/Desktop/turtlebot_ws/install/uav_gazebo/share/uav_gazebo//scripts/plot_data/04_15_17_03_33
[1.005s] -- Up-to-date: /home/xh339/Desktop/turtlebot_ws/install/uav_gazebo/share/uav_gazebo//scripts/plot_data/04_15_17_03_33/orb_slam_pose.csv
[1.005s] -- Up-to-date: /home/xh339/Desktop/turtlebot_ws/install/uav_gazebo/share/uav_gazebo//scripts/plot_data/04_15_17_03_33/slam_out_pose.csv
[1.005s] -- Up-to-date: /home/xh339/Desktop/turtlebot_ws/install/uav_gazebo/share/uav_gazebo//scripts/plot_data/04_15_17_03_33/tracked_pose.csv
[1.005s] -- Up-to-date: /home/xh339/Desktop/turtlebot_ws/install/uav_gazebo/share/uav_gazebo//scripts/plot_data/04_19_21_19_48
[1.005s] -- Up-to-date: /home/xh339/Desktop/turtlebot_ws/install/uav_gazebo/share/uav_gazebo//scripts/plot_data/04_19_21_19_48/orb_slam_pose.csv
[1.005s] -- Up-to-date: /home/xh339/Desktop/turtlebot_ws/install/uav_gazebo/share/uav_gazebo//scripts/plot_data/04_19_21_19_48/slam_out_pose.csv
[1.005s] -- Up-to-date: /home/xh339/Desktop/turtlebot_ws/install/uav_gazebo/share/uav_gazebo//scripts/plot_data/04_19_21_19_48/tracked_pose.csv
[1.005s] -- Up-to-date: /home/xh339/Desktop/turtlebot_ws/install/uav_gazebo/share/uav_gazebo//scripts/plot_data/04_15_15_35_13
[1.006s] -- Up-to-date: /home/xh339/Desktop/turtlebot_ws/install/uav_gazebo/share/uav_gazebo//scripts/plot_data/04_15_15_35_13/orb_slam_pose.csv
[1.006s] -- Up-to-date: /home/xh339/Desktop/turtlebot_ws/install/uav_gazebo/share/uav_gazebo//scripts/plot_data/04_15_15_35_13/slam_out_pose.csv
[1.006s] -- Up-to-date: /home/xh339/Desktop/turtlebot_ws/install/uav_gazebo/share/uav_gazebo//scripts/plot_data/04_15_15_35_13/tracked_pose.csv
[1.006s] -- Up-to-date: /home/xh339/Desktop/turtlebot_ws/install/uav_gazebo/share/uav_gazebo//scripts/plot_data/04_15_15_35_39
[1.009s] -- Up-to-date: /home/xh339/Desktop/turtlebot_ws/install/uav_gazebo/share/uav_gazebo//scripts/plot_data/04_15_15_35_39/orb_slam_pose.csv
[1.009s] -- Up-to-date: /home/xh339/Desktop/turtlebot_ws/install/uav_gazebo/share/uav_gazebo//scripts/plot_data/04_15_15_35_39/slam_out_pose.csv
[1.010s] -- Up-to-date: /home/xh339/Desktop/turtlebot_ws/install/uav_gazebo/share/uav_gazebo//scripts/plot_data/04_15_15_35_39/tracked_pose.csv
[1.010s] -- Up-to-date: /home/xh339/Desktop/turtlebot_ws/install/uav_gazebo/share/uav_gazebo//scripts/plot_data/04_17_15_35_09
[1.010s] -- Up-to-date: /home/xh339/Desktop/turtlebot_ws/install/uav_gazebo/share/uav_gazebo//scripts/plot_data/04_17_15_35_09/orb_slam_pose.csv
[1.010s] -- Up-to-date: /home/xh339/Desktop/turtlebot_ws/install/uav_gazebo/share/uav_gazebo//scripts/plot_data/04_17_15_35_09/slam_out_pose.csv
[1.010s] -- Up-to-date: /home/xh339/Desktop/turtlebot_ws/install/uav_gazebo/share/uav_gazebo//scripts/plot_data/04_17_15_35_09/tracked_pose.csv
[1.010s] -- Up-to-date: /home/xh339/Desktop/turtlebot_ws/install/uav_gazebo/share/uav_gazebo//scripts/plot_data/04_15_16_09_37
[1.010s] -- Up-to-date: /home/xh339/Desktop/turtlebot_ws/install/uav_gazebo/share/uav_gazebo//scripts/plot_data/04_15_16_09_37/orb_slam_pose.csv
[1.010s] -- Up-to-date: /home/xh339/Desktop/turtlebot_ws/install/uav_gazebo/share/uav_gazebo//scripts/plot_data/04_15_16_09_37/slam_out_pose.csv
[1.010s] -- Up-to-date: /home/xh339/Desktop/turtlebot_ws/install/uav_gazebo/share/uav_gazebo//scripts/plot_data/04_15_16_09_37/tracked_pose.csv
[1.010s] -- Up-to-date: /home/xh339/Desktop/turtlebot_ws/install/uav_gazebo/share/uav_gazebo//scripts/plot_data/04_19_21_29_41
[1.011s] -- Up-to-date: /home/xh339/Desktop/turtlebot_ws/install/uav_gazebo/share/uav_gazebo//scripts/plot_data/04_19_21_29_41/orb_slam_pose.csv
[1.011s] -- Up-to-date: /home/xh339/Desktop/turtlebot_ws/install/uav_gazebo/share/uav_gazebo//scripts/plot_data/04_19_21_29_41/slam_out_pose.csv
[1.011s] -- Up-to-date: /home/xh339/Desktop/turtlebot_ws/install/uav_gazebo/share/uav_gazebo//scripts/plot_data/04_19_21_29_41/tracked_pose.csv
[1.011s] -- Up-to-date: /home/xh339/Desktop/turtlebot_ws/install/uav_gazebo/share/uav_gazebo//scripts/mavros_teleop.py
[1.011s] -- Up-to-date: /home/xh339/Desktop/turtlebot_ws/install/uav_gazebo/share/uav_gazebo//scripts/imu_to_vel.py
[1.011s] -- Up-to-date: /home/xh339/Desktop/turtlebot_ws/install/uav_gazebo/share/uav_gazebo//scripts/start_sitl.sh
[1.011s] -- Up-to-date: /home/xh339/Desktop/turtlebot_ws/install/uav_gazebo/share/uav_gazebo//scripts/uav_teleop.py
[1.011s] -- Up-to-date: /home/xh339/Desktop/turtlebot_ws/install/uav_gazebo/include/
[1.011s] -- Up-to-date: /home/xh339/Desktop/turtlebot_ws/install/uav_gazebo/include//uav_gazebo
[1.011s] -- Up-to-date: /home/xh339/Desktop/turtlebot_ws/install/uav_gazebo/share/ament_index/resource_index/package_run_dependencies/uav_gazebo
[1.012s] -- Up-to-date: /home/xh339/Desktop/turtlebot_ws/install/uav_gazebo/share/ament_index/resource_index/parent_prefix_path/uav_gazebo
[1.012s] -- Up-to-date: /home/xh339/Desktop/turtlebot_ws/install/uav_gazebo/share/uav_gazebo/environment/ament_prefix_path.sh
[1.012s] -- Up-to-date: /home/xh339/Desktop/turtlebot_ws/install/uav_gazebo/share/uav_gazebo/environment/ament_prefix_path.dsv
[1.012s] -- Up-to-date: /home/xh339/Desktop/turtlebot_ws/install/uav_gazebo/share/uav_gazebo/environment/path.sh
[1.012s] -- Up-to-date: /home/xh339/Desktop/turtlebot_ws/install/uav_gazebo/share/uav_gazebo/environment/path.dsv
[1.012s] -- Up-to-date: /home/xh339/Desktop/turtlebot_ws/install/uav_gazebo/share/uav_gazebo/local_setup.bash
[1.012s] -- Up-to-date: /home/xh339/Desktop/turtlebot_ws/install/uav_gazebo/share/uav_gazebo/local_setup.sh
[1.012s] -- Up-to-date: /home/xh339/Desktop/turtlebot_ws/install/uav_gazebo/share/uav_gazebo/local_setup.zsh
[1.013s] -- Up-to-date: /home/xh339/Desktop/turtlebot_ws/install/uav_gazebo/share/uav_gazebo/local_setup.dsv
[1.013s] -- Installing: /home/xh339/Desktop/turtlebot_ws/install/uav_gazebo/share/uav_gazebo/package.dsv
[1.013s] -- Up-to-date: /home/xh339/Desktop/turtlebot_ws/install/uav_gazebo/share/ament_index/resource_index/packages/uav_gazebo
[1.013s] -- Up-to-date: /home/xh339/Desktop/turtlebot_ws/install/uav_gazebo/share/uav_gazebo/cmake/ament_cmake_export_include_directories-extras.cmake
[1.013s] -- Up-to-date: /home/xh339/Desktop/turtlebot_ws/install/uav_gazebo/share/uav_gazebo/cmake/ament_cmake_export_dependencies-extras.cmake
[1.013s] -- Up-to-date: /home/xh339/Desktop/turtlebot_ws/install/uav_gazebo/share/uav_gazebo/cmake/uav_gazeboConfig.cmake
[1.013s] -- Up-to-date: /home/xh339/Desktop/turtlebot_ws/install/uav_gazebo/share/uav_gazebo/cmake/uav_gazeboConfig-version.cmake
[1.013s] -- Up-to-date: /home/xh339/Desktop/turtlebot_ws/install/uav_gazebo/share/uav_gazebo/package.xml
[1.339s] Invoked command in '/home/xh339/Desktop/turtlebot_ws/build/uav_gazebo' returned '0': CMAKE_PREFIX_PATH=/home/xh339/Desktop/turtlebot_ws/install/uav_gazebo:/home/xh339/Desktop/turtlebot_ws/install/uav_cartographer:/home/xh339/Desktop/turtlebot_ws/install/turtlebot3_navigation2:/home/xh339/Desktop/turtlebot_ws/install/turtlebot3_msgs:/home/xh339/Desktop/turtlebot_ws/install/turtlebot3_gazebo:/home/xh339/Desktop/turtlebot_ws/install/turtlebot3_cartographer:/home/xh339/Desktop/turtlebot_ws/install/turtlebot3_teleop:/home/xh339/Desktop/ros2_ws/install/task79:/home/xh339/Desktop/ros2_ws/install/task79_wrappers:/home/xh339/Desktop/ros2_ws/install/task79_test:/home/xh339/Desktop/ros2_ws/install/task79_data_converter:/home/xh339/dev_ws/install/learning_urdf:/home/xh339/dev_ws/install/learning_topic:/home/xh339/dev_ws/install/learning_tf:/home/xh339/dev_ws/install/learning_service:/home/xh339/dev_ws/install/learning_qos:/home/xh339/dev_ws/install/learning_pkg_python:/home/xh339/dev_ws/install/learning_parameter:/home/xh339/dev_ws/install/learning_node:/home/xh339/dev_ws/install/learning_launch:/home/xh339/dev_ws/install/learning_action:/home/xh339/dev_ws/install/learning_gazebo:/opt/ros/humble:/home/xh339/Desktop/turtlebot_ws/install/realsense_ros_gazebo:/home/xh339/Desktop/turtlebot_ws/install/realsense_gazebo_plugin:/home/xh339/Desktop/ros2_ws/install/task79_interfaces:/home/xh339/ros2_test/install/ros2_orb_slam3:/home/xh339/dev_ws/install/learning_pkg_c:/home/xh339/dev_ws/install/learning_interface /usr/bin/cmake --install /home/xh339/Desktop/turtlebot_ws/build/uav_gazebo
