[0.909s] Invoking command in '/home/xh339/Desktop/turtlebot_ws/build/turtlebot3_msgs': CMAKE_PREFIX_PATH=/home/xh339/Desktop/turtlebot_ws/install/turtlebot3_navigation2:/home/xh339/Desktop/turtlebot_ws/install/turtlebot3_msgs:/home/xh339/Desktop/turtlebot_ws/install/turtlebot3_gazebo:/home/xh339/Desktop/turtlebot_ws/install/turtlebot3_cartographer:/home/xh339/Desktop/turtlebot_ws/install/turtlebot3_teleop:/home/xh339/Desktop/ros2_ws/install/task79_test:/home/xh339/Desktop/ros2_ws/install/task79:/home/xh339/Desktop/ros2_ws/install/aruco_detect:/home/xh339/dev_ws/install/learning_urdf:/home/xh339/dev_ws/install/learning_topic:/home/xh339/dev_ws/install/learning_tf:/home/xh339/dev_ws/install/learning_service:/home/xh339/dev_ws/install/learning_qos:/home/xh339/dev_ws/install/learning_pkg_python:/home/xh339/dev_ws/install/learning_parameter:/home/xh339/dev_ws/install/learning_node:/home/xh339/dev_ws/install/learning_launch:/home/xh339/dev_ws/install/learning_action:/home/xh339/dev_ws/install/learning_gazebo:/opt/ros/humble:/home/xh339/Desktop/turtlebot_ws/install/realsense_ros_gazebo:/home/xh339/Desktop/ros2_ws/install/task79_interfaces:/home/xh339/dev_ws/install/learning_pkg_c:/home/xh339/dev_ws/install/learning_interface /usr/bin/cmake --build /home/xh339/Desktop/turtlebot_ws/build/turtlebot3_msgs -- -j8 -l8
[1.086s] [  1%] Built target turtlebot3_msgs__cpp
[1.175s] [  1%] Built target ament_cmake_python_copy_turtlebot3_msgs
[1.298s] [ 12%] Built target turtlebot3_msgs__rosidl_typesupport_introspection_cpp
[2.427s] running egg_info
[2.430s] writing turtlebot3_msgs.egg-info/PKG-INFO
[2.430s] writing dependency_links to turtlebot3_msgs.egg-info/dependency_links.txt
[2.431s] writing top-level names to turtlebot3_msgs.egg-info/top_level.txt
[2.444s] reading manifest file 'turtlebot3_msgs.egg-info/SOURCES.txt'
[2.446s] writing manifest file 'turtlebot3_msgs.egg-info/SOURCES.txt'
[2.608s] [ 12%] Built target ament_cmake_python_build_turtlebot3_msgs_egg
[2.738s] [ 23%] Built target turtlebot3_msgs__rosidl_typesupport_fastrtps_cpp
[2.826s] [ 35%] Built target turtlebot3_msgs__rosidl_typesupport_cpp
[2.950s] [ 46%] Built target turtlebot3_msgs__rosidl_generator_c
[3.069s] [ 57%] Built target turtlebot3_msgs__rosidl_typesupport_fastrtps_c
[3.244s] [ 69%] Built target turtlebot3_msgs__rosidl_typesupport_c
[3.349s] [ 80%] Built target turtlebot3_msgs__rosidl_typesupport_introspection_c
[3.415s] [ 80%] Built target turtlebot3_msgs
[3.491s] [ 81%] Built target turtlebot3_msgs__py
[3.635s] [ 91%] Built target turtlebot3_msgs__rosidl_generator_py
[3.736s] [ 94%] Built target turtlebot3_msgs__rosidl_typesupport_fastrtps_c__pyext
[3.807s] [ 97%] Built target turtlebot3_msgs__rosidl_typesupport_c__pyext
[3.924s] [100%] Built target turtlebot3_msgs__rosidl_typesupport_introspection_c__pyext
[5.340s] Invoked command in '/home/xh339/Desktop/turtlebot_ws/build/turtlebot3_msgs' returned '0': CMAKE_PREFIX_PATH=/home/xh339/Desktop/turtlebot_ws/install/turtlebot3_navigation2:/home/xh339/Desktop/turtlebot_ws/install/turtlebot3_msgs:/home/xh339/Desktop/turtlebot_ws/install/turtlebot3_gazebo:/home/xh339/Desktop/turtlebot_ws/install/turtlebot3_cartographer:/home/xh339/Desktop/turtlebot_ws/install/turtlebot3_teleop:/home/xh339/Desktop/ros2_ws/install/task79_test:/home/xh339/Desktop/ros2_ws/install/task79:/home/xh339/Desktop/ros2_ws/install/aruco_detect:/home/xh339/dev_ws/install/learning_urdf:/home/xh339/dev_ws/install/learning_topic:/home/xh339/dev_ws/install/learning_tf:/home/xh339/dev_ws/install/learning_service:/home/xh339/dev_ws/install/learning_qos:/home/xh339/dev_ws/install/learning_pkg_python:/home/xh339/dev_ws/install/learning_parameter:/home/xh339/dev_ws/install/learning_node:/home/xh339/dev_ws/install/learning_launch:/home/xh339/dev_ws/install/learning_action:/home/xh339/dev_ws/install/learning_gazebo:/opt/ros/humble:/home/xh339/Desktop/turtlebot_ws/install/realsense_ros_gazebo:/home/xh339/Desktop/ros2_ws/install/task79_interfaces:/home/xh339/dev_ws/install/learning_pkg_c:/home/xh339/dev_ws/install/learning_interface /usr/bin/cmake --build /home/xh339/Desktop/turtlebot_ws/build/turtlebot3_msgs -- -j8 -l8
[6.292s] Invoking command in '/home/xh339/Desktop/turtlebot_ws/build/turtlebot3_msgs': CMAKE_PREFIX_PATH=/home/xh339/Desktop/turtlebot_ws/install/turtlebot3_navigation2:/home/xh339/Desktop/turtlebot_ws/install/turtlebot3_msgs:/home/xh339/Desktop/turtlebot_ws/install/turtlebot3_gazebo:/home/xh339/Desktop/turtlebot_ws/install/turtlebot3_cartographer:/home/xh339/Desktop/turtlebot_ws/install/turtlebot3_teleop:/home/xh339/Desktop/ros2_ws/install/task79_test:/home/xh339/Desktop/ros2_ws/install/task79:/home/xh339/Desktop/ros2_ws/install/aruco_detect:/home/xh339/dev_ws/install/learning_urdf:/home/xh339/dev_ws/install/learning_topic:/home/xh339/dev_ws/install/learning_tf:/home/xh339/dev_ws/install/learning_service:/home/xh339/dev_ws/install/learning_qos:/home/xh339/dev_ws/install/learning_pkg_python:/home/xh339/dev_ws/install/learning_parameter:/home/xh339/dev_ws/install/learning_node:/home/xh339/dev_ws/install/learning_launch:/home/xh339/dev_ws/install/learning_action:/home/xh339/dev_ws/install/learning_gazebo:/opt/ros/humble:/home/xh339/Desktop/turtlebot_ws/install/realsense_ros_gazebo:/home/xh339/Desktop/ros2_ws/install/task79_interfaces:/home/xh339/dev_ws/install/learning_pkg_c:/home/xh339/dev_ws/install/learning_interface /usr/bin/cmake --install /home/xh339/Desktop/turtlebot_ws/build/turtlebot3_msgs
[6.371s] -- Install configuration: ""
[6.375s] -- Up-to-date: /home/xh339/Desktop/turtlebot_ws/install/turtlebot3_msgs/share/ament_index/resource_index/rosidl_interfaces/turtlebot3_msgs
[6.375s] -- Up-to-date: /home/xh339/Desktop/turtlebot_ws/install/turtlebot3_msgs/include/turtlebot3_msgs/turtlebot3_msgs
[6.376s] -- Up-to-date: /home/xh339/Desktop/turtlebot_ws/install/turtlebot3_msgs/include/turtlebot3_msgs/turtlebot3_msgs/msg
[6.376s] -- Up-to-date: /home/xh339/Desktop/turtlebot_ws/install/turtlebot3_msgs/include/turtlebot3_msgs/turtlebot3_msgs/msg/version_info.h
[6.376s] -- Up-to-date: /home/xh339/Desktop/turtlebot_ws/install/turtlebot3_msgs/include/turtlebot3_msgs/turtlebot3_msgs/msg/sensor_state.h
[6.377s] -- Up-to-date: /home/xh339/Desktop/turtlebot_ws/install/turtlebot3_msgs/include/turtlebot3_msgs/turtlebot3_msgs/msg/detail
[6.377s] -- Up-to-date: /home/xh339/Desktop/turtlebot_ws/install/turtlebot3_msgs/include/turtlebot3_msgs/turtlebot3_msgs/msg/detail/sound__type_support.h
[6.377s] -- Up-to-date: /home/xh339/Desktop/turtlebot_ws/install/turtlebot3_msgs/include/turtlebot3_msgs/turtlebot3_msgs/msg/detail/sensor_state__type_support.h
[6.377s] -- Up-to-date: /home/xh339/Desktop/turtlebot_ws/install/turtlebot3_msgs/include/turtlebot3_msgs/turtlebot3_msgs/msg/detail/sensor_state__functions.h
[6.378s] -- Up-to-date: /home/xh339/Desktop/turtlebot_ws/install/turtlebot3_msgs/include/turtlebot3_msgs/turtlebot3_msgs/msg/detail/version_info__struct.h
[6.379s] -- Up-to-date: /home/xh339/Desktop/turtlebot_ws/install/turtlebot3_msgs/include/turtlebot3_msgs/turtlebot3_msgs/msg/detail/sound__functions.h
[6.379s] -- Up-to-date: /home/xh339/Desktop/turtlebot_ws/install/turtlebot3_msgs/include/turtlebot3_msgs/turtlebot3_msgs/msg/detail/sensor_state__functions.c
[6.379s] -- Up-to-date: /home/xh339/Desktop/turtlebot_ws/install/turtlebot3_msgs/include/turtlebot3_msgs/turtlebot3_msgs/msg/detail/sensor_state__struct.h
[6.379s] -- Up-to-date: /home/xh339/Desktop/turtlebot_ws/install/turtlebot3_msgs/include/turtlebot3_msgs/turtlebot3_msgs/msg/detail/sound__functions.c
[6.380s] -- Up-to-date: /home/xh339/Desktop/turtlebot_ws/install/turtlebot3_msgs/include/turtlebot3_msgs/turtlebot3_msgs/msg/detail/version_info__functions.c
[6.380s] -- Up-to-date: /home/xh339/Desktop/turtlebot_ws/install/turtlebot3_msgs/include/turtlebot3_msgs/turtlebot3_msgs/msg/detail/sound__struct.h
[6.380s] -- Up-to-date: /home/xh339/Desktop/turtlebot_ws/install/turtlebot3_msgs/include/turtlebot3_msgs/turtlebot3_msgs/msg/detail/version_info__type_support.h
[6.380s] -- Up-to-date: /home/xh339/Desktop/turtlebot_ws/install/turtlebot3_msgs/include/turtlebot3_msgs/turtlebot3_msgs/msg/detail/version_info__functions.h
[6.380s] -- Up-to-date: /home/xh339/Desktop/turtlebot_ws/install/turtlebot3_msgs/include/turtlebot3_msgs/turtlebot3_msgs/msg/rosidl_generator_c__visibility_control.h
[6.381s] -- Up-to-date: /home/xh339/Desktop/turtlebot_ws/install/turtlebot3_msgs/include/turtlebot3_msgs/turtlebot3_msgs/msg/sound.h
[6.381s] -- Up-to-date: /home/xh339/Desktop/turtlebot_ws/install/turtlebot3_msgs/include/turtlebot3_msgs/turtlebot3_msgs/action
[6.381s] -- Up-to-date: /home/xh339/Desktop/turtlebot_ws/install/turtlebot3_msgs/include/turtlebot3_msgs/turtlebot3_msgs/action/patrol.h
[6.381s] -- Up-to-date: /home/xh339/Desktop/turtlebot_ws/install/turtlebot3_msgs/include/turtlebot3_msgs/turtlebot3_msgs/action/detail
[6.381s] -- Up-to-date: /home/xh339/Desktop/turtlebot_ws/install/turtlebot3_msgs/include/turtlebot3_msgs/turtlebot3_msgs/action/detail/patrol__struct.h
[6.381s] -- Up-to-date: /home/xh339/Desktop/turtlebot_ws/install/turtlebot3_msgs/include/turtlebot3_msgs/turtlebot3_msgs/action/detail/patrol__functions.h
[6.382s] -- Up-to-date: /home/xh339/Desktop/turtlebot_ws/install/turtlebot3_msgs/include/turtlebot3_msgs/turtlebot3_msgs/action/detail/patrol__type_support.h
[6.382s] -- Up-to-date: /home/xh339/Desktop/turtlebot_ws/install/turtlebot3_msgs/include/turtlebot3_msgs/turtlebot3_msgs/action/detail/patrol__functions.c
[6.382s] -- Up-to-date: /home/xh339/Desktop/turtlebot_ws/install/turtlebot3_msgs/include/turtlebot3_msgs/turtlebot3_msgs/srv
[6.382s] -- Up-to-date: /home/xh339/Desktop/turtlebot_ws/install/turtlebot3_msgs/include/turtlebot3_msgs/turtlebot3_msgs/srv/dqn.h
[6.382s] -- Up-to-date: /home/xh339/Desktop/turtlebot_ws/install/turtlebot3_msgs/include/turtlebot3_msgs/turtlebot3_msgs/srv/detail
[6.382s] -- Up-to-date: /home/xh339/Desktop/turtlebot_ws/install/turtlebot3_msgs/include/turtlebot3_msgs/turtlebot3_msgs/srv/detail/sound__type_support.h
[6.383s] -- Up-to-date: /home/xh339/Desktop/turtlebot_ws/install/turtlebot3_msgs/include/turtlebot3_msgs/turtlebot3_msgs/srv/detail/dqn__functions.c
[6.383s] -- Up-to-date: /home/xh339/Desktop/turtlebot_ws/install/turtlebot3_msgs/include/turtlebot3_msgs/turtlebot3_msgs/srv/detail/sound__functions.h
[6.393s] -- Up-to-date: /home/xh339/Desktop/turtlebot_ws/install/turtlebot3_msgs/include/turtlebot3_msgs/turtlebot3_msgs/srv/detail/dqn__functions.h
[6.393s] -- Up-to-date: /home/xh339/Desktop/turtlebot_ws/install/turtlebot3_msgs/include/turtlebot3_msgs/turtlebot3_msgs/srv/detail/dqn__struct.h
[6.393s] -- Up-to-date: /home/xh339/Desktop/turtlebot_ws/install/turtlebot3_msgs/include/turtlebot3_msgs/turtlebot3_msgs/srv/detail/sound__functions.c
[6.394s] -- Up-to-date: /home/xh339/Desktop/turtlebot_ws/install/turtlebot3_msgs/include/turtlebot3_msgs/turtlebot3_msgs/srv/detail/dqn__type_support.h
[6.394s] -- Up-to-date: /home/xh339/Desktop/turtlebot_ws/install/turtlebot3_msgs/include/turtlebot3_msgs/turtlebot3_msgs/srv/detail/sound__struct.h
[6.394s] -- Up-to-date: /home/xh339/Desktop/turtlebot_ws/install/turtlebot3_msgs/include/turtlebot3_msgs/turtlebot3_msgs/srv/sound.h
[6.395s] -- Up-to-date: /home/xh339/Desktop/turtlebot_ws/install/turtlebot3_msgs/share/turtlebot3_msgs/environment/library_path.sh
[6.399s] -- Up-to-date: /home/xh339/Desktop/turtlebot_ws/install/turtlebot3_msgs/share/turtlebot3_msgs/environment/library_path.dsv
[6.400s] -- Up-to-date: /home/xh339/Desktop/turtlebot_ws/install/turtlebot3_msgs/lib/libturtlebot3_msgs__rosidl_generator_c.so
[6.401s] -- Up-to-date: /home/xh339/Desktop/turtlebot_ws/install/turtlebot3_msgs/include/turtlebot3_msgs/turtlebot3_msgs
[6.401s] -- Up-to-date: /home/xh339/Desktop/turtlebot_ws/install/turtlebot3_msgs/include/turtlebot3_msgs/turtlebot3_msgs/msg
[6.401s] -- Up-to-date: /home/xh339/Desktop/turtlebot_ws/install/turtlebot3_msgs/include/turtlebot3_msgs/turtlebot3_msgs/msg/detail
[6.401s] -- Up-to-date: /home/xh339/Desktop/turtlebot_ws/install/turtlebot3_msgs/include/turtlebot3_msgs/turtlebot3_msgs/msg/detail/sensor_state__rosidl_typesupport_fastrtps_c.h
[6.402s] -- Up-to-date: /home/xh339/Desktop/turtlebot_ws/install/turtlebot3_msgs/include/turtlebot3_msgs/turtlebot3_msgs/msg/detail/version_info__rosidl_typesupport_fastrtps_c.h
[6.403s] -- Up-to-date: /home/xh339/Desktop/turtlebot_ws/install/turtlebot3_msgs/include/turtlebot3_msgs/turtlebot3_msgs/msg/detail/sound__rosidl_typesupport_fastrtps_c.h
[6.404s] -- Up-to-date: /home/xh339/Desktop/turtlebot_ws/install/turtlebot3_msgs/include/turtlebot3_msgs/turtlebot3_msgs/msg/rosidl_typesupport_fastrtps_c__visibility_control.h
[6.404s] -- Up-to-date: /home/xh339/Desktop/turtlebot_ws/install/turtlebot3_msgs/include/turtlebot3_msgs/turtlebot3_msgs/action
[6.405s] -- Up-to-date: /home/xh339/Desktop/turtlebot_ws/install/turtlebot3_msgs/include/turtlebot3_msgs/turtlebot3_msgs/action/detail
[6.412s] -- Up-to-date: /home/xh339/Desktop/turtlebot_ws/install/turtlebot3_msgs/include/turtlebot3_msgs/turtlebot3_msgs/action/detail/patrol__rosidl_typesupport_fastrtps_c.h
[6.413s] -- Up-to-date: /home/xh339/Desktop/turtlebot_ws/install/turtlebot3_msgs/include/turtlebot3_msgs/turtlebot3_msgs/srv
[6.413s] -- Up-to-date: /home/xh339/Desktop/turtlebot_ws/install/turtlebot3_msgs/include/turtlebot3_msgs/turtlebot3_msgs/srv/detail
[6.413s] -- Up-to-date: /home/xh339/Desktop/turtlebot_ws/install/turtlebot3_msgs/include/turtlebot3_msgs/turtlebot3_msgs/srv/detail/sound__rosidl_typesupport_fastrtps_c.h
[6.413s] -- Up-to-date: /home/xh339/Desktop/turtlebot_ws/install/turtlebot3_msgs/include/turtlebot3_msgs/turtlebot3_msgs/srv/detail/dqn__rosidl_typesupport_fastrtps_c.h
[6.413s] -- Up-to-date: /home/xh339/Desktop/turtlebot_ws/install/turtlebot3_msgs/lib/libturtlebot3_msgs__rosidl_typesupport_fastrtps_c.so
[6.414s] -- Up-to-date: /home/xh339/Desktop/turtlebot_ws/install/turtlebot3_msgs/include/turtlebot3_msgs/turtlebot3_msgs
[6.414s] -- Up-to-date: /home/xh339/Desktop/turtlebot_ws/install/turtlebot3_msgs/include/turtlebot3_msgs/turtlebot3_msgs/msg
[6.414s] -- Up-to-date: /home/xh339/Desktop/turtlebot_ws/install/turtlebot3_msgs/include/turtlebot3_msgs/turtlebot3_msgs/msg/sensor_state.hpp
[6.414s] -- Up-to-date: /home/xh339/Desktop/turtlebot_ws/install/turtlebot3_msgs/include/turtlebot3_msgs/turtlebot3_msgs/msg/detail
[6.414s] -- Up-to-date: /home/xh339/Desktop/turtlebot_ws/install/turtlebot3_msgs/include/turtlebot3_msgs/turtlebot3_msgs/msg/detail/sound__struct.hpp
[6.414s] -- Up-to-date: /home/xh339/Desktop/turtlebot_ws/install/turtlebot3_msgs/include/turtlebot3_msgs/turtlebot3_msgs/msg/detail/sound__builder.hpp
[6.414s] -- Up-to-date: /home/xh339/Desktop/turtlebot_ws/install/turtlebot3_msgs/include/turtlebot3_msgs/turtlebot3_msgs/msg/detail/version_info__struct.hpp
[6.415s] -- Up-to-date: /home/xh339/Desktop/turtlebot_ws/install/turtlebot3_msgs/include/turtlebot3_msgs/turtlebot3_msgs/msg/detail/version_info__traits.hpp
[6.415s] -- Up-to-date: /home/xh339/Desktop/turtlebot_ws/install/turtlebot3_msgs/include/turtlebot3_msgs/turtlebot3_msgs/msg/detail/sensor_state__builder.hpp
[6.415s] -- Up-to-date: /home/xh339/Desktop/turtlebot_ws/install/turtlebot3_msgs/include/turtlebot3_msgs/turtlebot3_msgs/msg/detail/version_info__builder.hpp
[6.415s] -- Up-to-date: /home/xh339/Desktop/turtlebot_ws/install/turtlebot3_msgs/include/turtlebot3_msgs/turtlebot3_msgs/msg/detail/sensor_state__struct.hpp
[6.415s] -- Up-to-date: /home/xh339/Desktop/turtlebot_ws/install/turtlebot3_msgs/include/turtlebot3_msgs/turtlebot3_msgs/msg/detail/sensor_state__traits.hpp
[6.415s] -- Up-to-date: /home/xh339/Desktop/turtlebot_ws/install/turtlebot3_msgs/include/turtlebot3_msgs/turtlebot3_msgs/msg/detail/sound__traits.hpp
[6.416s] -- Up-to-date: /home/xh339/Desktop/turtlebot_ws/install/turtlebot3_msgs/include/turtlebot3_msgs/turtlebot3_msgs/msg/sound.hpp
[6.416s] -- Up-to-date: /home/xh339/Desktop/turtlebot_ws/install/turtlebot3_msgs/include/turtlebot3_msgs/turtlebot3_msgs/msg/version_info.hpp
[6.416s] -- Up-to-date: /home/xh339/Desktop/turtlebot_ws/install/turtlebot3_msgs/include/turtlebot3_msgs/turtlebot3_msgs/action
[6.417s] -- Up-to-date: /home/xh339/Desktop/turtlebot_ws/install/turtlebot3_msgs/include/turtlebot3_msgs/turtlebot3_msgs/action/patrol.hpp
[6.417s] -- Up-to-date: /home/xh339/Desktop/turtlebot_ws/install/turtlebot3_msgs/include/turtlebot3_msgs/turtlebot3_msgs/action/detail
[6.419s] -- Up-to-date: /home/xh339/Desktop/turtlebot_ws/install/turtlebot3_msgs/include/turtlebot3_msgs/turtlebot3_msgs/action/detail/patrol__builder.hpp
[6.419s] -- Up-to-date: /home/xh339/Desktop/turtlebot_ws/install/turtlebot3_msgs/include/turtlebot3_msgs/turtlebot3_msgs/action/detail/patrol__traits.hpp
[6.419s] -- Up-to-date: /home/xh339/Desktop/turtlebot_ws/install/turtlebot3_msgs/include/turtlebot3_msgs/turtlebot3_msgs/action/detail/patrol__struct.hpp
[6.420s] -- Up-to-date: /home/xh339/Desktop/turtlebot_ws/install/turtlebot3_msgs/include/turtlebot3_msgs/turtlebot3_msgs/srv
[6.420s] -- Up-to-date: /home/xh339/Desktop/turtlebot_ws/install/turtlebot3_msgs/include/turtlebot3_msgs/turtlebot3_msgs/srv/dqn.hpp
[6.421s] -- Up-to-date: /home/xh339/Desktop/turtlebot_ws/install/turtlebot3_msgs/include/turtlebot3_msgs/turtlebot3_msgs/srv/detail
[6.421s] -- Up-to-date: /home/xh339/Desktop/turtlebot_ws/install/turtlebot3_msgs/include/turtlebot3_msgs/turtlebot3_msgs/srv/detail/sound__struct.hpp
[6.422s] -- Up-to-date: /home/xh339/Desktop/turtlebot_ws/install/turtlebot3_msgs/include/turtlebot3_msgs/turtlebot3_msgs/srv/detail/dqn__builder.hpp
[6.422s] -- Up-to-date: /home/xh339/Desktop/turtlebot_ws/install/turtlebot3_msgs/include/turtlebot3_msgs/turtlebot3_msgs/srv/detail/sound__builder.hpp
[6.422s] -- Up-to-date: /home/xh339/Desktop/turtlebot_ws/install/turtlebot3_msgs/include/turtlebot3_msgs/turtlebot3_msgs/srv/detail/dqn__struct.hpp
[6.422s] -- Up-to-date: /home/xh339/Desktop/turtlebot_ws/install/turtlebot3_msgs/include/turtlebot3_msgs/turtlebot3_msgs/srv/detail/dqn__traits.hpp
[6.423s] -- Up-to-date: /home/xh339/Desktop/turtlebot_ws/install/turtlebot3_msgs/include/turtlebot3_msgs/turtlebot3_msgs/srv/detail/sound__traits.hpp
[6.423s] -- Up-to-date: /home/xh339/Desktop/turtlebot_ws/install/turtlebot3_msgs/include/turtlebot3_msgs/turtlebot3_msgs/srv/sound.hpp
[6.423s] -- Up-to-date: /home/xh339/Desktop/turtlebot_ws/install/turtlebot3_msgs/include/turtlebot3_msgs/turtlebot3_msgs
[6.423s] -- Up-to-date: /home/xh339/Desktop/turtlebot_ws/install/turtlebot3_msgs/include/turtlebot3_msgs/turtlebot3_msgs/msg
[6.424s] -- Up-to-date: /home/xh339/Desktop/turtlebot_ws/install/turtlebot3_msgs/include/turtlebot3_msgs/turtlebot3_msgs/msg/rosidl_typesupport_fastrtps_cpp__visibility_control.h
[6.424s] -- Up-to-date: /home/xh339/Desktop/turtlebot_ws/install/turtlebot3_msgs/include/turtlebot3_msgs/turtlebot3_msgs/msg/detail
[6.424s] -- Up-to-date: /home/xh339/Desktop/turtlebot_ws/install/turtlebot3_msgs/include/turtlebot3_msgs/turtlebot3_msgs/msg/detail/sensor_state__rosidl_typesupport_fastrtps_cpp.hpp
[6.424s] -- Up-to-date: /home/xh339/Desktop/turtlebot_ws/install/turtlebot3_msgs/include/turtlebot3_msgs/turtlebot3_msgs/msg/detail/dds_fastrtps
[6.424s] -- Up-to-date: /home/xh339/Desktop/turtlebot_ws/install/turtlebot3_msgs/include/turtlebot3_msgs/turtlebot3_msgs/msg/detail/sound__rosidl_typesupport_fastrtps_cpp.hpp
[6.425s] -- Up-to-date: /home/xh339/Desktop/turtlebot_ws/install/turtlebot3_msgs/include/turtlebot3_msgs/turtlebot3_msgs/msg/detail/version_info__rosidl_typesupport_fastrtps_cpp.hpp
[6.425s] -- Up-to-date: /home/xh339/Desktop/turtlebot_ws/install/turtlebot3_msgs/include/turtlebot3_msgs/turtlebot3_msgs/action
[6.425s] -- Up-to-date: /home/xh339/Desktop/turtlebot_ws/install/turtlebot3_msgs/include/turtlebot3_msgs/turtlebot3_msgs/action/detail
[6.425s] -- Up-to-date: /home/xh339/Desktop/turtlebot_ws/install/turtlebot3_msgs/include/turtlebot3_msgs/turtlebot3_msgs/action/detail/patrol__rosidl_typesupport_fastrtps_cpp.hpp
[6.425s] -- Up-to-date: /home/xh339/Desktop/turtlebot_ws/install/turtlebot3_msgs/include/turtlebot3_msgs/turtlebot3_msgs/action/detail/dds_fastrtps
[6.426s] -- Up-to-date: /home/xh339/Desktop/turtlebot_ws/install/turtlebot3_msgs/include/turtlebot3_msgs/turtlebot3_msgs/srv
[6.426s] -- Up-to-date: /home/xh339/Desktop/turtlebot_ws/install/turtlebot3_msgs/include/turtlebot3_msgs/turtlebot3_msgs/srv/detail
[6.426s] -- Up-to-date: /home/xh339/Desktop/turtlebot_ws/install/turtlebot3_msgs/include/turtlebot3_msgs/turtlebot3_msgs/srv/detail/dds_fastrtps
[6.426s] -- Up-to-date: /home/xh339/Desktop/turtlebot_ws/install/turtlebot3_msgs/include/turtlebot3_msgs/turtlebot3_msgs/srv/detail/sound__rosidl_typesupport_fastrtps_cpp.hpp
[6.427s] -- Up-to-date: /home/xh339/Desktop/turtlebot_ws/install/turtlebot3_msgs/include/turtlebot3_msgs/turtlebot3_msgs/srv/detail/dqn__rosidl_typesupport_fastrtps_cpp.hpp
[6.427s] -- Up-to-date: /home/xh339/Desktop/turtlebot_ws/install/turtlebot3_msgs/lib/libturtlebot3_msgs__rosidl_typesupport_fastrtps_cpp.so
[6.430s] -- Up-to-date: /home/xh339/Desktop/turtlebot_ws/install/turtlebot3_msgs/include/turtlebot3_msgs/turtlebot3_msgs
[6.430s] -- Up-to-date: /home/xh339/Desktop/turtlebot_ws/install/turtlebot3_msgs/include/turtlebot3_msgs/turtlebot3_msgs/msg
[6.431s] -- Up-to-date: /home/xh339/Desktop/turtlebot_ws/install/turtlebot3_msgs/include/turtlebot3_msgs/turtlebot3_msgs/msg/detail
[6.431s] -- Up-to-date: /home/xh339/Desktop/turtlebot_ws/install/turtlebot3_msgs/include/turtlebot3_msgs/turtlebot3_msgs/msg/detail/sound__type_support.c
[6.432s] -- Up-to-date: /home/xh339/Desktop/turtlebot_ws/install/turtlebot3_msgs/include/turtlebot3_msgs/turtlebot3_msgs/msg/detail/version_info__rosidl_typesupport_introspection_c.h
[6.432s] -- Up-to-date: /home/xh339/Desktop/turtlebot_ws/install/turtlebot3_msgs/include/turtlebot3_msgs/turtlebot3_msgs/msg/detail/sensor_state__type_support.c
[6.432s] -- Up-to-date: /home/xh339/Desktop/turtlebot_ws/install/turtlebot3_msgs/include/turtlebot3_msgs/turtlebot3_msgs/msg/detail/sound__rosidl_typesupport_introspection_c.h
[6.432s] -- Up-to-date: /home/xh339/Desktop/turtlebot_ws/install/turtlebot3_msgs/include/turtlebot3_msgs/turtlebot3_msgs/msg/detail/version_info__type_support.c
[6.432s] -- Up-to-date: /home/xh339/Desktop/turtlebot_ws/install/turtlebot3_msgs/include/turtlebot3_msgs/turtlebot3_msgs/msg/detail/sensor_state__rosidl_typesupport_introspection_c.h
[6.436s] -- Up-to-date: /home/xh339/Desktop/turtlebot_ws/install/turtlebot3_msgs/include/turtlebot3_msgs/turtlebot3_msgs/msg/rosidl_typesupport_introspection_c__visibility_control.h
[6.437s] -- Up-to-date: /home/xh339/Desktop/turtlebot_ws/install/turtlebot3_msgs/include/turtlebot3_msgs/turtlebot3_msgs/action
[6.438s] -- Up-to-date: /home/xh339/Desktop/turtlebot_ws/install/turtlebot3_msgs/include/turtlebot3_msgs/turtlebot3_msgs/action/detail
[6.438s] -- Up-to-date: /home/xh339/Desktop/turtlebot_ws/install/turtlebot3_msgs/include/turtlebot3_msgs/turtlebot3_msgs/action/detail/patrol__rosidl_typesupport_introspection_c.h
[6.438s] -- Up-to-date: /home/xh339/Desktop/turtlebot_ws/install/turtlebot3_msgs/include/turtlebot3_msgs/turtlebot3_msgs/action/detail/patrol__type_support.c
[6.438s] -- Up-to-date: /home/xh339/Desktop/turtlebot_ws/install/turtlebot3_msgs/include/turtlebot3_msgs/turtlebot3_msgs/srv
[6.439s] -- Up-to-date: /home/xh339/Desktop/turtlebot_ws/install/turtlebot3_msgs/include/turtlebot3_msgs/turtlebot3_msgs/srv/detail
[6.439s] -- Up-to-date: /home/xh339/Desktop/turtlebot_ws/install/turtlebot3_msgs/include/turtlebot3_msgs/turtlebot3_msgs/srv/detail/sound__type_support.c
[6.439s] -- Up-to-date: /home/xh339/Desktop/turtlebot_ws/install/turtlebot3_msgs/include/turtlebot3_msgs/turtlebot3_msgs/srv/detail/dqn__rosidl_typesupport_introspection_c.h
[6.439s] -- Up-to-date: /home/xh339/Desktop/turtlebot_ws/install/turtlebot3_msgs/include/turtlebot3_msgs/turtlebot3_msgs/srv/detail/sound__rosidl_typesupport_introspection_c.h
[6.440s] -- Up-to-date: /home/xh339/Desktop/turtlebot_ws/install/turtlebot3_msgs/include/turtlebot3_msgs/turtlebot3_msgs/srv/detail/dqn__type_support.c
[6.440s] -- Up-to-date: /home/xh339/Desktop/turtlebot_ws/install/turtlebot3_msgs/lib/libturtlebot3_msgs__rosidl_typesupport_introspection_c.so
[6.440s] -- Up-to-date: /home/xh339/Desktop/turtlebot_ws/install/turtlebot3_msgs/lib/libturtlebot3_msgs__rosidl_typesupport_c.so
[6.441s] -- Up-to-date: /home/xh339/Desktop/turtlebot_ws/install/turtlebot3_msgs/include/turtlebot3_msgs/turtlebot3_msgs
[6.441s] -- Up-to-date: /home/xh339/Desktop/turtlebot_ws/install/turtlebot3_msgs/include/turtlebot3_msgs/turtlebot3_msgs/msg
[6.441s] -- Up-to-date: /home/xh339/Desktop/turtlebot_ws/install/turtlebot3_msgs/include/turtlebot3_msgs/turtlebot3_msgs/msg/detail
[6.442s] -- Up-to-date: /home/xh339/Desktop/turtlebot_ws/install/turtlebot3_msgs/include/turtlebot3_msgs/turtlebot3_msgs/msg/detail/sensor_state__type_support.cpp
[6.442s] -- Up-to-date: /home/xh339/Desktop/turtlebot_ws/install/turtlebot3_msgs/include/turtlebot3_msgs/turtlebot3_msgs/msg/detail/sound__type_support.cpp
[6.446s] -- Up-to-date: /home/xh339/Desktop/turtlebot_ws/install/turtlebot3_msgs/include/turtlebot3_msgs/turtlebot3_msgs/msg/detail/sensor_state__rosidl_typesupport_introspection_cpp.hpp
[6.446s] -- Up-to-date: /home/xh339/Desktop/turtlebot_ws/install/turtlebot3_msgs/include/turtlebot3_msgs/turtlebot3_msgs/msg/detail/version_info__rosidl_typesupport_introspection_cpp.hpp
[6.446s] -- Up-to-date: /home/xh339/Desktop/turtlebot_ws/install/turtlebot3_msgs/include/turtlebot3_msgs/turtlebot3_msgs/msg/detail/version_info__type_support.cpp
[6.446s] -- Up-to-date: /home/xh339/Desktop/turtlebot_ws/install/turtlebot3_msgs/include/turtlebot3_msgs/turtlebot3_msgs/msg/detail/sound__rosidl_typesupport_introspection_cpp.hpp
[6.447s] -- Up-to-date: /home/xh339/Desktop/turtlebot_ws/install/turtlebot3_msgs/include/turtlebot3_msgs/turtlebot3_msgs/action
[6.447s] -- Up-to-date: /home/xh339/Desktop/turtlebot_ws/install/turtlebot3_msgs/include/turtlebot3_msgs/turtlebot3_msgs/action/detail
[6.447s] -- Up-to-date: /home/xh339/Desktop/turtlebot_ws/install/turtlebot3_msgs/include/turtlebot3_msgs/turtlebot3_msgs/action/detail/patrol__type_support.cpp
[6.447s] -- Up-to-date: /home/xh339/Desktop/turtlebot_ws/install/turtlebot3_msgs/include/turtlebot3_msgs/turtlebot3_msgs/action/detail/patrol__rosidl_typesupport_introspection_cpp.hpp
[6.447s] -- Up-to-date: /home/xh339/Desktop/turtlebot_ws/install/turtlebot3_msgs/include/turtlebot3_msgs/turtlebot3_msgs/srv
[6.448s] -- Up-to-date: /home/xh339/Desktop/turtlebot_ws/install/turtlebot3_msgs/include/turtlebot3_msgs/turtlebot3_msgs/srv/detail
[6.448s] -- Up-to-date: /home/xh339/Desktop/turtlebot_ws/install/turtlebot3_msgs/include/turtlebot3_msgs/turtlebot3_msgs/srv/detail/dqn__rosidl_typesupport_introspection_cpp.hpp
[6.448s] -- Up-to-date: /home/xh339/Desktop/turtlebot_ws/install/turtlebot3_msgs/include/turtlebot3_msgs/turtlebot3_msgs/srv/detail/dqn__type_support.cpp
[6.448s] -- Up-to-date: /home/xh339/Desktop/turtlebot_ws/install/turtlebot3_msgs/include/turtlebot3_msgs/turtlebot3_msgs/srv/detail/sound__type_support.cpp
[6.448s] -- Up-to-date: /home/xh339/Desktop/turtlebot_ws/install/turtlebot3_msgs/include/turtlebot3_msgs/turtlebot3_msgs/srv/detail/sound__rosidl_typesupport_introspection_cpp.hpp
[6.449s] -- Up-to-date: /home/xh339/Desktop/turtlebot_ws/install/turtlebot3_msgs/lib/libturtlebot3_msgs__rosidl_typesupport_introspection_cpp.so
[6.449s] -- Up-to-date: /home/xh339/Desktop/turtlebot_ws/install/turtlebot3_msgs/lib/libturtlebot3_msgs__rosidl_typesupport_cpp.so
[6.449s] -- Up-to-date: /home/xh339/Desktop/turtlebot_ws/install/turtlebot3_msgs/share/turtlebot3_msgs/environment/pythonpath.sh
[6.456s] -- Up-to-date: /home/xh339/Desktop/turtlebot_ws/install/turtlebot3_msgs/share/turtlebot3_msgs/environment/pythonpath.dsv
[6.457s] -- Up-to-date: /home/xh339/Desktop/turtlebot_ws/install/turtlebot3_msgs/local/lib/python3.10/dist-packages/turtlebot3_msgs-2.2.3-py3.10.egg-info
[6.457s] -- Installing: /home/xh339/Desktop/turtlebot_ws/install/turtlebot3_msgs/local/lib/python3.10/dist-packages/turtlebot3_msgs-2.2.3-py3.10.egg-info/top_level.txt
[6.457s] -- Installing: /home/xh339/Desktop/turtlebot_ws/install/turtlebot3_msgs/local/lib/python3.10/dist-packages/turtlebot3_msgs-2.2.3-py3.10.egg-info/SOURCES.txt
[6.457s] -- Installing: /home/xh339/Desktop/turtlebot_ws/install/turtlebot3_msgs/local/lib/python3.10/dist-packages/turtlebot3_msgs-2.2.3-py3.10.egg-info/dependency_links.txt
[6.457s] -- Installing: /home/xh339/Desktop/turtlebot_ws/install/turtlebot3_msgs/local/lib/python3.10/dist-packages/turtlebot3_msgs-2.2.3-py3.10.egg-info/PKG-INFO
[6.458s] -- Up-to-date: /home/xh339/Desktop/turtlebot_ws/install/turtlebot3_msgs/local/lib/python3.10/dist-packages/turtlebot3_msgs
[6.458s] -- Up-to-date: /home/xh339/Desktop/turtlebot_ws/install/turtlebot3_msgs/local/lib/python3.10/dist-packages/turtlebot3_msgs/msg
[6.458s] -- Up-to-date: /home/xh339/Desktop/turtlebot_ws/install/turtlebot3_msgs/local/lib/python3.10/dist-packages/turtlebot3_msgs/msg/__init__.py
[6.458s] -- Up-to-date: /home/xh339/Desktop/turtlebot_ws/install/turtlebot3_msgs/local/lib/python3.10/dist-packages/turtlebot3_msgs/msg/_version_info.py
[6.458s] -- Up-to-date: /home/xh339/Desktop/turtlebot_ws/install/turtlebot3_msgs/local/lib/python3.10/dist-packages/turtlebot3_msgs/msg/_sound.py
[6.458s] -- Up-to-date: /home/xh339/Desktop/turtlebot_ws/install/turtlebot3_msgs/local/lib/python3.10/dist-packages/turtlebot3_msgs/msg/_version_info_s.c
[6.459s] -- Up-to-date: /home/xh339/Desktop/turtlebot_ws/install/turtlebot3_msgs/local/lib/python3.10/dist-packages/turtlebot3_msgs/msg/_sound_s.c
[6.459s] -- Up-to-date: /home/xh339/Desktop/turtlebot_ws/install/turtlebot3_msgs/local/lib/python3.10/dist-packages/turtlebot3_msgs/msg/_sensor_state_s.c
[6.459s] -- Up-to-date: /home/xh339/Desktop/turtlebot_ws/install/turtlebot3_msgs/local/lib/python3.10/dist-packages/turtlebot3_msgs/msg/_sensor_state.py
[6.459s] -- Up-to-date: /home/xh339/Desktop/turtlebot_ws/install/turtlebot3_msgs/local/lib/python3.10/dist-packages/turtlebot3_msgs/__init__.py
[6.459s] -- Up-to-date: /home/xh339/Desktop/turtlebot_ws/install/turtlebot3_msgs/local/lib/python3.10/dist-packages/turtlebot3_msgs/_turtlebot3_msgs_s.ep.rosidl_typesupport_introspection_c.c
[6.459s] -- Up-to-date: /home/xh339/Desktop/turtlebot_ws/install/turtlebot3_msgs/local/lib/python3.10/dist-packages/turtlebot3_msgs/_turtlebot3_msgs_s.ep.rosidl_typesupport_c.c
[6.460s] -- Up-to-date: /home/xh339/Desktop/turtlebot_ws/install/turtlebot3_msgs/local/lib/python3.10/dist-packages/turtlebot3_msgs/_turtlebot3_msgs_s.ep.rosidl_typesupport_fastrtps_c.c
[6.460s] -- Up-to-date: /home/xh339/Desktop/turtlebot_ws/install/turtlebot3_msgs/local/lib/python3.10/dist-packages/turtlebot3_msgs/libturtlebot3_msgs__rosidl_generator_py.so
[6.460s] -- Up-to-date: /home/xh339/Desktop/turtlebot_ws/install/turtlebot3_msgs/local/lib/python3.10/dist-packages/turtlebot3_msgs/action
[6.460s] -- Up-to-date: /home/xh339/Desktop/turtlebot_ws/install/turtlebot3_msgs/local/lib/python3.10/dist-packages/turtlebot3_msgs/action/__init__.py
[6.460s] -- Up-to-date: /home/xh339/Desktop/turtlebot_ws/install/turtlebot3_msgs/local/lib/python3.10/dist-packages/turtlebot3_msgs/action/_patrol_s.c
[6.460s] -- Up-to-date: /home/xh339/Desktop/turtlebot_ws/install/turtlebot3_msgs/local/lib/python3.10/dist-packages/turtlebot3_msgs/action/_patrol.py
[6.460s] -- Up-to-date: /home/xh339/Desktop/turtlebot_ws/install/turtlebot3_msgs/local/lib/python3.10/dist-packages/turtlebot3_msgs/turtlebot3_msgs_s__rosidl_typesupport_c.cpython-310-x86_64-linux-gnu.so
[6.461s] -- Up-to-date: /home/xh339/Desktop/turtlebot_ws/install/turtlebot3_msgs/local/lib/python3.10/dist-packages/turtlebot3_msgs/turtlebot3_msgs_s__rosidl_typesupport_introspection_c.cpython-310-x86_64-linux-gnu.so
[6.461s] -- Up-to-date: /home/xh339/Desktop/turtlebot_ws/install/turtlebot3_msgs/local/lib/python3.10/dist-packages/turtlebot3_msgs/srv
[6.461s] -- Up-to-date: /home/xh339/Desktop/turtlebot_ws/install/turtlebot3_msgs/local/lib/python3.10/dist-packages/turtlebot3_msgs/srv/__init__.py
[6.461s] -- Up-to-date: /home/xh339/Desktop/turtlebot_ws/install/turtlebot3_msgs/local/lib/python3.10/dist-packages/turtlebot3_msgs/srv/_dqn_s.c
[6.462s] -- Up-to-date: /home/xh339/Desktop/turtlebot_ws/install/turtlebot3_msgs/local/lib/python3.10/dist-packages/turtlebot3_msgs/srv/_sound.py
[6.465s] -- Up-to-date: /home/xh339/Desktop/turtlebot_ws/install/turtlebot3_msgs/local/lib/python3.10/dist-packages/turtlebot3_msgs/srv/_sound_s.c
[6.467s] -- Up-to-date: /home/xh339/Desktop/turtlebot_ws/install/turtlebot3_msgs/local/lib/python3.10/dist-packages/turtlebot3_msgs/srv/_dqn.py
[6.470s] -- Up-to-date: /home/xh339/Desktop/turtlebot_ws/install/turtlebot3_msgs/local/lib/python3.10/dist-packages/turtlebot3_msgs/turtlebot3_msgs_s__rosidl_typesupport_fastrtps_c.cpython-310-x86_64-linux-gnu.so
[6.619s] Listing '/home/xh339/Desktop/turtlebot_ws/install/turtlebot3_msgs/local/lib/python3.10/dist-packages/turtlebot3_msgs'...
[6.620s] Listing '/home/xh339/Desktop/turtlebot_ws/install/turtlebot3_msgs/local/lib/python3.10/dist-packages/turtlebot3_msgs/action'...
[6.620s] Listing '/home/xh339/Desktop/turtlebot_ws/install/turtlebot3_msgs/local/lib/python3.10/dist-packages/turtlebot3_msgs/msg'...
[6.620s] Listing '/home/xh339/Desktop/turtlebot_ws/install/turtlebot3_msgs/local/lib/python3.10/dist-packages/turtlebot3_msgs/srv'...
[6.636s] -- Up-to-date: /home/xh339/Desktop/turtlebot_ws/install/turtlebot3_msgs/local/lib/python3.10/dist-packages/turtlebot3_msgs/turtlebot3_msgs_s__rosidl_typesupport_fastrtps_c.cpython-310-x86_64-linux-gnu.so
[6.637s] -- Up-to-date: /home/xh339/Desktop/turtlebot_ws/install/turtlebot3_msgs/local/lib/python3.10/dist-packages/turtlebot3_msgs/turtlebot3_msgs_s__rosidl_typesupport_introspection_c.cpython-310-x86_64-linux-gnu.so
[6.641s] -- Up-to-date: /home/xh339/Desktop/turtlebot_ws/install/turtlebot3_msgs/local/lib/python3.10/dist-packages/turtlebot3_msgs/turtlebot3_msgs_s__rosidl_typesupport_c.cpython-310-x86_64-linux-gnu.so
[6.641s] -- Up-to-date: /home/xh339/Desktop/turtlebot_ws/install/turtlebot3_msgs/lib/libturtlebot3_msgs__rosidl_generator_py.so
[6.646s] -- Up-to-date: /home/xh339/Desktop/turtlebot_ws/install/turtlebot3_msgs/share/turtlebot3_msgs/msg/SensorState.idl
[6.646s] -- Up-to-date: /home/xh339/Desktop/turtlebot_ws/install/turtlebot3_msgs/share/turtlebot3_msgs/msg/Sound.idl
[6.646s] -- Up-to-date: /home/xh339/Desktop/turtlebot_ws/install/turtlebot3_msgs/share/turtlebot3_msgs/msg/VersionInfo.idl
[6.646s] -- Up-to-date: /home/xh339/Desktop/turtlebot_ws/install/turtlebot3_msgs/share/turtlebot3_msgs/srv/Sound.idl
[6.647s] -- Up-to-date: /home/xh339/Desktop/turtlebot_ws/install/turtlebot3_msgs/share/turtlebot3_msgs/srv/Dqn.idl
[6.647s] -- Up-to-date: /home/xh339/Desktop/turtlebot_ws/install/turtlebot3_msgs/share/turtlebot3_msgs/action/Patrol.idl
[6.647s] -- Up-to-date: /home/xh339/Desktop/turtlebot_ws/install/turtlebot3_msgs/share/turtlebot3_msgs/msg/SensorState.msg
[6.647s] -- Up-to-date: /home/xh339/Desktop/turtlebot_ws/install/turtlebot3_msgs/share/turtlebot3_msgs/msg/Sound.msg
[6.647s] -- Up-to-date: /home/xh339/Desktop/turtlebot_ws/install/turtlebot3_msgs/share/turtlebot3_msgs/msg/VersionInfo.msg
[6.648s] -- Up-to-date: /home/xh339/Desktop/turtlebot_ws/install/turtlebot3_msgs/share/turtlebot3_msgs/srv/Sound.srv
[6.648s] -- Up-to-date: /home/xh339/Desktop/turtlebot_ws/install/turtlebot3_msgs/share/turtlebot3_msgs/srv/Sound_Request.msg
[6.648s] -- Up-to-date: /home/xh339/Desktop/turtlebot_ws/install/turtlebot3_msgs/share/turtlebot3_msgs/srv/Sound_Response.msg
[6.648s] -- Up-to-date: /home/xh339/Desktop/turtlebot_ws/install/turtlebot3_msgs/share/turtlebot3_msgs/srv/Dqn.srv
[6.648s] -- Up-to-date: /home/xh339/Desktop/turtlebot_ws/install/turtlebot3_msgs/share/turtlebot3_msgs/srv/Dqn_Request.msg
[6.649s] -- Up-to-date: /home/xh339/Desktop/turtlebot_ws/install/turtlebot3_msgs/share/turtlebot3_msgs/srv/Dqn_Response.msg
[6.649s] -- Up-to-date: /home/xh339/Desktop/turtlebot_ws/install/turtlebot3_msgs/share/turtlebot3_msgs/action/Patrol.action
[6.649s] -- Up-to-date: /home/xh339/Desktop/turtlebot_ws/install/turtlebot3_msgs/share/ament_index/resource_index/package_run_dependencies/turtlebot3_msgs
[6.649s] -- Up-to-date: /home/xh339/Desktop/turtlebot_ws/install/turtlebot3_msgs/share/ament_index/resource_index/parent_prefix_path/turtlebot3_msgs
[6.649s] -- Up-to-date: /home/xh339/Desktop/turtlebot_ws/install/turtlebot3_msgs/share/turtlebot3_msgs/environment/ament_prefix_path.sh
[6.650s] -- Up-to-date: /home/xh339/Desktop/turtlebot_ws/install/turtlebot3_msgs/share/turtlebot3_msgs/environment/ament_prefix_path.dsv
[6.650s] -- Up-to-date: /home/xh339/Desktop/turtlebot_ws/install/turtlebot3_msgs/share/turtlebot3_msgs/environment/path.sh
[6.650s] -- Up-to-date: /home/xh339/Desktop/turtlebot_ws/install/turtlebot3_msgs/share/turtlebot3_msgs/environment/path.dsv
[6.650s] -- Up-to-date: /home/xh339/Desktop/turtlebot_ws/install/turtlebot3_msgs/share/turtlebot3_msgs/local_setup.bash
[6.664s] -- Up-to-date: /home/xh339/Desktop/turtlebot_ws/install/turtlebot3_msgs/share/turtlebot3_msgs/local_setup.sh
[6.664s] -- Up-to-date: /home/xh339/Desktop/turtlebot_ws/install/turtlebot3_msgs/share/turtlebot3_msgs/local_setup.zsh
[6.680s] -- Up-to-date: /home/xh339/Desktop/turtlebot_ws/install/turtlebot3_msgs/share/turtlebot3_msgs/local_setup.dsv
[6.681s] -- Installing: /home/xh339/Desktop/turtlebot_ws/install/turtlebot3_msgs/share/turtlebot3_msgs/package.dsv
[6.683s] -- Up-to-date: /home/xh339/Desktop/turtlebot_ws/install/turtlebot3_msgs/share/ament_index/resource_index/packages/turtlebot3_msgs
[6.684s] -- Up-to-date: /home/xh339/Desktop/turtlebot_ws/install/turtlebot3_msgs/share/turtlebot3_msgs/cmake/export_turtlebot3_msgs__rosidl_generator_cExport.cmake
[6.685s] -- Up-to-date: /home/xh339/Desktop/turtlebot_ws/install/turtlebot3_msgs/share/turtlebot3_msgs/cmake/export_turtlebot3_msgs__rosidl_generator_cExport-noconfig.cmake
[6.701s] -- Up-to-date: /home/xh339/Desktop/turtlebot_ws/install/turtlebot3_msgs/share/turtlebot3_msgs/cmake/export_turtlebot3_msgs__rosidl_typesupport_fastrtps_cExport.cmake
[6.701s] -- Up-to-date: /home/xh339/Desktop/turtlebot_ws/install/turtlebot3_msgs/share/turtlebot3_msgs/cmake/export_turtlebot3_msgs__rosidl_typesupport_fastrtps_cExport-noconfig.cmake
[6.701s] -- Up-to-date: /home/xh339/Desktop/turtlebot_ws/install/turtlebot3_msgs/share/turtlebot3_msgs/cmake/export_turtlebot3_msgs__rosidl_generator_cppExport.cmake
[6.701s] -- Up-to-date: /home/xh339/Desktop/turtlebot_ws/install/turtlebot3_msgs/share/turtlebot3_msgs/cmake/export_turtlebot3_msgs__rosidl_typesupport_fastrtps_cppExport.cmake
[6.702s] -- Up-to-date: /home/xh339/Desktop/turtlebot_ws/install/turtlebot3_msgs/share/turtlebot3_msgs/cmake/export_turtlebot3_msgs__rosidl_typesupport_fastrtps_cppExport-noconfig.cmake
[6.702s] -- Up-to-date: /home/xh339/Desktop/turtlebot_ws/install/turtlebot3_msgs/share/turtlebot3_msgs/cmake/turtlebot3_msgs__rosidl_typesupport_introspection_cExport.cmake
[6.702s] -- Up-to-date: /home/xh339/Desktop/turtlebot_ws/install/turtlebot3_msgs/share/turtlebot3_msgs/cmake/turtlebot3_msgs__rosidl_typesupport_introspection_cExport-noconfig.cmake
[6.702s] -- Up-to-date: /home/xh339/Desktop/turtlebot_ws/install/turtlebot3_msgs/share/turtlebot3_msgs/cmake/turtlebot3_msgs__rosidl_typesupport_cExport.cmake
[6.702s] -- Up-to-date: /home/xh339/Desktop/turtlebot_ws/install/turtlebot3_msgs/share/turtlebot3_msgs/cmake/turtlebot3_msgs__rosidl_typesupport_cExport-noconfig.cmake
[6.703s] -- Up-to-date: /home/xh339/Desktop/turtlebot_ws/install/turtlebot3_msgs/share/turtlebot3_msgs/cmake/turtlebot3_msgs__rosidl_typesupport_introspection_cppExport.cmake
[6.703s] -- Up-to-date: /home/xh339/Desktop/turtlebot_ws/install/turtlebot3_msgs/share/turtlebot3_msgs/cmake/turtlebot3_msgs__rosidl_typesupport_introspection_cppExport-noconfig.cmake
[6.703s] -- Up-to-date: /home/xh339/Desktop/turtlebot_ws/install/turtlebot3_msgs/share/turtlebot3_msgs/cmake/turtlebot3_msgs__rosidl_typesupport_cppExport.cmake
[6.703s] -- Up-to-date: /home/xh339/Desktop/turtlebot_ws/install/turtlebot3_msgs/share/turtlebot3_msgs/cmake/turtlebot3_msgs__rosidl_typesupport_cppExport-noconfig.cmake
[6.703s] -- Up-to-date: /home/xh339/Desktop/turtlebot_ws/install/turtlebot3_msgs/share/turtlebot3_msgs/cmake/export_turtlebot3_msgs__rosidl_generator_pyExport.cmake
[6.703s] -- Up-to-date: /home/xh339/Desktop/turtlebot_ws/install/turtlebot3_msgs/share/turtlebot3_msgs/cmake/export_turtlebot3_msgs__rosidl_generator_pyExport-noconfig.cmake
[6.704s] -- Up-to-date: /home/xh339/Desktop/turtlebot_ws/install/turtlebot3_msgs/share/turtlebot3_msgs/cmake/rosidl_cmake-extras.cmake
[6.704s] -- Up-to-date: /home/xh339/Desktop/turtlebot_ws/install/turtlebot3_msgs/share/turtlebot3_msgs/cmake/ament_cmake_export_dependencies-extras.cmake
[6.704s] -- Up-to-date: /home/xh339/Desktop/turtlebot_ws/install/turtlebot3_msgs/share/turtlebot3_msgs/cmake/ament_cmake_export_include_directories-extras.cmake
[6.704s] -- Up-to-date: /home/xh339/Desktop/turtlebot_ws/install/turtlebot3_msgs/share/turtlebot3_msgs/cmake/ament_cmake_export_libraries-extras.cmake
[6.705s] -- Up-to-date: /home/xh339/Desktop/turtlebot_ws/install/turtlebot3_msgs/share/turtlebot3_msgs/cmake/ament_cmake_export_targets-extras.cmake
[6.705s] -- Up-to-date: /home/xh339/Desktop/turtlebot_ws/install/turtlebot3_msgs/share/turtlebot3_msgs/cmake/rosidl_cmake_export_typesupport_targets-extras.cmake
[6.706s] -- Up-to-date: /home/xh339/Desktop/turtlebot_ws/install/turtlebot3_msgs/share/turtlebot3_msgs/cmake/rosidl_cmake_export_typesupport_libraries-extras.cmake
[6.706s] -- Up-to-date: /home/xh339/Desktop/turtlebot_ws/install/turtlebot3_msgs/share/turtlebot3_msgs/cmake/turtlebot3_msgsConfig.cmake
[6.706s] -- Up-to-date: /home/xh339/Desktop/turtlebot_ws/install/turtlebot3_msgs/share/turtlebot3_msgs/cmake/turtlebot3_msgsConfig-version.cmake
[6.706s] -- Up-to-date: /home/xh339/Desktop/turtlebot_ws/install/turtlebot3_msgs/share/turtlebot3_msgs/package.xml
[6.707s] Invoked command in '/home/xh339/Desktop/turtlebot_ws/build/turtlebot3_msgs' returned '0': CMAKE_PREFIX_PATH=/home/xh339/Desktop/turtlebot_ws/install/turtlebot3_navigation2:/home/xh339/Desktop/turtlebot_ws/install/turtlebot3_msgs:/home/xh339/Desktop/turtlebot_ws/install/turtlebot3_gazebo:/home/xh339/Desktop/turtlebot_ws/install/turtlebot3_cartographer:/home/xh339/Desktop/turtlebot_ws/install/turtlebot3_teleop:/home/xh339/Desktop/ros2_ws/install/task79_test:/home/xh339/Desktop/ros2_ws/install/task79:/home/xh339/Desktop/ros2_ws/install/aruco_detect:/home/xh339/dev_ws/install/learning_urdf:/home/xh339/dev_ws/install/learning_topic:/home/xh339/dev_ws/install/learning_tf:/home/xh339/dev_ws/install/learning_service:/home/xh339/dev_ws/install/learning_qos:/home/xh339/dev_ws/install/learning_pkg_python:/home/xh339/dev_ws/install/learning_parameter:/home/xh339/dev_ws/install/learning_node:/home/xh339/dev_ws/install/learning_launch:/home/xh339/dev_ws/install/learning_action:/home/xh339/dev_ws/install/learning_gazebo:/opt/ros/humble:/home/xh339/Desktop/turtlebot_ws/install/realsense_ros_gazebo:/home/xh339/Desktop/ros2_ws/install/task79_interfaces:/home/xh339/dev_ws/install/learning_pkg_c:/home/xh339/dev_ws/install/learning_interface /usr/bin/cmake --install /home/xh339/Desktop/turtlebot_ws/build/turtlebot3_msgs
