[2.549s] DEBUG:colcon:Command line arguments: ['/usr/bin/colcon', 'build']
[2.549s] DEBUG:colcon:Parsed command line arguments: Namespace(log_base=None, log_level=None, verb_name='build', build_base='build', install_base='install', merge_install=False, symlink_install=False, test_result_base=None, continue_on_error=False, executor='parallel', parallel_workers=8, event_handlers=None, ignore_user_meta=False, metas=['./colcon.meta'], base_paths=['.'], packages_ignore=None, packages_ignore_regex=None, paths=None, packages_up_to=None, packages_up_to_regex=None, packages_above=None, packages_above_and_dependencies=None, packages_above_depth=None, packages_select_by_dep=None, packages_skip_by_dep=None, packages_skip_up_to=None, packages_select_build_failed=False, packages_skip_build_finished=False, packages_select_test_failures=False, packages_skip_test_passed=False, packages_select=None, packages_skip=None, packages_select_regex=None, packages_skip_regex=None, packages_start=None, packages_end=None, allow_overriding=[], cmake_args=None, cmake_target=None, cmake_target_skip_unavailable=False, cmake_clean_cache=False, cmake_clean_first=False, cmake_force_configure=False, ament_cmake_args=None, catkin_cmake_args=None, catkin_skip_building_tests=False, verb_parser=<colcon_defaults.argument_parser.defaults.DefaultArgumentsDecorator object at 0x7fabf5cf0a00>, verb_extension=<colcon_core.verb.build.BuildVerb object at 0x7fabf5cf1270>, main=<bound method BuildVerb.main of <colcon_core.verb.build.BuildVerb object at 0x7fabf5cf1270>>)
[2.680s] Level 1:colcon.colcon_core.package_discovery:discover_packages(colcon_meta) check parameters
[2.680s] Level 1:colcon.colcon_core.package_discovery:discover_packages(recursive) check parameters
[2.680s] Level 1:colcon.colcon_core.package_discovery:discover_packages(ignore) check parameters
[2.680s] Level 1:colcon.colcon_core.package_discovery:discover_packages(path) check parameters
[2.680s] Level 1:colcon.colcon_core.package_discovery:discover_packages(colcon_meta) discover
[2.680s] Level 1:colcon.colcon_core.package_discovery:discover_packages(recursive) discover
[2.680s] INFO:colcon.colcon_core.package_discovery:Crawling recursively for packages in '/home/xh339/Desktop/turtlebot_ws'
[2.681s] Level 1:colcon.colcon_core.package_identification:_identify(.) by extensions ['ignore', 'ignore_ament_install']
[2.681s] Level 1:colcon.colcon_core.package_identification:_identify(.) by extension 'ignore'
[2.681s] Level 1:colcon.colcon_core.package_identification:_identify(.) by extension 'ignore_ament_install'
[2.681s] Level 1:colcon.colcon_core.package_identification:_identify(.) by extensions ['colcon_pkg']
[2.681s] Level 1:colcon.colcon_core.package_identification:_identify(.) by extension 'colcon_pkg'
[2.681s] Level 1:colcon.colcon_core.package_identification:_identify(.) by extensions ['colcon_meta']
[2.681s] Level 1:colcon.colcon_core.package_identification:_identify(.) by extension 'colcon_meta'
[2.681s] Level 1:colcon.colcon_core.package_identification:_identify(.) by extensions ['ros']
[2.682s] Level 1:colcon.colcon_core.package_identification:_identify(.) by extension 'ros'
[2.707s] Level 1:colcon.colcon_core.package_identification:_identify(.) by extensions ['cmake', 'python']
[2.708s] Level 1:colcon.colcon_core.package_identification:_identify(.) by extension 'cmake'
[2.708s] Level 1:colcon.colcon_core.package_identification:_identify(.) by extension 'python'
[2.708s] Level 1:colcon.colcon_core.package_identification:_identify(.) by extensions ['python_setup_py']
[2.708s] Level 1:colcon.colcon_core.package_identification:_identify(.) by extension 'python_setup_py'
[2.708s] Level 1:colcon.colcon_core.package_identification:_identify(build) by extensions ['ignore', 'ignore_ament_install']
[2.708s] Level 1:colcon.colcon_core.package_identification:_identify(build) by extension 'ignore'
[2.709s] Level 1:colcon.colcon_core.package_identification:_identify(build) ignored
[2.709s] Level 1:colcon.colcon_core.package_identification:_identify(install) by extensions ['ignore', 'ignore_ament_install']
[2.709s] Level 1:colcon.colcon_core.package_identification:_identify(install) by extension 'ignore'
[2.709s] Level 1:colcon.colcon_core.package_identification:_identify(install) ignored
[2.710s] Level 1:colcon.colcon_core.package_identification:_identify(log) by extensions ['ignore', 'ignore_ament_install']
[2.710s] Level 1:colcon.colcon_core.package_identification:_identify(log) by extension 'ignore'
[2.710s] Level 1:colcon.colcon_core.package_identification:_identify(log) ignored
[2.710s] Level 1:colcon.colcon_core.package_identification:_identify(src) by extensions ['ignore', 'ignore_ament_install']
[2.710s] Level 1:colcon.colcon_core.package_identification:_identify(src) by extension 'ignore'
[2.710s] Level 1:colcon.colcon_core.package_identification:_identify(src) by extension 'ignore_ament_install'
[2.711s] Level 1:colcon.colcon_core.package_identification:_identify(src) by extensions ['colcon_pkg']
[2.711s] Level 1:colcon.colcon_core.package_identification:_identify(src) by extension 'colcon_pkg'
[2.711s] Level 1:colcon.colcon_core.package_identification:_identify(src) by extensions ['colcon_meta']
[2.711s] Level 1:colcon.colcon_core.package_identification:_identify(src) by extension 'colcon_meta'
[2.711s] Level 1:colcon.colcon_core.package_identification:_identify(src) by extensions ['ros']
[2.711s] Level 1:colcon.colcon_core.package_identification:_identify(src) by extension 'ros'
[2.711s] Level 1:colcon.colcon_core.package_identification:_identify(src) by extensions ['cmake', 'python']
[2.711s] Level 1:colcon.colcon_core.package_identification:_identify(src) by extension 'cmake'
[2.711s] Level 1:colcon.colcon_core.package_identification:_identify(src) by extension 'python'
[2.712s] Level 1:colcon.colcon_core.package_identification:_identify(src) by extensions ['python_setup_py']
[2.712s] Level 1:colcon.colcon_core.package_identification:_identify(src) by extension 'python_setup_py'
[2.712s] Level 1:colcon.colcon_core.package_identification:_identify(src/turtlebot3_cartographer) by extensions ['ignore', 'ignore_ament_install']
[2.712s] Level 1:colcon.colcon_core.package_identification:_identify(src/turtlebot3_cartographer) by extension 'ignore'
[2.712s] Level 1:colcon.colcon_core.package_identification:_identify(src/turtlebot3_cartographer) by extension 'ignore_ament_install'
[2.712s] Level 1:colcon.colcon_core.package_identification:_identify(src/turtlebot3_cartographer) by extensions ['colcon_pkg']
[2.712s] Level 1:colcon.colcon_core.package_identification:_identify(src/turtlebot3_cartographer) by extension 'colcon_pkg'
[2.712s] Level 1:colcon.colcon_core.package_identification:_identify(src/turtlebot3_cartographer) by extensions ['colcon_meta']
[2.713s] Level 1:colcon.colcon_core.package_identification:_identify(src/turtlebot3_cartographer) by extension 'colcon_meta'
[2.713s] Level 1:colcon.colcon_core.package_identification:_identify(src/turtlebot3_cartographer) by extensions ['ros']
[2.713s] Level 1:colcon.colcon_core.package_identification:_identify(src/turtlebot3_cartographer) by extension 'ros'
[2.718s] DEBUG:colcon.colcon_core.package_identification:Package 'src/turtlebot3_cartographer' with type 'ros.ament_cmake' and name 'turtlebot3_cartographer'
[2.719s] Level 1:colcon.colcon_core.package_identification:_identify(src/turtlebot3_gazebo) by extensions ['ignore', 'ignore_ament_install']
[2.719s] Level 1:colcon.colcon_core.package_identification:_identify(src/turtlebot3_gazebo) by extension 'ignore'
[2.719s] Level 1:colcon.colcon_core.package_identification:_identify(src/turtlebot3_gazebo) by extension 'ignore_ament_install'
[2.719s] Level 1:colcon.colcon_core.package_identification:_identify(src/turtlebot3_gazebo) by extensions ['colcon_pkg']
[2.719s] Level 1:colcon.colcon_core.package_identification:_identify(src/turtlebot3_gazebo) by extension 'colcon_pkg'
[2.719s] Level 1:colcon.colcon_core.package_identification:_identify(src/turtlebot3_gazebo) by extensions ['colcon_meta']
[2.719s] Level 1:colcon.colcon_core.package_identification:_identify(src/turtlebot3_gazebo) by extension 'colcon_meta'
[2.720s] Level 1:colcon.colcon_core.package_identification:_identify(src/turtlebot3_gazebo) by extensions ['ros']
[2.720s] Level 1:colcon.colcon_core.package_identification:_identify(src/turtlebot3_gazebo) by extension 'ros'
[2.722s] DEBUG:colcon.colcon_core.package_identification:Package 'src/turtlebot3_gazebo' with type 'ros.ament_cmake' and name 'turtlebot3_gazebo'
[2.722s] Level 1:colcon.colcon_core.package_identification:_identify(src/turtlebot3_msgs) by extensions ['ignore', 'ignore_ament_install']
[2.723s] Level 1:colcon.colcon_core.package_identification:_identify(src/turtlebot3_msgs) by extension 'ignore'
[2.723s] Level 1:colcon.colcon_core.package_identification:_identify(src/turtlebot3_msgs) by extension 'ignore_ament_install'
[2.723s] Level 1:colcon.colcon_core.package_identification:_identify(src/turtlebot3_msgs) by extensions ['colcon_pkg']
[2.723s] Level 1:colcon.colcon_core.package_identification:_identify(src/turtlebot3_msgs) by extension 'colcon_pkg'
[2.723s] Level 1:colcon.colcon_core.package_identification:_identify(src/turtlebot3_msgs) by extensions ['colcon_meta']
[2.723s] Level 1:colcon.colcon_core.package_identification:_identify(src/turtlebot3_msgs) by extension 'colcon_meta'
[2.723s] Level 1:colcon.colcon_core.package_identification:_identify(src/turtlebot3_msgs) by extensions ['ros']
[2.723s] Level 1:colcon.colcon_core.package_identification:_identify(src/turtlebot3_msgs) by extension 'ros'
[2.725s] DEBUG:colcon.colcon_core.package_identification:Package 'src/turtlebot3_msgs' with type 'ros.ament_cmake' and name 'turtlebot3_msgs'
[2.725s] Level 1:colcon.colcon_core.package_identification:_identify(src/turtlebot3_navigation2) by extensions ['ignore', 'ignore_ament_install']
[2.726s] Level 1:colcon.colcon_core.package_identification:_identify(src/turtlebot3_navigation2) by extension 'ignore'
[2.726s] Level 1:colcon.colcon_core.package_identification:_identify(src/turtlebot3_navigation2) by extension 'ignore_ament_install'
[2.726s] Level 1:colcon.colcon_core.package_identification:_identify(src/turtlebot3_navigation2) by extensions ['colcon_pkg']
[2.726s] Level 1:colcon.colcon_core.package_identification:_identify(src/turtlebot3_navigation2) by extension 'colcon_pkg'
[2.726s] Level 1:colcon.colcon_core.package_identification:_identify(src/turtlebot3_navigation2) by extensions ['colcon_meta']
[2.726s] Level 1:colcon.colcon_core.package_identification:_identify(src/turtlebot3_navigation2) by extension 'colcon_meta'
[2.726s] Level 1:colcon.colcon_core.package_identification:_identify(src/turtlebot3_navigation2) by extensions ['ros']
[2.726s] Level 1:colcon.colcon_core.package_identification:_identify(src/turtlebot3_navigation2) by extension 'ros'
[2.728s] DEBUG:colcon.colcon_core.package_identification:Package 'src/turtlebot3_navigation2' with type 'ros.ament_cmake' and name 'turtlebot3_navigation2'
[2.728s] Level 1:colcon.colcon_core.package_identification:_identify(src/turtlebot3_teleop) by extensions ['ignore', 'ignore_ament_install']
[2.728s] Level 1:colcon.colcon_core.package_identification:_identify(src/turtlebot3_teleop) by extension 'ignore'
[2.728s] Level 1:colcon.colcon_core.package_identification:_identify(src/turtlebot3_teleop) by extension 'ignore_ament_install'
[2.728s] Level 1:colcon.colcon_core.package_identification:_identify(src/turtlebot3_teleop) by extensions ['colcon_pkg']
[2.728s] Level 1:colcon.colcon_core.package_identification:_identify(src/turtlebot3_teleop) by extension 'colcon_pkg'
[2.728s] Level 1:colcon.colcon_core.package_identification:_identify(src/turtlebot3_teleop) by extensions ['colcon_meta']
[2.729s] Level 1:colcon.colcon_core.package_identification:_identify(src/turtlebot3_teleop) by extension 'colcon_meta'
[2.729s] Level 1:colcon.colcon_core.package_identification:_identify(src/turtlebot3_teleop) by extensions ['ros']
[2.729s] Level 1:colcon.colcon_core.package_identification:_identify(src/turtlebot3_teleop) by extension 'ros'
[2.730s] DEBUG:colcon.colcon_core.package_identification:Package 'src/turtlebot3_teleop' with type 'ros.ament_python' and name 'turtlebot3_teleop'
[2.730s] Level 1:colcon.colcon_core.package_discovery:discover_packages(recursive) using defaults
[2.730s] Level 1:colcon.colcon_core.package_discovery:discover_packages(ignore) discover
[2.730s] Level 1:colcon.colcon_core.package_discovery:discover_packages(ignore) using defaults
[2.730s] Level 1:colcon.colcon_core.package_discovery:discover_packages(path) discover
[2.731s] Level 1:colcon.colcon_core.package_discovery:discover_packages(path) using defaults
[2.995s] Level 1:colcon.colcon_core.package_discovery:discover_packages(prefix_path) check parameters
[2.995s] Level 1:colcon.colcon_core.package_discovery:discover_packages(prefix_path) discover
[3.084s] DEBUG:colcon.colcon_installed_package_information.package_discovery:Found 5 installed packages in /home/xh339/Desktop/turtlebot_ws/install
[3.125s] DEBUG:colcon.colcon_installed_package_information.package_discovery:Found 4 installed packages in /home/xh339/Desktop/ros2_ws/install
[3.195s] DEBUG:colcon.colcon_installed_package_information.package_discovery:Found 13 installed packages in /home/xh339/dev_ws/install
[3.236s] DEBUG:colcon.colcon_installed_package_information.package_discovery:Found 274 installed packages in /opt/ros/humble
[3.239s] Level 1:colcon.colcon_core.package_discovery:discover_packages(prefix_path) using defaults
[3.496s] Level 5:colcon.colcon_core.verb:set package 'turtlebot3_cartographer' build argument 'cmake_args' from command line to 'None'
[3.497s] Level 5:colcon.colcon_core.verb:set package 'turtlebot3_cartographer' build argument 'cmake_target' from command line to 'None'
[3.497s] Level 5:colcon.colcon_core.verb:set package 'turtlebot3_cartographer' build argument 'cmake_target_skip_unavailable' from command line to 'False'
[3.497s] Level 5:colcon.colcon_core.verb:set package 'turtlebot3_cartographer' build argument 'cmake_clean_cache' from command line to 'False'
[3.497s] Level 5:colcon.colcon_core.verb:set package 'turtlebot3_cartographer' build argument 'cmake_clean_first' from command line to 'False'
[3.497s] Level 5:colcon.colcon_core.verb:set package 'turtlebot3_cartographer' build argument 'cmake_force_configure' from command line to 'False'
[3.497s] Level 5:colcon.colcon_core.verb:set package 'turtlebot3_cartographer' build argument 'ament_cmake_args' from command line to 'None'
[3.497s] Level 5:colcon.colcon_core.verb:set package 'turtlebot3_cartographer' build argument 'catkin_cmake_args' from command line to 'None'
[3.497s] Level 5:colcon.colcon_core.verb:set package 'turtlebot3_cartographer' build argument 'catkin_skip_building_tests' from command line to 'False'
[3.497s] DEBUG:colcon.colcon_core.verb:Building package 'turtlebot3_cartographer' with the following arguments: {'ament_cmake_args': None, 'build_base': '/home/xh339/Desktop/turtlebot_ws/build/turtlebot3_cartographer', 'catkin_cmake_args': None, 'catkin_skip_building_tests': False, 'cmake_args': None, 'cmake_clean_cache': False, 'cmake_clean_first': False, 'cmake_force_configure': False, 'cmake_target': None, 'cmake_target_skip_unavailable': False, 'install_base': '/home/xh339/Desktop/turtlebot_ws/install/turtlebot3_cartographer', 'merge_install': False, 'path': '/home/xh339/Desktop/turtlebot_ws/src/turtlebot3_cartographer', 'symlink_install': False, 'test_result_base': None}
[3.534s] Level 5:colcon.colcon_core.verb:set package 'turtlebot3_gazebo' build argument 'cmake_args' from command line to 'None'
[3.534s] Level 5:colcon.colcon_core.verb:set package 'turtlebot3_gazebo' build argument 'cmake_target' from command line to 'None'
[3.534s] Level 5:colcon.colcon_core.verb:set package 'turtlebot3_gazebo' build argument 'cmake_target_skip_unavailable' from command line to 'False'
[3.534s] Level 5:colcon.colcon_core.verb:set package 'turtlebot3_gazebo' build argument 'cmake_clean_cache' from command line to 'False'
[3.534s] Level 5:colcon.colcon_core.verb:set package 'turtlebot3_gazebo' build argument 'cmake_clean_first' from command line to 'False'
[3.534s] Level 5:colcon.colcon_core.verb:set package 'turtlebot3_gazebo' build argument 'cmake_force_configure' from command line to 'False'
[3.534s] Level 5:colcon.colcon_core.verb:set package 'turtlebot3_gazebo' build argument 'ament_cmake_args' from command line to 'None'
[3.535s] Level 5:colcon.colcon_core.verb:set package 'turtlebot3_gazebo' build argument 'catkin_cmake_args' from command line to 'None'
[3.535s] Level 5:colcon.colcon_core.verb:set package 'turtlebot3_gazebo' build argument 'catkin_skip_building_tests' from command line to 'False'
[3.535s] DEBUG:colcon.colcon_core.verb:Building package 'turtlebot3_gazebo' with the following arguments: {'ament_cmake_args': None, 'build_base': '/home/xh339/Desktop/turtlebot_ws/build/turtlebot3_gazebo', 'catkin_cmake_args': None, 'catkin_skip_building_tests': False, 'cmake_args': None, 'cmake_clean_cache': False, 'cmake_clean_first': False, 'cmake_force_configure': False, 'cmake_target': None, 'cmake_target_skip_unavailable': False, 'install_base': '/home/xh339/Desktop/turtlebot_ws/install/turtlebot3_gazebo', 'merge_install': False, 'path': '/home/xh339/Desktop/turtlebot_ws/src/turtlebot3_gazebo', 'symlink_install': False, 'test_result_base': None}
[3.572s] Level 5:colcon.colcon_core.verb:set package 'turtlebot3_msgs' build argument 'cmake_args' from command line to 'None'
[3.572s] Level 5:colcon.colcon_core.verb:set package 'turtlebot3_msgs' build argument 'cmake_target' from command line to 'None'
[3.572s] Level 5:colcon.colcon_core.verb:set package 'turtlebot3_msgs' build argument 'cmake_target_skip_unavailable' from command line to 'False'
[3.572s] Level 5:colcon.colcon_core.verb:set package 'turtlebot3_msgs' build argument 'cmake_clean_cache' from command line to 'False'
[3.572s] Level 5:colcon.colcon_core.verb:set package 'turtlebot3_msgs' build argument 'cmake_clean_first' from command line to 'False'
[3.573s] Level 5:colcon.colcon_core.verb:set package 'turtlebot3_msgs' build argument 'cmake_force_configure' from command line to 'False'
[3.573s] Level 5:colcon.colcon_core.verb:set package 'turtlebot3_msgs' build argument 'ament_cmake_args' from command line to 'None'
[3.573s] Level 5:colcon.colcon_core.verb:set package 'turtlebot3_msgs' build argument 'catkin_cmake_args' from command line to 'None'
[3.573s] Level 5:colcon.colcon_core.verb:set package 'turtlebot3_msgs' build argument 'catkin_skip_building_tests' from command line to 'False'
[3.573s] DEBUG:colcon.colcon_core.verb:Building package 'turtlebot3_msgs' with the following arguments: {'ament_cmake_args': None, 'build_base': '/home/xh339/Desktop/turtlebot_ws/build/turtlebot3_msgs', 'catkin_cmake_args': None, 'catkin_skip_building_tests': False, 'cmake_args': None, 'cmake_clean_cache': False, 'cmake_clean_first': False, 'cmake_force_configure': False, 'cmake_target': None, 'cmake_target_skip_unavailable': False, 'install_base': '/home/xh339/Desktop/turtlebot_ws/install/turtlebot3_msgs', 'merge_install': False, 'path': '/home/xh339/Desktop/turtlebot_ws/src/turtlebot3_msgs', 'symlink_install': False, 'test_result_base': None}
[3.610s] Level 5:colcon.colcon_core.verb:set package 'turtlebot3_navigation2' build argument 'cmake_args' from command line to 'None'
[3.611s] Level 5:colcon.colcon_core.verb:set package 'turtlebot3_navigation2' build argument 'cmake_target' from command line to 'None'
[3.611s] Level 5:colcon.colcon_core.verb:set package 'turtlebot3_navigation2' build argument 'cmake_target_skip_unavailable' from command line to 'False'
[3.611s] Level 5:colcon.colcon_core.verb:set package 'turtlebot3_navigation2' build argument 'cmake_clean_cache' from command line to 'False'
[3.611s] Level 5:colcon.colcon_core.verb:set package 'turtlebot3_navigation2' build argument 'cmake_clean_first' from command line to 'False'
[3.611s] Level 5:colcon.colcon_core.verb:set package 'turtlebot3_navigation2' build argument 'cmake_force_configure' from command line to 'False'
[3.611s] Level 5:colcon.colcon_core.verb:set package 'turtlebot3_navigation2' build argument 'ament_cmake_args' from command line to 'None'
[3.611s] Level 5:colcon.colcon_core.verb:set package 'turtlebot3_navigation2' build argument 'catkin_cmake_args' from command line to 'None'
[3.611s] Level 5:colcon.colcon_core.verb:set package 'turtlebot3_navigation2' build argument 'catkin_skip_building_tests' from command line to 'False'
[3.611s] DEBUG:colcon.colcon_core.verb:Building package 'turtlebot3_navigation2' with the following arguments: {'ament_cmake_args': None, 'build_base': '/home/xh339/Desktop/turtlebot_ws/build/turtlebot3_navigation2', 'catkin_cmake_args': None, 'catkin_skip_building_tests': False, 'cmake_args': None, 'cmake_clean_cache': False, 'cmake_clean_first': False, 'cmake_force_configure': False, 'cmake_target': None, 'cmake_target_skip_unavailable': False, 'install_base': '/home/xh339/Desktop/turtlebot_ws/install/turtlebot3_navigation2', 'merge_install': False, 'path': '/home/xh339/Desktop/turtlebot_ws/src/turtlebot3_navigation2', 'symlink_install': False, 'test_result_base': None}
[3.650s] Level 5:colcon.colcon_core.verb:set package 'turtlebot3_teleop' build argument 'cmake_args' from command line to 'None'
[3.650s] Level 5:colcon.colcon_core.verb:set package 'turtlebot3_teleop' build argument 'cmake_target' from command line to 'None'
[3.650s] Level 5:colcon.colcon_core.verb:set package 'turtlebot3_teleop' build argument 'cmake_target_skip_unavailable' from command line to 'False'
[3.650s] Level 5:colcon.colcon_core.verb:set package 'turtlebot3_teleop' build argument 'cmake_clean_cache' from command line to 'False'
[3.650s] Level 5:colcon.colcon_core.verb:set package 'turtlebot3_teleop' build argument 'cmake_clean_first' from command line to 'False'
[3.650s] Level 5:colcon.colcon_core.verb:set package 'turtlebot3_teleop' build argument 'cmake_force_configure' from command line to 'False'
[3.650s] Level 5:colcon.colcon_core.verb:set package 'turtlebot3_teleop' build argument 'ament_cmake_args' from command line to 'None'
[3.650s] Level 5:colcon.colcon_core.verb:set package 'turtlebot3_teleop' build argument 'catkin_cmake_args' from command line to 'None'
[3.650s] Level 5:colcon.colcon_core.verb:set package 'turtlebot3_teleop' build argument 'catkin_skip_building_tests' from command line to 'False'
[3.651s] DEBUG:colcon.colcon_core.verb:Building package 'turtlebot3_teleop' with the following arguments: {'ament_cmake_args': None, 'build_base': '/home/xh339/Desktop/turtlebot_ws/build/turtlebot3_teleop', 'catkin_cmake_args': None, 'catkin_skip_building_tests': False, 'cmake_args': None, 'cmake_clean_cache': False, 'cmake_clean_first': False, 'cmake_force_configure': False, 'cmake_target': None, 'cmake_target_skip_unavailable': False, 'install_base': '/home/xh339/Desktop/turtlebot_ws/install/turtlebot3_teleop', 'merge_install': False, 'path': '/home/xh339/Desktop/turtlebot_ws/src/turtlebot3_teleop', 'symlink_install': False, 'test_result_base': None}
[3.687s] INFO:colcon.colcon_core.executor:Executing jobs using 'parallel' executor
[3.726s] DEBUG:colcon.colcon_parallel_executor.executor.parallel:run_until_complete
[3.726s] INFO:colcon.colcon_ros.task.ament_cmake.build:Building ROS package in '/home/xh339/Desktop/turtlebot_ws/src/turtlebot3_cartographer' with build type 'ament_cmake'
[3.727s] INFO:colcon.colcon_cmake.task.cmake.build:Building CMake package in '/home/xh339/Desktop/turtlebot_ws/src/turtlebot3_cartographer'
[3.788s] INFO:colcon.colcon_core.plugin_system:Skipping extension 'colcon_core.shell.bat': Not used on non-Windows systems
[3.788s] INFO:colcon.colcon_core.shell:Skip shell extension 'powershell' for command environment: Not usable outside of PowerShell
[3.789s] DEBUG:colcon.colcon_core.shell:Skip shell extension 'dsv' for command environment
[3.966s] INFO:colcon.colcon_ros.task.ament_cmake.build:Building ROS package in '/home/xh339/Desktop/turtlebot_ws/src/turtlebot3_gazebo' with build type 'ament_cmake'
[3.967s] INFO:colcon.colcon_cmake.task.cmake.build:Building CMake package in '/home/xh339/Desktop/turtlebot_ws/src/turtlebot3_gazebo'
[4.008s] INFO:colcon.colcon_core.shell:Skip shell extension 'powershell' for command environment: Not usable outside of PowerShell
[4.008s] DEBUG:colcon.colcon_core.shell:Skip shell extension 'dsv' for command environment
[4.188s] INFO:colcon.colcon_ros.task.ament_cmake.build:Building ROS package in '/home/xh339/Desktop/turtlebot_ws/src/turtlebot3_msgs' with build type 'ament_cmake'
[4.188s] INFO:colcon.colcon_cmake.task.cmake.build:Building CMake package in '/home/xh339/Desktop/turtlebot_ws/src/turtlebot3_msgs'
[4.266s] INFO:colcon.colcon_core.shell:Skip shell extension 'powershell' for command environment: Not usable outside of PowerShell
[4.266s] DEBUG:colcon.colcon_core.shell:Skip shell extension 'dsv' for command environment
[4.455s] INFO:colcon.colcon_ros.task.ament_cmake.build:Building ROS package in '/home/xh339/Desktop/turtlebot_ws/src/turtlebot3_navigation2' with build type 'ament_cmake'
[4.455s] INFO:colcon.colcon_cmake.task.cmake.build:Building CMake package in '/home/xh339/Desktop/turtlebot_ws/src/turtlebot3_navigation2'
[4.482s] INFO:colcon.colcon_core.shell:Skip shell extension 'powershell' for command environment: Not usable outside of PowerShell
[4.482s] DEBUG:colcon.colcon_core.shell:Skip shell extension 'dsv' for command environment
[4.654s] INFO:colcon.colcon_ros.task.ament_python.build:Building ROS package in '/home/xh339/Desktop/turtlebot_ws/src/turtlebot3_teleop' with build type 'ament_python'
[4.654s] Level 1:colcon.colcon_core.shell:create_environment_hook('turtlebot3_teleop', 'ament_prefix_path')
[4.694s] INFO:colcon.colcon_core.shell:Creating environment hook '/home/xh339/Desktop/turtlebot_ws/install/turtlebot3_teleop/share/turtlebot3_teleop/hook/ament_prefix_path.ps1'
[4.696s] INFO:colcon.colcon_core.shell:Creating environment descriptor '/home/xh339/Desktop/turtlebot_ws/install/turtlebot3_teleop/share/turtlebot3_teleop/hook/ament_prefix_path.dsv'
[4.697s] INFO:colcon.colcon_core.shell:Creating environment hook '/home/xh339/Desktop/turtlebot_ws/install/turtlebot3_teleop/share/turtlebot3_teleop/hook/ament_prefix_path.sh'
[4.724s] INFO:colcon.colcon_core.shell:Skip shell extension 'powershell' for command environment: Not usable outside of PowerShell
[4.724s] DEBUG:colcon.colcon_core.shell:Skip shell extension 'dsv' for command environment
[4.912s] DEBUG:colcon.colcon_core.event_handler.log_command:Invoking command in '/home/xh339/Desktop/turtlebot_ws/build/turtlebot3_cartographer': CMAKE_PREFIX_PATH=${CMAKE_PREFIX_PATH}:/home/xh339/Desktop/turtlebot_ws/install/turtlebot3_teleop:/home/xh339/Desktop/ros2_ws/install/task79_test:/home/xh339/Desktop/ros2_ws/install/task79:/home/xh339/Desktop/ros2_ws/install/aruco_detect:/home/xh339/dev_ws/install/learning_urdf:/home/xh339/dev_ws/install/learning_topic:/home/xh339/dev_ws/install/learning_tf:/home/xh339/dev_ws/install/learning_service:/home/xh339/dev_ws/install/learning_qos:/home/xh339/dev_ws/install/learning_pkg_python:/home/xh339/dev_ws/install/learning_parameter:/home/xh339/dev_ws/install/learning_node:/home/xh339/dev_ws/install/learning_launch:/home/xh339/dev_ws/install/learning_action:/home/xh339/dev_ws/install/learning_gazebo:/opt/ros/humble /usr/bin/cmake --build /home/xh339/Desktop/turtlebot_ws/build/turtlebot3_cartographer -- -j8 -l8
[4.921s] DEBUG:colcon.colcon_core.event_handler.log_command:Invoking command in '/home/xh339/Desktop/turtlebot_ws/build/turtlebot3_gazebo': CMAKE_PREFIX_PATH=${CMAKE_PREFIX_PATH}:/home/xh339/Desktop/turtlebot_ws/install/turtlebot3_teleop:/home/xh339/Desktop/ros2_ws/install/task79_test:/home/xh339/Desktop/ros2_ws/install/task79:/home/xh339/Desktop/ros2_ws/install/aruco_detect:/home/xh339/dev_ws/install/learning_urdf:/home/xh339/dev_ws/install/learning_topic:/home/xh339/dev_ws/install/learning_tf:/home/xh339/dev_ws/install/learning_service:/home/xh339/dev_ws/install/learning_qos:/home/xh339/dev_ws/install/learning_pkg_python:/home/xh339/dev_ws/install/learning_parameter:/home/xh339/dev_ws/install/learning_node:/home/xh339/dev_ws/install/learning_launch:/home/xh339/dev_ws/install/learning_action:/home/xh339/dev_ws/install/learning_gazebo:/opt/ros/humble /usr/bin/cmake --build /home/xh339/Desktop/turtlebot_ws/build/turtlebot3_gazebo -- -j8 -l8
[4.927s] DEBUG:colcon.colcon_core.event_handler.log_command:Invoking command in '/home/xh339/Desktop/turtlebot_ws/build/turtlebot3_msgs': CMAKE_PREFIX_PATH=${CMAKE_PREFIX_PATH}:/home/xh339/Desktop/turtlebot_ws/install/turtlebot3_teleop:/home/xh339/Desktop/ros2_ws/install/task79_test:/home/xh339/Desktop/ros2_ws/install/task79:/home/xh339/Desktop/ros2_ws/install/aruco_detect:/home/xh339/dev_ws/install/learning_urdf:/home/xh339/dev_ws/install/learning_topic:/home/xh339/dev_ws/install/learning_tf:/home/xh339/dev_ws/install/learning_service:/home/xh339/dev_ws/install/learning_qos:/home/xh339/dev_ws/install/learning_pkg_python:/home/xh339/dev_ws/install/learning_parameter:/home/xh339/dev_ws/install/learning_node:/home/xh339/dev_ws/install/learning_launch:/home/xh339/dev_ws/install/learning_action:/home/xh339/dev_ws/install/learning_gazebo:/opt/ros/humble /usr/bin/cmake --build /home/xh339/Desktop/turtlebot_ws/build/turtlebot3_msgs -- -j8 -l8
[4.936s] DEBUG:colcon.colcon_core.event_handler.log_command:Invoking command in '/home/xh339/Desktop/turtlebot_ws/build/turtlebot3_navigation2': CMAKE_PREFIX_PATH=${CMAKE_PREFIX_PATH}:/home/xh339/Desktop/turtlebot_ws/install/turtlebot3_teleop:/home/xh339/Desktop/ros2_ws/install/task79_test:/home/xh339/Desktop/ros2_ws/install/task79:/home/xh339/Desktop/ros2_ws/install/aruco_detect:/home/xh339/dev_ws/install/learning_urdf:/home/xh339/dev_ws/install/learning_topic:/home/xh339/dev_ws/install/learning_tf:/home/xh339/dev_ws/install/learning_service:/home/xh339/dev_ws/install/learning_qos:/home/xh339/dev_ws/install/learning_pkg_python:/home/xh339/dev_ws/install/learning_parameter:/home/xh339/dev_ws/install/learning_node:/home/xh339/dev_ws/install/learning_launch:/home/xh339/dev_ws/install/learning_action:/home/xh339/dev_ws/install/learning_gazebo:/opt/ros/humble /usr/bin/cmake --build /home/xh339/Desktop/turtlebot_ws/build/turtlebot3_navigation2 -- -j8 -l8
[5.921s] INFO:colcon.colcon_core.task.python.build:Building Python package in '/home/xh339/Desktop/turtlebot_ws/src/turtlebot3_teleop'
[5.961s] INFO:colcon.colcon_core.shell:Skip shell extension 'powershell' for command environment: Not usable outside of PowerShell
[5.962s] DEBUG:colcon.colcon_core.shell:Skip shell extension 'dsv' for command environment
[6.223s] DEBUG:colcon.colcon_core.event_handler.log_command:Invoked command in '/home/xh339/Desktop/turtlebot_ws/build/turtlebot3_navigation2' returned '0': CMAKE_PREFIX_PATH=${CMAKE_PREFIX_PATH}:/home/xh339/Desktop/turtlebot_ws/install/turtlebot3_teleop:/home/xh339/Desktop/ros2_ws/install/task79_test:/home/xh339/Desktop/ros2_ws/install/task79:/home/xh339/Desktop/ros2_ws/install/aruco_detect:/home/xh339/dev_ws/install/learning_urdf:/home/xh339/dev_ws/install/learning_topic:/home/xh339/dev_ws/install/learning_tf:/home/xh339/dev_ws/install/learning_service:/home/xh339/dev_ws/install/learning_qos:/home/xh339/dev_ws/install/learning_pkg_python:/home/xh339/dev_ws/install/learning_parameter:/home/xh339/dev_ws/install/learning_node:/home/xh339/dev_ws/install/learning_launch:/home/xh339/dev_ws/install/learning_action:/home/xh339/dev_ws/install/learning_gazebo:/opt/ros/humble /usr/bin/cmake --build /home/xh339/Desktop/turtlebot_ws/build/turtlebot3_navigation2 -- -j8 -l8
[6.238s] DEBUG:colcon.colcon_core.event_handler.log_command:Invoked command in '/home/xh339/Desktop/turtlebot_ws/build/turtlebot3_cartographer' returned '0': CMAKE_PREFIX_PATH=${CMAKE_PREFIX_PATH}:/home/xh339/Desktop/turtlebot_ws/install/turtlebot3_teleop:/home/xh339/Desktop/ros2_ws/install/task79_test:/home/xh339/Desktop/ros2_ws/install/task79:/home/xh339/Desktop/ros2_ws/install/aruco_detect:/home/xh339/dev_ws/install/learning_urdf:/home/xh339/dev_ws/install/learning_topic:/home/xh339/dev_ws/install/learning_tf:/home/xh339/dev_ws/install/learning_service:/home/xh339/dev_ws/install/learning_qos:/home/xh339/dev_ws/install/learning_pkg_python:/home/xh339/dev_ws/install/learning_parameter:/home/xh339/dev_ws/install/learning_node:/home/xh339/dev_ws/install/learning_launch:/home/xh339/dev_ws/install/learning_action:/home/xh339/dev_ws/install/learning_gazebo:/opt/ros/humble /usr/bin/cmake --build /home/xh339/Desktop/turtlebot_ws/build/turtlebot3_cartographer -- -j8 -l8
[6.254s] DEBUG:colcon.colcon_core.event_handler.log_command:Invoked command in '/home/xh339/Desktop/turtlebot_ws/build/turtlebot3_gazebo' returned '2': CMAKE_PREFIX_PATH=${CMAKE_PREFIX_PATH}:/home/xh339/Desktop/turtlebot_ws/install/turtlebot3_teleop:/home/xh339/Desktop/ros2_ws/install/task79_test:/home/xh339/Desktop/ros2_ws/install/task79:/home/xh339/Desktop/ros2_ws/install/aruco_detect:/home/xh339/dev_ws/install/learning_urdf:/home/xh339/dev_ws/install/learning_topic:/home/xh339/dev_ws/install/learning_tf:/home/xh339/dev_ws/install/learning_service:/home/xh339/dev_ws/install/learning_qos:/home/xh339/dev_ws/install/learning_pkg_python:/home/xh339/dev_ws/install/learning_parameter:/home/xh339/dev_ws/install/learning_node:/home/xh339/dev_ws/install/learning_launch:/home/xh339/dev_ws/install/learning_action:/home/xh339/dev_ws/install/learning_gazebo:/opt/ros/humble /usr/bin/cmake --build /home/xh339/Desktop/turtlebot_ws/build/turtlebot3_gazebo -- -j8 -l8
[6.290s] DEBUG:colcon.colcon_core.event_handler.log_command:Invoked command in '/home/xh339/Desktop/turtlebot_ws/build/turtlebot3_msgs' returned '0': CMAKE_PREFIX_PATH=${CMAKE_PREFIX_PATH}:/home/xh339/Desktop/turtlebot_ws/install/turtlebot3_teleop:/home/xh339/Desktop/ros2_ws/install/task79_test:/home/xh339/Desktop/ros2_ws/install/task79:/home/xh339/Desktop/ros2_ws/install/aruco_detect:/home/xh339/dev_ws/install/learning_urdf:/home/xh339/dev_ws/install/learning_topic:/home/xh339/dev_ws/install/learning_tf:/home/xh339/dev_ws/install/learning_service:/home/xh339/dev_ws/install/learning_qos:/home/xh339/dev_ws/install/learning_pkg_python:/home/xh339/dev_ws/install/learning_parameter:/home/xh339/dev_ws/install/learning_node:/home/xh339/dev_ws/install/learning_launch:/home/xh339/dev_ws/install/learning_action:/home/xh339/dev_ws/install/learning_gazebo:/opt/ros/humble /usr/bin/cmake --build /home/xh339/Desktop/turtlebot_ws/build/turtlebot3_msgs -- -j8 -l8
[6.411s] DEBUG:colcon.colcon_core.event_handler.log_command:Invoking command in '/home/xh339/Desktop/turtlebot_ws/build/turtlebot3_navigation2': CMAKE_PREFIX_PATH=${CMAKE_PREFIX_PATH}:/home/xh339/Desktop/turtlebot_ws/install/turtlebot3_teleop:/home/xh339/Desktop/ros2_ws/install/task79_test:/home/xh339/Desktop/ros2_ws/install/task79:/home/xh339/Desktop/ros2_ws/install/aruco_detect:/home/xh339/dev_ws/install/learning_urdf:/home/xh339/dev_ws/install/learning_topic:/home/xh339/dev_ws/install/learning_tf:/home/xh339/dev_ws/install/learning_service:/home/xh339/dev_ws/install/learning_qos:/home/xh339/dev_ws/install/learning_pkg_python:/home/xh339/dev_ws/install/learning_parameter:/home/xh339/dev_ws/install/learning_node:/home/xh339/dev_ws/install/learning_launch:/home/xh339/dev_ws/install/learning_action:/home/xh339/dev_ws/install/learning_gazebo:/opt/ros/humble /usr/bin/cmake --install /home/xh339/Desktop/turtlebot_ws/build/turtlebot3_navigation2
[6.420s] DEBUG:colcon.colcon_core.event_handler.log_command:Invoking command in '/home/xh339/Desktop/turtlebot_ws/build/turtlebot3_cartographer': CMAKE_PREFIX_PATH=${CMAKE_PREFIX_PATH}:/home/xh339/Desktop/turtlebot_ws/install/turtlebot3_teleop:/home/xh339/Desktop/ros2_ws/install/task79_test:/home/xh339/Desktop/ros2_ws/install/task79:/home/xh339/Desktop/ros2_ws/install/aruco_detect:/home/xh339/dev_ws/install/learning_urdf:/home/xh339/dev_ws/install/learning_topic:/home/xh339/dev_ws/install/learning_tf:/home/xh339/dev_ws/install/learning_service:/home/xh339/dev_ws/install/learning_qos:/home/xh339/dev_ws/install/learning_pkg_python:/home/xh339/dev_ws/install/learning_parameter:/home/xh339/dev_ws/install/learning_node:/home/xh339/dev_ws/install/learning_launch:/home/xh339/dev_ws/install/learning_action:/home/xh339/dev_ws/install/learning_gazebo:/opt/ros/humble /usr/bin/cmake --install /home/xh339/Desktop/turtlebot_ws/build/turtlebot3_cartographer
[6.458s] Level 1:colcon.colcon_core.environment:create_environment_scripts_only(turtlebot3_cartographer)
[6.485s] DEBUG:colcon.colcon_core.event_handler.log_command:Invoked command in '/home/xh339/Desktop/turtlebot_ws/build/turtlebot3_cartographer' returned '0': CMAKE_PREFIX_PATH=${CMAKE_PREFIX_PATH}:/home/xh339/Desktop/turtlebot_ws/install/turtlebot3_teleop:/home/xh339/Desktop/ros2_ws/install/task79_test:/home/xh339/Desktop/ros2_ws/install/task79:/home/xh339/Desktop/ros2_ws/install/aruco_detect:/home/xh339/dev_ws/install/learning_urdf:/home/xh339/dev_ws/install/learning_topic:/home/xh339/dev_ws/install/learning_tf:/home/xh339/dev_ws/install/learning_service:/home/xh339/dev_ws/install/learning_qos:/home/xh339/dev_ws/install/learning_pkg_python:/home/xh339/dev_ws/install/learning_parameter:/home/xh339/dev_ws/install/learning_node:/home/xh339/dev_ws/install/learning_launch:/home/xh339/dev_ws/install/learning_action:/home/xh339/dev_ws/install/learning_gazebo:/opt/ros/humble /usr/bin/cmake --install /home/xh339/Desktop/turtlebot_ws/build/turtlebot3_cartographer
[6.563s] Level 1:colcon.colcon_core.environment:checking '/home/xh339/Desktop/turtlebot_ws/install/turtlebot3_cartographer' for CMake module files
[6.565s] Level 1:colcon.colcon_core.environment:checking '/home/xh339/Desktop/turtlebot_ws/install/turtlebot3_cartographer' for CMake config files
[6.565s] Level 1:colcon.colcon_core.shell:create_environment_hook('turtlebot3_cartographer', 'cmake_prefix_path')
[6.615s] INFO:colcon.colcon_core.shell:Creating environment hook '/home/xh339/Desktop/turtlebot_ws/install/turtlebot3_cartographer/share/turtlebot3_cartographer/hook/cmake_prefix_path.ps1'
[6.616s] INFO:colcon.colcon_core.shell:Creating environment descriptor '/home/xh339/Desktop/turtlebot_ws/install/turtlebot3_cartographer/share/turtlebot3_cartographer/hook/cmake_prefix_path.dsv'
[6.618s] INFO:colcon.colcon_core.shell:Creating environment hook '/home/xh339/Desktop/turtlebot_ws/install/turtlebot3_cartographer/share/turtlebot3_cartographer/hook/cmake_prefix_path.sh'
[6.620s] Level 1:colcon.colcon_core.environment:checking '/home/xh339/Desktop/turtlebot_ws/install/turtlebot3_cartographer/bin'
[6.620s] Level 1:colcon.colcon_core.environment:checking '/home/xh339/Desktop/turtlebot_ws/install/turtlebot3_cartographer/lib/pkgconfig/turtlebot3_cartographer.pc'
[6.621s] Level 1:colcon.colcon_core.environment:checking '/home/xh339/Desktop/turtlebot_ws/install/turtlebot3_cartographer/lib/python3.10/site-packages'
[6.622s] Level 1:colcon.colcon_core.environment:checking '/home/xh339/Desktop/turtlebot_ws/install/turtlebot3_cartographer/bin'
[6.672s] INFO:colcon.colcon_core.shell:Creating package script '/home/xh339/Desktop/turtlebot_ws/install/turtlebot3_cartographer/share/turtlebot3_cartographer/package.ps1'
[6.674s] INFO:colcon.colcon_core.shell:Creating package descriptor '/home/xh339/Desktop/turtlebot_ws/install/turtlebot3_cartographer/share/turtlebot3_cartographer/package.dsv'
[6.676s] INFO:colcon.colcon_core.shell:Creating package script '/home/xh339/Desktop/turtlebot_ws/install/turtlebot3_cartographer/share/turtlebot3_cartographer/package.sh'
[6.678s] INFO:colcon.colcon_core.shell:Creating package script '/home/xh339/Desktop/turtlebot_ws/install/turtlebot3_cartographer/share/turtlebot3_cartographer/package.bash'
[6.681s] INFO:colcon.colcon_core.shell:Creating package script '/home/xh339/Desktop/turtlebot_ws/install/turtlebot3_cartographer/share/turtlebot3_cartographer/package.zsh'
[6.683s] Level 1:colcon.colcon_core.environment:create_file_with_runtime_dependencies(/home/xh339/Desktop/turtlebot_ws/install/turtlebot3_cartographer/share/colcon-core/packages/turtlebot3_cartographer)
[6.702s] Level 1:colcon.colcon_core.environment:create_environment_scripts_only(turtlebot3_navigation2)
[6.710s] DEBUG:colcon.colcon_core.event_handler.log_command:Invoked command in '/home/xh339/Desktop/turtlebot_ws/build/turtlebot3_navigation2' returned '0': CMAKE_PREFIX_PATH=${CMAKE_PREFIX_PATH}:/home/xh339/Desktop/turtlebot_ws/install/turtlebot3_teleop:/home/xh339/Desktop/ros2_ws/install/task79_test:/home/xh339/Desktop/ros2_ws/install/task79:/home/xh339/Desktop/ros2_ws/install/aruco_detect:/home/xh339/dev_ws/install/learning_urdf:/home/xh339/dev_ws/install/learning_topic:/home/xh339/dev_ws/install/learning_tf:/home/xh339/dev_ws/install/learning_service:/home/xh339/dev_ws/install/learning_qos:/home/xh339/dev_ws/install/learning_pkg_python:/home/xh339/dev_ws/install/learning_parameter:/home/xh339/dev_ws/install/learning_node:/home/xh339/dev_ws/install/learning_launch:/home/xh339/dev_ws/install/learning_action:/home/xh339/dev_ws/install/learning_gazebo:/opt/ros/humble /usr/bin/cmake --install /home/xh339/Desktop/turtlebot_ws/build/turtlebot3_navigation2
[6.753s] Level 1:colcon.colcon_core.environment:checking '/home/xh339/Desktop/turtlebot_ws/install/turtlebot3_navigation2' for CMake module files
[6.755s] Level 1:colcon.colcon_core.environment:checking '/home/xh339/Desktop/turtlebot_ws/install/turtlebot3_navigation2' for CMake config files
[6.755s] Level 1:colcon.colcon_core.shell:create_environment_hook('turtlebot3_navigation2', 'cmake_prefix_path')
[6.802s] INFO:colcon.colcon_core.shell:Creating environment hook '/home/xh339/Desktop/turtlebot_ws/install/turtlebot3_navigation2/share/turtlebot3_navigation2/hook/cmake_prefix_path.ps1'
[6.803s] INFO:colcon.colcon_core.shell:Creating environment descriptor '/home/xh339/Desktop/turtlebot_ws/install/turtlebot3_navigation2/share/turtlebot3_navigation2/hook/cmake_prefix_path.dsv'
[6.804s] INFO:colcon.colcon_core.shell:Creating environment hook '/home/xh339/Desktop/turtlebot_ws/install/turtlebot3_navigation2/share/turtlebot3_navigation2/hook/cmake_prefix_path.sh'
[6.805s] Level 1:colcon.colcon_core.environment:checking '/home/xh339/Desktop/turtlebot_ws/install/turtlebot3_navigation2/bin'
[6.805s] Level 1:colcon.colcon_core.environment:checking '/home/xh339/Desktop/turtlebot_ws/install/turtlebot3_navigation2/lib/pkgconfig/turtlebot3_navigation2.pc'
[6.806s] Level 1:colcon.colcon_core.environment:checking '/home/xh339/Desktop/turtlebot_ws/install/turtlebot3_navigation2/lib/python3.10/site-packages'
[6.806s] Level 1:colcon.colcon_core.environment:checking '/home/xh339/Desktop/turtlebot_ws/install/turtlebot3_navigation2/bin'
[6.878s] INFO:colcon.colcon_core.shell:Creating package script '/home/xh339/Desktop/turtlebot_ws/install/turtlebot3_navigation2/share/turtlebot3_navigation2/package.ps1'
[6.880s] INFO:colcon.colcon_core.shell:Creating package descriptor '/home/xh339/Desktop/turtlebot_ws/install/turtlebot3_navigation2/share/turtlebot3_navigation2/package.dsv'
[6.882s] INFO:colcon.colcon_core.shell:Creating package script '/home/xh339/Desktop/turtlebot_ws/install/turtlebot3_navigation2/share/turtlebot3_navigation2/package.sh'
[6.883s] INFO:colcon.colcon_core.shell:Creating package script '/home/xh339/Desktop/turtlebot_ws/install/turtlebot3_navigation2/share/turtlebot3_navigation2/package.bash'
[6.885s] INFO:colcon.colcon_core.shell:Creating package script '/home/xh339/Desktop/turtlebot_ws/install/turtlebot3_navigation2/share/turtlebot3_navigation2/package.zsh'
[6.887s] Level 1:colcon.colcon_core.environment:create_file_with_runtime_dependencies(/home/xh339/Desktop/turtlebot_ws/install/turtlebot3_navigation2/share/colcon-core/packages/turtlebot3_navigation2)
[6.973s] Level 1:colcon.colcon_core.environment:create_environment_scripts_only(turtlebot3_gazebo)
[7.028s] Level 1:colcon.colcon_core.environment:checking '/home/xh339/Desktop/turtlebot_ws/install/turtlebot3_gazebo' for CMake module files
[7.030s] Level 1:colcon.colcon_core.environment:checking '/home/xh339/Desktop/turtlebot_ws/install/turtlebot3_gazebo' for CMake config files
[7.031s] Level 1:colcon.colcon_core.shell:create_environment_hook('turtlebot3_gazebo', 'cmake_prefix_path')
[7.084s] INFO:colcon.colcon_core.shell:Creating environment hook '/home/xh339/Desktop/turtlebot_ws/install/turtlebot3_gazebo/share/turtlebot3_gazebo/hook/cmake_prefix_path.ps1'
[7.086s] INFO:colcon.colcon_core.shell:Creating environment descriptor '/home/xh339/Desktop/turtlebot_ws/install/turtlebot3_gazebo/share/turtlebot3_gazebo/hook/cmake_prefix_path.dsv'
[7.087s] INFO:colcon.colcon_core.shell:Creating environment hook '/home/xh339/Desktop/turtlebot_ws/install/turtlebot3_gazebo/share/turtlebot3_gazebo/hook/cmake_prefix_path.sh'
[7.090s] Level 1:colcon.colcon_core.environment:checking '/home/xh339/Desktop/turtlebot_ws/install/turtlebot3_gazebo/lib'
[7.118s] Level 1:colcon.colcon_core.environment:checking '/home/xh339/Desktop/turtlebot_ws/install/turtlebot3_gazebo/bin'
[7.119s] Level 1:colcon.colcon_core.environment:checking '/home/xh339/Desktop/turtlebot_ws/install/turtlebot3_gazebo/lib/pkgconfig/turtlebot3_gazebo.pc'
[7.119s] Level 1:colcon.colcon_core.environment:checking '/home/xh339/Desktop/turtlebot_ws/install/turtlebot3_gazebo/lib/python3.10/site-packages'
[7.120s] Level 1:colcon.colcon_core.environment:checking '/home/xh339/Desktop/turtlebot_ws/install/turtlebot3_gazebo/bin'
[7.170s] INFO:colcon.colcon_core.shell:Creating package script '/home/xh339/Desktop/turtlebot_ws/install/turtlebot3_gazebo/share/turtlebot3_gazebo/package.ps1'
[7.172s] INFO:colcon.colcon_core.shell:Creating package descriptor '/home/xh339/Desktop/turtlebot_ws/install/turtlebot3_gazebo/share/turtlebot3_gazebo/package.dsv'
[7.174s] INFO:colcon.colcon_core.shell:Creating package script '/home/xh339/Desktop/turtlebot_ws/install/turtlebot3_gazebo/share/turtlebot3_gazebo/package.sh'
[7.176s] INFO:colcon.colcon_core.shell:Creating package script '/home/xh339/Desktop/turtlebot_ws/install/turtlebot3_gazebo/share/turtlebot3_gazebo/package.bash'
[7.178s] INFO:colcon.colcon_core.shell:Creating package script '/home/xh339/Desktop/turtlebot_ws/install/turtlebot3_gazebo/share/turtlebot3_gazebo/package.zsh'
[7.180s] Level 1:colcon.colcon_core.environment:create_file_with_runtime_dependencies(/home/xh339/Desktop/turtlebot_ws/install/turtlebot3_gazebo/share/colcon-core/packages/turtlebot3_gazebo)
[7.467s] DEBUG:colcon.colcon_parallel_executor.executor.parallel:closing loop
[7.467s] DEBUG:colcon.colcon_parallel_executor.executor.parallel:loop closed
[7.467s] DEBUG:colcon.colcon_parallel_executor.executor.parallel:run_until_complete finished with '2'
[7.467s] DEBUG:colcon.colcon_core.event_reactor:joining thread
[7.546s] INFO:colcon.colcon_core.plugin_system:Skipping extension 'colcon_notification.desktop_notification.terminal_notifier': Not used on non-Darwin systems
[7.546s] INFO:colcon.colcon_core.plugin_system:Skipping extension 'colcon_notification.desktop_notification.win32': Not used on non-Windows systems
[7.546s] INFO:colcon.colcon_notification.desktop_notification:Sending desktop notification using 'notify2'
[7.625s] DEBUG:colcon.colcon_core.event_reactor:joined thread
[7.697s] INFO:colcon.colcon_core.shell:Creating prefix script '/home/xh339/Desktop/turtlebot_ws/install/local_setup.ps1'
[7.701s] INFO:colcon.colcon_core.shell:Creating prefix util module '/home/xh339/Desktop/turtlebot_ws/install/_local_setup_util_ps1.py'
[7.705s] INFO:colcon.colcon_core.shell:Creating prefix chain script '/home/xh339/Desktop/turtlebot_ws/install/setup.ps1'
[7.775s] INFO:colcon.colcon_core.shell:Creating prefix script '/home/xh339/Desktop/turtlebot_ws/install/local_setup.sh'
[7.780s] INFO:colcon.colcon_core.shell:Creating prefix util module '/home/xh339/Desktop/turtlebot_ws/install/_local_setup_util_sh.py'
[7.785s] INFO:colcon.colcon_core.shell:Creating prefix chain script '/home/xh339/Desktop/turtlebot_ws/install/setup.sh'
[7.834s] INFO:colcon.colcon_core.shell:Creating prefix script '/home/xh339/Desktop/turtlebot_ws/install/local_setup.bash'
[7.836s] INFO:colcon.colcon_core.shell:Creating prefix chain script '/home/xh339/Desktop/turtlebot_ws/install/setup.bash'
[7.884s] INFO:colcon.colcon_core.shell:Creating prefix script '/home/xh339/Desktop/turtlebot_ws/install/local_setup.zsh'
[7.885s] INFO:colcon.colcon_core.shell:Creating prefix chain script '/home/xh339/Desktop/turtlebot_ws/install/setup.zsh'
